2025-11-10T12:44:30.6622907Z Current runner version: '2.329.0'
2025-11-10T12:44:30.6657518Z ##[group]Runner Image Provisioner
2025-11-10T12:44:30.6658878Z Hosted Compute Agent
2025-11-10T12:44:30.6659851Z Version: 20251016.436
2025-11-10T12:44:30.6660857Z Commit: 8ab8ac8bfd662a3739dab9fe09456aba92132568
2025-11-10T12:44:30.6662320Z Build Date: 2025-10-15T20:44:12Z
2025-11-10T12:44:30.6663363Z ##[endgroup]
2025-11-10T12:44:30.6664189Z ##[group]Operating System
2025-11-10T12:44:30.6665430Z Ubuntu
2025-11-10T12:44:30.6666258Z 24.04.3
2025-11-10T12:44:30.6667113Z LTS
2025-11-10T12:44:30.6668032Z ##[endgroup]
2025-11-10T12:44:30.6668859Z ##[group]Runner Image
2025-11-10T12:44:30.6669860Z Image: ubuntu-24.04
2025-11-10T12:44:30.6670730Z Version: 20251102.99.1
2025-11-10T12:44:30.6672427Z Included Software: https://github.com/actions/runner-images/blob/ubuntu24/20251102.99/images/ubuntu/Ubuntu2404-Readme.md
2025-11-10T12:44:30.6675459Z Image Release: https://github.com/actions/runner-images/releases/tag/ubuntu24%2F20251102.99
2025-11-10T12:44:30.6677220Z ##[endgroup]
2025-11-10T12:44:30.6681553Z ##[group]GITHUB_TOKEN Permissions
2025-11-10T12:44:30.6684431Z Actions: write
2025-11-10T12:44:30.6685508Z Attestations: write
2025-11-10T12:44:30.6686468Z Checks: write
2025-11-10T12:44:30.6687490Z Contents: write
2025-11-10T12:44:30.6688396Z Deployments: write
2025-11-10T12:44:30.6689303Z Discussions: write
2025-11-10T12:44:30.6690321Z Issues: write
2025-11-10T12:44:30.6691150Z Metadata: read
2025-11-10T12:44:30.6692120Z Models: read
2025-11-10T12:44:30.6692930Z Packages: write
2025-11-10T12:44:30.6693775Z Pages: write
2025-11-10T12:44:30.6694536Z PullRequests: write
2025-11-10T12:44:30.6695870Z RepositoryProjects: write
2025-11-10T12:44:30.6696913Z SecurityEvents: write
2025-11-10T12:44:30.6698136Z Statuses: write
2025-11-10T12:44:30.6699096Z ##[endgroup]
2025-11-10T12:44:30.6702290Z Secret source: Actions
2025-11-10T12:44:30.6704116Z Prepare workflow directory
2025-11-10T12:44:30.7190160Z Prepare all required actions
2025-11-10T12:44:30.7248485Z Getting action download info
2025-11-10T12:44:31.0356018Z Download action repository 'actions/checkout@v5.0.0' (SHA:08c6903cd8c0fde910a37f88322edcfb5dd907a8)
2025-11-10T12:44:31.1295544Z Download action repository 'actions/setup-python@v6.0.0' (SHA:e797f83bcb11b83ae66e0230d6156d7c80228e7c)
2025-11-10T12:44:31.2751749Z Download action repository 'bossOfCode/install-scratchattach@v1.0.3' (SHA:be17a7cf1ecb5a7040eb42ef26c2e1fbe72bb25a)
2025-11-10T12:44:31.6921296Z Complete job name: Run 1
2025-11-10T12:44:31.7731004Z ##[group]Run actions/checkout@v5.0.0
2025-11-10T12:44:31.7731886Z with:
2025-11-10T12:44:31.7732288Z   ref: main
2025-11-10T12:44:31.7732689Z   repository: Boss-1s/scratchattach
2025-11-10T12:44:31.7733399Z   token: ***
2025-11-10T12:44:31.7733787Z   ssh-strict: true
2025-11-10T12:44:31.7734188Z   ssh-user: git
2025-11-10T12:44:31.7734603Z   persist-credentials: true
2025-11-10T12:44:31.7735234Z   clean: true
2025-11-10T12:44:31.7735644Z   sparse-checkout-cone-mode: true
2025-11-10T12:44:31.7736142Z   fetch-depth: 1
2025-11-10T12:44:31.7736575Z   fetch-tags: false
2025-11-10T12:44:31.7736995Z   show-progress: true
2025-11-10T12:44:31.7737409Z   lfs: false
2025-11-10T12:44:31.7737779Z   submodules: false
2025-11-10T12:44:31.7738206Z   set-safe-directory: true
2025-11-10T12:44:31.7738890Z ##[endgroup]
2025-11-10T12:44:31.8683735Z Syncing repository: Boss-1s/scratchattach
2025-11-10T12:44:31.8686112Z ##[group]Getting Git version info
2025-11-10T12:44:31.8686998Z Working directory is '/home/runner/work/scratchattach/scratchattach'
2025-11-10T12:44:31.8688018Z [command]/usr/bin/git version
2025-11-10T12:44:32.0225655Z git version 2.51.2
2025-11-10T12:44:32.0246228Z ##[endgroup]
2025-11-10T12:44:32.0261207Z Temporarily overriding HOME='/home/runner/work/_temp/d2aa27bb-efbe-465d-8e68-ce70a604a2d8' before making global git config changes
2025-11-10T12:44:32.0262992Z Adding repository directory to the temporary git global config as a safe directory
2025-11-10T12:44:32.0266258Z [command]/usr/bin/git config --global --add safe.directory /home/runner/work/scratchattach/scratchattach
2025-11-10T12:44:32.0307123Z Deleting the contents of '/home/runner/work/scratchattach/scratchattach'
2025-11-10T12:44:32.0310882Z ##[group]Initializing the repository
2025-11-10T12:44:32.0315601Z [command]/usr/bin/git init /home/runner/work/scratchattach/scratchattach
2025-11-10T12:44:32.0445316Z hint: Using 'master' as the name for the initial branch. This default branch name
2025-11-10T12:44:32.0446717Z hint: is subject to change. To configure the initial branch name to use in all
2025-11-10T12:44:32.0448510Z hint: of your new repositories, which will suppress this warning, call:
2025-11-10T12:44:32.0449538Z hint:
2025-11-10T12:44:32.0450592Z hint: 	git config --global init.defaultBranch <name>
2025-11-10T12:44:32.0451975Z hint:
2025-11-10T12:44:32.0453261Z hint: Names commonly chosen instead of 'master' are 'main', 'trunk' and
2025-11-10T12:44:32.0455391Z hint: 'development'. The just-created branch can be renamed via this command:
2025-11-10T12:44:32.0456969Z hint:
2025-11-10T12:44:32.0457702Z hint: 	git branch -m <name>
2025-11-10T12:44:32.0458418Z hint:
2025-11-10T12:44:32.0459440Z hint: Disable this message with "git config set advice.defaultBranchName false"
2025-11-10T12:44:32.0461200Z Initialized empty Git repository in /home/runner/work/scratchattach/scratchattach/.git/
2025-11-10T12:44:32.0464156Z [command]/usr/bin/git remote add origin https://github.com/Boss-1s/scratchattach
2025-11-10T12:44:32.0500584Z ##[endgroup]
2025-11-10T12:44:32.0501779Z ##[group]Disabling automatic garbage collection
2025-11-10T12:44:32.0505196Z [command]/usr/bin/git config --local gc.auto 0
2025-11-10T12:44:32.0534130Z ##[endgroup]
2025-11-10T12:44:32.0535555Z ##[group]Setting up auth
2025-11-10T12:44:32.0541743Z [command]/usr/bin/git config --local --name-only --get-regexp core\.sshCommand
2025-11-10T12:44:32.0573622Z [command]/usr/bin/git submodule foreach --recursive sh -c "git config --local --name-only --get-regexp 'core\.sshCommand' && git config --local --unset-all 'core.sshCommand' || :"
2025-11-10T12:44:32.0932863Z [command]/usr/bin/git config --local --name-only --get-regexp http\.https\:\/\/github\.com\/\.extraheader
2025-11-10T12:44:32.0965150Z [command]/usr/bin/git submodule foreach --recursive sh -c "git config --local --name-only --get-regexp 'http\.https\:\/\/github\.com\/\.extraheader' && git config --local --unset-all 'http.https://github.com/.extraheader' || :"
2025-11-10T12:44:32.1190279Z [command]/usr/bin/git config --local http.https://github.com/.extraheader AUTHORIZATION: basic ***
2025-11-10T12:44:32.1227780Z ##[endgroup]
2025-11-10T12:44:32.1229089Z ##[group]Fetching the repository
2025-11-10T12:44:32.1238392Z [command]/usr/bin/git -c protocol.version=2 fetch --no-tags --prune --no-recurse-submodules --depth=1 origin +refs/heads/main*:refs/remotes/origin/main* +refs/tags/main*:refs/tags/main*
2025-11-10T12:44:33.0372159Z From https://github.com/Boss-1s/scratchattach
2025-11-10T12:44:33.0372813Z  * [new branch]      main       -> origin/main
2025-11-10T12:44:33.0406437Z ##[endgroup]
2025-11-10T12:44:33.0407324Z ##[group]Determining the checkout info
2025-11-10T12:44:33.0414585Z [command]/usr/bin/git branch --list --remote origin/main
2025-11-10T12:44:33.0439740Z   origin/main
2025-11-10T12:44:33.0444350Z ##[endgroup]
2025-11-10T12:44:33.0448852Z [command]/usr/bin/git sparse-checkout disable
2025-11-10T12:44:33.0489657Z [command]/usr/bin/git config --local --unset-all extensions.worktreeConfig
2025-11-10T12:44:33.0516525Z ##[group]Checking out the ref
2025-11-10T12:44:33.0520683Z [command]/usr/bin/git checkout --progress --force -B main refs/remotes/origin/main
2025-11-10T12:44:33.4027585Z Switched to a new branch 'main'
2025-11-10T12:44:33.4028530Z branch 'main' set up to track 'origin/main'.
2025-11-10T12:44:33.4067946Z ##[endgroup]
2025-11-10T12:44:33.4110245Z [command]/usr/bin/git log -1 --format=%H
2025-11-10T12:44:33.4133963Z 7e0277f922b73403b49f9e059357850a618be2af
2025-11-10T12:44:33.4371759Z ##[group]Run actions/setup-python@v6.0.0
2025-11-10T12:44:33.4372321Z with:
2025-11-10T12:44:33.4372564Z   python-version: 3.13
2025-11-10T12:44:33.4372816Z   check-latest: false
2025-11-10T12:44:33.4373211Z   token: ***
2025-11-10T12:44:33.4373472Z   update-environment: true
2025-11-10T12:44:33.4373751Z   allow-prereleases: false
2025-11-10T12:44:33.4374016Z   freethreaded: false
2025-11-10T12:44:33.4374263Z ##[endgroup]
2025-11-10T12:44:33.5642096Z ##[group]Installed versions
2025-11-10T12:44:33.6207853Z (node:2051) [DEP0040] DeprecationWarning: The `punycode` module is deprecated. Please use a userland alternative instead.
2025-11-10T12:44:33.6209160Z (Use `node --trace-deprecation ...` to show where the warning was created)
2025-11-10T12:44:33.6209883Z Successfully set up CPython (3.13.9)
2025-11-10T12:44:33.6211847Z ##[endgroup]
2025-11-10T12:44:33.6331123Z ##[group]Run bossOfCode/install-scratchattach@v1.0.3
2025-11-10T12:44:33.6331503Z env:
2025-11-10T12:44:33.6331774Z   pythonLocation: /opt/hostedtoolcache/Python/3.13.9/x64
2025-11-10T12:44:33.6332241Z   PKG_CONFIG_PATH: /opt/hostedtoolcache/Python/3.13.9/x64/lib/pkgconfig
2025-11-10T12:44:33.6332677Z   Python_ROOT_DIR: /opt/hostedtoolcache/Python/3.13.9/x64
2025-11-10T12:44:33.6333053Z   Python2_ROOT_DIR: /opt/hostedtoolcache/Python/3.13.9/x64
2025-11-10T12:44:33.6333442Z   Python3_ROOT_DIR: /opt/hostedtoolcache/Python/3.13.9/x64
2025-11-10T12:44:33.6333825Z   LD_LIBRARY_PATH: /opt/hostedtoolcache/Python/3.13.9/x64/lib
2025-11-10T12:44:33.6334147Z ##[endgroup]
2025-11-10T12:44:33.6413841Z ##[group]Run python3 -m pip install --upgrade pip
2025-11-10T12:44:33.6414311Z [36;1mpython3 -m pip install --upgrade pip[0m
2025-11-10T12:44:33.6463630Z shell: /usr/bin/bash --noprofile --norc -e -o pipefail {0}
2025-11-10T12:44:33.6464019Z env:
2025-11-10T12:44:33.6464360Z   pythonLocation: /opt/hostedtoolcache/Python/3.13.9/x64
2025-11-10T12:44:33.6464993Z   PKG_CONFIG_PATH: /opt/hostedtoolcache/Python/3.13.9/x64/lib/pkgconfig
2025-11-10T12:44:33.6465430Z   Python_ROOT_DIR: /opt/hostedtoolcache/Python/3.13.9/x64
2025-11-10T12:44:33.6465830Z   Python2_ROOT_DIR: /opt/hostedtoolcache/Python/3.13.9/x64
2025-11-10T12:44:33.6466224Z   Python3_ROOT_DIR: /opt/hostedtoolcache/Python/3.13.9/x64
2025-11-10T12:44:33.6466604Z   LD_LIBRARY_PATH: /opt/hostedtoolcache/Python/3.13.9/x64/lib
2025-11-10T12:44:33.6466938Z ##[endgroup]
2025-11-10T12:44:36.5921072Z Requirement already satisfied: pip in /opt/hostedtoolcache/Python/3.13.9/x64/lib/python3.13/site-packages (25.3)
2025-11-10T12:44:36.8572989Z ##[group]Run pip install -U scratchattach
2025-11-10T12:44:36.8573330Z [36;1mpip install -U scratchattach[0m
2025-11-10T12:44:36.8608061Z shell: /usr/bin/bash --noprofile --norc -e -o pipefail {0}
2025-11-10T12:44:36.8608397Z env:
2025-11-10T12:44:36.8608667Z   pythonLocation: /opt/hostedtoolcache/Python/3.13.9/x64
2025-11-10T12:44:36.8609082Z   PKG_CONFIG_PATH: /opt/hostedtoolcache/Python/3.13.9/x64/lib/pkgconfig
2025-11-10T12:44:36.8609480Z   Python_ROOT_DIR: /opt/hostedtoolcache/Python/3.13.9/x64
2025-11-10T12:44:36.8609829Z   Python2_ROOT_DIR: /opt/hostedtoolcache/Python/3.13.9/x64
2025-11-10T12:44:36.8610190Z   Python3_ROOT_DIR: /opt/hostedtoolcache/Python/3.13.9/x64
2025-11-10T12:44:36.8610540Z   LD_LIBRARY_PATH: /opt/hostedtoolcache/Python/3.13.9/x64/lib
2025-11-10T12:44:36.8610830Z ##[endgroup]
2025-11-10T12:44:37.7736500Z Collecting scratchattach
2025-11-10T12:44:37.8348510Z   Downloading scratchattach-2.1.13-py3-none-any.whl.metadata (5.5 kB)
2025-11-10T12:44:37.8591329Z Collecting websocket-client (from scratchattach)
2025-11-10T12:44:37.8630498Z   Downloading websocket_client-1.9.0-py3-none-any.whl.metadata (8.3 kB)
2025-11-10T12:44:37.8956201Z Collecting requests (from scratchattach)
2025-11-10T12:44:37.8991870Z   Downloading requests-2.32.5-py3-none-any.whl.metadata (4.9 kB)
2025-11-10T12:44:37.9104186Z Collecting bs4 (from scratchattach)
2025-11-10T12:44:37.9140387Z   Downloading bs4-0.0.2-py2.py3-none-any.whl.metadata (411 bytes)
2025-11-10T12:44:37.9241255Z Collecting SimpleWebSocketServer (from scratchattach)
2025-11-10T12:44:37.9288946Z   Downloading SimpleWebSocketServer-0.1.2.tar.gz (10 kB)
2025-11-10T12:44:37.9367429Z   Installing build dependencies: started
2025-11-10T12:44:39.2455575Z   Installing build dependencies: finished with status 'done'
2025-11-10T12:44:39.2462594Z   Getting requirements to build wheel: started
2025-11-10T12:44:39.7303342Z   Getting requirements to build wheel: finished with status 'done'
2025-11-10T12:44:39.7315362Z   Preparing metadata (pyproject.toml): started
2025-11-10T12:44:39.9335678Z   Preparing metadata (pyproject.toml): finished with status 'done'
2025-11-10T12:44:39.9514930Z Collecting typing-extensions (from scratchattach)
2025-11-10T12:44:39.9558326Z   Downloading typing_extensions-4.15.0-py3-none-any.whl.metadata (3.3 kB)
2025-11-10T12:44:39.9759605Z Collecting beautifulsoup4 (from bs4->scratchattach)
2025-11-10T12:44:39.9798213Z   Downloading beautifulsoup4-4.14.2-py3-none-any.whl.metadata (3.8 kB)
2025-11-10T12:44:39.9999803Z Collecting soupsieve>1.2 (from beautifulsoup4->bs4->scratchattach)
2025-11-10T12:44:40.0038354Z   Downloading soupsieve-2.8-py3-none-any.whl.metadata (4.6 kB)
2025-11-10T12:44:40.0984480Z Collecting charset_normalizer<4,>=2 (from requests->scratchattach)
2025-11-10T12:44:40.1023039Z   Downloading charset_normalizer-3.4.4-cp313-cp313-manylinux2014_x86_64.manylinux_2_17_x86_64.manylinux_2_28_x86_64.whl.metadata (37 kB)
2025-11-10T12:44:40.1248182Z Collecting idna<4,>=2.5 (from requests->scratchattach)
2025-11-10T12:44:40.1284032Z   Downloading idna-3.11-py3-none-any.whl.metadata (8.4 kB)
2025-11-10T12:44:40.1593408Z Collecting urllib3<3,>=1.21.1 (from requests->scratchattach)
2025-11-10T12:44:40.1635657Z   Downloading urllib3-2.5.0-py3-none-any.whl.metadata (6.5 kB)
2025-11-10T12:44:40.1879313Z Collecting certifi>=2017.4.17 (from requests->scratchattach)
2025-11-10T12:44:40.1915888Z   Downloading certifi-2025.10.5-py3-none-any.whl.metadata (2.5 kB)
2025-11-10T12:44:40.2052047Z Downloading scratchattach-2.1.13-py3-none-any.whl (141 kB)
2025-11-10T12:44:40.2152561Z Downloading bs4-0.0.2-py2.py3-none-any.whl (1.2 kB)
2025-11-10T12:44:40.2211013Z Downloading beautifulsoup4-4.14.2-py3-none-any.whl (106 kB)
2025-11-10T12:44:40.2272265Z Downloading soupsieve-2.8-py3-none-any.whl (36 kB)
2025-11-10T12:44:40.2330744Z Downloading typing_extensions-4.15.0-py3-none-any.whl (44 kB)
2025-11-10T12:44:40.2391829Z Downloading requests-2.32.5-py3-none-any.whl (64 kB)
2025-11-10T12:44:40.2457382Z Downloading charset_normalizer-3.4.4-cp313-cp313-manylinux2014_x86_64.manylinux_2_17_x86_64.manylinux_2_28_x86_64.whl (153 kB)
2025-11-10T12:44:40.2529558Z Downloading idna-3.11-py3-none-any.whl (71 kB)
2025-11-10T12:44:40.2592799Z Downloading urllib3-2.5.0-py3-none-any.whl (129 kB)
2025-11-10T12:44:40.2660389Z Downloading certifi-2025.10.5-py3-none-any.whl (163 kB)
2025-11-10T12:44:40.2723431Z Downloading websocket_client-1.9.0-py3-none-any.whl (82 kB)
2025-11-10T12:44:40.2859177Z Building wheels for collected packages: SimpleWebSocketServer
2025-11-10T12:44:40.2867910Z   Building wheel for SimpleWebSocketServer (pyproject.toml): started
2025-11-10T12:44:40.5156062Z   Building wheel for SimpleWebSocketServer (pyproject.toml): finished with status 'done'
2025-11-10T12:44:40.5162508Z   Created wheel for SimpleWebSocketServer: filename=simplewebsocketserver-0.1.2-py3-none-any.whl size=9715 sha256=0d9952f5639161cd685395122ab010e80ca3f63a801d5ebfac5a34e50584acc5
2025-11-10T12:44:40.5165080Z   Stored in directory: /home/runner/.cache/pip/wheels/c4/5b/e8/4f2c15a82edc4923058056f6681373168be02a0c00389a6dcf
2025-11-10T12:44:40.5182481Z Successfully built SimpleWebSocketServer
2025-11-10T12:44:40.5361905Z Installing collected packages: SimpleWebSocketServer, websocket-client, urllib3, typing-extensions, soupsieve, idna, charset_normalizer, certifi, requests, beautifulsoup4, bs4, scratchattach
2025-11-10T12:44:41.1645168Z 
2025-11-10T12:44:41.1669161Z Successfully installed SimpleWebSocketServer-0.1.2 beautifulsoup4-4.14.2 bs4-0.0.2 certifi-2025.10.5 charset_normalizer-3.4.4 idna-3.11 requests-2.32.5 scratchattach-2.1.13 soupsieve-2.8 typing-extensions-4.15.0 urllib3-2.5.0 websocket-client-1.9.0
2025-11-10T12:44:41.2626937Z ##[group]Run actions/checkout@v5.0.0
2025-11-10T12:44:41.2627206Z with:
2025-11-10T12:44:41.2627368Z   ref: main
2025-11-10T12:44:41.2627562Z   repository: Boss-1s/scratchattach
2025-11-10T12:44:41.2627921Z   token: ***
2025-11-10T12:44:41.2628091Z   ssh-strict: true
2025-11-10T12:44:41.2628271Z   ssh-user: git
2025-11-10T12:44:41.2628456Z   persist-credentials: true
2025-11-10T12:44:41.2628667Z   clean: true
2025-11-10T12:44:41.2628853Z   sparse-checkout-cone-mode: true
2025-11-10T12:44:41.2629079Z   fetch-depth: 1
2025-11-10T12:44:41.2629253Z   fetch-tags: false
2025-11-10T12:44:41.2629439Z   show-progress: true
2025-11-10T12:44:41.2629617Z   lfs: false
2025-11-10T12:44:41.2629786Z   submodules: false
2025-11-10T12:44:41.2629967Z   set-safe-directory: true
2025-11-10T12:44:41.2630164Z env:
2025-11-10T12:44:41.2630386Z   pythonLocation: /opt/hostedtoolcache/Python/3.13.9/x64
2025-11-10T12:44:41.2630780Z   PKG_CONFIG_PATH: /opt/hostedtoolcache/Python/3.13.9/x64/lib/pkgconfig
2025-11-10T12:44:41.2631201Z   Python_ROOT_DIR: /opt/hostedtoolcache/Python/3.13.9/x64
2025-11-10T12:44:41.2631527Z   Python2_ROOT_DIR: /opt/hostedtoolcache/Python/3.13.9/x64
2025-11-10T12:44:41.2631856Z   Python3_ROOT_DIR: /opt/hostedtoolcache/Python/3.13.9/x64
2025-11-10T12:44:41.2632192Z   LD_LIBRARY_PATH: /opt/hostedtoolcache/Python/3.13.9/x64/lib
2025-11-10T12:44:41.2632469Z ##[endgroup]
2025-11-10T12:44:41.3403402Z Syncing repository: Boss-1s/scratchattach
2025-11-10T12:44:41.3404082Z ##[group]Getting Git version info
2025-11-10T12:44:41.3404586Z Working directory is '/home/runner/work/scratchattach/scratchattach'
2025-11-10T12:44:41.3439143Z [command]/usr/bin/git version
2025-11-10T12:44:41.3475127Z git version 2.51.2
2025-11-10T12:44:41.3527519Z ##[endgroup]
2025-11-10T12:44:41.3542338Z Temporarily overriding HOME='/home/runner/work/_temp/2e6e5ef2-2e0b-4123-adaa-724e683d29e1' before making global git config changes
2025-11-10T12:44:41.3543668Z Adding repository directory to the temporary git global config as a safe directory
2025-11-10T12:44:41.3548487Z [command]/usr/bin/git config --global --add safe.directory /home/runner/work/scratchattach/scratchattach
2025-11-10T12:44:41.3588618Z [command]/usr/bin/git config --local --get remote.origin.url
2025-11-10T12:44:41.3610855Z https://github.com/Boss-1s/scratchattach
2025-11-10T12:44:41.3623394Z ##[group]Removing previously created refs, to avoid conflicts
2025-11-10T12:44:41.3627556Z [command]/usr/bin/git rev-parse --symbolic-full-name --verify --quiet HEAD
2025-11-10T12:44:41.3649640Z refs/heads/main
2025-11-10T12:44:41.3659230Z [command]/usr/bin/git checkout --detach
2025-11-10T12:44:41.6582233Z HEAD is now at 7e0277f [BOT] Download Logs
2025-11-10T12:44:41.6638252Z [command]/usr/bin/git branch --delete --force main
2025-11-10T12:44:41.6670502Z Deleted branch main (was 7e0277f).
2025-11-10T12:44:41.6709380Z ##[endgroup]
2025-11-10T12:44:41.6712930Z [command]/usr/bin/git submodule status
2025-11-10T12:44:41.6943694Z ##[group]Cleaning the repository
2025-11-10T12:44:41.6949599Z [command]/usr/bin/git clean -ffdx
2025-11-10T12:44:41.6994889Z [command]/usr/bin/git reset --hard HEAD
2025-11-10T12:44:41.7066541Z HEAD is now at 7e0277f [BOT] Download Logs
2025-11-10T12:44:41.7072483Z ##[endgroup]
2025-11-10T12:44:41.7074612Z ##[group]Disabling automatic garbage collection
2025-11-10T12:44:41.7079652Z [command]/usr/bin/git config --local gc.auto 0
2025-11-10T12:44:41.7107302Z ##[endgroup]
2025-11-10T12:44:41.7107676Z ##[group]Setting up auth
2025-11-10T12:44:41.7115787Z [command]/usr/bin/git config --local --name-only --get-regexp core\.sshCommand
2025-11-10T12:44:41.7148135Z [command]/usr/bin/git submodule foreach --recursive sh -c "git config --local --name-only --get-regexp 'core\.sshCommand' && git config --local --unset-all 'core.sshCommand' || :"
2025-11-10T12:44:41.7381600Z [command]/usr/bin/git config --local --name-only --get-regexp http\.https\:\/\/github\.com\/\.extraheader
2025-11-10T12:44:41.7406657Z http.https://github.com/.extraheader
2025-11-10T12:44:41.7417800Z [command]/usr/bin/git config --local --unset-all http.https://github.com/.extraheader
2025-11-10T12:44:41.7449363Z [command]/usr/bin/git submodule foreach --recursive sh -c "git config --local --name-only --get-regexp 'http\.https\:\/\/github\.com\/\.extraheader' && git config --local --unset-all 'http.https://github.com/.extraheader' || :"
2025-11-10T12:44:41.7684497Z [command]/usr/bin/git config --local http.https://github.com/.extraheader AUTHORIZATION: basic ***
2025-11-10T12:44:41.7721446Z ##[endgroup]
2025-11-10T12:44:41.7722006Z ##[group]Fetching the repository
2025-11-10T12:44:41.7730292Z [command]/usr/bin/git -c protocol.version=2 fetch --no-tags --prune --no-recurse-submodules --depth=1 origin +refs/heads/main*:refs/remotes/origin/main* +refs/tags/main*:refs/tags/main*
2025-11-10T12:44:41.9311712Z ##[endgroup]
2025-11-10T12:44:41.9312365Z ##[group]Determining the checkout info
2025-11-10T12:44:41.9319124Z [command]/usr/bin/git branch --list --remote origin/main
2025-11-10T12:44:41.9344297Z   origin/main
2025-11-10T12:44:41.9348753Z ##[endgroup]
2025-11-10T12:44:41.9353469Z [command]/usr/bin/git sparse-checkout disable
2025-11-10T12:44:41.9400628Z [command]/usr/bin/git config --local --unset-all extensions.worktreeConfig
2025-11-10T12:44:41.9426070Z ##[group]Checking out the ref
2025-11-10T12:44:41.9429672Z [command]/usr/bin/git checkout --progress --force -B main refs/remotes/origin/main
2025-11-10T12:44:41.9487609Z Switched to a new branch 'main'
2025-11-10T12:44:41.9490066Z branch 'main' set up to track 'origin/main'.
2025-11-10T12:44:41.9497343Z ##[endgroup]
2025-11-10T12:44:41.9535505Z [command]/usr/bin/git log -1 --format=%H
2025-11-10T12:44:41.9559454Z 7e0277f922b73403b49f9e059357850a618be2af
2025-11-10T12:44:41.9670888Z ##[group]Run timeout 359m python3 message_viewer.py || { [[ $? -eq 124 ]] && exit 0; }
2025-11-10T12:44:41.9671440Z [36;1mtimeout 359m python3 message_viewer.py || { [[ $? -eq 124 ]] && exit 0; }[0m
2025-11-10T12:44:41.9705341Z shell: /usr/bin/bash -e {0}
2025-11-10T12:44:41.9705563Z env:
2025-11-10T12:44:41.9705809Z   pythonLocation: /opt/hostedtoolcache/Python/3.13.9/x64
2025-11-10T12:44:41.9706224Z   PKG_CONFIG_PATH: /opt/hostedtoolcache/Python/3.13.9/x64/lib/pkgconfig
2025-11-10T12:44:41.9706623Z   Python_ROOT_DIR: /opt/hostedtoolcache/Python/3.13.9/x64
2025-11-10T12:44:41.9706987Z   Python2_ROOT_DIR: /opt/hostedtoolcache/Python/3.13.9/x64
2025-11-10T12:44:41.9707336Z   Python3_ROOT_DIR: /opt/hostedtoolcache/Python/3.13.9/x64
2025-11-10T12:44:41.9707690Z   LD_LIBRARY_PATH: /opt/hostedtoolcache/Python/3.13.9/x64/lib
2025-11-10T12:44:41.9708113Z   PASS: ***
2025-11-10T12:44:41.9708282Z ##[endgroup]
2025-11-10T12:44:42.4821650Z Traceback (most recent call last):
2025-11-10T12:44:42.4835348Z   File "/opt/hostedtoolcache/Python/3.13.9/x64/lib/python3.13/site-packages/scratchattach/site/session.py", line 1096, in login
2025-11-10T12:44:42.4836527Z     session_id = str(re.search('"(.*)"', request.headers["Set-Cookie"]).group())
2025-11-10T12:44:42.4837084Z                                          ~~~~~~~~~~~~~~~^^^^^^^^^^^^^^
2025-11-10T12:44:42.4838004Z   File "/opt/hostedtoolcache/Python/3.13.9/x64/lib/python3.13/site-packages/requests/structures.py", line 52, in __getitem__
2025-11-10T12:44:42.4838868Z     return self._store[key.lower()][1]
2025-11-10T12:44:42.4839220Z            ~~~~~~~~~~~^^^^^^^^^^^^^
2025-11-10T12:44:42.4839550Z KeyError: 'set-cookie'
2025-11-10T12:44:42.4839729Z 
2025-11-10T12:44:42.4839980Z During handling of the above exception, another exception occurred:
2025-11-10T12:44:42.4840359Z 
2025-11-10T12:44:42.4840493Z Traceback (most recent call last):
2025-11-10T12:44:42.4841172Z   File "/home/runner/work/scratchattach/scratchattach/message_viewer.py", line 18, in <module>
2025-11-10T12:44:42.4841878Z     session = scratch3.login("Boss_1sALT", passwrd)
2025-11-10T12:44:42.4842887Z   File "/opt/hostedtoolcache/Python/3.13.9/x64/lib/python3.13/site-packages/scratchattach/site/session.py", line 1098, in login
2025-11-10T12:44:42.4844152Z     raise exceptions.LoginFailure(
2025-11-10T12:44:42.4845922Z         "Either the provided authentication data is wrong or your network is banned from Scratch.\n\nIf you're using an online IDE (like replit.com) Scratch possibly banned its IP address. In this case, try logging in with your session id: https://github.com/TimMcCool/scratchattach/wiki#logging-in")
2025-11-10T12:44:42.4847992Z scratchattach.utils.exceptions.LoginFailure: Either the provided authentication data is wrong or your network is banned from Scratch.
2025-11-10T12:44:42.4848747Z 
2025-11-10T12:44:42.4849560Z If you're using an online IDE (like replit.com) Scratch possibly banned its IP address. In this case, try logging in with your session id: https://github.com/TimMcCool/scratchattach/wiki#logging-in
2025-11-10T12:44:42.5141663Z ##[error]Process completed with exit code 1.
2025-11-10T12:44:42.5212581Z Post job cleanup.
2025-11-10T12:44:42.6039435Z [command]/usr/bin/git version
2025-11-10T12:44:42.6075141Z git version 2.51.2
2025-11-10T12:44:42.6111208Z Temporarily overriding HOME='/home/runner/work/_temp/576194fe-95ec-451d-a0de-2113952653fc' before making global git config changes
2025-11-10T12:44:42.6112212Z Adding repository directory to the temporary git global config as a safe directory
2025-11-10T12:44:42.6117097Z [command]/usr/bin/git config --global --add safe.directory /home/runner/work/scratchattach/scratchattach
2025-11-10T12:44:42.6153298Z [command]/usr/bin/git config --local --name-only --get-regexp core\.sshCommand
2025-11-10T12:44:42.6186101Z [command]/usr/bin/git submodule foreach --recursive sh -c "git config --local --name-only --get-regexp 'core\.sshCommand' && git config --local --unset-all 'core.sshCommand' || :"
2025-11-10T12:44:42.6418868Z [command]/usr/bin/git config --local --name-only --get-regexp http\.https\:\/\/github\.com\/\.extraheader
2025-11-10T12:44:42.6441686Z http.https://github.com/.extraheader
2025-11-10T12:44:42.6452442Z [command]/usr/bin/git config --local --unset-all http.https://github.com/.extraheader
2025-11-10T12:44:42.6486221Z [command]/usr/bin/git submodule foreach --recursive sh -c "git config --local --name-only --get-regexp 'http\.https\:\/\/github\.com\/\.extraheader' && git config --local --unset-all 'http.https://github.com/.extraheader' || :"
2025-11-10T12:44:42.6836329Z Post job cleanup.
2025-11-10T12:44:42.7620771Z [command]/usr/bin/git version
2025-11-10T12:44:42.7657401Z git version 2.51.2
2025-11-10T12:44:42.7694625Z Temporarily overriding HOME='/home/runner/work/_temp/a3569dd1-5b46-49ca-b264-25398365239d' before making global git config changes
2025-11-10T12:44:42.7696100Z Adding repository directory to the temporary git global config as a safe directory
2025-11-10T12:44:42.7700858Z [command]/usr/bin/git config --global --add safe.directory /home/runner/work/scratchattach/scratchattach
2025-11-10T12:44:42.7737823Z [command]/usr/bin/git config --local --name-only --get-regexp core\.sshCommand
2025-11-10T12:44:42.7795383Z [command]/usr/bin/git submodule foreach --recursive sh -c "git config --local --name-only --get-regexp 'core\.sshCommand' && git config --local --unset-all 'core.sshCommand' || :"
2025-11-10T12:44:42.8022061Z [command]/usr/bin/git config --local --name-only --get-regexp http\.https\:\/\/github\.com\/\.extraheader
2025-11-10T12:44:42.8054172Z [command]/usr/bin/git submodule foreach --recursive sh -c "git config --local --name-only --get-regexp 'http\.https\:\/\/github\.com\/\.extraheader' && git config --local --unset-all 'http.https://github.com/.extraheader' || :"
2025-11-10T12:44:42.8397167Z Cleaning up orphan processes
