2025-09-03T09:12:50.5492273Z Current runner version: '2.328.0'
2025-09-03T09:12:50.5526841Z ##[group]Runner Image Provisioner
2025-09-03T09:12:50.5528230Z Hosted Compute Agent
2025-09-03T09:12:50.5529241Z Version: 20250829.383
2025-09-03T09:12:50.5530276Z Commit: 27cb235aab5b0e52e153a26cd86b4742e89dac5d
2025-09-03T09:12:50.5531470Z Build Date: 2025-08-29T13:48:48Z
2025-09-03T09:12:50.5532510Z ##[endgroup]
2025-09-03T09:12:50.5533455Z ##[group]Operating System
2025-09-03T09:12:50.5534489Z Ubuntu
2025-09-03T09:12:50.5535386Z 24.04.3
2025-09-03T09:12:50.5536126Z LTS
2025-09-03T09:12:50.5536965Z ##[endgroup]
2025-09-03T09:12:50.5538184Z ##[group]Runner Image
2025-09-03T09:12:50.5539157Z Image: ubuntu-24.04
2025-09-03T09:12:50.5540124Z Version: 20250831.1.0
2025-09-03T09:12:50.5541796Z Included Software: https://github.com/actions/runner-images/blob/ubuntu24/20250831.1/images/ubuntu/Ubuntu2404-Readme.md
2025-09-03T09:12:50.5544252Z Image Release: https://github.com/actions/runner-images/releases/tag/ubuntu24%2F20250831.1
2025-09-03T09:12:50.5545947Z ##[endgroup]
2025-09-03T09:12:50.5547479Z ##[group]GITHUB_TOKEN Permissions
2025-09-03T09:12:50.5550473Z Contents: write
2025-09-03T09:12:50.5551293Z Metadata: read
2025-09-03T09:12:50.5552122Z ##[endgroup]
2025-09-03T09:12:50.5555932Z Secret source: Actions
2025-09-03T09:12:50.5556975Z Prepare workflow directory
2025-09-03T09:12:50.5888275Z Prepare all required actions
2025-09-03T09:12:50.5929835Z Getting action download info
2025-09-03T09:12:51.0100082Z Download action repository 'actions/checkout@v5' (SHA:08c6903cd8c0fde910a37f88322edcfb5dd907a8)
2025-09-03T09:12:51.2179345Z Download action repository 'actions/setup-python@v5.6.0' (SHA:a26af69be951a213d495a4c3e4e4022e16d87065)
2025-09-03T09:12:51.3411005Z Download action repository 'bossOfCode/install-scratchattach@v1.0.3' (SHA:be17a7cf1ecb5a7040eb42ef26c2e1fbe72bb25a)
2025-09-03T09:12:51.8725265Z Complete job name: Run Prioritzing Handler
2025-09-03T09:12:51.9422445Z ##[group]Run actions/checkout@v5
2025-09-03T09:12:51.9423357Z with:
2025-09-03T09:12:51.9424018Z   ref: main
2025-09-03T09:12:51.9424610Z   repository: Boss-1s/scratchattach
2025-09-03T09:12:51.9425336Z   token: ***
2025-09-03T09:12:51.9425766Z   ssh-strict: true
2025-09-03T09:12:51.9426208Z   ssh-user: git
2025-09-03T09:12:51.9426657Z   persist-credentials: true
2025-09-03T09:12:51.9427142Z   clean: true
2025-09-03T09:12:51.9427593Z   sparse-checkout-cone-mode: true
2025-09-03T09:12:51.9428313Z   fetch-depth: 1
2025-09-03T09:12:51.9428777Z   fetch-tags: false
2025-09-03T09:12:51.9429231Z   show-progress: true
2025-09-03T09:12:51.9429691Z   lfs: false
2025-09-03T09:12:51.9430107Z   submodules: false
2025-09-03T09:12:51.9430561Z   set-safe-directory: true
2025-09-03T09:12:51.9431377Z ##[endgroup]
2025-09-03T09:12:52.0325456Z Syncing repository: Boss-1s/scratchattach
2025-09-03T09:12:52.0327350Z ##[group]Getting Git version info
2025-09-03T09:12:52.0328679Z Working directory is '/home/runner/work/scratchattach/scratchattach'
2025-09-03T09:12:52.0330045Z [command]/usr/bin/git version
2025-09-03T09:12:52.0396215Z git version 2.51.0
2025-09-03T09:12:52.0415884Z ##[endgroup]
2025-09-03T09:12:52.0429741Z Temporarily overriding HOME='/home/runner/work/_temp/1700d157-63cd-4ab8-80a3-8b4d9f0a64df' before making global git config changes
2025-09-03T09:12:52.0432073Z Adding repository directory to the temporary git global config as a safe directory
2025-09-03T09:12:52.0434468Z [command]/usr/bin/git config --global --add safe.directory /home/runner/work/scratchattach/scratchattach
2025-09-03T09:12:52.0470293Z Deleting the contents of '/home/runner/work/scratchattach/scratchattach'
2025-09-03T09:12:52.0473635Z ##[group]Initializing the repository
2025-09-03T09:12:52.0478104Z [command]/usr/bin/git init /home/runner/work/scratchattach/scratchattach
2025-09-03T09:12:52.0593589Z hint: Using 'master' as the name for the initial branch. This default branch name
2025-09-03T09:12:52.0595359Z hint: is subject to change. To configure the initial branch name to use in all
2025-09-03T09:12:52.0596798Z hint: of your new repositories, which will suppress this warning, call:
2025-09-03T09:12:52.0599097Z hint:
2025-09-03T09:12:52.0599986Z hint: 	git config --global init.defaultBranch <name>
2025-09-03T09:12:52.0601031Z hint:
2025-09-03T09:12:52.0601734Z hint: Names commonly chosen instead of 'master' are 'main', 'trunk' and
2025-09-03T09:12:52.0603205Z hint: 'development'. The just-created branch can be renamed via this command:
2025-09-03T09:12:52.0604609Z hint:
2025-09-03T09:12:52.0605203Z hint: 	git branch -m <name>
2025-09-03T09:12:52.0605776Z hint:
2025-09-03T09:12:52.0606514Z hint: Disable this message with "git config set advice.defaultBranchName false"
2025-09-03T09:12:52.0608340Z Initialized empty Git repository in /home/runner/work/scratchattach/scratchattach/.git/
2025-09-03T09:12:52.0610484Z [command]/usr/bin/git remote add origin https://github.com/Boss-1s/scratchattach
2025-09-03T09:12:52.0648180Z ##[endgroup]
2025-09-03T09:12:52.0649022Z ##[group]Disabling automatic garbage collection
2025-09-03T09:12:52.0652859Z [command]/usr/bin/git config --local gc.auto 0
2025-09-03T09:12:52.0680231Z ##[endgroup]
2025-09-03T09:12:52.0681651Z ##[group]Setting up auth
2025-09-03T09:12:52.0687116Z [command]/usr/bin/git config --local --name-only --get-regexp core\.sshCommand
2025-09-03T09:12:52.0717401Z [command]/usr/bin/git submodule foreach --recursive sh -c "git config --local --name-only --get-regexp 'core\.sshCommand' && git config --local --unset-all 'core.sshCommand' || :"
2025-09-03T09:12:52.1047266Z [command]/usr/bin/git config --local --name-only --get-regexp http\.https\:\/\/github\.com\/\.extraheader
2025-09-03T09:12:52.1076550Z [command]/usr/bin/git submodule foreach --recursive sh -c "git config --local --name-only --get-regexp 'http\.https\:\/\/github\.com\/\.extraheader' && git config --local --unset-all 'http.https://github.com/.extraheader' || :"
2025-09-03T09:12:52.1320499Z [command]/usr/bin/git config --local http.https://github.com/.extraheader AUTHORIZATION: basic ***
2025-09-03T09:12:52.1353944Z ##[endgroup]
2025-09-03T09:12:52.1355773Z ##[group]Fetching the repository
2025-09-03T09:12:52.1364228Z [command]/usr/bin/git -c protocol.version=2 fetch --no-tags --prune --no-recurse-submodules --depth=1 origin +refs/heads/main*:refs/remotes/origin/main* +refs/tags/main*:refs/tags/main*
2025-09-03T09:12:52.6909485Z From https://github.com/Boss-1s/scratchattach
2025-09-03T09:12:52.6911039Z  * [new branch]      main       -> origin/main
2025-09-03T09:12:52.6942288Z ##[endgroup]
2025-09-03T09:12:52.6943434Z ##[group]Determining the checkout info
2025-09-03T09:12:52.6948896Z [command]/usr/bin/git branch --list --remote origin/main
2025-09-03T09:12:52.6972318Z   origin/main
2025-09-03T09:12:52.6978729Z ##[endgroup]
2025-09-03T09:12:52.6982962Z [command]/usr/bin/git sparse-checkout disable
2025-09-03T09:12:52.7159066Z [command]/usr/bin/git config --local --unset-all extensions.worktreeConfig
2025-09-03T09:12:52.7185750Z ##[group]Checking out the ref
2025-09-03T09:12:52.7190466Z [command]/usr/bin/git checkout --progress --force -B main refs/remotes/origin/main
2025-09-03T09:12:52.7565264Z Switched to a new branch 'main'
2025-09-03T09:12:52.7567465Z branch 'main' set up to track 'origin/main'.
2025-09-03T09:12:52.7578729Z ##[endgroup]
2025-09-03T09:12:52.7616741Z [command]/usr/bin/git log -1 --format=%H
2025-09-03T09:12:52.7639550Z 00676d5627fb895633b963fa027217c9b38c324b
2025-09-03T09:12:52.7952853Z ##[group]Run actions/setup-python@v5.6.0
2025-09-03T09:12:52.7954145Z with:
2025-09-03T09:12:52.7954974Z   python-version: 3.12.5
2025-09-03T09:12:52.7956004Z   check-latest: false
2025-09-03T09:12:52.7957252Z   token: ***
2025-09-03T09:12:52.7958355Z   update-environment: true
2025-09-03T09:12:52.7959440Z   allow-prereleases: false
2025-09-03T09:12:52.7960490Z   freethreaded: false
2025-09-03T09:12:52.7961421Z ##[endgroup]
2025-09-03T09:12:52.9606454Z ##[group]Installed versions
2025-09-03T09:12:52.9629620Z Version 3.12.5 was not found in the local cache
2025-09-03T09:12:53.5174079Z Version 3.12.5 is available for downloading
2025-09-03T09:12:53.5178932Z Download from "https://github.com/actions/python-versions/releases/download/3.12.5-10375840348/python-3.12.5-linux-24.04-x64.tar.gz"
2025-09-03T09:12:54.3820800Z Extract downloaded archive
2025-09-03T09:12:54.3931075Z [command]/usr/bin/tar xz --warning=no-unknown-keyword --overwrite -C /home/runner/work/_temp/21c111fd-1f58-4f56-886a-37e61c1c571e -f /home/runner/work/_temp/36898b31-9b4d-4626-900c-3a5fd77939f4
2025-09-03T09:12:56.3972160Z Execute installation script
2025-09-03T09:12:56.4060487Z Check if Python hostedtoolcache folder exist...
2025-09-03T09:12:56.4061205Z Create Python 3.12.5 folder
2025-09-03T09:12:56.4074093Z Copy Python binaries to hostedtoolcache folder
2025-09-03T09:12:56.9827052Z Create additional symlinks (Required for the UsePythonVersion Azure Pipelines task and the setup-python GitHub Action)
2025-09-03T09:12:56.9868090Z Upgrading pip...
2025-09-03T09:12:59.2408941Z Looking in links: /tmp/tmpy52qpjec
2025-09-03T09:12:59.2412584Z Requirement already satisfied: pip in /opt/hostedtoolcache/Python/3.12.5/x64/lib/python3.12/site-packages (24.2)
2025-09-03T09:13:00.3572068Z Collecting pip
2025-09-03T09:13:00.4732463Z Downloading pip-25.2-py3-none-any.whl.metadata (4.7 kB)
2025-09-03T09:13:00.5055550Z Downloading pip-25.2-py3-none-any.whl (1.8 MB)
2025-09-03T09:13:00.6490369Z ━━━━━━━━━━━━━━━━━━━━━━━━━━━━━━━━━━━━━━━━ 1.8/1.8 MB 18.7 MB/s eta 0:00:00
2025-09-03T09:13:00.6490894Z 
2025-09-03T09:13:00.6738773Z Installing collected packages: pip
2025-09-03T09:13:00.6739368Z Attempting uninstall: pip
2025-09-03T09:13:00.6763670Z Found existing installation: pip 24.2
2025-09-03T09:13:00.7115167Z Uninstalling pip-24.2:
2025-09-03T09:13:00.7170914Z Successfully uninstalled pip-24.2
2025-09-03T09:13:01.6012716Z Successfully installed pip-25.2
2025-09-03T09:13:01.6477423Z Create complete file
2025-09-03T09:13:01.6511296Z Successfully set up CPython (3.12.5)
2025-09-03T09:13:01.6512283Z ##[endgroup]
2025-09-03T09:13:01.6692765Z ##[group]Run bossOfCode/install-scratchattach@v1.0.3
2025-09-03T09:13:01.6693131Z env:
2025-09-03T09:13:01.6693376Z   pythonLocation: /opt/hostedtoolcache/Python/3.12.5/x64
2025-09-03T09:13:01.6693796Z   PKG_CONFIG_PATH: /opt/hostedtoolcache/Python/3.12.5/x64/lib/pkgconfig
2025-09-03T09:13:01.6694193Z   Python_ROOT_DIR: /opt/hostedtoolcache/Python/3.12.5/x64
2025-09-03T09:13:01.6694556Z   Python2_ROOT_DIR: /opt/hostedtoolcache/Python/3.12.5/x64
2025-09-03T09:13:01.6694905Z   Python3_ROOT_DIR: /opt/hostedtoolcache/Python/3.12.5/x64
2025-09-03T09:13:01.6695277Z   LD_LIBRARY_PATH: /opt/hostedtoolcache/Python/3.12.5/x64/lib
2025-09-03T09:13:01.6695562Z ##[endgroup]
2025-09-03T09:13:01.6775125Z ##[group]Run python3 -m pip install --upgrade pip
2025-09-03T09:13:01.6775562Z [36;1mpython3 -m pip install --upgrade pip[0m
2025-09-03T09:13:01.6836004Z shell: /usr/bin/bash --noprofile --norc -e -o pipefail {0}
2025-09-03T09:13:01.6836356Z env:
2025-09-03T09:13:01.6836664Z   pythonLocation: /opt/hostedtoolcache/Python/3.12.5/x64
2025-09-03T09:13:01.6837072Z   PKG_CONFIG_PATH: /opt/hostedtoolcache/Python/3.12.5/x64/lib/pkgconfig
2025-09-03T09:13:01.6837497Z   Python_ROOT_DIR: /opt/hostedtoolcache/Python/3.12.5/x64
2025-09-03T09:13:01.6837846Z   Python2_ROOT_DIR: /opt/hostedtoolcache/Python/3.12.5/x64
2025-09-03T09:13:01.6902366Z   Python3_ROOT_DIR: /opt/hostedtoolcache/Python/3.12.5/x64
2025-09-03T09:13:01.6902789Z   LD_LIBRARY_PATH: /opt/hostedtoolcache/Python/3.12.5/x64/lib
2025-09-03T09:13:01.6903139Z ##[endgroup]
2025-09-03T09:13:02.0864745Z Requirement already satisfied: pip in /opt/hostedtoolcache/Python/3.12.5/x64/lib/python3.12/site-packages (25.2)
2025-09-03T09:13:02.5155011Z ##[group]Run pip install -U scratchattach
2025-09-03T09:13:02.5155555Z [36;1mpip install -U scratchattach[0m
2025-09-03T09:13:02.5194401Z shell: /usr/bin/bash --noprofile --norc -e -o pipefail {0}
2025-09-03T09:13:02.5194915Z env:
2025-09-03T09:13:02.5195320Z   pythonLocation: /opt/hostedtoolcache/Python/3.12.5/x64
2025-09-03T09:13:02.5196015Z   PKG_CONFIG_PATH: /opt/hostedtoolcache/Python/3.12.5/x64/lib/pkgconfig
2025-09-03T09:13:02.5196914Z   Python_ROOT_DIR: /opt/hostedtoolcache/Python/3.12.5/x64
2025-09-03T09:13:02.5197495Z   Python2_ROOT_DIR: /opt/hostedtoolcache/Python/3.12.5/x64
2025-09-03T09:13:02.5198315Z   Python3_ROOT_DIR: /opt/hostedtoolcache/Python/3.12.5/x64
2025-09-03T09:13:02.5198936Z   LD_LIBRARY_PATH: /opt/hostedtoolcache/Python/3.12.5/x64/lib
2025-09-03T09:13:02.5199410Z ##[endgroup]
2025-09-03T09:13:03.0861360Z Collecting scratchattach
2025-09-03T09:13:03.2042698Z   Downloading scratchattach-2.1.13-py3-none-any.whl.metadata (5.5 kB)
2025-09-03T09:13:03.2401597Z Collecting websocket-client (from scratchattach)
2025-09-03T09:13:03.2714259Z   Downloading websocket_client-1.8.0-py3-none-any.whl.metadata (8.0 kB)
2025-09-03T09:13:03.3268794Z Collecting requests (from scratchattach)
2025-09-03T09:13:03.3584035Z   Downloading requests-2.32.5-py3-none-any.whl.metadata (4.9 kB)
2025-09-03T09:13:03.3834882Z Collecting bs4 (from scratchattach)
2025-09-03T09:13:03.4146681Z   Downloading bs4-0.0.2-py2.py3-none-any.whl.metadata (411 bytes)
2025-09-03T09:13:03.4372408Z Collecting SimpleWebSocketServer (from scratchattach)
2025-09-03T09:13:03.4684928Z   Downloading SimpleWebSocketServer-0.1.2.tar.gz (10 kB)
2025-09-03T09:13:03.4800831Z   Installing build dependencies: started
2025-09-03T09:13:04.4961572Z   Installing build dependencies: finished with status 'done'
2025-09-03T09:13:04.4967839Z   Getting requirements to build wheel: started
2025-09-03T09:13:04.8487479Z   Getting requirements to build wheel: finished with status 'done'
2025-09-03T09:13:04.8496283Z   Preparing metadata (pyproject.toml): started
2025-09-03T09:13:05.0314538Z   Preparing metadata (pyproject.toml): finished with status 'done'
2025-09-03T09:13:05.0623278Z Collecting typing-extensions (from scratchattach)
2025-09-03T09:13:05.0935577Z   Downloading typing_extensions-4.15.0-py3-none-any.whl.metadata (3.3 kB)
2025-09-03T09:13:05.1240339Z Collecting beautifulsoup4 (from bs4->scratchattach)
2025-09-03T09:13:05.1549570Z   Downloading beautifulsoup4-4.13.5-py3-none-any.whl.metadata (3.8 kB)
2025-09-03T09:13:05.1875819Z Collecting soupsieve>1.2 (from beautifulsoup4->bs4->scratchattach)
2025-09-03T09:13:05.2188900Z   Downloading soupsieve-2.8-py3-none-any.whl.metadata (4.6 kB)
2025-09-03T09:13:05.3424145Z Collecting charset_normalizer<4,>=2 (from requests->scratchattach)
2025-09-03T09:13:05.3735500Z   Downloading charset_normalizer-3.4.3-cp312-cp312-manylinux2014_x86_64.manylinux_2_17_x86_64.manylinux_2_28_x86_64.whl.metadata (36 kB)
2025-09-03T09:13:05.4160566Z Collecting idna<4,>=2.5 (from requests->scratchattach)
2025-09-03T09:13:05.4468964Z   Downloading idna-3.10-py3-none-any.whl.metadata (10 kB)
2025-09-03T09:13:05.4901800Z Collecting urllib3<3,>=1.21.1 (from requests->scratchattach)
2025-09-03T09:13:05.5209967Z   Downloading urllib3-2.5.0-py3-none-any.whl.metadata (6.5 kB)
2025-09-03T09:13:05.5558257Z Collecting certifi>=2017.4.17 (from requests->scratchattach)
2025-09-03T09:13:05.5869116Z   Downloading certifi-2025.8.3-py3-none-any.whl.metadata (2.4 kB)
2025-09-03T09:13:05.6254710Z Downloading scratchattach-2.1.13-py3-none-any.whl (141 kB)
2025-09-03T09:13:05.6963411Z Downloading bs4-0.0.2-py2.py3-none-any.whl (1.2 kB)
2025-09-03T09:13:05.7292607Z Downloading beautifulsoup4-4.13.5-py3-none-any.whl (105 kB)
2025-09-03T09:13:05.7682585Z Downloading soupsieve-2.8-py3-none-any.whl (36 kB)
2025-09-03T09:13:05.8023416Z Downloading typing_extensions-4.15.0-py3-none-any.whl (44 kB)
2025-09-03T09:13:05.8374964Z Downloading requests-2.32.5-py3-none-any.whl (64 kB)
2025-09-03T09:13:05.8734927Z Downloading charset_normalizer-3.4.3-cp312-cp312-manylinux2014_x86_64.manylinux_2_17_x86_64.manylinux_2_28_x86_64.whl (151 kB)
2025-09-03T09:13:05.9156563Z Downloading idna-3.10-py3-none-any.whl (70 kB)
2025-09-03T09:13:05.9510938Z Downloading urllib3-2.5.0-py3-none-any.whl (129 kB)
2025-09-03T09:13:05.9894780Z Downloading certifi-2025.8.3-py3-none-any.whl (161 kB)
2025-09-03T09:13:06.0297390Z Downloading websocket_client-1.8.0-py3-none-any.whl (58 kB)
2025-09-03T09:13:06.0444645Z Building wheels for collected packages: SimpleWebSocketServer
2025-09-03T09:13:06.0453137Z   Building wheel for SimpleWebSocketServer (pyproject.toml): started
2025-09-03T09:13:06.2790271Z   Building wheel for SimpleWebSocketServer (pyproject.toml): finished with status 'done'
2025-09-03T09:13:06.2796560Z   Created wheel for SimpleWebSocketServer: filename=simplewebsocketserver-0.1.2-py3-none-any.whl size=9715 sha256=219a2a5f6423a501a747f142f6112204b38f4f38a8b210057b9382d4f0079abb
2025-09-03T09:13:06.2799041Z   Stored in directory: /home/runner/.cache/pip/wheels/81/fd/d8/f145b47bedceb5dff96b76e404a4ee9be956a4f8f150cd8133
2025-09-03T09:13:06.2817258Z Successfully built SimpleWebSocketServer
2025-09-03T09:13:06.2993040Z Installing collected packages: SimpleWebSocketServer, websocket-client, urllib3, typing-extensions, soupsieve, idna, charset_normalizer, certifi, requests, beautifulsoup4, bs4, scratchattach
2025-09-03T09:13:06.8631125Z 
2025-09-03T09:13:06.8651573Z Successfully installed SimpleWebSocketServer-0.1.2 beautifulsoup4-4.13.5 bs4-0.0.2 certifi-2025.8.3 charset_normalizer-3.4.3 idna-3.10 requests-2.32.5 scratchattach-2.1.13 soupsieve-2.8 typing-extensions-4.15.0 urllib3-2.5.0 websocket-client-1.8.0
2025-09-03T09:13:06.9449292Z ##[group]Run actions/checkout@v5
2025-09-03T09:13:06.9449554Z with:
2025-09-03T09:13:06.9449729Z   ref: main
2025-09-03T09:13:06.9449924Z   repository: Boss-1s/scratchattach
2025-09-03T09:13:06.9450295Z   token: ***
2025-09-03T09:13:06.9450483Z   ssh-strict: true
2025-09-03T09:13:06.9450668Z   ssh-user: git
2025-09-03T09:13:06.9450856Z   persist-credentials: true
2025-09-03T09:13:06.9451073Z   clean: true
2025-09-03T09:13:06.9451257Z   sparse-checkout-cone-mode: true
2025-09-03T09:13:06.9451489Z   fetch-depth: 1
2025-09-03T09:13:06.9451668Z   fetch-tags: false
2025-09-03T09:13:06.9451848Z   show-progress: true
2025-09-03T09:13:06.9452032Z   lfs: false
2025-09-03T09:13:06.9452199Z   submodules: false
2025-09-03T09:13:06.9452382Z   set-safe-directory: true
2025-09-03T09:13:06.9452597Z env:
2025-09-03T09:13:06.9452830Z   pythonLocation: /opt/hostedtoolcache/Python/3.12.5/x64
2025-09-03T09:13:06.9453239Z   PKG_CONFIG_PATH: /opt/hostedtoolcache/Python/3.12.5/x64/lib/pkgconfig
2025-09-03T09:13:06.9453662Z   Python_ROOT_DIR: /opt/hostedtoolcache/Python/3.12.5/x64
2025-09-03T09:13:06.9454013Z   Python2_ROOT_DIR: /opt/hostedtoolcache/Python/3.12.5/x64
2025-09-03T09:13:06.9454357Z   Python3_ROOT_DIR: /opt/hostedtoolcache/Python/3.12.5/x64
2025-09-03T09:13:06.9454696Z   LD_LIBRARY_PATH: /opt/hostedtoolcache/Python/3.12.5/x64/lib
2025-09-03T09:13:06.9454982Z ##[endgroup]
2025-09-03T09:13:07.0198972Z Syncing repository: Boss-1s/scratchattach
2025-09-03T09:13:07.0199862Z ##[group]Getting Git version info
2025-09-03T09:13:07.0200524Z Working directory is '/home/runner/work/scratchattach/scratchattach'
2025-09-03T09:13:07.0234632Z [command]/usr/bin/git version
2025-09-03T09:13:07.0269718Z git version 2.51.0
2025-09-03T09:13:07.0289873Z ##[endgroup]
2025-09-03T09:13:07.0304058Z Temporarily overriding HOME='/home/runner/work/_temp/5b44d991-43b9-4336-89c0-72df61683491' before making global git config changes
2025-09-03T09:13:07.0305363Z Adding repository directory to the temporary git global config as a safe directory
2025-09-03T09:13:07.0309754Z [command]/usr/bin/git config --global --add safe.directory /home/runner/work/scratchattach/scratchattach
2025-09-03T09:13:07.0346390Z [command]/usr/bin/git config --local --get remote.origin.url
2025-09-03T09:13:07.0366855Z https://github.com/Boss-1s/scratchattach
2025-09-03T09:13:07.0380599Z ##[group]Removing previously created refs, to avoid conflicts
2025-09-03T09:13:07.0384745Z [command]/usr/bin/git rev-parse --symbolic-full-name --verify --quiet HEAD
2025-09-03T09:13:07.0405518Z refs/heads/main
2025-09-03T09:13:07.0414949Z [command]/usr/bin/git checkout --detach
2025-09-03T09:13:07.0726265Z HEAD is now at 00676d5 [BOT] Download Logs
2025-09-03T09:13:07.0770053Z [command]/usr/bin/git branch --delete --force main
2025-09-03T09:13:07.0794602Z Deleted branch main (was 00676d5).
2025-09-03T09:13:07.0828351Z ##[endgroup]
2025-09-03T09:13:07.0831653Z [command]/usr/bin/git submodule status
2025-09-03T09:13:07.1053771Z ##[group]Cleaning the repository
2025-09-03T09:13:07.1057719Z [command]/usr/bin/git clean -ffdx
2025-09-03T09:13:07.1089851Z [command]/usr/bin/git reset --hard HEAD
2025-09-03T09:13:07.1123942Z HEAD is now at 00676d5 [BOT] Download Logs
2025-09-03T09:13:07.1129309Z ##[endgroup]
2025-09-03T09:13:07.1130922Z ##[group]Disabling automatic garbage collection
2025-09-03T09:13:07.1134790Z [command]/usr/bin/git config --local gc.auto 0
2025-09-03T09:13:07.1159830Z ##[endgroup]
2025-09-03T09:13:07.1160347Z ##[group]Setting up auth
2025-09-03T09:13:07.1166658Z [command]/usr/bin/git config --local --name-only --get-regexp core\.sshCommand
2025-09-03T09:13:07.1195149Z [command]/usr/bin/git submodule foreach --recursive sh -c "git config --local --name-only --get-regexp 'core\.sshCommand' && git config --local --unset-all 'core.sshCommand' || :"
2025-09-03T09:13:07.1416448Z [command]/usr/bin/git config --local --name-only --get-regexp http\.https\:\/\/github\.com\/\.extraheader
2025-09-03T09:13:07.1442198Z http.https://github.com/.extraheader
2025-09-03T09:13:07.1454110Z [command]/usr/bin/git config --local --unset-all http.https://github.com/.extraheader
2025-09-03T09:13:07.1487347Z [command]/usr/bin/git submodule foreach --recursive sh -c "git config --local --name-only --get-regexp 'http\.https\:\/\/github\.com\/\.extraheader' && git config --local --unset-all 'http.https://github.com/.extraheader' || :"
2025-09-03T09:13:07.1732875Z [command]/usr/bin/git config --local http.https://github.com/.extraheader AUTHORIZATION: basic ***
2025-09-03T09:13:07.1803855Z ##[endgroup]
2025-09-03T09:13:07.1804489Z ##[group]Fetching the repository
2025-09-03T09:13:07.1813014Z [command]/usr/bin/git -c protocol.version=2 fetch --no-tags --prune --no-recurse-submodules --depth=1 origin +refs/heads/main*:refs/remotes/origin/main* +refs/tags/main*:refs/tags/main*
2025-09-03T09:13:07.5250384Z ##[endgroup]
2025-09-03T09:13:07.5251006Z ##[group]Determining the checkout info
2025-09-03T09:13:07.5257620Z [command]/usr/bin/git branch --list --remote origin/main
2025-09-03T09:13:07.5282000Z   origin/main
2025-09-03T09:13:07.5286184Z ##[endgroup]
2025-09-03T09:13:07.5291271Z [command]/usr/bin/git sparse-checkout disable
2025-09-03T09:13:07.5330698Z [command]/usr/bin/git config --local --unset-all extensions.worktreeConfig
2025-09-03T09:13:07.5356762Z ##[group]Checking out the ref
2025-09-03T09:13:07.5361192Z [command]/usr/bin/git checkout --progress --force -B main refs/remotes/origin/main
2025-09-03T09:13:07.5400667Z Switched to a new branch 'main'
2025-09-03T09:13:07.5403746Z branch 'main' set up to track 'origin/main'.
2025-09-03T09:13:07.5411274Z ##[endgroup]
2025-09-03T09:13:07.5444692Z [command]/usr/bin/git log -1 --format=%H
2025-09-03T09:13:07.5467266Z 00676d5627fb895633b963fa027217c9b38c324b
2025-09-03T09:13:07.5573814Z ##[group]Run python3 aesthetic_prioritizing.py
2025-09-03T09:13:07.5574186Z [36;1mpython3 aesthetic_prioritizing.py[0m
2025-09-03T09:13:07.5604361Z shell: /usr/bin/bash -e {0}
2025-09-03T09:13:07.5604599Z env:
2025-09-03T09:13:07.5604848Z   pythonLocation: /opt/hostedtoolcache/Python/3.12.5/x64
2025-09-03T09:13:07.5605262Z   PKG_CONFIG_PATH: /opt/hostedtoolcache/Python/3.12.5/x64/lib/pkgconfig
2025-09-03T09:13:07.5605653Z   Python_ROOT_DIR: /opt/hostedtoolcache/Python/3.12.5/x64
2025-09-03T09:13:07.5605998Z   Python2_ROOT_DIR: /opt/hostedtoolcache/Python/3.12.5/x64
2025-09-03T09:13:07.5606339Z   Python3_ROOT_DIR: /opt/hostedtoolcache/Python/3.12.5/x64
2025-09-03T09:13:07.5606684Z   LD_LIBRARY_PATH: /opt/hostedtoolcache/Python/3.12.5/x64/lib
2025-09-03T09:13:07.5607116Z   PASS: ***
2025-09-03T09:13:07.5607292Z ##[endgroup]
2025-09-03T09:14:38.1611992Z Traceback (most recent call last):
2025-09-03T09:14:38.1620350Z   File "/opt/hostedtoolcache/Python/3.12.5/x64/lib/python3.12/site-packages/requests/models.py", line 976, in json
2025-09-03T09:14:38.1621244Z Prioritizing: Attempt 1
2025-09-03T09:14:38.1622108Z     return complexjson.loads(self.text, **kwargs)
2025-09-03T09:14:38.1622572Z            ^^^^^^^^^^^^^^^^^^^^^^^^^^^^^^^^^^^^^^
2025-09-03T09:14:38.1623353Z   File "/opt/hostedtoolcache/Python/3.12.5/x64/lib/python3.12/json/__init__.py", line 346, in loads
2025-09-03T09:14:38.1624097Z     return _default_decoder.decode(s)
2025-09-03T09:14:38.1624497Z            ^^^^^^^^^^^^^^^^^^^^^^^^^^
2025-09-03T09:14:38.1625211Z   File "/opt/hostedtoolcache/Python/3.12.5/x64/lib/python3.12/json/decoder.py", line 337, in decode
2025-09-03T09:14:38.1625967Z     obj, end = self.raw_decode(s, idx=_w(s, 0).end())
2025-09-03T09:14:38.1626403Z                ^^^^^^^^^^^^^^^^^^^^^^^^^^^^^^^^^^^^^^
2025-09-03T09:14:38.1627172Z   File "/opt/hostedtoolcache/Python/3.12.5/x64/lib/python3.12/json/decoder.py", line 355, in raw_decode
2025-09-03T09:14:38.1628269Z     raise JSONDecodeError("Expecting value", s, err.value) from None
2025-09-03T09:14:38.1629005Z json.decoder.JSONDecodeError: Expecting value: line 2 column 1 (char 1)
2025-09-03T09:14:38.1629476Z 
2025-09-03T09:14:38.1629753Z During handling of the above exception, another exception occurred:
2025-09-03T09:14:38.1630090Z 
2025-09-03T09:14:38.1630185Z Traceback (most recent call last):
2025-09-03T09:14:38.1630699Z   File "/home/runner/work/scratchattach/scratchattach/aesthetic_prioritizing.py", line 78, in prioritize
2025-09-03T09:14:38.1631205Z     project.favorite()
2025-09-03T09:14:38.1631747Z   File "/opt/hostedtoolcache/Python/3.12.5/x64/lib/python3.12/site-packages/scratchattach/site/project.py", line 430, in favorite
2025-09-03T09:14:38.1632261Z     ).json()
2025-09-03T09:14:38.1632449Z Unfavorited project 1193158560
2025-09-03T09:14:38.1632702Z Favorited project 1193158560 to move it to the top
2025-09-03T09:14:38.1632995Z Expecting value: line 2 column 1 (char 1)
2025-09-03T09:14:38.1633263Z Prioritized projects in your favorite list.
2025-09-03T09:14:38.1633517Z       ^^^^^^
2025-09-03T09:14:38.1633978Z   File "/opt/hostedtoolcache/Python/3.12.5/x64/lib/python3.12/site-packages/requests/models.py", line 980, in json
2025-09-03T09:14:38.1634530Z     raise RequestsJSONDecodeError(e.msg, e.doc, e.pos)
2025-09-03T09:14:38.1634945Z requests.exceptions.JSONDecodeError: Expecting value: line 2 column 1 (char 1)
2025-09-03T09:14:38.1635241Z 
2025-09-03T09:14:38.1635407Z During handling of the above exception, another exception occurred:
2025-09-03T09:14:38.1635648Z 
2025-09-03T09:14:38.1635735Z Traceback (most recent call last):
2025-09-03T09:14:38.1636223Z   File "/home/runner/work/scratchattach/scratchattach/aesthetic_prioritizing.py", line 99, in <module>
2025-09-03T09:14:38.1636688Z     prioritize(atmp, max_atmp)
2025-09-03T09:14:38.1637144Z   File "/home/runner/work/scratchattach/scratchattach/aesthetic_prioritizing.py", line 84, in prioritize
2025-09-03T09:14:38.1637584Z     sys.exit(1)
2025-09-03T09:14:38.1637754Z     ^^^
2025-09-03T09:14:38.1638497Z NameError: name 'sys' is not defined. Did you forget to import 'sys'?
2025-09-03T09:14:38.1866092Z ##[error]Process completed with exit code 1.
2025-09-03T09:14:38.1931994Z Post job cleanup.
2025-09-03T09:14:38.2685226Z [command]/usr/bin/git version
2025-09-03T09:14:38.2720631Z git version 2.51.0
2025-09-03T09:14:38.2755655Z Temporarily overriding HOME='/home/runner/work/_temp/957dd818-d2d4-49a3-81de-833670089798' before making global git config changes
2025-09-03T09:14:38.2756555Z Adding repository directory to the temporary git global config as a safe directory
2025-09-03T09:14:38.2760845Z [command]/usr/bin/git config --global --add safe.directory /home/runner/work/scratchattach/scratchattach
2025-09-03T09:14:38.2794948Z [command]/usr/bin/git config --local --name-only --get-regexp core\.sshCommand
2025-09-03T09:14:38.2827846Z [command]/usr/bin/git submodule foreach --recursive sh -c "git config --local --name-only --get-regexp 'core\.sshCommand' && git config --local --unset-all 'core.sshCommand' || :"
2025-09-03T09:14:38.3047888Z [command]/usr/bin/git config --local --name-only --get-regexp http\.https\:\/\/github\.com\/\.extraheader
2025-09-03T09:14:38.3069739Z http.https://github.com/.extraheader
2025-09-03T09:14:38.3079465Z [command]/usr/bin/git config --local --unset-all http.https://github.com/.extraheader
2025-09-03T09:14:38.3110155Z [command]/usr/bin/git submodule foreach --recursive sh -c "git config --local --name-only --get-regexp 'http\.https\:\/\/github\.com\/\.extraheader' && git config --local --unset-all 'http.https://github.com/.extraheader' || :"
2025-09-03T09:14:38.3462835Z Post job cleanup.
2025-09-03T09:14:38.4214873Z [command]/usr/bin/git version
2025-09-03T09:14:38.4254498Z git version 2.51.0
2025-09-03T09:14:38.4290574Z Temporarily overriding HOME='/home/runner/work/_temp/6cefd355-5be3-4be3-83a8-47fd316f6131' before making global git config changes
2025-09-03T09:14:38.4291468Z Adding repository directory to the temporary git global config as a safe directory
2025-09-03T09:14:38.4295428Z [command]/usr/bin/git config --global --add safe.directory /home/runner/work/scratchattach/scratchattach
2025-09-03T09:14:38.4330111Z [command]/usr/bin/git config --local --name-only --get-regexp core\.sshCommand
2025-09-03T09:14:38.4361934Z [command]/usr/bin/git submodule foreach --recursive sh -c "git config --local --name-only --get-regexp 'core\.sshCommand' && git config --local --unset-all 'core.sshCommand' || :"
2025-09-03T09:14:38.4583188Z [command]/usr/bin/git config --local --name-only --get-regexp http\.https\:\/\/github\.com\/\.extraheader
2025-09-03T09:14:38.4616345Z [command]/usr/bin/git submodule foreach --recursive sh -c "git config --local --name-only --get-regexp 'http\.https\:\/\/github\.com\/\.extraheader' && git config --local --unset-all 'http.https://github.com/.extraheader' || :"
2025-09-03T09:14:38.4962829Z Cleaning up orphan processes
