2025-11-03T01:50:41.7369467Z Current runner version: '2.329.0'
2025-11-03T01:50:41.7395978Z ##[group]Runner Image Provisioner
2025-11-03T01:50:41.7396751Z Hosted Compute Agent
2025-11-03T01:50:41.7397454Z Version: 20251016.436
2025-11-03T01:50:41.7398397Z Commit: 8ab8ac8bfd662a3739dab9fe09456aba92132568
2025-11-03T01:50:41.7399341Z Build Date: 2025-10-15T20:44:12Z
2025-11-03T01:50:41.7400343Z ##[endgroup]
2025-11-03T01:50:41.7401120Z ##[group]Operating System
2025-11-03T01:50:41.7401977Z Ubuntu
2025-11-03T01:50:41.7402627Z 24.04.3
2025-11-03T01:50:41.7403123Z LTS
2025-11-03T01:50:41.7403686Z ##[endgroup]
2025-11-03T01:50:41.7404243Z ##[group]Runner Image
2025-11-03T01:50:41.7404831Z Image: ubuntu-24.04
2025-11-03T01:50:41.7405295Z Version: 20251030.96.2
2025-11-03T01:50:41.7406324Z Included Software: https://github.com/actions/runner-images/blob/ubuntu24/20251030.96/images/ubuntu/Ubuntu2404-Readme.md
2025-11-03T01:50:41.7407880Z Image Release: https://github.com/actions/runner-images/releases/tag/ubuntu24%2F20251030.96
2025-11-03T01:50:41.7408932Z ##[endgroup]
2025-11-03T01:50:41.7409980Z ##[group]GITHUB_TOKEN Permissions
2025-11-03T01:50:41.7411896Z Contents: write
2025-11-03T01:50:41.7412564Z Metadata: read
2025-11-03T01:50:41.7413018Z ##[endgroup]
2025-11-03T01:50:41.7415517Z Secret source: Actions
2025-11-03T01:50:41.7416367Z Prepare workflow directory
2025-11-03T01:50:41.7960400Z Prepare all required actions
2025-11-03T01:50:41.8001958Z Getting action download info
2025-11-03T01:50:42.1980158Z Download action repository 'actions/checkout@ff7abcd0c3c05ccf6adc123a8cd1fd4fb30fb493' (SHA:ff7abcd0c3c05ccf6adc123a8cd1fd4fb30fb493)
2025-11-03T01:50:42.3950135Z Download action repository 'actions/setup-python@v6' (SHA:e797f83bcb11b83ae66e0230d6156d7c80228e7c)
2025-11-03T01:50:42.4803144Z Download action repository 'actions/cache@0057852bfaa89a56745cba8c7296529d2fc39830' (SHA:0057852bfaa89a56745cba8c7296529d2fc39830)
2025-11-03T01:50:42.5791293Z Download action repository 'actions/component-detection-dependency-submission-action@374343effede691df3a5ffaf36b4e7acab919590' (SHA:374343effede691df3a5ffaf36b4e7acab919590)
2025-11-03T01:50:43.1236785Z Complete job name: submit-pypi
2025-11-03T01:50:43.1933798Z ##[group]Run actions/checkout@ff7abcd0c3c05ccf6adc123a8cd1fd4fb30fb493
2025-11-03T01:50:43.1934985Z with:
2025-11-03T01:50:43.1935395Z   ref: refs/heads/main
2025-11-03T01:50:43.1935873Z   repository: Boss-1s/scratchattach
2025-11-03T01:50:43.1936649Z   token: ***
2025-11-03T01:50:43.1937044Z   ssh-strict: true
2025-11-03T01:50:43.1937475Z   ssh-user: git
2025-11-03T01:50:43.1937913Z   persist-credentials: true
2025-11-03T01:50:43.1938391Z   clean: true
2025-11-03T01:50:43.1938820Z   sparse-checkout-cone-mode: true
2025-11-03T01:50:43.1939355Z   fetch-depth: 1
2025-11-03T01:50:43.1939760Z   fetch-tags: false
2025-11-03T01:50:43.1940183Z   show-progress: true
2025-11-03T01:50:43.1940623Z   lfs: false
2025-11-03T01:50:43.1941008Z   submodules: false
2025-11-03T01:50:43.1941438Z   set-safe-directory: true
2025-11-03T01:50:43.1942197Z env:
2025-11-03T01:50:43.1942613Z   SKIP_CACHE: 
2025-11-03T01:50:43.1943019Z ##[endgroup]
2025-11-03T01:50:43.2911331Z Syncing repository: Boss-1s/scratchattach
2025-11-03T01:50:43.2913652Z ##[group]Getting Git version info
2025-11-03T01:50:43.2914507Z Working directory is '/home/runner/work/scratchattach/scratchattach'
2025-11-03T01:50:43.2915714Z [command]/usr/bin/git version
2025-11-03T01:50:43.2968746Z git version 2.51.2
2025-11-03T01:50:43.3024135Z ##[endgroup]
2025-11-03T01:50:43.3040836Z Temporarily overriding HOME='/home/runner/work/_temp/7d6122f3-fd39-4fe3-91b8-81723cf11a2e' before making global git config changes
2025-11-03T01:50:43.3043693Z Adding repository directory to the temporary git global config as a safe directory
2025-11-03T01:50:43.3046744Z [command]/usr/bin/git config --global --add safe.directory /home/runner/work/scratchattach/scratchattach
2025-11-03T01:50:43.3099089Z Deleting the contents of '/home/runner/work/scratchattach/scratchattach'
2025-11-03T01:50:43.3103857Z ##[group]Initializing the repository
2025-11-03T01:50:43.3109197Z [command]/usr/bin/git init /home/runner/work/scratchattach/scratchattach
2025-11-03T01:50:43.3220232Z hint: Using 'master' as the name for the initial branch. This default branch name
2025-11-03T01:50:43.3222228Z hint: is subject to change. To configure the initial branch name to use in all
2025-11-03T01:50:43.3224040Z hint: of your new repositories, which will suppress this warning, call:
2025-11-03T01:50:43.3225231Z hint:
2025-11-03T01:50:43.3225922Z hint: 	git config --global init.defaultBranch <name>
2025-11-03T01:50:43.3227000Z hint:
2025-11-03T01:50:43.3228037Z hint: Names commonly chosen instead of 'master' are 'main', 'trunk' and
2025-11-03T01:50:43.3229191Z hint: 'development'. The just-created branch can be renamed via this command:
2025-11-03T01:50:43.3229937Z hint:
2025-11-03T01:50:43.3230405Z hint: 	git branch -m <name>
2025-11-03T01:50:43.3231224Z hint:
2025-11-03T01:50:43.3232019Z hint: Disable this message with "git config set advice.defaultBranchName false"
2025-11-03T01:50:43.3233170Z Initialized empty Git repository in /home/runner/work/scratchattach/scratchattach/.git/
2025-11-03T01:50:43.3237420Z [command]/usr/bin/git remote add origin https://github.com/Boss-1s/scratchattach
2025-11-03T01:50:43.3279052Z ##[endgroup]
2025-11-03T01:50:43.3280361Z ##[group]Disabling automatic garbage collection
2025-11-03T01:50:43.3284182Z [command]/usr/bin/git config --local gc.auto 0
2025-11-03T01:50:43.3317339Z ##[endgroup]
2025-11-03T01:50:43.3318691Z ##[group]Setting up auth
2025-11-03T01:50:43.3325856Z [command]/usr/bin/git config --local --name-only --get-regexp core\.sshCommand
2025-11-03T01:50:43.3361987Z [command]/usr/bin/git submodule foreach --recursive sh -c "git config --local --name-only --get-regexp 'core\.sshCommand' && git config --local --unset-all 'core.sshCommand' || :"
2025-11-03T01:50:43.3713782Z [command]/usr/bin/git config --local --name-only --get-regexp http\.https\:\/\/github\.com\/\.extraheader
2025-11-03T01:50:43.3750672Z [command]/usr/bin/git submodule foreach --recursive sh -c "git config --local --name-only --get-regexp 'http\.https\:\/\/github\.com\/\.extraheader' && git config --local --unset-all 'http.https://github.com/.extraheader' || :"
2025-11-03T01:50:43.3990132Z [command]/usr/bin/git config --local http.https://github.com/.extraheader AUTHORIZATION: basic ***
2025-11-03T01:50:43.4031473Z ##[endgroup]
2025-11-03T01:50:43.4042370Z ##[group]Fetching the repository
2025-11-03T01:50:43.4044862Z [command]/usr/bin/git -c protocol.version=2 fetch --no-tags --prune --no-recurse-submodules --depth=1 origin +refs/heads/main:refs/remotes/origin/main
2025-11-03T01:50:44.9037806Z From https://github.com/Boss-1s/scratchattach
2025-11-03T01:50:44.9043216Z  * [new branch]      main       -> origin/main
2025-11-03T01:50:44.9073940Z ##[endgroup]
2025-11-03T01:50:44.9075567Z ##[group]Determining the checkout info
2025-11-03T01:50:44.9077186Z ##[endgroup]
2025-11-03T01:50:44.9081944Z [command]/usr/bin/git sparse-checkout disable
2025-11-03T01:50:44.9128140Z [command]/usr/bin/git config --local --unset-all extensions.worktreeConfig
2025-11-03T01:50:44.9166873Z ##[group]Checking out the ref
2025-11-03T01:50:44.9168440Z [command]/usr/bin/git checkout --progress --force -B main refs/remotes/origin/main
2025-11-03T01:50:45.2593637Z Switched to a new branch 'main'
2025-11-03T01:50:45.2594970Z branch 'main' set up to track 'origin/main'.
2025-11-03T01:50:45.2639760Z ##[endgroup]
2025-11-03T01:50:45.2682660Z [command]/usr/bin/git log -1 --format=%H
2025-11-03T01:50:45.2710721Z c08ba8d38a48a859997629e2e47b17bcbceb79d2
2025-11-03T01:50:45.2957948Z ##[group]Run actions/setup-python@v6
2025-11-03T01:50:45.2958316Z with:
2025-11-03T01:50:45.2958513Z   check-latest: false
2025-11-03T01:50:45.2958894Z   token: ***
2025-11-03T01:50:45.2959100Z   update-environment: true
2025-11-03T01:50:45.2959352Z   allow-prereleases: false
2025-11-03T01:50:45.2959571Z   freethreaded: false
2025-11-03T01:50:45.2959760Z env:
2025-11-03T01:50:45.2959931Z   SKIP_CACHE: 
2025-11-03T01:50:45.2960107Z ##[endgroup]
2025-11-03T01:50:45.4359131Z [warning]Neither 'python-version' nor 'python-version-file' inputs were supplied. Attempting to find '.python-version' file.
2025-11-03T01:50:45.4360365Z [warning].python-version doesn't exist.
2025-11-03T01:50:45.4385907Z ##[warning]The `python-version` input is not set.  The version of Python currently in `PATH` will be used.
2025-11-03T01:50:45.4396799Z (node:2055) [DEP0040] DeprecationWarning: The `punycode` module is deprecated. Please use a userland alternative instead.
2025-11-03T01:50:45.4397988Z (Use `node --trace-deprecation ...` to show where the warning was created)
2025-11-03T01:50:45.4528483Z ##[group]Run version=$(python --version)
2025-11-03T01:50:45.4529022Z [36;1mversion=$(python --version)[0m
2025-11-03T01:50:45.4529350Z [36;1mecho "::notice::Using python version: $version"[0m
2025-11-03T01:50:45.4529673Z [36;1mpip_version=$(pip --version)[0m
2025-11-03T01:50:45.4529978Z [36;1mecho "::notice::Using pip version: $pip_version"[0m
2025-11-03T01:50:45.4530317Z [36;1mpip install pip-tools[0m
2025-11-03T01:50:45.4530593Z [36;1mpip_compile_version=$(pip-compile --version)[0m
2025-11-03T01:50:45.4530979Z [36;1mecho "::notice::Using pip-compile version: $pip_compile_version"[0m
2025-11-03T01:50:45.4571508Z shell: /usr/bin/bash --noprofile --norc -e -o pipefail {0}
2025-11-03T01:50:45.4571884Z env:
2025-11-03T01:50:45.4572069Z   SKIP_CACHE: 
2025-11-03T01:50:45.4572261Z ##[endgroup]
2025-11-03T01:50:45.4677940Z ##[notice]Using python version: Python 3.12.3
2025-11-03T01:50:47.2702302Z ##[notice]Using pip version: pip 24.0 from /usr/lib/python3/dist-packages/pip (python 3.12)
2025-11-03T01:50:48.1561683Z Defaulting to user installation because normal site-packages is not writeable
2025-11-03T01:50:49.1962264Z Collecting pip-tools
2025-11-03T01:50:49.2992684Z   Downloading pip_tools-7.5.1-py3-none-any.whl.metadata (26 kB)
2025-11-03T01:50:49.3415657Z Collecting build>=1.0.0 (from pip-tools)
2025-11-03T01:50:49.3617004Z   Downloading build-1.3.0-py3-none-any.whl.metadata (5.6 kB)
2025-11-03T01:50:49.3667056Z Requirement already satisfied: click>=8 in /usr/lib/python3/dist-packages (from pip-tools) (8.1.6)
2025-11-03T01:50:49.3677239Z Requirement already satisfied: pip>=22.2 in /usr/lib/python3/dist-packages (from pip-tools) (24.0)
2025-11-03T01:50:49.3839082Z Collecting pyproject_hooks (from pip-tools)
2025-11-03T01:50:49.4038139Z   Downloading pyproject_hooks-1.2.0-py3-none-any.whl.metadata (1.3 kB)
2025-11-03T01:50:49.4080010Z Requirement already satisfied: setuptools in /usr/lib/python3/dist-packages (from pip-tools) (68.1.2)
2025-11-03T01:50:49.4088001Z Requirement already satisfied: wheel in /usr/lib/python3/dist-packages (from pip-tools) (0.42.0)
2025-11-03T01:50:49.4182950Z Requirement already satisfied: packaging>=19.1 in /usr/lib/python3/dist-packages (from build>=1.0.0->pip-tools) (24.0)
2025-11-03T01:50:49.4503087Z Downloading pip_tools-7.5.1-py3-none-any.whl (65 kB)
2025-11-03T01:50:49.4716228Z    ━━━━━━━━━━━━━━━━━━━━━━━━━━━━━━━━━━━━━━━━ 65.3/65.3 kB 3.1 MB/s eta 0:00:00
2025-11-03T01:50:49.4911735Z Downloading build-1.3.0-py3-none-any.whl (23 kB)
2025-11-03T01:50:49.5140318Z Downloading pyproject_hooks-1.2.0-py3-none-any.whl (10 kB)
2025-11-03T01:50:49.8391266Z Installing collected packages: pyproject_hooks, build, pip-tools
2025-11-03T01:50:49.9071200Z Successfully installed build-1.3.0 pip-tools-7.5.1 pyproject_hooks-1.2.0
2025-11-03T01:50:50.4173243Z ##[notice]Using pip-compile version: pip-compile, version 7.5.1
2025-11-03T01:50:50.4226780Z ##[group]Run if [[ -n "" ]]; then
2025-11-03T01:50:50.4227107Z [36;1mif [[ -n "" ]]; then[0m
2025-11-03T01:50:50.4227457Z [36;1m  echo "Python cache disabled via 'GH_DEPENDENCY_SUBMISSION_SKIP_CACHE'"[0m
2025-11-03T01:50:50.4227812Z [36;1melse[0m
2025-11-03T01:50:50.4228222Z [36;1m  echo "Caching Python packages. Set 'GH_DEPENDENCY_SUBMISSION_SKIP_CACHE=true' to skip caching in future."[0m
2025-11-03T01:50:50.4228666Z [36;1mfi[0m
2025-11-03T01:50:50.4261416Z shell: /usr/bin/bash -e {0}
2025-11-03T01:50:50.4261822Z env:
2025-11-03T01:50:50.4261991Z   SKIP_CACHE: 
2025-11-03T01:50:50.4262186Z ##[endgroup]
2025-11-03T01:50:50.4316669Z Caching Python packages. Set 'GH_DEPENDENCY_SUBMISSION_SKIP_CACHE=true' to skip caching in future.
2025-11-03T01:50:50.6068040Z ##[group]Run actions/cache@0057852bfaa89a56745cba8c7296529d2fc39830
2025-11-03T01:50:50.6068405Z with:
2025-11-03T01:50:50.6068599Z   path: ~/.cache/pip
2025-11-03T01:50:50.6068984Z   key: Linux-pip-python-933f3af192ad631118b3e297ab52aaed5541608dfe715694932b3d37f62acea2
2025-11-03T01:50:50.6069427Z   restore-keys: Linux-python-

2025-11-03T01:50:50.6069672Z   enableCrossOsArchive: false
2025-11-03T01:50:50.6069917Z   fail-on-cache-miss: false
2025-11-03T01:50:50.6070138Z   lookup-only: false
2025-11-03T01:50:50.6070325Z   save-always: false
2025-11-03T01:50:50.6070504Z env:
2025-11-03T01:50:50.6070665Z   SKIP_CACHE: 
2025-11-03T01:50:50.6070845Z ##[endgroup]
2025-11-03T01:50:50.9210944Z Cache hit for: Linux-pip-python-933f3af192ad631118b3e297ab52aaed5541608dfe715694932b3d37f62acea2
2025-11-03T01:50:51.3536352Z Received 5373244 of 5373244 (100.0%), 16.3 MBs/sec
2025-11-03T01:50:51.3537268Z Cache Size: ~5 MB (5373244 B)
2025-11-03T01:50:51.3567744Z [command]/usr/bin/tar -xf /home/runner/work/_temp/daae4e68-c90f-4beb-a329-1173996964e3/cache.tzst -P -C /home/runner/work/scratchattach/scratchattach --use-compress-program unzstd
2025-11-03T01:50:51.3820372Z Cache restored successfully
2025-11-03T01:50:51.3915482Z Cache restored from key: Linux-pip-python-933f3af192ad631118b3e297ab52aaed5541608dfe715694932b3d37f62acea2
2025-11-03T01:50:51.4005683Z ##[group]Run if pip-compile --dry-run -o requirements.out requirements.txt; then
2025-11-03T01:50:51.4006267Z [36;1mif pip-compile --dry-run -o requirements.out requirements.txt; then[0m
2025-11-03T01:50:51.4006683Z [36;1m  echo "::debug::Python validate no broken dependencies"[0m
2025-11-03T01:50:51.4007041Z [36;1m  echo "{valid-project}={true}" >> "$GITHUB_OUTPUT"[0m
2025-11-03T01:50:51.4007325Z [36;1melse[0m
2025-11-03T01:50:51.4007579Z [36;1m  echo "{valid-project}={false}" >> "$GITHUB_OUTPUT"[0m
2025-11-03T01:50:51.4008019Z [36;1m  echo "### :warning: Python validation failed in repository root" >> $GITHUB_STEP_SUMMARY[0m
2025-11-03T01:50:51.4008871Z [36;1m  echo "We were unable to validate a Python project in the repository root. If your repository requires additional setup steps, you may need to check in your own workflow." >> $GITHUB_STEP_SUMMARY[0m
2025-11-03T01:50:51.4009573Z [36;1m  echo "" >> $GITHUB_STEP_SUMMARY[0m
2025-11-03T01:50:51.4010459Z [36;1m  echo "For more information on submitting Python dependencies from your own workflow, refer to [the submission action](https://github.com/actions/component-detection-dependency-submission-action)" >> $GITHUB_STEP_SUMMARY[0m
2025-11-03T01:50:51.4011387Z [36;1m  echo "::warning::Python validation failed in the repository root."[0m
2025-11-03T01:50:51.4011720Z [36;1m  exit 1[0m
2025-11-03T01:50:51.4011903Z [36;1mfi[0m
2025-11-03T01:50:51.4044408Z shell: /usr/bin/bash -e {0}
2025-11-03T01:50:51.4044646Z env:
2025-11-03T01:50:51.4044830Z   SKIP_CACHE: 
2025-11-03T01:50:51.4045024Z ##[endgroup]
2025-11-03T01:50:51.9002379Z   ERROR: Ignored the following yanked versions: 0.9.98, 1.0.7, 1.1.8, 1.2.1, 1.2.2, 1.2.4, 1.2.8, 1.4.0, 1.4.1, 1.4.2, 1.4.3
2025-11-03T01:50:51.9005885Z   ERROR: Could not find a version that satisfies the requirement scratchattach==2.1.14 (from versions: 0.4.2, 0.4.3, 0.4.4, 0.4.5, 0.4.6, 0.4.7, 0.4.8, 0.4.9, 0.5.1, 0.5.3, 0.5.4, 0.5.5, 0.5.6, 0.5.7, 0.5.8, 0.5.9, 0.6.0, 0.6.1, 0.6.2, 0.6.3, 0.6.4, 0.6.5, 0.6.6, 0.6.7, 0.6.8, 0.6.9, 0.7.0, 0.7.1, 0.7.2, 0.7.4, 0.7.5, 0.7.6, 0.7.7, 0.7.8, 0.7.9, 0.8.0, 0.8.3, 0.8.4, 0.8.5, 0.8.6, 0.8.8, 0.8.9, 0.9.0, 0.9.1, 0.9.2, 0.9.3, 0.9.5, 0.9.6, 0.9.7, 0.9.8, 0.9.9, 0.9.91, 0.9.92, 0.9.93, 0.9.94, 0.9.95, 0.9.96, 0.9.97, 0.9.99, 1.0.1, 1.0.2, 1.0.3, 1.0.5, 1.0.6, 1.0.8, 1.0.9, 1.1.0, 1.1.1, 1.1.2, 1.1.3, 1.1.4, 1.1.5, 1.1.6, 1.2.5, 1.2.6, 1.2.7, 1.2.9, 1.3.0, 1.3.2, 1.3.3, 1.3.4, 1.3.5, 1.3.6, 1.3.7, 1.4.4, 1.4.5, 1.4.6, 1.4.7, 1.4.8, 1.4.9, 1.5.0, 1.5.1, 1.5.2, 1.5.3, 1.5.4, 1.5.5, 1.5.6, 1.5.7, 1.5.9, 1.6.0, 1.6.1, 1.6.2, 1.6.3, 1.6.4, 1.6.5, 1.6.6, 1.6.7, 1.6.8, 1.6.9, 1.7.0, 1.7.1, 1.7.2, 1.7.3, 1.7.4, 2.0.5, 2.0.6, 2.0.7, 2.0.8, 2.0.9, 2.1.2, 2.1.3, 2.1.4, 2.1.5, 2.1.6, 2.1.7, 2.1.8, 2.1.9, 2.1.10a0, 2.1.10a1, 2.1.10a2, 2.1.10a3, 2.1.10, 2.1.11, 2.1.12, 2.1.13)
2025-11-03T01:50:51.9312377Z Traceback (most recent call last):
2025-11-03T01:50:51.9319587Z   File "/usr/lib/python3/dist-packages/pip/_vendor/resolvelib/resolvers.py", line 397, in resolve
2025-11-03T01:50:51.9447228Z     self._add_to_criteria(self.state.criteria, r, parent=None)
2025-11-03T01:50:51.9448372Z   File "/usr/lib/python3/dist-packages/pip/_vendor/resolvelib/resolvers.py", line 174, in _add_to_criteria
2025-11-03T01:50:51.9449461Z     raise RequirementsConflicted(criterion)
2025-11-03T01:50:51.9450235Z pip._vendor.resolvelib.resolvers.RequirementsConflicted: Requirements conflict: SpecifierRequirement('scratchattach==2.1.14')
2025-11-03T01:50:51.9450872Z 
2025-11-03T01:50:51.9451094Z During handling of the above exception, another exception occurred:
2025-11-03T01:50:51.9451453Z 
2025-11-03T01:50:51.9451593Z Traceback (most recent call last):
2025-11-03T01:50:51.9452268Z   File "/usr/lib/python3/dist-packages/pip/_internal/resolution/resolvelib/resolver.py", line 95, in resolve
2025-11-03T01:50:51.9628162Z     result = self._result = resolver.resolve(
2025-11-03T01:50:51.9628642Z                             ^^^^^^^^^^^^^^^^^
2025-11-03T01:50:51.9630067Z   File "/usr/lib/python3/dist-packages/pip/_vendor/resolvelib/resolvers.py", line 546, in resolve
2025-11-03T01:50:51.9631287Z     state = resolution.resolve(requirements, max_rounds=max_rounds)
2025-11-03T01:50:51.9632072Z             ^^^^^^^^^^^^^^^^^^^^^^^^^^^^^^^^^^^^^^^^^^^^^^^^^^^^^^^
2025-11-03T01:50:51.9632867Z   File "/usr/lib/python3/dist-packages/pip/_vendor/resolvelib/resolvers.py", line 399, in resolve
2025-11-03T01:50:51.9633890Z     raise ResolutionImpossible(e.criterion.information)
2025-11-03T01:50:51.9635127Z pip._vendor.resolvelib.resolvers.ResolutionImpossible: [RequirementInformation(requirement=SpecifierRequirement('scratchattach==2.1.14'), parent=None)]
2025-11-03T01:50:51.9636226Z 
2025-11-03T01:50:51.9636453Z The above exception was the direct cause of the following exception:
2025-11-03T01:50:51.9636769Z 
2025-11-03T01:50:51.9636911Z Traceback (most recent call last):
2025-11-03T01:50:51.9637359Z   File "/home/runner/.local/bin/pip-compile", line 8, in <module>
2025-11-03T01:50:51.9637753Z     sys.exit(cli())
2025-11-03T01:50:51.9637992Z              ^^^^^
2025-11-03T01:50:51.9638408Z   File "/usr/lib/python3/dist-packages/click/core.py", line 1157, in __call__
2025-11-03T01:50:51.9948186Z     return self.main(*args, **kwargs)
2025-11-03T01:50:51.9948755Z            ^^^^^^^^^^^^^^^^^^^^^^^^^^
2025-11-03T01:50:51.9949526Z   File "/usr/lib/python3/dist-packages/click/core.py", line 1078, in main
2025-11-03T01:50:51.9950592Z     rv = self.invoke(ctx)
2025-11-03T01:50:51.9951081Z          ^^^^^^^^^^^^^^^^
2025-11-03T01:50:51.9951869Z   File "/usr/lib/python3/dist-packages/click/core.py", line 1434, in invoke
2025-11-03T01:50:51.9953773Z     return ctx.invoke(self.callback, **ctx.params)
2025-11-03T01:50:51.9954312Z            ^^^^^^^^^^^^^^^^^^^^^^^^^^^^^^^^^^^^^^^
2025-11-03T01:50:51.9954987Z   File "/usr/lib/python3/dist-packages/click/core.py", line 783, in invoke
2025-11-03T01:50:51.9955816Z     return __callback(*args, **kwargs)
2025-11-03T01:50:51.9956289Z            ^^^^^^^^^^^^^^^^^^^^^^^^^^^
2025-11-03T01:50:51.9957060Z   File "/usr/lib/python3/dist-packages/click/decorators.py", line 33, in new_func
2025-11-03T01:50:52.0391901Z     return f(get_current_context(), *args, **kwargs)
2025-11-03T01:50:52.0392571Z            ^^^^^^^^^^^^^^^^^^^^^^^^^^^^^^^^^^^^^^^^^
2025-11-03T01:50:52.0393762Z   File "/home/runner/.local/lib/python3.12/site-packages/piptools/scripts/compile.py", line 479, in cli
2025-11-03T01:50:52.0394664Z     results = resolver.resolve(max_rounds=max_rounds)
2025-11-03T01:50:52.0395407Z               ^^^^^^^^^^^^^^^^^^^^^^^^^^^^^^^^^^^^^^^
2025-11-03T01:50:52.0396282Z   File "/home/runner/.local/lib/python3.12/site-packages/piptools/resolver.py", line 635, in resolve
2025-11-03T01:50:52.0397036Z     is_resolved = self._do_resolve(
2025-11-03T01:50:52.0397459Z                   ^^^^^^^^^^^^^^^^^
2025-11-03T01:50:52.0398277Z   File "/home/runner/.local/lib/python3.12/site-packages/piptools/resolver.py", line 670, in _do_resolve
2025-11-03T01:50:52.0399048Z     resolver.resolve(
2025-11-03T01:50:52.0399591Z   File "/usr/lib/python3/dist-packages/pip/_internal/resolution/resolvelib/resolver.py", line 104, in resolve
2025-11-03T01:50:52.0400143Z     raise error from e
2025-11-03T01:50:52.0400620Z pip._internal.exceptions.DistributionNotFound: No matching distribution found for scratchattach==2.1.14
2025-11-03T01:50:52.1108214Z ##[warning]Python validation failed in the repository root.
2025-11-03T01:50:52.1112869Z ##[error]Process completed with exit code 1.
2025-11-03T01:50:52.1202739Z Post job cleanup.
2025-11-03T01:50:52.1996082Z [command]/usr/bin/git version
2025-11-03T01:50:52.2065890Z git version 2.51.2
2025-11-03T01:50:52.2106005Z Temporarily overriding HOME='/home/runner/work/_temp/91c461c3-f60e-428c-84fa-c2705961ddc4' before making global git config changes
2025-11-03T01:50:52.2107319Z Adding repository directory to the temporary git global config as a safe directory
2025-11-03T01:50:52.2112318Z [command]/usr/bin/git config --global --add safe.directory /home/runner/work/scratchattach/scratchattach
2025-11-03T01:50:52.2150910Z [command]/usr/bin/git config --local --name-only --get-regexp core\.sshCommand
2025-11-03T01:50:52.2185445Z [command]/usr/bin/git submodule foreach --recursive sh -c "git config --local --name-only --get-regexp 'core\.sshCommand' && git config --local --unset-all 'core.sshCommand' || :"
2025-11-03T01:50:52.2432428Z [command]/usr/bin/git config --local --name-only --get-regexp http\.https\:\/\/github\.com\/\.extraheader
2025-11-03T01:50:52.2459637Z http.https://github.com/.extraheader
2025-11-03T01:50:52.2470770Z [command]/usr/bin/git config --local --unset-all http.https://github.com/.extraheader
2025-11-03T01:50:52.2506836Z [command]/usr/bin/git submodule foreach --recursive sh -c "git config --local --name-only --get-regexp 'http\.https\:\/\/github\.com\/\.extraheader' && git config --local --unset-all 'http.https://github.com/.extraheader' || :"
2025-11-03T01:50:52.2886432Z Cleaning up orphan processes
