2025-11-13T01:49:15.6539567Z Current runner version: '2.329.0'
2025-11-13T01:49:15.6562362Z ##[group]Runner Image Provisioner
2025-11-13T01:49:15.6563180Z Hosted Compute Agent
2025-11-13T01:49:15.6564027Z Version: 20251016.436
2025-11-13T01:49:15.6564754Z Commit: 8ab8ac8bfd662a3739dab9fe09456aba92132568
2025-11-13T01:49:15.6565419Z Build Date: 2025-10-15T20:44:12Z
2025-11-13T01:49:15.6566007Z ##[endgroup]
2025-11-13T01:49:15.6566898Z ##[group]Operating System
2025-11-13T01:49:15.6567508Z Ubuntu
2025-11-13T01:49:15.6567994Z 24.04.3
2025-11-13T01:49:15.6568448Z LTS
2025-11-13T01:49:15.6568915Z ##[endgroup]
2025-11-13T01:49:15.6569361Z ##[group]Runner Image
2025-11-13T01:49:15.6569938Z Image: ubuntu-24.04
2025-11-13T01:49:15.6570418Z Version: 20251102.99.1
2025-11-13T01:49:15.6571423Z Included Software: https://github.com/actions/runner-images/blob/ubuntu24/20251102.99/images/ubuntu/Ubuntu2404-Readme.md
2025-11-13T01:49:15.6572981Z Image Release: https://github.com/actions/runner-images/releases/tag/ubuntu24%2F20251102.99
2025-11-13T01:49:15.6573948Z ##[endgroup]
2025-11-13T01:49:15.6574984Z ##[group]GITHUB_TOKEN Permissions
2025-11-13T01:49:15.6576986Z Contents: write
2025-11-13T01:49:15.6577528Z Metadata: read
2025-11-13T01:49:15.6578104Z ##[endgroup]
2025-11-13T01:49:15.6580057Z Secret source: Actions
2025-11-13T01:49:15.6580766Z Prepare workflow directory
2025-11-13T01:49:15.7096266Z Prepare all required actions
2025-11-13T01:49:15.7133773Z Getting action download info
2025-11-13T01:49:16.1462472Z Download action repository 'actions/checkout@ff7abcd0c3c05ccf6adc123a8cd1fd4fb30fb493' (SHA:ff7abcd0c3c05ccf6adc123a8cd1fd4fb30fb493)
2025-11-13T01:49:16.2662360Z Download action repository 'actions/setup-python@v6' (SHA:e797f83bcb11b83ae66e0230d6156d7c80228e7c)
2025-11-13T01:49:16.3515817Z Download action repository 'actions/cache@0057852bfaa89a56745cba8c7296529d2fc39830' (SHA:0057852bfaa89a56745cba8c7296529d2fc39830)
2025-11-13T01:49:16.4517096Z Download action repository 'actions/component-detection-dependency-submission-action@374343effede691df3a5ffaf36b4e7acab919590' (SHA:374343effede691df3a5ffaf36b4e7acab919590)
2025-11-13T01:49:17.1421757Z Complete job name: submit-pypi
2025-11-13T01:49:17.2071400Z ##[group]Run actions/checkout@ff7abcd0c3c05ccf6adc123a8cd1fd4fb30fb493
2025-11-13T01:49:17.2072550Z with:
2025-11-13T01:49:17.2072962Z   ref: refs/heads/main
2025-11-13T01:49:17.2073456Z   repository: Boss-1s/scratchattach
2025-11-13T01:49:17.2074246Z   token: ***
2025-11-13T01:49:17.2074660Z   ssh-strict: true
2025-11-13T01:49:17.2075097Z   ssh-user: git
2025-11-13T01:49:17.2075546Z   persist-credentials: true
2025-11-13T01:49:17.2076210Z   clean: true
2025-11-13T01:49:17.2076666Z   sparse-checkout-cone-mode: true
2025-11-13T01:49:17.2077227Z   fetch-depth: 1
2025-11-13T01:49:17.2077652Z   fetch-tags: false
2025-11-13T01:49:17.2078093Z   show-progress: true
2025-11-13T01:49:17.2078545Z   lfs: false
2025-11-13T01:49:17.2078944Z   submodules: false
2025-11-13T01:49:17.2079389Z   set-safe-directory: true
2025-11-13T01:49:17.2080137Z env:
2025-11-13T01:49:17.2080609Z   SKIP_CACHE: 
2025-11-13T01:49:17.2081066Z ##[endgroup]
2025-11-13T01:49:17.2989402Z Syncing repository: Boss-1s/scratchattach
2025-11-13T01:49:17.2991500Z ##[group]Getting Git version info
2025-11-13T01:49:17.2992380Z Working directory is '/home/runner/work/scratchattach/scratchattach'
2025-11-13T01:49:17.2993770Z [command]/usr/bin/git version
2025-11-13T01:49:17.3043140Z git version 2.51.2
2025-11-13T01:49:17.3064093Z ##[endgroup]
2025-11-13T01:49:17.3077752Z Temporarily overriding HOME='/home/runner/work/_temp/8c100404-260a-4db4-95f8-60f0523d4533' before making global git config changes
2025-11-13T01:49:17.3080022Z Adding repository directory to the temporary git global config as a safe directory
2025-11-13T01:49:17.3083711Z [command]/usr/bin/git config --global --add safe.directory /home/runner/work/scratchattach/scratchattach
2025-11-13T01:49:17.3120379Z Deleting the contents of '/home/runner/work/scratchattach/scratchattach'
2025-11-13T01:49:17.3123625Z ##[group]Initializing the repository
2025-11-13T01:49:17.3128268Z [command]/usr/bin/git init /home/runner/work/scratchattach/scratchattach
2025-11-13T01:49:17.3226747Z hint: Using 'master' as the name for the initial branch. This default branch name
2025-11-13T01:49:17.3227947Z hint: is subject to change. To configure the initial branch name to use in all
2025-11-13T01:49:17.3229267Z hint: of your new repositories, which will suppress this warning, call:
2025-11-13T01:49:17.3230651Z hint:
2025-11-13T01:49:17.3231530Z hint: 	git config --global init.defaultBranch <name>
2025-11-13T01:49:17.3232584Z hint:
2025-11-13T01:49:17.3233384Z hint: Names commonly chosen instead of 'master' are 'main', 'trunk' and
2025-11-13T01:49:17.3235199Z hint: 'development'. The just-created branch can be renamed via this command:
2025-11-13T01:49:17.3236823Z hint:
2025-11-13T01:49:17.3237499Z hint: 	git branch -m <name>
2025-11-13T01:49:17.3238288Z hint:
2025-11-13T01:49:17.3239389Z hint: Disable this message with "git config set advice.defaultBranchName false"
2025-11-13T01:49:17.3241564Z Initialized empty Git repository in /home/runner/work/scratchattach/scratchattach/.git/
2025-11-13T01:49:17.3244114Z [command]/usr/bin/git remote add origin https://github.com/Boss-1s/scratchattach
2025-11-13T01:49:17.3276363Z ##[endgroup]
2025-11-13T01:49:17.3277736Z ##[group]Disabling automatic garbage collection
2025-11-13T01:49:17.3279541Z [command]/usr/bin/git config --local gc.auto 0
2025-11-13T01:49:17.3307151Z ##[endgroup]
2025-11-13T01:49:17.3308289Z ##[group]Setting up auth
2025-11-13T01:49:17.3313182Z [command]/usr/bin/git config --local --name-only --get-regexp core\.sshCommand
2025-11-13T01:49:17.3343446Z [command]/usr/bin/git submodule foreach --recursive sh -c "git config --local --name-only --get-regexp 'core\.sshCommand' && git config --local --unset-all 'core.sshCommand' || :"
2025-11-13T01:49:17.3675502Z [command]/usr/bin/git config --local --name-only --get-regexp http\.https\:\/\/github\.com\/\.extraheader
2025-11-13T01:49:17.3704065Z [command]/usr/bin/git submodule foreach --recursive sh -c "git config --local --name-only --get-regexp 'http\.https\:\/\/github\.com\/\.extraheader' && git config --local --unset-all 'http.https://github.com/.extraheader' || :"
2025-11-13T01:49:17.3924909Z [command]/usr/bin/git config --local http.https://github.com/.extraheader AUTHORIZATION: basic ***
2025-11-13T01:49:17.3958840Z ##[endgroup]
2025-11-13T01:49:17.3959631Z ##[group]Fetching the repository
2025-11-13T01:49:17.3967680Z [command]/usr/bin/git -c protocol.version=2 fetch --no-tags --prune --no-recurse-submodules --depth=1 origin +refs/heads/main:refs/remotes/origin/main
2025-11-13T01:49:18.8120231Z From https://github.com/Boss-1s/scratchattach
2025-11-13T01:49:18.8122099Z  * [new branch]      main       -> origin/main
2025-11-13T01:49:18.8151624Z ##[endgroup]
2025-11-13T01:49:18.8153045Z ##[group]Determining the checkout info
2025-11-13T01:49:18.8154449Z ##[endgroup]
2025-11-13T01:49:18.8158635Z [command]/usr/bin/git sparse-checkout disable
2025-11-13T01:49:18.8198761Z [command]/usr/bin/git config --local --unset-all extensions.worktreeConfig
2025-11-13T01:49:18.8224306Z ##[group]Checking out the ref
2025-11-13T01:49:18.8228169Z [command]/usr/bin/git checkout --progress --force -B main refs/remotes/origin/main
2025-11-13T01:49:19.1791390Z Switched to a new branch 'main'
2025-11-13T01:49:19.1793642Z branch 'main' set up to track 'origin/main'.
2025-11-13T01:49:19.1837123Z ##[endgroup]
2025-11-13T01:49:19.1882260Z [command]/usr/bin/git log -1 --format=%H
2025-11-13T01:49:19.1907640Z 1eee16b18ffa1666ac35dc9d51e186f070b14fa9
2025-11-13T01:49:19.2204018Z ##[group]Run actions/setup-python@v6
2025-11-13T01:49:19.2205048Z with:
2025-11-13T01:49:19.2205737Z   check-latest: false
2025-11-13T01:49:19.2206957Z   token: ***
2025-11-13T01:49:19.2207702Z   update-environment: true
2025-11-13T01:49:19.2208597Z   allow-prereleases: false
2025-11-13T01:49:19.2209471Z   freethreaded: false
2025-11-13T01:49:19.2210244Z env:
2025-11-13T01:49:19.2210888Z   SKIP_CACHE: 
2025-11-13T01:49:19.2211595Z ##[endgroup]
2025-11-13T01:49:19.3472688Z [warning]Neither 'python-version' nor 'python-version-file' inputs were supplied. Attempting to find '.python-version' file.
2025-11-13T01:49:19.3476768Z [warning].python-version doesn't exist.
2025-11-13T01:49:19.3503024Z ##[warning]The `python-version` input is not set.  The version of Python currently in `PATH` will be used.
2025-11-13T01:49:19.3513380Z (node:2053) [DEP0040] DeprecationWarning: The `punycode` module is deprecated. Please use a userland alternative instead.
2025-11-13T01:49:19.3516025Z (Use `node --trace-deprecation ...` to show where the warning was created)
2025-11-13T01:49:19.3635869Z ##[group]Run version=$(python --version)
2025-11-13T01:49:19.3637154Z [36;1mversion=$(python --version)[0m
2025-11-13T01:49:19.3638308Z [36;1mecho "::notice::Using python version: $version"[0m
2025-11-13T01:49:19.3639848Z [36;1mpip install "pip<25.3" # Temporary pin to avoid issues with pip 25.3+[0m
2025-11-13T01:49:19.3641312Z [36;1mpip_version=$(pip --version)[0m
2025-11-13T01:49:19.3642481Z [36;1mecho "::notice::Using pip version: $pip_version"[0m
2025-11-13T01:49:19.3643658Z [36;1mpip install pip-tools[0m
2025-11-13T01:49:19.3644713Z [36;1mpip_compile_version=$(pip-compile --version)[0m
2025-11-13T01:49:19.3646290Z [36;1mecho "::notice::Using pip-compile version: $pip_compile_version"[0m
2025-11-13T01:49:19.3686376Z shell: /usr/bin/bash --noprofile --norc -e -o pipefail {0}
2025-11-13T01:49:19.3687596Z env:
2025-11-13T01:49:19.3688210Z   SKIP_CACHE: 
2025-11-13T01:49:19.3688886Z ##[endgroup]
2025-11-13T01:49:19.3786352Z ##[notice]Using python version: Python 3.12.3
2025-11-13T01:49:20.4377177Z Defaulting to user installation because normal site-packages is not writeable
2025-11-13T01:49:21.2004266Z Requirement already satisfied: pip<25.3 in /usr/lib/python3/dist-packages (24.0)
2025-11-13T01:49:21.7697167Z ##[notice]Using pip version: pip 24.0 from /usr/lib/python3/dist-packages/pip (python 3.12)
2025-11-13T01:49:22.0293881Z Defaulting to user installation because normal site-packages is not writeable
2025-11-13T01:49:22.3288014Z Collecting pip-tools
2025-11-13T01:49:22.4327030Z   Downloading pip_tools-7.5.2-py3-none-any.whl.metadata (26 kB)
2025-11-13T01:49:22.4879980Z Collecting build>=1.0.0 (from pip-tools)
2025-11-13T01:49:22.5096829Z   Downloading build-1.3.0-py3-none-any.whl.metadata (5.6 kB)
2025-11-13T01:49:22.5137952Z Requirement already satisfied: click>=8 in /usr/lib/python3/dist-packages (from pip-tools) (8.1.6)
2025-11-13T01:49:22.5146949Z Requirement already satisfied: pip>=22.2 in /usr/lib/python3/dist-packages (from pip-tools) (24.0)
2025-11-13T01:49:22.5423481Z Collecting pyproject_hooks (from pip-tools)
2025-11-13T01:49:22.5626449Z   Downloading pyproject_hooks-1.2.0-py3-none-any.whl.metadata (1.3 kB)
2025-11-13T01:49:22.5663225Z Requirement already satisfied: setuptools in /usr/lib/python3/dist-packages (from pip-tools) (68.1.2)
2025-11-13T01:49:22.5670621Z Requirement already satisfied: wheel in /usr/lib/python3/dist-packages (from pip-tools) (0.42.0)
2025-11-13T01:49:22.5755854Z Requirement already satisfied: packaging>=19.1 in /usr/lib/python3/dist-packages (from build>=1.0.0->pip-tools) (24.0)
2025-11-13T01:49:22.6030970Z Downloading pip_tools-7.5.2-py3-none-any.whl (66 kB)
2025-11-13T01:49:22.6227154Z    ━━━━━━━━━━━━━━━━━━━━━━━━━━━━━━━━━━━━━━━━ 66.9/66.9 kB 3.3 MB/s eta 0:00:00
2025-11-13T01:49:22.6418903Z Downloading build-1.3.0-py3-none-any.whl (23 kB)
2025-11-13T01:49:22.6625835Z Downloading pyproject_hooks-1.2.0-py3-none-any.whl (10 kB)
2025-11-13T01:49:22.9126800Z Installing collected packages: pyproject_hooks, build, pip-tools
2025-11-13T01:49:22.9801962Z Successfully installed build-1.3.0 pip-tools-7.5.2 pyproject_hooks-1.2.0
2025-11-13T01:49:23.4372674Z ##[notice]Using pip-compile version: pip-compile, version 7.5.2
2025-11-13T01:49:23.4427557Z ##[group]Run if [[ -n "" ]]; then
2025-11-13T01:49:23.4427881Z [36;1mif [[ -n "" ]]; then[0m
2025-11-13T01:49:23.4428246Z [36;1m  echo "Python cache disabled via 'GH_DEPENDENCY_SUBMISSION_SKIP_CACHE'"[0m
2025-11-13T01:49:23.4428763Z [36;1melse[0m
2025-11-13T01:49:23.4429170Z [36;1m  echo "Caching Python packages. Set 'GH_DEPENDENCY_SUBMISSION_SKIP_CACHE=true' to skip caching in future."[0m
2025-11-13T01:49:23.4429617Z [36;1mfi[0m
2025-11-13T01:49:23.4462386Z shell: /usr/bin/bash -e {0}
2025-11-13T01:49:23.4462633Z env:
2025-11-13T01:49:23.4462833Z   SKIP_CACHE: 
2025-11-13T01:49:23.4463018Z ##[endgroup]
2025-11-13T01:49:23.4513569Z Caching Python packages. Set 'GH_DEPENDENCY_SUBMISSION_SKIP_CACHE=true' to skip caching in future.
2025-11-13T01:49:23.6266012Z ##[group]Run actions/cache@0057852bfaa89a56745cba8c7296529d2fc39830
2025-11-13T01:49:23.6266713Z with:
2025-11-13T01:49:23.6266906Z   path: ~/.cache/pip
2025-11-13T01:49:23.6267297Z   key: Linux-pip-python-933f3af192ad631118b3e297ab52aaed5541608dfe715694932b3d37f62acea2
2025-11-13T01:49:23.6267744Z   restore-keys: Linux-python-

2025-11-13T01:49:23.6267989Z   enableCrossOsArchive: false
2025-11-13T01:49:23.6268216Z   fail-on-cache-miss: false
2025-11-13T01:49:23.6268448Z   lookup-only: false
2025-11-13T01:49:23.6268637Z   save-always: false
2025-11-13T01:49:23.6268820Z env:
2025-11-13T01:49:23.6268975Z   SKIP_CACHE: 
2025-11-13T01:49:23.6269154Z ##[endgroup]
2025-11-13T01:49:24.0507043Z Cache hit for: Linux-pip-python-933f3af192ad631118b3e297ab52aaed5541608dfe715694932b3d37f62acea2
2025-11-13T01:49:24.9026925Z Received 5373244 of 5373244 (100.0%), 8.1 MBs/sec
2025-11-13T01:49:24.9027481Z Cache Size: ~5 MB (5373244 B)
2025-11-13T01:49:24.9053766Z [command]/usr/bin/tar -xf /home/runner/work/_temp/c3f9bf8a-1458-4bdd-8b39-21c2949308b9/cache.tzst -P -C /home/runner/work/scratchattach/scratchattach --use-compress-program unzstd
2025-11-13T01:49:24.9296657Z Cache restored successfully
2025-11-13T01:49:24.9388696Z Cache restored from key: Linux-pip-python-933f3af192ad631118b3e297ab52aaed5541608dfe715694932b3d37f62acea2
2025-11-13T01:49:24.9472794Z ##[group]Run if pip-compile --dry-run -o requirements.out requirements.txt; then
2025-11-13T01:49:24.9473372Z [36;1mif pip-compile --dry-run -o requirements.out requirements.txt; then[0m
2025-11-13T01:49:24.9473798Z [36;1m  echo "::debug::Python validate no broken dependencies"[0m
2025-11-13T01:49:24.9474160Z [36;1m  echo "{valid-project}={true}" >> "$GITHUB_OUTPUT"[0m
2025-11-13T01:49:24.9474451Z [36;1melse[0m
2025-11-13T01:49:24.9474692Z [36;1m  echo "{valid-project}={false}" >> "$GITHUB_OUTPUT"[0m
2025-11-13T01:49:24.9475130Z [36;1m  echo "### :warning: Python validation failed in repository root" >> $GITHUB_STEP_SUMMARY[0m
2025-11-13T01:49:24.9475959Z [36;1m  echo "We were unable to validate a Python project in the repository root. If your repository requires additional setup steps, you may need to check in your own workflow." >> $GITHUB_STEP_SUMMARY[0m
2025-11-13T01:49:24.9477146Z [36;1m  echo "" >> $GITHUB_STEP_SUMMARY[0m
2025-11-13T01:49:24.9478037Z [36;1m  echo "For more information on submitting Python dependencies from your own workflow, refer to [the submission action](https://github.com/actions/component-detection-dependency-submission-action)" >> $GITHUB_STEP_SUMMARY[0m
2025-11-13T01:49:24.9478956Z [36;1m  echo "::warning::Python validation failed in the repository root."[0m
2025-11-13T01:49:24.9479291Z [36;1m  exit 1[0m
2025-11-13T01:49:24.9479473Z [36;1mfi[0m
2025-11-13T01:49:24.9512498Z shell: /usr/bin/bash -e {0}
2025-11-13T01:49:24.9512724Z env:
2025-11-13T01:49:24.9512901Z   SKIP_CACHE: 
2025-11-13T01:49:24.9513087Z ##[endgroup]
2025-11-13T01:49:25.5164458Z   ERROR: Ignored the following yanked versions: 0.9.98, 1.0.7, 1.1.8, 1.2.1, 1.2.2, 1.2.4, 1.2.8, 1.4.0, 1.4.1, 1.4.2, 1.4.3
2025-11-13T01:49:25.5168675Z   ERROR: Could not find a version that satisfies the requirement scratchattach==2.1.14 (from versions: 0.4.2, 0.4.3, 0.4.4, 0.4.5, 0.4.6, 0.4.7, 0.4.8, 0.4.9, 0.5.1, 0.5.3, 0.5.4, 0.5.5, 0.5.6, 0.5.7, 0.5.8, 0.5.9, 0.6.0, 0.6.1, 0.6.2, 0.6.3, 0.6.4, 0.6.5, 0.6.6, 0.6.7, 0.6.8, 0.6.9, 0.7.0, 0.7.1, 0.7.2, 0.7.4, 0.7.5, 0.7.6, 0.7.7, 0.7.8, 0.7.9, 0.8.0, 0.8.3, 0.8.4, 0.8.5, 0.8.6, 0.8.8, 0.8.9, 0.9.0, 0.9.1, 0.9.2, 0.9.3, 0.9.5, 0.9.6, 0.9.7, 0.9.8, 0.9.9, 0.9.91, 0.9.92, 0.9.93, 0.9.94, 0.9.95, 0.9.96, 0.9.97, 0.9.99, 1.0.1, 1.0.2, 1.0.3, 1.0.5, 1.0.6, 1.0.8, 1.0.9, 1.1.0, 1.1.1, 1.1.2, 1.1.3, 1.1.4, 1.1.5, 1.1.6, 1.2.5, 1.2.6, 1.2.7, 1.2.9, 1.3.0, 1.3.2, 1.3.3, 1.3.4, 1.3.5, 1.3.6, 1.3.7, 1.4.4, 1.4.5, 1.4.6, 1.4.7, 1.4.8, 1.4.9, 1.5.0, 1.5.1, 1.5.2, 1.5.3, 1.5.4, 1.5.5, 1.5.6, 1.5.7, 1.5.9, 1.6.0, 1.6.1, 1.6.2, 1.6.3, 1.6.4, 1.6.5, 1.6.6, 1.6.7, 1.6.8, 1.6.9, 1.7.0, 1.7.1, 1.7.2, 1.7.3, 1.7.4, 2.0.5, 2.0.6, 2.0.7, 2.0.8, 2.0.9, 2.1.2, 2.1.3, 2.1.4, 2.1.5, 2.1.6, 2.1.7, 2.1.8, 2.1.9, 2.1.10a0, 2.1.10a1, 2.1.10a2, 2.1.10a3, 2.1.10, 2.1.11, 2.1.12, 2.1.13)
2025-11-13T01:49:25.5468485Z Traceback (most recent call last):
2025-11-13T01:49:25.5677197Z   File "/usr/lib/python3/dist-packages/pip/_vendor/resolvelib/resolvers.py", line 397, in resolve
2025-11-13T01:49:25.5677924Z     self._add_to_criteria(self.state.criteria, r, parent=None)
2025-11-13T01:49:25.5678698Z   File "/usr/lib/python3/dist-packages/pip/_vendor/resolvelib/resolvers.py", line 174, in _add_to_criteria
2025-11-13T01:49:25.5679390Z     raise RequirementsConflicted(criterion)
2025-11-13T01:49:25.5680148Z pip._vendor.resolvelib.resolvers.RequirementsConflicted: Requirements conflict: SpecifierRequirement('scratchattach==2.1.14')
2025-11-13T01:49:25.5680783Z 
2025-11-13T01:49:25.5681007Z During handling of the above exception, another exception occurred:
2025-11-13T01:49:25.5681343Z 
2025-11-13T01:49:25.5681464Z Traceback (most recent call last):
2025-11-13T01:49:25.5682107Z   File "/usr/lib/python3/dist-packages/pip/_internal/resolution/resolvelib/resolver.py", line 95, in resolve
2025-11-13T01:49:25.5723579Z     result = self._result = resolver.resolve(
2025-11-13T01:49:25.5724062Z                             ^^^^^^^^^^^^^^^^^
2025-11-13T01:49:25.5725322Z   File "/usr/lib/python3/dist-packages/pip/_vendor/resolvelib/resolvers.py", line 546, in resolve
2025-11-13T01:49:25.5726624Z     state = resolution.resolve(requirements, max_rounds=max_rounds)
2025-11-13T01:49:25.5727317Z             ^^^^^^^^^^^^^^^^^^^^^^^^^^^^^^^^^^^^^^^^^^^^^^^^^^^^^^^
2025-11-13T01:49:25.5728278Z   File "/usr/lib/python3/dist-packages/pip/_vendor/resolvelib/resolvers.py", line 399, in resolve
2025-11-13T01:49:25.5729337Z     raise ResolutionImpossible(e.criterion.information)
2025-11-13T01:49:25.5730383Z pip._vendor.resolvelib.resolvers.ResolutionImpossible: [RequirementInformation(requirement=SpecifierRequirement('scratchattach==2.1.14'), parent=None)]
2025-11-13T01:49:25.5731077Z 
2025-11-13T01:49:25.5731297Z The above exception was the direct cause of the following exception:
2025-11-13T01:49:25.5731616Z 
2025-11-13T01:49:25.5731736Z Traceback (most recent call last):
2025-11-13T01:49:25.5732176Z   File "/home/runner/.local/bin/pip-compile", line 8, in <module>
2025-11-13T01:49:25.5732572Z     sys.exit(cli())
2025-11-13T01:49:25.5732807Z              ^^^^^
2025-11-13T01:49:25.5733229Z   File "/usr/lib/python3/dist-packages/click/core.py", line 1157, in __call__
2025-11-13T01:49:25.6072375Z     return self.main(*args, **kwargs)
2025-11-13T01:49:25.6072943Z            ^^^^^^^^^^^^^^^^^^^^^^^^^^
2025-11-13T01:49:25.6073693Z   File "/usr/lib/python3/dist-packages/click/core.py", line 1078, in main
2025-11-13T01:49:25.6074706Z     rv = self.invoke(ctx)
2025-11-13T01:49:25.6075237Z          ^^^^^^^^^^^^^^^^
2025-11-13T01:49:25.6075924Z   File "/usr/lib/python3/dist-packages/click/core.py", line 1434, in invoke
2025-11-13T01:49:25.6077702Z     return ctx.invoke(self.callback, **ctx.params)
2025-11-13T01:49:25.6078227Z            ^^^^^^^^^^^^^^^^^^^^^^^^^^^^^^^^^^^^^^^
2025-11-13T01:49:25.6078922Z   File "/usr/lib/python3/dist-packages/click/core.py", line 783, in invoke
2025-11-13T01:49:25.6079581Z     return __callback(*args, **kwargs)
2025-11-13T01:49:25.6080012Z            ^^^^^^^^^^^^^^^^^^^^^^^^^^^
2025-11-13T01:49:25.6080705Z   File "/usr/lib/python3/dist-packages/click/decorators.py", line 33, in new_func
2025-11-13T01:49:25.6150784Z     return f(get_current_context(), *args, **kwargs)
2025-11-13T01:49:25.6151768Z            ^^^^^^^^^^^^^^^^^^^^^^^^^^^^^^^^^^^^^^^^^
2025-11-13T01:49:25.6153022Z   File "/home/runner/.local/lib/python3.12/site-packages/piptools/scripts/compile.py", line 481, in cli
2025-11-13T01:49:25.6154115Z     results = resolver.resolve(max_rounds=max_rounds)
2025-11-13T01:49:25.6155021Z               ^^^^^^^^^^^^^^^^^^^^^^^^^^^^^^^^^^^^^^^
2025-11-13T01:49:25.6155891Z   File "/home/runner/.local/lib/python3.12/site-packages/piptools/resolver.py", line 641, in resolve
2025-11-13T01:49:25.6156788Z     is_resolved = self._do_resolve(
2025-11-13T01:49:25.6157171Z                   ^^^^^^^^^^^^^^^^^
2025-11-13T01:49:25.6157933Z   File "/home/runner/.local/lib/python3.12/site-packages/piptools/resolver.py", line 676, in _do_resolve
2025-11-13T01:49:25.6158668Z     resolver.resolve(
2025-11-13T01:49:25.6159419Z   File "/usr/lib/python3/dist-packages/pip/_internal/resolution/resolvelib/resolver.py", line 104, in resolve
2025-11-13T01:49:25.6160223Z     raise error from e
2025-11-13T01:49:25.6160807Z pip._internal.exceptions.DistributionNotFound: No matching distribution found for scratchattach==2.1.14
2025-11-13T01:49:25.6684210Z ##[warning]Python validation failed in the repository root.
2025-11-13T01:49:25.6688688Z ##[error]Process completed with exit code 1.
2025-11-13T01:49:25.6778607Z Post job cleanup.
2025-11-13T01:49:25.7548974Z [command]/usr/bin/git version
2025-11-13T01:49:25.7617589Z git version 2.51.2
2025-11-13T01:49:25.7654373Z Temporarily overriding HOME='/home/runner/work/_temp/7d2b6961-053d-4134-a701-0c9848f62930' before making global git config changes
2025-11-13T01:49:25.7655610Z Adding repository directory to the temporary git global config as a safe directory
2025-11-13T01:49:25.7660505Z [command]/usr/bin/git config --global --add safe.directory /home/runner/work/scratchattach/scratchattach
2025-11-13T01:49:25.7694071Z [command]/usr/bin/git config --local --name-only --get-regexp core\.sshCommand
2025-11-13T01:49:25.7725920Z [command]/usr/bin/git submodule foreach --recursive sh -c "git config --local --name-only --get-regexp 'core\.sshCommand' && git config --local --unset-all 'core.sshCommand' || :"
2025-11-13T01:49:25.7951157Z [command]/usr/bin/git config --local --name-only --get-regexp http\.https\:\/\/github\.com\/\.extraheader
2025-11-13T01:49:25.7973149Z http.https://github.com/.extraheader
2025-11-13T01:49:25.7982933Z [command]/usr/bin/git config --local --unset-all http.https://github.com/.extraheader
2025-11-13T01:49:25.8013300Z [command]/usr/bin/git submodule foreach --recursive sh -c "git config --local --name-only --get-regexp 'http\.https\:\/\/github\.com\/\.extraheader' && git config --local --unset-all 'http.https://github.com/.extraheader' || :"
2025-11-13T01:49:25.8339917Z Cleaning up orphan processes
