2025-11-10T06:55:48.9082860Z Current runner version: '2.329.0'
2025-11-10T06:55:48.9110051Z ##[group]Runner Image Provisioner
2025-11-10T06:55:48.9110847Z Hosted Compute Agent
2025-11-10T06:55:48.9111504Z Version: 20251016.436
2025-11-10T06:55:48.9112115Z Commit: 8ab8ac8bfd662a3739dab9fe09456aba92132568
2025-11-10T06:55:48.9112864Z Build Date: 2025-10-15T20:44:12Z
2025-11-10T06:55:48.9113579Z ##[endgroup]
2025-11-10T06:55:48.9114165Z ##[group]Operating System
2025-11-10T06:55:48.9114996Z Ubuntu
2025-11-10T06:55:48.9115609Z 24.04.3
2025-11-10T06:55:48.9116065Z LTS
2025-11-10T06:55:48.9116538Z ##[endgroup]
2025-11-10T06:55:48.9117001Z ##[group]Runner Image
2025-11-10T06:55:48.9117662Z Image: ubuntu-24.04
2025-11-10T06:55:48.9118204Z Version: 20251102.99.1
2025-11-10T06:55:48.9119176Z Included Software: https://github.com/actions/runner-images/blob/ubuntu24/20251102.99/images/ubuntu/Ubuntu2404-Readme.md
2025-11-10T06:55:48.9120819Z Image Release: https://github.com/actions/runner-images/releases/tag/ubuntu24%2F20251102.99
2025-11-10T06:55:48.9122423Z ##[endgroup]
2025-11-10T06:55:48.9126934Z ##[group]GITHUB_TOKEN Permissions
2025-11-10T06:55:48.9130056Z Actions: write
2025-11-10T06:55:48.9131030Z Attestations: write
2025-11-10T06:55:48.9131997Z Checks: write
2025-11-10T06:55:48.9132823Z Contents: write
2025-11-10T06:55:48.9133870Z Deployments: write
2025-11-10T06:55:48.9135043Z Discussions: write
2025-11-10T06:55:48.9136017Z Issues: write
2025-11-10T06:55:48.9137090Z Metadata: read
2025-11-10T06:55:48.9137987Z Models: read
2025-11-10T06:55:48.9138753Z Packages: write
2025-11-10T06:55:48.9139823Z Pages: write
2025-11-10T06:55:48.9140696Z PullRequests: write
2025-11-10T06:55:48.9141691Z RepositoryProjects: write
2025-11-10T06:55:48.9142857Z SecurityEvents: write
2025-11-10T06:55:48.9143892Z Statuses: write
2025-11-10T06:55:48.9145022Z ##[endgroup]
2025-11-10T06:55:48.9148123Z Secret source: Actions
2025-11-10T06:55:48.9149203Z Prepare workflow directory
2025-11-10T06:55:48.9515436Z Prepare all required actions
2025-11-10T06:55:48.9555558Z Getting action download info
2025-11-10T06:55:49.3264504Z Download action repository 'actions/checkout@v5.0.0' (SHA:08c6903cd8c0fde910a37f88322edcfb5dd907a8)
2025-11-10T06:55:49.4176020Z Download action repository 'actions/setup-python@v6.0.0' (SHA:e797f83bcb11b83ae66e0230d6156d7c80228e7c)
2025-11-10T06:55:49.5488971Z Download action repository 'bossOfCode/install-scratchattach@v1.0.3' (SHA:be17a7cf1ecb5a7040eb42ef26c2e1fbe72bb25a)
2025-11-10T06:55:50.0542543Z Complete job name: Run 1
2025-11-10T06:55:50.1237884Z ##[group]Run actions/checkout@v5.0.0
2025-11-10T06:55:50.1238804Z with:
2025-11-10T06:55:50.1239226Z   ref: main
2025-11-10T06:55:50.1239666Z   repository: Boss-1s/scratchattach
2025-11-10T06:55:50.1240377Z   token: ***
2025-11-10T06:55:50.1240795Z   ssh-strict: true
2025-11-10T06:55:50.1241268Z   ssh-user: git
2025-11-10T06:55:50.1241707Z   persist-credentials: true
2025-11-10T06:55:50.1242208Z   clean: true
2025-11-10T06:55:50.1242643Z   sparse-checkout-cone-mode: true
2025-11-10T06:55:50.1243175Z   fetch-depth: 1
2025-11-10T06:55:50.1243646Z   fetch-tags: false
2025-11-10T06:55:50.1244094Z   show-progress: true
2025-11-10T06:55:50.1244551Z   lfs: false
2025-11-10T06:55:50.1245215Z   submodules: false
2025-11-10T06:55:50.1245668Z   set-safe-directory: true
2025-11-10T06:55:50.1246462Z ##[endgroup]
2025-11-10T06:55:50.2147487Z Syncing repository: Boss-1s/scratchattach
2025-11-10T06:55:50.2149361Z ##[group]Getting Git version info
2025-11-10T06:55:50.2150268Z Working directory is '/home/runner/work/scratchattach/scratchattach'
2025-11-10T06:55:50.2151394Z [command]/usr/bin/git version
2025-11-10T06:55:50.2215992Z git version 2.51.2
2025-11-10T06:55:50.2267944Z ##[endgroup]
2025-11-10T06:55:50.2281488Z Temporarily overriding HOME='/home/runner/work/_temp/1c22ae7f-4ee9-4dbf-b9d3-b4dfaf339228' before making global git config changes
2025-11-10T06:55:50.2283039Z Adding repository directory to the temporary git global config as a safe directory
2025-11-10T06:55:50.2286466Z [command]/usr/bin/git config --global --add safe.directory /home/runner/work/scratchattach/scratchattach
2025-11-10T06:55:50.2321830Z Deleting the contents of '/home/runner/work/scratchattach/scratchattach'
2025-11-10T06:55:50.2325284Z ##[group]Initializing the repository
2025-11-10T06:55:50.2329753Z [command]/usr/bin/git init /home/runner/work/scratchattach/scratchattach
2025-11-10T06:55:50.2450230Z hint: Using 'master' as the name for the initial branch. This default branch name
2025-11-10T06:55:50.2451395Z hint: is subject to change. To configure the initial branch name to use in all
2025-11-10T06:55:50.2452343Z hint: of your new repositories, which will suppress this warning, call:
2025-11-10T06:55:50.2453041Z hint:
2025-11-10T06:55:50.2453573Z hint: 	git config --global init.defaultBranch <name>
2025-11-10T06:55:50.2454193Z hint:
2025-11-10T06:55:50.2454993Z hint: Names commonly chosen instead of 'master' are 'main', 'trunk' and
2025-11-10T06:55:50.2455981Z hint: 'development'. The just-created branch can be renamed via this command:
2025-11-10T06:55:50.2456733Z hint:
2025-11-10T06:55:50.2457151Z hint: 	git branch -m <name>
2025-11-10T06:55:50.2457989Z hint:
2025-11-10T06:55:50.2458930Z hint: Disable this message with "git config set advice.defaultBranchName false"
2025-11-10T06:55:50.2460494Z Initialized empty Git repository in /home/runner/work/scratchattach/scratchattach/.git/
2025-11-10T06:55:50.2468474Z [command]/usr/bin/git remote add origin https://github.com/Boss-1s/scratchattach
2025-11-10T06:55:50.2502398Z ##[endgroup]
2025-11-10T06:55:50.2503196Z ##[group]Disabling automatic garbage collection
2025-11-10T06:55:50.2506151Z [command]/usr/bin/git config --local gc.auto 0
2025-11-10T06:55:50.2533879Z ##[endgroup]
2025-11-10T06:55:50.2535508Z ##[group]Setting up auth
2025-11-10T06:55:50.2541109Z [command]/usr/bin/git config --local --name-only --get-regexp core\.sshCommand
2025-11-10T06:55:50.2571708Z [command]/usr/bin/git submodule foreach --recursive sh -c "git config --local --name-only --get-regexp 'core\.sshCommand' && git config --local --unset-all 'core.sshCommand' || :"
2025-11-10T06:55:50.2929097Z [command]/usr/bin/git config --local --name-only --get-regexp http\.https\:\/\/github\.com\/\.extraheader
2025-11-10T06:55:50.2957853Z [command]/usr/bin/git submodule foreach --recursive sh -c "git config --local --name-only --get-regexp 'http\.https\:\/\/github\.com\/\.extraheader' && git config --local --unset-all 'http.https://github.com/.extraheader' || :"
2025-11-10T06:55:50.3173397Z [command]/usr/bin/git config --local http.https://github.com/.extraheader AUTHORIZATION: basic ***
2025-11-10T06:55:50.3205757Z ##[endgroup]
2025-11-10T06:55:50.3206626Z ##[group]Fetching the repository
2025-11-10T06:55:50.3214105Z [command]/usr/bin/git -c protocol.version=2 fetch --no-tags --prune --no-recurse-submodules --depth=1 origin +refs/heads/main*:refs/remotes/origin/main* +refs/tags/main*:refs/tags/main*
2025-11-10T06:55:51.4967461Z From https://github.com/Boss-1s/scratchattach
2025-11-10T06:55:51.4969317Z  * [new branch]      main       -> origin/main
2025-11-10T06:55:51.5002942Z ##[endgroup]
2025-11-10T06:55:51.5005266Z ##[group]Determining the checkout info
2025-11-10T06:55:51.5008801Z [command]/usr/bin/git branch --list --remote origin/main
2025-11-10T06:55:51.5032391Z   origin/main
2025-11-10T06:55:51.5039676Z ##[endgroup]
2025-11-10T06:55:51.5043151Z [command]/usr/bin/git sparse-checkout disable
2025-11-10T06:55:51.5083331Z [command]/usr/bin/git config --local --unset-all extensions.worktreeConfig
2025-11-10T06:55:51.5113782Z ##[group]Checking out the ref
2025-11-10T06:55:51.5116719Z [command]/usr/bin/git checkout --progress --force -B main refs/remotes/origin/main
2025-11-10T06:55:51.8589957Z Switched to a new branch 'main'
2025-11-10T06:55:51.8592479Z branch 'main' set up to track 'origin/main'.
2025-11-10T06:55:51.8632075Z ##[endgroup]
2025-11-10T06:55:51.8676677Z [command]/usr/bin/git log -1 --format=%H
2025-11-10T06:55:51.8699356Z 7e0277f922b73403b49f9e059357850a618be2af
2025-11-10T06:55:51.8928314Z ##[group]Run actions/setup-python@v6.0.0
2025-11-10T06:55:51.8928877Z with:
2025-11-10T06:55:51.8929110Z   python-version: 3.13
2025-11-10T06:55:51.8929360Z   check-latest: false
2025-11-10T06:55:51.8929747Z   token: ***
2025-11-10T06:55:51.8929987Z   update-environment: true
2025-11-10T06:55:51.8930252Z   allow-prereleases: false
2025-11-10T06:55:51.8930518Z   freethreaded: false
2025-11-10T06:55:51.8930754Z ##[endgroup]
2025-11-10T06:55:52.0169088Z ##[group]Installed versions
2025-11-10T06:55:52.0271835Z (node:2046) [DEP0040] DeprecationWarning: The `punycode` module is deprecated. Please use a userland alternative instead.
2025-11-10T06:55:52.0273195Z (Use `node --trace-deprecation ...` to show where the warning was created)
2025-11-10T06:55:52.0274058Z Successfully set up CPython (3.13.9)
2025-11-10T06:55:52.0275117Z ##[endgroup]
2025-11-10T06:55:52.0417476Z ##[group]Run bossOfCode/install-scratchattach@v1.0.3
2025-11-10T06:55:52.0417870Z env:
2025-11-10T06:55:52.0418169Z   pythonLocation: /opt/hostedtoolcache/Python/3.13.9/x64
2025-11-10T06:55:52.0418674Z   PKG_CONFIG_PATH: /opt/hostedtoolcache/Python/3.13.9/x64/lib/pkgconfig
2025-11-10T06:55:52.0419132Z   Python_ROOT_DIR: /opt/hostedtoolcache/Python/3.13.9/x64
2025-11-10T06:55:52.0419536Z   Python2_ROOT_DIR: /opt/hostedtoolcache/Python/3.13.9/x64
2025-11-10T06:55:52.0419937Z   Python3_ROOT_DIR: /opt/hostedtoolcache/Python/3.13.9/x64
2025-11-10T06:55:52.0420334Z   LD_LIBRARY_PATH: /opt/hostedtoolcache/Python/3.13.9/x64/lib
2025-11-10T06:55:52.0420669Z ##[endgroup]
2025-11-10T06:55:52.0499989Z ##[group]Run python3 -m pip install --upgrade pip
2025-11-10T06:55:52.0500480Z [36;1mpython3 -m pip install --upgrade pip[0m
2025-11-10T06:55:52.0549947Z shell: /usr/bin/bash --noprofile --norc -e -o pipefail {0}
2025-11-10T06:55:52.0550337Z env:
2025-11-10T06:55:52.0550666Z   pythonLocation: /opt/hostedtoolcache/Python/3.13.9/x64
2025-11-10T06:55:52.0551139Z   PKG_CONFIG_PATH: /opt/hostedtoolcache/Python/3.13.9/x64/lib/pkgconfig
2025-11-10T06:55:52.0551591Z   Python_ROOT_DIR: /opt/hostedtoolcache/Python/3.13.9/x64
2025-11-10T06:55:52.0552002Z   Python2_ROOT_DIR: /opt/hostedtoolcache/Python/3.13.9/x64
2025-11-10T06:55:52.0552403Z   Python3_ROOT_DIR: /opt/hostedtoolcache/Python/3.13.9/x64
2025-11-10T06:55:52.0552793Z   LD_LIBRARY_PATH: /opt/hostedtoolcache/Python/3.13.9/x64/lib
2025-11-10T06:55:52.0553133Z ##[endgroup]
2025-11-10T06:55:54.0190176Z Requirement already satisfied: pip in /opt/hostedtoolcache/Python/3.13.9/x64/lib/python3.13/site-packages (25.3)
2025-11-10T06:55:54.3418842Z ##[group]Run pip install -U scratchattach
2025-11-10T06:55:54.3419165Z [36;1mpip install -U scratchattach[0m
2025-11-10T06:55:54.3451702Z shell: /usr/bin/bash --noprofile --norc -e -o pipefail {0}
2025-11-10T06:55:54.3452017Z env:
2025-11-10T06:55:54.3452266Z   pythonLocation: /opt/hostedtoolcache/Python/3.13.9/x64
2025-11-10T06:55:54.3452672Z   PKG_CONFIG_PATH: /opt/hostedtoolcache/Python/3.13.9/x64/lib/pkgconfig
2025-11-10T06:55:54.3453079Z   Python_ROOT_DIR: /opt/hostedtoolcache/Python/3.13.9/x64
2025-11-10T06:55:54.3453434Z   Python2_ROOT_DIR: /opt/hostedtoolcache/Python/3.13.9/x64
2025-11-10T06:55:54.3453793Z   Python3_ROOT_DIR: /opt/hostedtoolcache/Python/3.13.9/x64
2025-11-10T06:55:54.3454145Z   LD_LIBRARY_PATH: /opt/hostedtoolcache/Python/3.13.9/x64/lib
2025-11-10T06:55:54.3454431Z ##[endgroup]
2025-11-10T06:55:54.8648845Z Collecting scratchattach
2025-11-10T06:55:54.9465378Z   Downloading scratchattach-2.1.13-py3-none-any.whl.metadata (5.5 kB)
2025-11-10T06:55:54.9846977Z Collecting websocket-client (from scratchattach)
2025-11-10T06:55:54.9953836Z   Downloading websocket_client-1.9.0-py3-none-any.whl.metadata (8.3 kB)
2025-11-10T06:55:55.0420218Z Collecting requests (from scratchattach)
2025-11-10T06:55:55.0527212Z   Downloading requests-2.32.5-py3-none-any.whl.metadata (4.9 kB)
2025-11-10T06:55:55.0767477Z Collecting bs4 (from scratchattach)
2025-11-10T06:55:55.0872935Z   Downloading bs4-0.0.2-py2.py3-none-any.whl.metadata (411 bytes)
2025-11-10T06:55:55.1427596Z Collecting SimpleWebSocketServer (from scratchattach)
2025-11-10T06:55:55.1546891Z   Downloading SimpleWebSocketServer-0.1.2.tar.gz (10 kB)
2025-11-10T06:55:55.1645901Z   Installing build dependencies: started
2025-11-10T06:55:56.1339180Z   Installing build dependencies: finished with status 'done'
2025-11-10T06:55:56.1344129Z   Getting requirements to build wheel: started
2025-11-10T06:55:56.5344010Z   Getting requirements to build wheel: finished with status 'done'
2025-11-10T06:55:56.5351716Z   Preparing metadata (pyproject.toml): started
2025-11-10T06:55:56.7354616Z   Preparing metadata (pyproject.toml): finished with status 'done'
2025-11-10T06:55:56.7670621Z Collecting typing-extensions (from scratchattach)
2025-11-10T06:55:56.7778946Z   Downloading typing_extensions-4.15.0-py3-none-any.whl.metadata (3.3 kB)
2025-11-10T06:55:56.8092644Z Collecting beautifulsoup4 (from bs4->scratchattach)
2025-11-10T06:55:56.8355732Z   Downloading beautifulsoup4-4.14.2-py3-none-any.whl.metadata (3.8 kB)
2025-11-10T06:55:56.8680860Z Collecting soupsieve>1.2 (from beautifulsoup4->bs4->scratchattach)
2025-11-10T06:55:56.8787429Z   Downloading soupsieve-2.8-py3-none-any.whl.metadata (4.6 kB)
2025-11-10T06:55:57.0015233Z Collecting charset_normalizer<4,>=2 (from requests->scratchattach)
2025-11-10T06:55:57.0123004Z   Downloading charset_normalizer-3.4.4-cp313-cp313-manylinux2014_x86_64.manylinux_2_17_x86_64.manylinux_2_28_x86_64.whl.metadata (37 kB)
2025-11-10T06:55:57.0494970Z Collecting idna<4,>=2.5 (from requests->scratchattach)
2025-11-10T06:55:57.0601598Z   Downloading idna-3.11-py3-none-any.whl.metadata (8.4 kB)
2025-11-10T06:55:57.1046388Z Collecting urllib3<3,>=1.21.1 (from requests->scratchattach)
2025-11-10T06:55:57.1151495Z   Downloading urllib3-2.5.0-py3-none-any.whl.metadata (6.5 kB)
2025-11-10T06:55:57.1510719Z Collecting certifi>=2017.4.17 (from requests->scratchattach)
2025-11-10T06:55:57.1620456Z   Downloading certifi-2025.10.5-py3-none-any.whl.metadata (2.5 kB)
2025-11-10T06:55:57.1801437Z Downloading scratchattach-2.1.13-py3-none-any.whl (141 kB)
2025-11-10T06:55:57.2044926Z Downloading bs4-0.0.2-py2.py3-none-any.whl (1.2 kB)
2025-11-10T06:55:57.2172608Z Downloading beautifulsoup4-4.14.2-py3-none-any.whl (106 kB)
2025-11-10T06:55:57.2327679Z Downloading soupsieve-2.8-py3-none-any.whl (36 kB)
2025-11-10T06:55:57.2471414Z Downloading typing_extensions-4.15.0-py3-none-any.whl (44 kB)
2025-11-10T06:55:57.2607801Z Downloading requests-2.32.5-py3-none-any.whl (64 kB)
2025-11-10T06:55:57.2748508Z Downloading charset_normalizer-3.4.4-cp313-cp313-manylinux2014_x86_64.manylinux_2_17_x86_64.manylinux_2_28_x86_64.whl (153 kB)
2025-11-10T06:55:57.2891808Z Downloading idna-3.11-py3-none-any.whl (71 kB)
2025-11-10T06:55:57.3024834Z Downloading urllib3-2.5.0-py3-none-any.whl (129 kB)
2025-11-10T06:55:57.3165536Z Downloading certifi-2025.10.5-py3-none-any.whl (163 kB)
2025-11-10T06:55:57.3399087Z Downloading websocket_client-1.9.0-py3-none-any.whl (82 kB)
2025-11-10T06:55:57.3533511Z Building wheels for collected packages: SimpleWebSocketServer
2025-11-10T06:55:57.3541359Z   Building wheel for SimpleWebSocketServer (pyproject.toml): started
2025-11-10T06:55:57.5738276Z   Building wheel for SimpleWebSocketServer (pyproject.toml): finished with status 'done'
2025-11-10T06:55:57.5743869Z   Created wheel for SimpleWebSocketServer: filename=simplewebsocketserver-0.1.2-py3-none-any.whl size=9715 sha256=b03b6a054df68f12a1a2f2a0ea51a571e6fb1df95047b9a71a3dc0865d2c3866
2025-11-10T06:55:57.5745815Z   Stored in directory: /home/runner/.cache/pip/wheels/c4/5b/e8/4f2c15a82edc4923058056f6681373168be02a0c00389a6dcf
2025-11-10T06:55:57.5763976Z Successfully built SimpleWebSocketServer
2025-11-10T06:55:57.5945972Z Installing collected packages: SimpleWebSocketServer, websocket-client, urllib3, typing-extensions, soupsieve, idna, charset_normalizer, certifi, requests, beautifulsoup4, bs4, scratchattach
2025-11-10T06:55:58.2435682Z 
2025-11-10T06:55:58.2457981Z Successfully installed SimpleWebSocketServer-0.1.2 beautifulsoup4-4.14.2 bs4-0.0.2 certifi-2025.10.5 charset_normalizer-3.4.4 idna-3.11 requests-2.32.5 scratchattach-2.1.13 soupsieve-2.8 typing-extensions-4.15.0 urllib3-2.5.0 websocket-client-1.9.0
2025-11-10T06:55:58.3257243Z ##[group]Run actions/checkout@v5.0.0
2025-11-10T06:55:58.3257512Z with:
2025-11-10T06:55:58.3257680Z   ref: main
2025-11-10T06:55:58.3257873Z   repository: Boss-1s/scratchattach
2025-11-10T06:55:58.3258226Z   token: ***
2025-11-10T06:55:58.3258411Z   ssh-strict: true
2025-11-10T06:55:58.3258604Z   ssh-user: git
2025-11-10T06:55:58.3258804Z   persist-credentials: true
2025-11-10T06:55:58.3259020Z   clean: true
2025-11-10T06:55:58.3259218Z   sparse-checkout-cone-mode: true
2025-11-10T06:55:58.3259450Z   fetch-depth: 1
2025-11-10T06:55:58.3259638Z   fetch-tags: false
2025-11-10T06:55:58.3259832Z   show-progress: true
2025-11-10T06:55:58.3260023Z   lfs: false
2025-11-10T06:55:58.3260201Z   submodules: false
2025-11-10T06:55:58.3260401Z   set-safe-directory: true
2025-11-10T06:55:58.3260605Z env:
2025-11-10T06:55:58.3260838Z   pythonLocation: /opt/hostedtoolcache/Python/3.13.9/x64
2025-11-10T06:55:58.3261244Z   PKG_CONFIG_PATH: /opt/hostedtoolcache/Python/3.13.9/x64/lib/pkgconfig
2025-11-10T06:55:58.3261662Z   Python_ROOT_DIR: /opt/hostedtoolcache/Python/3.13.9/x64
2025-11-10T06:55:58.3262000Z   Python2_ROOT_DIR: /opt/hostedtoolcache/Python/3.13.9/x64
2025-11-10T06:55:58.3262339Z   Python3_ROOT_DIR: /opt/hostedtoolcache/Python/3.13.9/x64
2025-11-10T06:55:58.3262681Z   LD_LIBRARY_PATH: /opt/hostedtoolcache/Python/3.13.9/x64/lib
2025-11-10T06:55:58.3262967Z ##[endgroup]
2025-11-10T06:55:58.4017979Z Syncing repository: Boss-1s/scratchattach
2025-11-10T06:55:58.4020475Z ##[group]Getting Git version info
2025-11-10T06:55:58.4021255Z Working directory is '/home/runner/work/scratchattach/scratchattach'
2025-11-10T06:55:58.4057574Z [command]/usr/bin/git version
2025-11-10T06:55:58.4092088Z git version 2.51.2
2025-11-10T06:55:58.4144120Z ##[endgroup]
2025-11-10T06:55:58.4158449Z Temporarily overriding HOME='/home/runner/work/_temp/82782b78-1a50-47d3-a0cf-2652031e394e' before making global git config changes
2025-11-10T06:55:58.4159746Z Adding repository directory to the temporary git global config as a safe directory
2025-11-10T06:55:58.4164091Z [command]/usr/bin/git config --global --add safe.directory /home/runner/work/scratchattach/scratchattach
2025-11-10T06:55:58.4201005Z [command]/usr/bin/git config --local --get remote.origin.url
2025-11-10T06:55:58.4221439Z https://github.com/Boss-1s/scratchattach
2025-11-10T06:55:58.4234477Z ##[group]Removing previously created refs, to avoid conflicts
2025-11-10T06:55:58.4238891Z [command]/usr/bin/git rev-parse --symbolic-full-name --verify --quiet HEAD
2025-11-10T06:55:58.4259774Z refs/heads/main
2025-11-10T06:55:58.4269446Z [command]/usr/bin/git checkout --detach
2025-11-10T06:55:58.7167321Z HEAD is now at 7e0277f [BOT] Download Logs
2025-11-10T06:55:58.7215530Z [command]/usr/bin/git branch --delete --force main
2025-11-10T06:55:58.7244321Z Deleted branch main (was 7e0277f).
2025-11-10T06:55:58.7281487Z ##[endgroup]
2025-11-10T06:55:58.7285285Z [command]/usr/bin/git submodule status
2025-11-10T06:55:58.7530452Z ##[group]Cleaning the repository
2025-11-10T06:55:58.7535226Z [command]/usr/bin/git clean -ffdx
2025-11-10T06:55:58.7578901Z [command]/usr/bin/git reset --hard HEAD
2025-11-10T06:55:58.7650166Z HEAD is now at 7e0277f [BOT] Download Logs
2025-11-10T06:55:58.7656235Z ##[endgroup]
2025-11-10T06:55:58.7657403Z ##[group]Disabling automatic garbage collection
2025-11-10T06:55:58.7661135Z [command]/usr/bin/git config --local gc.auto 0
2025-11-10T06:55:58.7687777Z ##[endgroup]
2025-11-10T06:55:58.7688309Z ##[group]Setting up auth
2025-11-10T06:55:58.7695060Z [command]/usr/bin/git config --local --name-only --get-regexp core\.sshCommand
2025-11-10T06:55:58.7724567Z [command]/usr/bin/git submodule foreach --recursive sh -c "git config --local --name-only --get-regexp 'core\.sshCommand' && git config --local --unset-all 'core.sshCommand' || :"
2025-11-10T06:55:58.7965228Z [command]/usr/bin/git config --local --name-only --get-regexp http\.https\:\/\/github\.com\/\.extraheader
2025-11-10T06:55:58.7990009Z http.https://github.com/.extraheader
2025-11-10T06:55:58.7998596Z [command]/usr/bin/git config --local --unset-all http.https://github.com/.extraheader
2025-11-10T06:55:58.8030950Z [command]/usr/bin/git submodule foreach --recursive sh -c "git config --local --name-only --get-regexp 'http\.https\:\/\/github\.com\/\.extraheader' && git config --local --unset-all 'http.https://github.com/.extraheader' || :"
2025-11-10T06:55:58.8287810Z [command]/usr/bin/git config --local http.https://github.com/.extraheader AUTHORIZATION: basic ***
2025-11-10T06:55:58.8323979Z ##[endgroup]
2025-11-10T06:55:58.8324601Z ##[group]Fetching the repository
2025-11-10T06:55:58.8333196Z [command]/usr/bin/git -c protocol.version=2 fetch --no-tags --prune --no-recurse-submodules --depth=1 origin +refs/heads/main*:refs/remotes/origin/main* +refs/tags/main*:refs/tags/main*
2025-11-10T06:55:59.1504571Z ##[endgroup]
2025-11-10T06:55:59.1505305Z ##[group]Determining the checkout info
2025-11-10T06:55:59.1511200Z [command]/usr/bin/git branch --list --remote origin/main
2025-11-10T06:55:59.1534922Z   origin/main
2025-11-10T06:55:59.1539093Z ##[endgroup]
2025-11-10T06:55:59.1543017Z [command]/usr/bin/git sparse-checkout disable
2025-11-10T06:55:59.1593817Z [command]/usr/bin/git config --local --unset-all extensions.worktreeConfig
2025-11-10T06:55:59.1618844Z ##[group]Checking out the ref
2025-11-10T06:55:59.1622378Z [command]/usr/bin/git checkout --progress --force -B main refs/remotes/origin/main
2025-11-10T06:55:59.1678823Z Switched to a new branch 'main'
2025-11-10T06:55:59.1681309Z branch 'main' set up to track 'origin/main'.
2025-11-10T06:55:59.1688193Z ##[endgroup]
2025-11-10T06:55:59.1722474Z [command]/usr/bin/git log -1 --format=%H
2025-11-10T06:55:59.1746328Z 7e0277f922b73403b49f9e059357850a618be2af
2025-11-10T06:55:59.1857981Z ##[group]Run timeout 359m python3 message_viewer.py || { [[ $? -eq 124 ]] && exit 0; }
2025-11-10T06:55:59.1858583Z [36;1mtimeout 359m python3 message_viewer.py || { [[ $? -eq 124 ]] && exit 0; }[0m
2025-11-10T06:55:59.1892562Z shell: /usr/bin/bash -e {0}
2025-11-10T06:55:59.1892797Z env:
2025-11-10T06:55:59.1893041Z   pythonLocation: /opt/hostedtoolcache/Python/3.13.9/x64
2025-11-10T06:55:59.1893467Z   PKG_CONFIG_PATH: /opt/hostedtoolcache/Python/3.13.9/x64/lib/pkgconfig
2025-11-10T06:55:59.1893863Z   Python_ROOT_DIR: /opt/hostedtoolcache/Python/3.13.9/x64
2025-11-10T06:55:59.1894204Z   Python2_ROOT_DIR: /opt/hostedtoolcache/Python/3.13.9/x64
2025-11-10T06:55:59.1894546Z   Python3_ROOT_DIR: /opt/hostedtoolcache/Python/3.13.9/x64
2025-11-10T06:55:59.1895059Z   LD_LIBRARY_PATH: /opt/hostedtoolcache/Python/3.13.9/x64/lib
2025-11-10T06:55:59.1895489Z   PASS: ***
2025-11-10T06:55:59.1895671Z ##[endgroup]
2025-11-10T06:56:00.3433676Z Traceback (most recent call last):
2025-11-10T06:56:00.3445261Z   File "/opt/hostedtoolcache/Python/3.13.9/x64/lib/python3.13/site-packages/scratchattach/site/session.py", line 1096, in login
2025-11-10T06:56:00.3446333Z     session_id = str(re.search('"(.*)"', request.headers["Set-Cookie"]).group())
2025-11-10T06:56:00.3446935Z                                          ~~~~~~~~~~~~~~~^^^^^^^^^^^^^^
2025-11-10T06:56:00.3447842Z   File "/opt/hostedtoolcache/Python/3.13.9/x64/lib/python3.13/site-packages/requests/structures.py", line 52, in __getitem__
2025-11-10T06:56:00.3448660Z     return self._store[key.lower()][1]
2025-11-10T06:56:00.3449039Z            ~~~~~~~~~~~^^^^^^^^^^^^^
2025-11-10T06:56:00.3449381Z KeyError: 'set-cookie'
2025-11-10T06:56:00.3449576Z 
2025-11-10T06:56:00.3449829Z During handling of the above exception, another exception occurred:
2025-11-10T06:56:00.3450223Z 
2025-11-10T06:56:00.3450367Z Traceback (most recent call last):
2025-11-10T06:56:00.3451043Z   File "/home/runner/work/scratchattach/scratchattach/message_viewer.py", line 18, in <module>
2025-11-10T06:56:00.3451838Z     session = scratch3.login("Boss_1sALT", passwrd)
2025-11-10T06:56:00.3452792Z   File "/opt/hostedtoolcache/Python/3.13.9/x64/lib/python3.13/site-packages/scratchattach/site/session.py", line 1098, in login
2025-11-10T06:56:00.3454010Z     raise exceptions.LoginFailure(
2025-11-10T06:56:00.3455707Z         "Either the provided authentication data is wrong or your network is banned from Scratch.\n\nIf you're using an online IDE (like replit.com) Scratch possibly banned its IP address. In this case, try logging in with your session id: https://github.com/TimMcCool/scratchattach/wiki#logging-in")
2025-11-10T06:56:00.3457735Z scratchattach.utils.exceptions.LoginFailure: Either the provided authentication data is wrong or your network is banned from Scratch.
2025-11-10T06:56:00.3458496Z 
2025-11-10T06:56:00.3459308Z If you're using an online IDE (like replit.com) Scratch possibly banned its IP address. In this case, try logging in with your session id: https://github.com/TimMcCool/scratchattach/wiki#logging-in
2025-11-10T06:56:00.3710186Z ##[error]Process completed with exit code 1.
2025-11-10T06:56:00.3778241Z Post job cleanup.
2025-11-10T06:56:00.4545452Z [command]/usr/bin/git version
2025-11-10T06:56:00.4612068Z git version 2.51.2
2025-11-10T06:56:00.4648635Z Temporarily overriding HOME='/home/runner/work/_temp/16825812-2cf9-4dbd-9a67-2166b6fae976' before making global git config changes
2025-11-10T06:56:00.4649911Z Adding repository directory to the temporary git global config as a safe directory
2025-11-10T06:56:00.4654429Z [command]/usr/bin/git config --global --add safe.directory /home/runner/work/scratchattach/scratchattach
2025-11-10T06:56:00.4689059Z [command]/usr/bin/git config --local --name-only --get-regexp core\.sshCommand
2025-11-10T06:56:00.4720174Z [command]/usr/bin/git submodule foreach --recursive sh -c "git config --local --name-only --get-regexp 'core\.sshCommand' && git config --local --unset-all 'core.sshCommand' || :"
2025-11-10T06:56:00.4943342Z [command]/usr/bin/git config --local --name-only --get-regexp http\.https\:\/\/github\.com\/\.extraheader
2025-11-10T06:56:00.4964295Z http.https://github.com/.extraheader
2025-11-10T06:56:00.4973529Z [command]/usr/bin/git config --local --unset-all http.https://github.com/.extraheader
2025-11-10T06:56:00.5003540Z [command]/usr/bin/git submodule foreach --recursive sh -c "git config --local --name-only --get-regexp 'http\.https\:\/\/github\.com\/\.extraheader' && git config --local --unset-all 'http.https://github.com/.extraheader' || :"
2025-11-10T06:56:00.5341472Z Post job cleanup.
2025-11-10T06:56:00.6096153Z [command]/usr/bin/git version
2025-11-10T06:56:00.6164035Z git version 2.51.2
2025-11-10T06:56:00.6200573Z Temporarily overriding HOME='/home/runner/work/_temp/5d69ce72-b6f5-4c73-b0fc-bbc4ad9f9fa5' before making global git config changes
2025-11-10T06:56:00.6201824Z Adding repository directory to the temporary git global config as a safe directory
2025-11-10T06:56:00.6206314Z [command]/usr/bin/git config --global --add safe.directory /home/runner/work/scratchattach/scratchattach
2025-11-10T06:56:00.6242401Z [command]/usr/bin/git config --local --name-only --get-regexp core\.sshCommand
2025-11-10T06:56:00.6273997Z [command]/usr/bin/git submodule foreach --recursive sh -c "git config --local --name-only --get-regexp 'core\.sshCommand' && git config --local --unset-all 'core.sshCommand' || :"
2025-11-10T06:56:00.6501808Z [command]/usr/bin/git config --local --name-only --get-regexp http\.https\:\/\/github\.com\/\.extraheader
2025-11-10T06:56:00.6535675Z [command]/usr/bin/git submodule foreach --recursive sh -c "git config --local --name-only --get-regexp 'http\.https\:\/\/github\.com\/\.extraheader' && git config --local --unset-all 'http.https://github.com/.extraheader' || :"
2025-11-10T06:56:00.6906918Z Cleaning up orphan processes
