2025-11-17T12:44:49.3350702Z Current runner version: '2.329.0'
2025-11-17T12:44:49.3372362Z ##[group]Runner Image Provisioner
2025-11-17T12:44:49.3373176Z Hosted Compute Agent
2025-11-17T12:44:49.3373989Z Version: 20251016.436
2025-11-17T12:44:49.3374622Z Commit: 8ab8ac8bfd662a3739dab9fe09456aba92132568
2025-11-17T12:44:49.3375333Z Build Date: 2025-10-15T20:44:12Z
2025-11-17T12:44:49.3375976Z ##[endgroup]
2025-11-17T12:44:49.3376535Z ##[group]Operating System
2025-11-17T12:44:49.3377101Z Ubuntu
2025-11-17T12:44:49.3377609Z 24.04.3
2025-11-17T12:44:49.3378063Z LTS
2025-11-17T12:44:49.3378531Z ##[endgroup]
2025-11-17T12:44:49.3378978Z ##[group]Runner Image
2025-11-17T12:44:49.3379615Z Image: ubuntu-24.04
2025-11-17T12:44:49.3380152Z Version: 20251112.124.1
2025-11-17T12:44:49.3381128Z Included Software: https://github.com/actions/runner-images/blob/ubuntu24/20251112.124/images/ubuntu/Ubuntu2404-Readme.md
2025-11-17T12:44:49.3382711Z Image Release: https://github.com/actions/runner-images/releases/tag/ubuntu24%2F20251112.124
2025-11-17T12:44:49.3384154Z ##[endgroup]
2025-11-17T12:44:49.3386768Z ##[group]GITHUB_TOKEN Permissions
2025-11-17T12:44:49.3388780Z Actions: write
2025-11-17T12:44:49.3389366Z ArtifactMetadata: write
2025-11-17T12:44:49.3389938Z Attestations: write
2025-11-17T12:44:49.3390425Z Checks: write
2025-11-17T12:44:49.3391041Z Contents: write
2025-11-17T12:44:49.3391557Z Deployments: write
2025-11-17T12:44:49.3392034Z Discussions: write
2025-11-17T12:44:49.3392624Z Issues: write
2025-11-17T12:44:49.3393132Z Metadata: read
2025-11-17T12:44:49.3393952Z Models: read
2025-11-17T12:44:49.3394536Z Packages: write
2025-11-17T12:44:49.3395017Z Pages: write
2025-11-17T12:44:49.3395511Z PullRequests: write
2025-11-17T12:44:49.3396127Z RepositoryProjects: write
2025-11-17T12:44:49.3396754Z SecurityEvents: write
2025-11-17T12:44:49.3397317Z Statuses: write
2025-11-17T12:44:49.3397896Z ##[endgroup]
2025-11-17T12:44:49.3400124Z Secret source: Actions
2025-11-17T12:44:49.3401054Z Prepare workflow directory
2025-11-17T12:44:49.3735188Z Prepare all required actions
2025-11-17T12:44:49.3772875Z Getting action download info
2025-11-17T12:44:49.8339945Z Download action repository 'actions/checkout@v5.0.0' (SHA:08c6903cd8c0fde910a37f88322edcfb5dd907a8)
2025-11-17T12:44:49.9692828Z Download action repository 'actions/setup-python@v6.0.0' (SHA:e797f83bcb11b83ae66e0230d6156d7c80228e7c)
2025-11-17T12:44:50.1053953Z Download action repository 'bossOfCode/install-scratchattach@v1.0.3' (SHA:be17a7cf1ecb5a7040eb42ef26c2e1fbe72bb25a)
2025-11-17T12:44:50.7131994Z Complete job name: Run 1
2025-11-17T12:44:50.7799571Z ##[group]Run actions/checkout@v5.0.0
2025-11-17T12:44:50.7800399Z with:
2025-11-17T12:44:50.7800772Z   ref: main
2025-11-17T12:44:50.7801182Z   repository: Boss-1s/scratchattach
2025-11-17T12:44:50.7801834Z   token: ***
2025-11-17T12:44:50.7802220Z   ssh-strict: true
2025-11-17T12:44:50.7802626Z   ssh-user: git
2025-11-17T12:44:50.7803041Z   persist-credentials: true
2025-11-17T12:44:50.7803644Z   clean: true
2025-11-17T12:44:50.7804057Z   sparse-checkout-cone-mode: true
2025-11-17T12:44:50.7804560Z   fetch-depth: 1
2025-11-17T12:44:50.7804963Z   fetch-tags: false
2025-11-17T12:44:50.7805374Z   show-progress: true
2025-11-17T12:44:50.7805783Z   lfs: false
2025-11-17T12:44:50.7806156Z   submodules: false
2025-11-17T12:44:50.7806574Z   set-safe-directory: true
2025-11-17T12:44:50.7807247Z ##[endgroup]
2025-11-17T12:44:50.8699486Z Syncing repository: Boss-1s/scratchattach
2025-11-17T12:44:50.8701198Z ##[group]Getting Git version info
2025-11-17T12:44:50.8702036Z Working directory is '/home/runner/work/scratchattach/scratchattach'
2025-11-17T12:44:50.8703042Z [command]/usr/bin/git version
2025-11-17T12:44:50.8771939Z git version 2.51.2
2025-11-17T12:44:50.8824388Z ##[endgroup]
2025-11-17T12:44:50.8839892Z Temporarily overriding HOME='/home/runner/work/_temp/f8f8f388-d661-41ec-9821-01e445c193ab' before making global git config changes
2025-11-17T12:44:50.8842239Z Adding repository directory to the temporary git global config as a safe directory
2025-11-17T12:44:50.8845599Z [command]/usr/bin/git config --global --add safe.directory /home/runner/work/scratchattach/scratchattach
2025-11-17T12:44:50.8884627Z Deleting the contents of '/home/runner/work/scratchattach/scratchattach'
2025-11-17T12:44:50.8888550Z ##[group]Initializing the repository
2025-11-17T12:44:50.8893208Z [command]/usr/bin/git init /home/runner/work/scratchattach/scratchattach
2025-11-17T12:44:50.8996035Z hint: Using 'master' as the name for the initial branch. This default branch name
2025-11-17T12:44:50.8997526Z hint: is subject to change. To configure the initial branch name to use in all
2025-11-17T12:44:50.8999062Z hint: of your new repositories, which will suppress this warning, call:
2025-11-17T12:44:50.9000193Z hint:
2025-11-17T12:44:50.9000988Z hint: 	git config --global init.defaultBranch <name>
2025-11-17T12:44:50.9001939Z hint:
2025-11-17T12:44:50.9002524Z hint: Names commonly chosen instead of 'master' are 'main', 'trunk' and
2025-11-17T12:44:50.9003652Z hint: 'development'. The just-created branch can be renamed via this command:
2025-11-17T12:44:50.9004377Z hint:
2025-11-17T12:44:50.9004960Z hint: 	git branch -m <name>
2025-11-17T12:44:50.9005735Z hint:
2025-11-17T12:44:50.9006693Z hint: Disable this message with "git config set advice.defaultBranchName false"
2025-11-17T12:44:50.9007984Z Initialized empty Git repository in /home/runner/work/scratchattach/scratchattach/.git/
2025-11-17T12:44:50.9011814Z [command]/usr/bin/git remote add origin https://github.com/Boss-1s/scratchattach
2025-11-17T12:44:50.9046935Z ##[endgroup]
2025-11-17T12:44:50.9048037Z ##[group]Disabling automatic garbage collection
2025-11-17T12:44:50.9050127Z [command]/usr/bin/git config --local gc.auto 0
2025-11-17T12:44:50.9076549Z ##[endgroup]
2025-11-17T12:44:50.9077218Z ##[group]Setting up auth
2025-11-17T12:44:50.9082597Z [command]/usr/bin/git config --local --name-only --get-regexp core\.sshCommand
2025-11-17T12:44:50.9112919Z [command]/usr/bin/git submodule foreach --recursive sh -c "git config --local --name-only --get-regexp 'core\.sshCommand' && git config --local --unset-all 'core.sshCommand' || :"
2025-11-17T12:44:50.9435005Z [command]/usr/bin/git config --local --name-only --get-regexp http\.https\:\/\/github\.com\/\.extraheader
2025-11-17T12:44:50.9464596Z [command]/usr/bin/git submodule foreach --recursive sh -c "git config --local --name-only --get-regexp 'http\.https\:\/\/github\.com\/\.extraheader' && git config --local --unset-all 'http.https://github.com/.extraheader' || :"
2025-11-17T12:44:50.9683738Z [command]/usr/bin/git config --local http.https://github.com/.extraheader AUTHORIZATION: basic ***
2025-11-17T12:44:50.9716115Z ##[endgroup]
2025-11-17T12:44:50.9717002Z ##[group]Fetching the repository
2025-11-17T12:44:50.9725092Z [command]/usr/bin/git -c protocol.version=2 fetch --no-tags --prune --no-recurse-submodules --depth=1 origin +refs/heads/main*:refs/remotes/origin/main* +refs/tags/main*:refs/tags/main*
2025-11-17T12:44:52.7507724Z From https://github.com/Boss-1s/scratchattach
2025-11-17T12:44:52.7508959Z  * [new branch]      main       -> origin/main
2025-11-17T12:44:52.7539495Z ##[endgroup]
2025-11-17T12:44:52.7540076Z ##[group]Determining the checkout info
2025-11-17T12:44:52.7546634Z [command]/usr/bin/git branch --list --remote origin/main
2025-11-17T12:44:52.7571030Z   origin/main
2025-11-17T12:44:52.7576376Z ##[endgroup]
2025-11-17T12:44:52.7580648Z [command]/usr/bin/git sparse-checkout disable
2025-11-17T12:44:52.7620783Z [command]/usr/bin/git config --local --unset-all extensions.worktreeConfig
2025-11-17T12:44:52.7648058Z ##[group]Checking out the ref
2025-11-17T12:44:52.7651862Z [command]/usr/bin/git checkout --progress --force -B main refs/remotes/origin/main
2025-11-17T12:44:53.2090792Z Switched to a new branch 'main'
2025-11-17T12:44:53.2091920Z branch 'main' set up to track 'origin/main'.
2025-11-17T12:44:53.2141857Z ##[endgroup]
2025-11-17T12:44:53.2182238Z [command]/usr/bin/git log -1 --format=%H
2025-11-17T12:44:53.2205443Z ae3ee11391c373f313ba1db02a75831ebd90a4b8
2025-11-17T12:44:53.2434164Z ##[group]Run actions/setup-python@v6.0.0
2025-11-17T12:44:53.2434538Z with:
2025-11-17T12:44:53.2434775Z   python-version: 3.13
2025-11-17T12:44:53.2435032Z   check-latest: false
2025-11-17T12:44:53.2435406Z   token: ***
2025-11-17T12:44:53.2435644Z   update-environment: true
2025-11-17T12:44:53.2435934Z   allow-prereleases: false
2025-11-17T12:44:53.2436209Z   freethreaded: false
2025-11-17T12:44:53.2436448Z ##[endgroup]
2025-11-17T12:44:53.3708701Z ##[group]Installed versions
2025-11-17T12:44:53.3813028Z (node:2058) [DEP0040] DeprecationWarning: The `punycode` module is deprecated. Please use a userland alternative instead.
2025-11-17T12:44:53.3814638Z (Use `node --trace-deprecation ...` to show where the warning was created)
2025-11-17T12:44:53.3830312Z Successfully set up CPython (3.13.9)
2025-11-17T12:44:53.3831321Z ##[endgroup]
2025-11-17T12:44:53.3952325Z ##[group]Run bossOfCode/install-scratchattach@v1.0.3
2025-11-17T12:44:53.3952720Z env:
2025-11-17T12:44:53.3953006Z   pythonLocation: /opt/hostedtoolcache/Python/3.13.9/x64
2025-11-17T12:44:53.3953766Z   PKG_CONFIG_PATH: /opt/hostedtoolcache/Python/3.13.9/x64/lib/pkgconfig
2025-11-17T12:44:53.3954242Z   Python_ROOT_DIR: /opt/hostedtoolcache/Python/3.13.9/x64
2025-11-17T12:44:53.3954633Z   Python2_ROOT_DIR: /opt/hostedtoolcache/Python/3.13.9/x64
2025-11-17T12:44:53.3955020Z   Python3_ROOT_DIR: /opt/hostedtoolcache/Python/3.13.9/x64
2025-11-17T12:44:53.3955430Z   LD_LIBRARY_PATH: /opt/hostedtoolcache/Python/3.13.9/x64/lib
2025-11-17T12:44:53.3955762Z ##[endgroup]
2025-11-17T12:44:53.4032728Z ##[group]Run python3 -m pip install --upgrade pip
2025-11-17T12:44:53.4033194Z [36;1mpython3 -m pip install --upgrade pip[0m
2025-11-17T12:44:53.4173714Z shell: /usr/bin/bash --noprofile --norc -e -o pipefail {0}
2025-11-17T12:44:53.4174109Z env:
2025-11-17T12:44:53.4174447Z   pythonLocation: /opt/hostedtoolcache/Python/3.13.9/x64
2025-11-17T12:44:53.4174908Z   PKG_CONFIG_PATH: /opt/hostedtoolcache/Python/3.13.9/x64/lib/pkgconfig
2025-11-17T12:44:53.4175367Z   Python_ROOT_DIR: /opt/hostedtoolcache/Python/3.13.9/x64
2025-11-17T12:44:53.4175780Z   Python2_ROOT_DIR: /opt/hostedtoolcache/Python/3.13.9/x64
2025-11-17T12:44:53.4176178Z   Python3_ROOT_DIR: /opt/hostedtoolcache/Python/3.13.9/x64
2025-11-17T12:44:53.4176588Z   LD_LIBRARY_PATH: /opt/hostedtoolcache/Python/3.13.9/x64/lib
2025-11-17T12:44:53.4176934Z ##[endgroup]
2025-11-17T12:44:55.9746509Z Requirement already satisfied: pip in /opt/hostedtoolcache/Python/3.13.9/x64/lib/python3.13/site-packages (25.3)
2025-11-17T12:44:56.3926236Z ##[group]Run pip install -U scratchattach
2025-11-17T12:44:56.3926569Z [36;1mpip install -U scratchattach[0m
2025-11-17T12:44:56.3961482Z shell: /usr/bin/bash --noprofile --norc -e -o pipefail {0}
2025-11-17T12:44:56.3961813Z env:
2025-11-17T12:44:56.3962065Z   pythonLocation: /opt/hostedtoolcache/Python/3.13.9/x64
2025-11-17T12:44:56.3962470Z   PKG_CONFIG_PATH: /opt/hostedtoolcache/Python/3.13.9/x64/lib/pkgconfig
2025-11-17T12:44:56.3962858Z   Python_ROOT_DIR: /opt/hostedtoolcache/Python/3.13.9/x64
2025-11-17T12:44:56.3963219Z   Python2_ROOT_DIR: /opt/hostedtoolcache/Python/3.13.9/x64
2025-11-17T12:44:56.3963764Z   Python3_ROOT_DIR: /opt/hostedtoolcache/Python/3.13.9/x64
2025-11-17T12:44:56.3964115Z   LD_LIBRARY_PATH: /opt/hostedtoolcache/Python/3.13.9/x64/lib
2025-11-17T12:44:56.3964403Z ##[endgroup]
2025-11-17T12:44:57.3920511Z Collecting scratchattach
2025-11-17T12:44:57.4964934Z   Downloading scratchattach-2.1.13-py3-none-any.whl.metadata (5.5 kB)
2025-11-17T12:44:57.5382904Z Collecting websocket-client (from scratchattach)
2025-11-17T12:44:57.5577324Z   Downloading websocket_client-1.9.0-py3-none-any.whl.metadata (8.3 kB)
2025-11-17T12:44:57.6089079Z Collecting requests (from scratchattach)
2025-11-17T12:44:57.6278490Z   Downloading requests-2.32.5-py3-none-any.whl.metadata (4.9 kB)
2025-11-17T12:44:57.6570655Z Collecting bs4 (from scratchattach)
2025-11-17T12:44:57.6759362Z   Downloading bs4-0.0.2-py2.py3-none-any.whl.metadata (411 bytes)
2025-11-17T12:44:57.7367238Z Collecting SimpleWebSocketServer (from scratchattach)
2025-11-17T12:44:57.7566239Z   Downloading SimpleWebSocketServer-0.1.2.tar.gz (10 kB)
2025-11-17T12:44:57.7669473Z   Installing build dependencies: started
2025-11-17T12:44:59.1015149Z   Installing build dependencies: finished with status 'done'
2025-11-17T12:44:59.1021144Z   Getting requirements to build wheel: started
2025-11-17T12:44:59.5119722Z   Getting requirements to build wheel: finished with status 'done'
2025-11-17T12:44:59.5129059Z   Preparing metadata (pyproject.toml): started
2025-11-17T12:44:59.7112789Z   Preparing metadata (pyproject.toml): finished with status 'done'
2025-11-17T12:44:59.7465513Z Collecting typing-extensions (from scratchattach)
2025-11-17T12:44:59.7654368Z   Downloading typing_extensions-4.15.0-py3-none-any.whl.metadata (3.3 kB)
2025-11-17T12:44:59.8024247Z Collecting beautifulsoup4 (from bs4->scratchattach)
2025-11-17T12:44:59.8211039Z   Downloading beautifulsoup4-4.14.2-py3-none-any.whl.metadata (3.8 kB)
2025-11-17T12:44:59.8575884Z Collecting soupsieve>1.2 (from beautifulsoup4->bs4->scratchattach)
2025-11-17T12:44:59.8766054Z   Downloading soupsieve-2.8-py3-none-any.whl.metadata (4.6 kB)
2025-11-17T12:45:00.0138469Z Collecting charset_normalizer<4,>=2 (from requests->scratchattach)
2025-11-17T12:45:00.0330074Z   Downloading charset_normalizer-3.4.4-cp313-cp313-manylinux2014_x86_64.manylinux_2_17_x86_64.manylinux_2_28_x86_64.whl.metadata (37 kB)
2025-11-17T12:45:00.0775118Z Collecting idna<4,>=2.5 (from requests->scratchattach)
2025-11-17T12:45:00.0962609Z   Downloading idna-3.11-py3-none-any.whl.metadata (8.4 kB)
2025-11-17T12:45:00.1442282Z Collecting urllib3<3,>=1.21.1 (from requests->scratchattach)
2025-11-17T12:45:00.1639241Z   Downloading urllib3-2.5.0-py3-none-any.whl.metadata (6.5 kB)
2025-11-17T12:45:00.2070571Z Collecting certifi>=2017.4.17 (from requests->scratchattach)
2025-11-17T12:45:00.2262780Z   Downloading certifi-2025.11.12-py3-none-any.whl.metadata (2.5 kB)
2025-11-17T12:45:00.2514117Z Downloading scratchattach-2.1.13-py3-none-any.whl (141 kB)
2025-11-17T12:45:00.2941541Z Downloading bs4-0.0.2-py2.py3-none-any.whl (1.2 kB)
2025-11-17T12:45:00.3147377Z Downloading beautifulsoup4-4.14.2-py3-none-any.whl (106 kB)
2025-11-17T12:45:00.3386248Z Downloading soupsieve-2.8-py3-none-any.whl (36 kB)
2025-11-17T12:45:00.3592138Z Downloading typing_extensions-4.15.0-py3-none-any.whl (44 kB)
2025-11-17T12:45:00.3802030Z Downloading requests-2.32.5-py3-none-any.whl (64 kB)
2025-11-17T12:45:00.4032956Z Downloading charset_normalizer-3.4.4-cp313-cp313-manylinux2014_x86_64.manylinux_2_17_x86_64.manylinux_2_28_x86_64.whl (153 kB)
2025-11-17T12:45:00.4292991Z Downloading idna-3.11-py3-none-any.whl (71 kB)
2025-11-17T12:45:00.4505670Z Downloading urllib3-2.5.0-py3-none-any.whl (129 kB)
2025-11-17T12:45:00.4733016Z Downloading certifi-2025.11.12-py3-none-any.whl (159 kB)
2025-11-17T12:45:00.4974374Z Downloading websocket_client-1.9.0-py3-none-any.whl (82 kB)
2025-11-17T12:45:00.5118998Z Building wheels for collected packages: SimpleWebSocketServer
2025-11-17T12:45:00.5127350Z   Building wheel for SimpleWebSocketServer (pyproject.toml): started
2025-11-17T12:45:00.7316051Z   Building wheel for SimpleWebSocketServer (pyproject.toml): finished with status 'done'
2025-11-17T12:45:00.7322204Z   Created wheel for SimpleWebSocketServer: filename=simplewebsocketserver-0.1.2-py3-none-any.whl size=9715 sha256=962125d856a2db94604a449efcb081ceaa96ccc0de5102a64830218a52b51eb3
2025-11-17T12:45:00.7324343Z   Stored in directory: /home/runner/.cache/pip/wheels/c4/5b/e8/4f2c15a82edc4923058056f6681373168be02a0c00389a6dcf
2025-11-17T12:45:00.7343645Z Successfully built SimpleWebSocketServer
2025-11-17T12:45:00.7532444Z Installing collected packages: SimpleWebSocketServer, websocket-client, urllib3, typing-extensions, soupsieve, idna, charset_normalizer, certifi, requests, beautifulsoup4, bs4, scratchattach
2025-11-17T12:45:01.3511425Z 
2025-11-17T12:45:01.3533921Z Successfully installed SimpleWebSocketServer-0.1.2 beautifulsoup4-4.14.2 bs4-0.0.2 certifi-2025.11.12 charset_normalizer-3.4.4 idna-3.11 requests-2.32.5 scratchattach-2.1.13 soupsieve-2.8 typing-extensions-4.15.0 urllib3-2.5.0 websocket-client-1.9.0
2025-11-17T12:45:01.4381618Z ##[group]Run actions/checkout@v5.0.0
2025-11-17T12:45:01.4381886Z with:
2025-11-17T12:45:01.4382046Z   ref: main
2025-11-17T12:45:01.4382240Z   repository: Boss-1s/scratchattach
2025-11-17T12:45:01.4382588Z   token: ***
2025-11-17T12:45:01.4382761Z   ssh-strict: true
2025-11-17T12:45:01.4382943Z   ssh-user: git
2025-11-17T12:45:01.4383124Z   persist-credentials: true
2025-11-17T12:45:01.4383504Z   clean: true
2025-11-17T12:45:01.4383736Z   sparse-checkout-cone-mode: true
2025-11-17T12:45:01.4383964Z   fetch-depth: 1
2025-11-17T12:45:01.4384141Z   fetch-tags: false
2025-11-17T12:45:01.4384325Z   show-progress: true
2025-11-17T12:45:01.4384511Z   lfs: false
2025-11-17T12:45:01.4384677Z   submodules: false
2025-11-17T12:45:01.4384860Z   set-safe-directory: true
2025-11-17T12:45:01.4385059Z env:
2025-11-17T12:45:01.4385284Z   pythonLocation: /opt/hostedtoolcache/Python/3.13.9/x64
2025-11-17T12:45:01.4385694Z   PKG_CONFIG_PATH: /opt/hostedtoolcache/Python/3.13.9/x64/lib/pkgconfig
2025-11-17T12:45:01.4386123Z   Python_ROOT_DIR: /opt/hostedtoolcache/Python/3.13.9/x64
2025-11-17T12:45:01.4386462Z   Python2_ROOT_DIR: /opt/hostedtoolcache/Python/3.13.9/x64
2025-11-17T12:45:01.4386799Z   Python3_ROOT_DIR: /opt/hostedtoolcache/Python/3.13.9/x64
2025-11-17T12:45:01.4387141Z   LD_LIBRARY_PATH: /opt/hostedtoolcache/Python/3.13.9/x64/lib
2025-11-17T12:45:01.4387422Z ##[endgroup]
2025-11-17T12:45:01.5135426Z Syncing repository: Boss-1s/scratchattach
2025-11-17T12:45:01.5136663Z ##[group]Getting Git version info
2025-11-17T12:45:01.5137266Z Working directory is '/home/runner/work/scratchattach/scratchattach'
2025-11-17T12:45:01.5172285Z [command]/usr/bin/git version
2025-11-17T12:45:01.5207339Z git version 2.51.2
2025-11-17T12:45:01.5259830Z ##[endgroup]
2025-11-17T12:45:01.5273544Z Temporarily overriding HOME='/home/runner/work/_temp/c5bf49ab-73d7-4f48-906b-b9ba50ac2444' before making global git config changes
2025-11-17T12:45:01.5274919Z Adding repository directory to the temporary git global config as a safe directory
2025-11-17T12:45:01.5278131Z [command]/usr/bin/git config --global --add safe.directory /home/runner/work/scratchattach/scratchattach
2025-11-17T12:45:01.5314125Z [command]/usr/bin/git config --local --get remote.origin.url
2025-11-17T12:45:01.5334218Z https://github.com/Boss-1s/scratchattach
2025-11-17T12:45:01.5348064Z ##[group]Removing previously created refs, to avoid conflicts
2025-11-17T12:45:01.5352341Z [command]/usr/bin/git rev-parse --symbolic-full-name --verify --quiet HEAD
2025-11-17T12:45:01.5373727Z refs/heads/main
2025-11-17T12:45:01.5382697Z [command]/usr/bin/git checkout --detach
2025-11-17T12:45:01.7117958Z HEAD is now at ae3ee11 [BOT] Download Logs
2025-11-17T12:45:01.7167808Z [command]/usr/bin/git branch --delete --force main
2025-11-17T12:45:01.7194724Z Deleted branch main (was ae3ee11).
2025-11-17T12:45:01.7230250Z ##[endgroup]
2025-11-17T12:45:01.7234573Z [command]/usr/bin/git submodule status
2025-11-17T12:45:01.7461918Z ##[group]Cleaning the repository
2025-11-17T12:45:01.7466352Z [command]/usr/bin/git clean -ffdx
2025-11-17T12:45:01.7509295Z [command]/usr/bin/git reset --hard HEAD
2025-11-17T12:45:01.7582755Z HEAD is now at ae3ee11 [BOT] Download Logs
2025-11-17T12:45:01.7588793Z ##[endgroup]
2025-11-17T12:45:01.7590305Z ##[group]Disabling automatic garbage collection
2025-11-17T12:45:01.7594454Z [command]/usr/bin/git config --local gc.auto 0
2025-11-17T12:45:01.7619907Z ##[endgroup]
2025-11-17T12:45:01.7620247Z ##[group]Setting up auth
2025-11-17T12:45:01.7627346Z [command]/usr/bin/git config --local --name-only --get-regexp core\.sshCommand
2025-11-17T12:45:01.7657433Z [command]/usr/bin/git submodule foreach --recursive sh -c "git config --local --name-only --get-regexp 'core\.sshCommand' && git config --local --unset-all 'core.sshCommand' || :"
2025-11-17T12:45:01.7880022Z [command]/usr/bin/git config --local --name-only --get-regexp http\.https\:\/\/github\.com\/\.extraheader
2025-11-17T12:45:01.7900542Z http.https://github.com/.extraheader
2025-11-17T12:45:01.7909663Z [command]/usr/bin/git config --local --unset-all http.https://github.com/.extraheader
2025-11-17T12:45:01.7940396Z [command]/usr/bin/git submodule foreach --recursive sh -c "git config --local --name-only --get-regexp 'http\.https\:\/\/github\.com\/\.extraheader' && git config --local --unset-all 'http.https://github.com/.extraheader' || :"
2025-11-17T12:45:01.8165727Z [command]/usr/bin/git config --local http.https://github.com/.extraheader AUTHORIZATION: basic ***
2025-11-17T12:45:01.8198619Z ##[endgroup]
2025-11-17T12:45:01.8199243Z ##[group]Fetching the repository
2025-11-17T12:45:01.8207855Z [command]/usr/bin/git -c protocol.version=2 fetch --no-tags --prune --no-recurse-submodules --depth=1 origin +refs/heads/main*:refs/remotes/origin/main* +refs/tags/main*:refs/tags/main*
2025-11-17T12:45:02.3031589Z ##[endgroup]
2025-11-17T12:45:02.3032208Z ##[group]Determining the checkout info
2025-11-17T12:45:02.3038953Z [command]/usr/bin/git branch --list --remote origin/main
2025-11-17T12:45:02.3062374Z   origin/main
2025-11-17T12:45:02.3066926Z ##[endgroup]
2025-11-17T12:45:02.3071383Z [command]/usr/bin/git sparse-checkout disable
2025-11-17T12:45:02.3119506Z [command]/usr/bin/git config --local --unset-all extensions.worktreeConfig
2025-11-17T12:45:02.3145445Z ##[group]Checking out the ref
2025-11-17T12:45:02.3149630Z [command]/usr/bin/git checkout --progress --force -B main refs/remotes/origin/main
2025-11-17T12:45:02.3209942Z Switched to a new branch 'main'
2025-11-17T12:45:02.3212642Z branch 'main' set up to track 'origin/main'.
2025-11-17T12:45:02.3219771Z ##[endgroup]
2025-11-17T12:45:02.3255513Z [command]/usr/bin/git log -1 --format=%H
2025-11-17T12:45:02.3278548Z ae3ee11391c373f313ba1db02a75831ebd90a4b8
2025-11-17T12:45:02.3392369Z ##[group]Run timeout 359m python3 message_viewer.py || { [[ $? -eq 124 ]] && exit 0; }
2025-11-17T12:45:02.3392937Z [36;1mtimeout 359m python3 message_viewer.py || { [[ $? -eq 124 ]] && exit 0; }[0m
2025-11-17T12:45:02.3427566Z shell: /usr/bin/bash -e {0}
2025-11-17T12:45:02.3427791Z env:
2025-11-17T12:45:02.3428038Z   pythonLocation: /opt/hostedtoolcache/Python/3.13.9/x64
2025-11-17T12:45:02.3428460Z   PKG_CONFIG_PATH: /opt/hostedtoolcache/Python/3.13.9/x64/lib/pkgconfig
2025-11-17T12:45:02.3428861Z   Python_ROOT_DIR: /opt/hostedtoolcache/Python/3.13.9/x64
2025-11-17T12:45:02.3429214Z   Python2_ROOT_DIR: /opt/hostedtoolcache/Python/3.13.9/x64
2025-11-17T12:45:02.3429556Z   Python3_ROOT_DIR: /opt/hostedtoolcache/Python/3.13.9/x64
2025-11-17T12:45:02.3429923Z   LD_LIBRARY_PATH: /opt/hostedtoolcache/Python/3.13.9/x64/lib
2025-11-17T12:45:02.3430331Z   PASS: ***
2025-11-17T12:45:02.3430506Z ##[endgroup]
2025-11-17T12:45:03.7515132Z Traceback (most recent call last):
2025-11-17T12:45:03.7525552Z   File "/opt/hostedtoolcache/Python/3.13.9/x64/lib/python3.13/site-packages/scratchattach/site/session.py", line 1096, in login
2025-11-17T12:45:03.7526292Z     session_id = str(re.search('"(.*)"', request.headers["Set-Cookie"]).group())
2025-11-17T12:45:03.7526661Z                                          ~~~~~~~~~~~~~~~^^^^^^^^^^^^^^
2025-11-17T12:45:03.7527292Z   File "/opt/hostedtoolcache/Python/3.13.9/x64/lib/python3.13/site-packages/requests/structures.py", line 52, in __getitem__
2025-11-17T12:45:03.7527858Z     return self._store[key.lower()][1]
2025-11-17T12:45:03.7528104Z            ~~~~~~~~~~~^^^^^^^^^^^^^
2025-11-17T12:45:03.7528334Z KeyError: 'set-cookie'
2025-11-17T12:45:03.7528481Z 
2025-11-17T12:45:03.7528648Z During handling of the above exception, another exception occurred:
2025-11-17T12:45:03.7528915Z 
2025-11-17T12:45:03.7529012Z Traceback (most recent call last):
2025-11-17T12:45:03.7529473Z   File "/home/runner/work/scratchattach/scratchattach/message_viewer.py", line 18, in <module>
2025-11-17T12:45:03.7529962Z     session = scratch3.login("Boss_1sALT", passwrd)
2025-11-17T12:45:03.7530593Z   File "/opt/hostedtoolcache/Python/3.13.9/x64/lib/python3.13/site-packages/scratchattach/site/session.py", line 1098, in login
2025-11-17T12:45:03.7531504Z     raise exceptions.LoginFailure(
2025-11-17T12:45:03.7532541Z         "Either the provided authentication data is wrong or your network is banned from Scratch.\n\nIf you're using an online IDE (like replit.com) Scratch possibly banned its IP address. In this case, try logging in with your session id: https://github.com/TimMcCool/scratchattach/wiki#logging-in")
2025-11-17T12:45:03.7534137Z scratchattach.utils.exceptions.LoginFailure: Either the provided authentication data is wrong or your network is banned from Scratch.
2025-11-17T12:45:03.7534730Z 
2025-11-17T12:45:03.7535268Z If you're using an online IDE (like replit.com) Scratch possibly banned its IP address. In this case, try logging in with your session id: https://github.com/TimMcCool/scratchattach/wiki#logging-in
2025-11-17T12:45:03.7798017Z ##[error]Process completed with exit code 1.
2025-11-17T12:45:03.7867394Z Post job cleanup.
2025-11-17T12:45:03.8661712Z [command]/usr/bin/git version
2025-11-17T12:45:03.8697172Z git version 2.51.2
2025-11-17T12:45:03.8733963Z Temporarily overriding HOME='/home/runner/work/_temp/a978b7f7-0416-4118-a9bf-f177330a2532' before making global git config changes
2025-11-17T12:45:03.8734934Z Adding repository directory to the temporary git global config as a safe directory
2025-11-17T12:45:03.8739451Z [command]/usr/bin/git config --global --add safe.directory /home/runner/work/scratchattach/scratchattach
2025-11-17T12:45:03.8775423Z [command]/usr/bin/git config --local --name-only --get-regexp core\.sshCommand
2025-11-17T12:45:03.8809261Z [command]/usr/bin/git submodule foreach --recursive sh -c "git config --local --name-only --get-regexp 'core\.sshCommand' && git config --local --unset-all 'core.sshCommand' || :"
2025-11-17T12:45:03.9035326Z [command]/usr/bin/git config --local --name-only --get-regexp http\.https\:\/\/github\.com\/\.extraheader
2025-11-17T12:45:03.9057499Z http.https://github.com/.extraheader
2025-11-17T12:45:03.9067097Z [command]/usr/bin/git config --local --unset-all http.https://github.com/.extraheader
2025-11-17T12:45:03.9097286Z [command]/usr/bin/git submodule foreach --recursive sh -c "git config --local --name-only --get-regexp 'http\.https\:\/\/github\.com\/\.extraheader' && git config --local --unset-all 'http.https://github.com/.extraheader' || :"
2025-11-17T12:45:03.9438108Z Post job cleanup.
2025-11-17T12:45:04.0221764Z [command]/usr/bin/git version
2025-11-17T12:45:04.0258375Z git version 2.51.2
2025-11-17T12:45:04.0296312Z Temporarily overriding HOME='/home/runner/work/_temp/5d016fa8-15eb-4733-9bd7-067a6a59694b' before making global git config changes
2025-11-17T12:45:04.0297653Z Adding repository directory to the temporary git global config as a safe directory
2025-11-17T12:45:04.0302265Z [command]/usr/bin/git config --global --add safe.directory /home/runner/work/scratchattach/scratchattach
2025-11-17T12:45:04.0338653Z [command]/usr/bin/git config --local --name-only --get-regexp core\.sshCommand
2025-11-17T12:45:04.0394896Z [command]/usr/bin/git submodule foreach --recursive sh -c "git config --local --name-only --get-regexp 'core\.sshCommand' && git config --local --unset-all 'core.sshCommand' || :"
2025-11-17T12:45:04.0634159Z [command]/usr/bin/git config --local --name-only --get-regexp http\.https\:\/\/github\.com\/\.extraheader
2025-11-17T12:45:04.0670962Z [command]/usr/bin/git submodule foreach --recursive sh -c "git config --local --name-only --get-regexp 'http\.https\:\/\/github\.com\/\.extraheader' && git config --local --unset-all 'http.https://github.com/.extraheader' || :"
2025-11-17T12:45:04.1085340Z Cleaning up orphan processes
