2025-11-11T01:48:20.6153241Z Current runner version: '2.329.0'
2025-11-11T01:48:20.6178725Z ##[group]Runner Image Provisioner
2025-11-11T01:48:20.6179608Z Hosted Compute Agent
2025-11-11T01:48:20.6180127Z Version: 20251016.436
2025-11-11T01:48:20.6180726Z Commit: 8ab8ac8bfd662a3739dab9fe09456aba92132568
2025-11-11T01:48:20.6181414Z Build Date: 2025-10-15T20:44:12Z
2025-11-11T01:48:20.6182037Z ##[endgroup]
2025-11-11T01:48:20.6182558Z ##[group]Operating System
2025-11-11T01:48:20.6183455Z Ubuntu
2025-11-11T01:48:20.6183965Z 24.04.3
2025-11-11T01:48:20.6184401Z LTS
2025-11-11T01:48:20.6184895Z ##[endgroup]
2025-11-11T01:48:20.6185380Z ##[group]Runner Image
2025-11-11T01:48:20.6185958Z Image: ubuntu-24.04
2025-11-11T01:48:20.6186413Z Version: 20251102.99.1
2025-11-11T01:48:20.6187498Z Included Software: https://github.com/actions/runner-images/blob/ubuntu24/20251102.99/images/ubuntu/Ubuntu2404-Readme.md
2025-11-11T01:48:20.6189052Z Image Release: https://github.com/actions/runner-images/releases/tag/ubuntu24%2F20251102.99
2025-11-11T01:48:20.6190154Z ##[endgroup]
2025-11-11T01:48:20.6191174Z ##[group]GITHUB_TOKEN Permissions
2025-11-11T01:48:20.6193336Z Contents: write
2025-11-11T01:48:20.6193924Z Metadata: read
2025-11-11T01:48:20.6194398Z ##[endgroup]
2025-11-11T01:48:20.6196592Z Secret source: Actions
2025-11-11T01:48:20.6197327Z Prepare workflow directory
2025-11-11T01:48:20.6883824Z Prepare all required actions
2025-11-11T01:48:20.6940603Z Getting action download info
2025-11-11T01:48:21.0191512Z Download action repository 'actions/checkout@ff7abcd0c3c05ccf6adc123a8cd1fd4fb30fb493' (SHA:ff7abcd0c3c05ccf6adc123a8cd1fd4fb30fb493)
2025-11-11T01:48:21.4914402Z Download action repository 'actions/setup-python@v6' (SHA:e797f83bcb11b83ae66e0230d6156d7c80228e7c)
2025-11-11T01:48:21.5762759Z Download action repository 'actions/cache@0057852bfaa89a56745cba8c7296529d2fc39830' (SHA:0057852bfaa89a56745cba8c7296529d2fc39830)
2025-11-11T01:48:21.6763245Z Download action repository 'actions/component-detection-dependency-submission-action@374343effede691df3a5ffaf36b4e7acab919590' (SHA:374343effede691df3a5ffaf36b4e7acab919590)
2025-11-11T01:48:22.1532364Z Complete job name: submit-pypi
2025-11-11T01:48:22.2183821Z ##[group]Run actions/checkout@ff7abcd0c3c05ccf6adc123a8cd1fd4fb30fb493
2025-11-11T01:48:22.2185386Z with:
2025-11-11T01:48:22.2185993Z   ref: refs/heads/main
2025-11-11T01:48:22.2186695Z   repository: Boss-1s/scratchattach
2025-11-11T01:48:22.2187433Z   token: ***
2025-11-11T01:48:22.2187838Z   ssh-strict: true
2025-11-11T01:48:22.2188265Z   ssh-user: git
2025-11-11T01:48:22.2188681Z   persist-credentials: true
2025-11-11T01:48:22.2189156Z   clean: true
2025-11-11T01:48:22.2189609Z   sparse-checkout-cone-mode: true
2025-11-11T01:48:22.2190104Z   fetch-depth: 1
2025-11-11T01:48:22.2190518Z   fetch-tags: false
2025-11-11T01:48:22.2190931Z   show-progress: true
2025-11-11T01:48:22.2191351Z   lfs: false
2025-11-11T01:48:22.2191732Z   submodules: false
2025-11-11T01:48:22.2192199Z   set-safe-directory: true
2025-11-11T01:48:22.2193244Z env:
2025-11-11T01:48:22.2193686Z   SKIP_CACHE: 
2025-11-11T01:48:22.2194087Z ##[endgroup]
2025-11-11T01:48:22.3119629Z Syncing repository: Boss-1s/scratchattach
2025-11-11T01:48:22.3121500Z ##[group]Getting Git version info
2025-11-11T01:48:22.3122262Z Working directory is '/home/runner/work/scratchattach/scratchattach'
2025-11-11T01:48:22.3123816Z [command]/usr/bin/git version
2025-11-11T01:48:22.3195707Z git version 2.51.2
2025-11-11T01:48:22.3249149Z ##[endgroup]
2025-11-11T01:48:22.3264333Z Temporarily overriding HOME='/home/runner/work/_temp/0842d6b4-c039-437e-b321-1b125a58d17a' before making global git config changes
2025-11-11T01:48:22.3266561Z Adding repository directory to the temporary git global config as a safe directory
2025-11-11T01:48:22.3269960Z [command]/usr/bin/git config --global --add safe.directory /home/runner/work/scratchattach/scratchattach
2025-11-11T01:48:22.3311837Z Deleting the contents of '/home/runner/work/scratchattach/scratchattach'
2025-11-11T01:48:22.3316470Z ##[group]Initializing the repository
2025-11-11T01:48:22.3321538Z [command]/usr/bin/git init /home/runner/work/scratchattach/scratchattach
2025-11-11T01:48:22.3438210Z hint: Using 'master' as the name for the initial branch. This default branch name
2025-11-11T01:48:22.3439718Z hint: is subject to change. To configure the initial branch name to use in all
2025-11-11T01:48:22.3440924Z hint: of your new repositories, which will suppress this warning, call:
2025-11-11T01:48:22.3442019Z hint:
2025-11-11T01:48:22.3442527Z hint: 	git config --global init.defaultBranch <name>
2025-11-11T01:48:22.3443705Z hint:
2025-11-11T01:48:22.3444686Z hint: Names commonly chosen instead of 'master' are 'main', 'trunk' and
2025-11-11T01:48:22.3446279Z hint: 'development'. The just-created branch can be renamed via this command:
2025-11-11T01:48:22.3447545Z hint:
2025-11-11T01:48:22.3448206Z hint: 	git branch -m <name>
2025-11-11T01:48:22.3448983Z hint:
2025-11-11T01:48:22.3449981Z hint: Disable this message with "git config set advice.defaultBranchName false"
2025-11-11T01:48:22.3451760Z Initialized empty Git repository in /home/runner/work/scratchattach/scratchattach/.git/
2025-11-11T01:48:22.3456265Z [command]/usr/bin/git remote add origin https://github.com/Boss-1s/scratchattach
2025-11-11T01:48:22.3493466Z ##[endgroup]
2025-11-11T01:48:22.3494239Z ##[group]Disabling automatic garbage collection
2025-11-11T01:48:22.3498054Z [command]/usr/bin/git config --local gc.auto 0
2025-11-11T01:48:22.3528981Z ##[endgroup]
2025-11-11T01:48:22.3530150Z ##[group]Setting up auth
2025-11-11T01:48:22.3536639Z [command]/usr/bin/git config --local --name-only --get-regexp core\.sshCommand
2025-11-11T01:48:22.3569617Z [command]/usr/bin/git submodule foreach --recursive sh -c "git config --local --name-only --get-regexp 'core\.sshCommand' && git config --local --unset-all 'core.sshCommand' || :"
2025-11-11T01:48:22.3923530Z [command]/usr/bin/git config --local --name-only --get-regexp http\.https\:\/\/github\.com\/\.extraheader
2025-11-11T01:48:22.3956979Z [command]/usr/bin/git submodule foreach --recursive sh -c "git config --local --name-only --get-regexp 'http\.https\:\/\/github\.com\/\.extraheader' && git config --local --unset-all 'http.https://github.com/.extraheader' || :"
2025-11-11T01:48:22.4184185Z [command]/usr/bin/git config --local http.https://github.com/.extraheader AUTHORIZATION: basic ***
2025-11-11T01:48:22.4221395Z ##[endgroup]
2025-11-11T01:48:22.4222643Z ##[group]Fetching the repository
2025-11-11T01:48:22.4231606Z [command]/usr/bin/git -c protocol.version=2 fetch --no-tags --prune --no-recurse-submodules --depth=1 origin +refs/heads/main:refs/remotes/origin/main
2025-11-11T01:48:23.4663586Z From https://github.com/Boss-1s/scratchattach
2025-11-11T01:48:23.4665499Z  * [new branch]      main       -> origin/main
2025-11-11T01:48:23.4697822Z ##[endgroup]
2025-11-11T01:48:23.4699472Z ##[group]Determining the checkout info
2025-11-11T01:48:23.4700830Z ##[endgroup]
2025-11-11T01:48:23.4703178Z [command]/usr/bin/git sparse-checkout disable
2025-11-11T01:48:23.4744595Z [command]/usr/bin/git config --local --unset-all extensions.worktreeConfig
2025-11-11T01:48:23.4772354Z ##[group]Checking out the ref
2025-11-11T01:48:23.4775398Z [command]/usr/bin/git checkout --progress --force -B main refs/remotes/origin/main
2025-11-11T01:48:23.8323274Z Switched to a new branch 'main'
2025-11-11T01:48:23.8326252Z branch 'main' set up to track 'origin/main'.
2025-11-11T01:48:23.8367345Z ##[endgroup]
2025-11-11T01:48:23.8408988Z [command]/usr/bin/git log -1 --format=%H
2025-11-11T01:48:23.8432768Z 72e9d004b385cabb9abe6c388d8e3b0b23a9b799
2025-11-11T01:48:23.8663657Z ##[group]Run actions/setup-python@v6
2025-11-11T01:48:23.8664021Z with:
2025-11-11T01:48:23.8664251Z   check-latest: false
2025-11-11T01:48:23.8664644Z   token: ***
2025-11-11T01:48:23.8664877Z   update-environment: true
2025-11-11T01:48:23.8665141Z   allow-prereleases: false
2025-11-11T01:48:23.8665385Z   freethreaded: false
2025-11-11T01:48:23.8665603Z env:
2025-11-11T01:48:23.8665798Z   SKIP_CACHE: 
2025-11-11T01:48:23.8666010Z ##[endgroup]
2025-11-11T01:48:23.9976687Z [warning]Neither 'python-version' nor 'python-version-file' inputs were supplied. Attempting to find '.python-version' file.
2025-11-11T01:48:23.9977945Z [warning].python-version doesn't exist.
2025-11-11T01:48:24.0004707Z ##[warning]The `python-version` input is not set.  The version of Python currently in `PATH` will be used.
2025-11-11T01:48:24.0015614Z (node:2052) [DEP0040] DeprecationWarning: The `punycode` module is deprecated. Please use a userland alternative instead.
2025-11-11T01:48:24.0016910Z (Use `node --trace-deprecation ...` to show where the warning was created)
2025-11-11T01:48:24.0131059Z ##[group]Run version=$(python --version)
2025-11-11T01:48:24.0131590Z [36;1mversion=$(python --version)[0m
2025-11-11T01:48:24.0131936Z [36;1mecho "::notice::Using python version: $version"[0m
2025-11-11T01:48:24.0132383Z [36;1mpip install "pip<25.3" # Temporary pin to avoid issues with pip 25.3+[0m
2025-11-11T01:48:24.0132796Z [36;1mpip_version=$(pip --version)[0m
2025-11-11T01:48:24.0133328Z [36;1mecho "::notice::Using pip version: $pip_version"[0m
2025-11-11T01:48:24.0133678Z [36;1mpip install pip-tools[0m
2025-11-11T01:48:24.0133988Z [36;1mpip_compile_version=$(pip-compile --version)[0m
2025-11-11T01:48:24.0134399Z [36;1mecho "::notice::Using pip-compile version: $pip_compile_version"[0m
2025-11-11T01:48:24.0172025Z shell: /usr/bin/bash --noprofile --norc -e -o pipefail {0}
2025-11-11T01:48:24.0172394Z env:
2025-11-11T01:48:24.0172605Z   SKIP_CACHE: 
2025-11-11T01:48:24.0172811Z ##[endgroup]
2025-11-11T01:48:24.0265429Z ##[notice]Using python version: Python 3.12.3
2025-11-11T01:48:25.6312003Z Defaulting to user installation because normal site-packages is not writeable
2025-11-11T01:48:26.7902351Z Requirement already satisfied: pip<25.3 in /usr/lib/python3/dist-packages (24.0)
2025-11-11T01:48:27.3544923Z ##[notice]Using pip version: pip 24.0 from /usr/lib/python3/dist-packages/pip (python 3.12)
2025-11-11T01:48:27.6161309Z Defaulting to user installation because normal site-packages is not writeable
2025-11-11T01:48:28.3314381Z Collecting pip-tools
2025-11-11T01:48:28.4128226Z   Downloading pip_tools-7.5.1-py3-none-any.whl.metadata (26 kB)
2025-11-11T01:48:28.5503812Z Collecting build>=1.0.0 (from pip-tools)
2025-11-11T01:48:28.5699376Z   Downloading build-1.3.0-py3-none-any.whl.metadata (5.6 kB)
2025-11-11T01:48:28.5748130Z Requirement already satisfied: click>=8 in /usr/lib/python3/dist-packages (from pip-tools) (8.1.6)
2025-11-11T01:48:28.5757753Z Requirement already satisfied: pip>=22.2 in /usr/lib/python3/dist-packages (from pip-tools) (24.0)
2025-11-11T01:48:28.7140336Z Collecting pyproject_hooks (from pip-tools)
2025-11-11T01:48:28.7334820Z   Downloading pyproject_hooks-1.2.0-py3-none-any.whl.metadata (1.3 kB)
2025-11-11T01:48:28.7378337Z Requirement already satisfied: setuptools in /usr/lib/python3/dist-packages (from pip-tools) (68.1.2)
2025-11-11T01:48:28.7385142Z Requirement already satisfied: wheel in /usr/lib/python3/dist-packages (from pip-tools) (0.42.0)
2025-11-11T01:48:28.7481918Z Requirement already satisfied: packaging>=19.1 in /usr/lib/python3/dist-packages (from build>=1.0.0->pip-tools) (24.0)
2025-11-11T01:48:28.7744676Z Downloading pip_tools-7.5.1-py3-none-any.whl (65 kB)
2025-11-11T01:48:28.7967733Z    ━━━━━━━━━━━━━━━━━━━━━━━━━━━━━━━━━━━━━━━━ 65.3/65.3 kB 2.9 MB/s eta 0:00:00
2025-11-11T01:48:28.8163879Z Downloading build-1.3.0-py3-none-any.whl (23 kB)
2025-11-11T01:48:28.8381309Z Downloading pyproject_hooks-1.2.0-py3-none-any.whl (10 kB)
2025-11-11T01:48:29.0886229Z Installing collected packages: pyproject_hooks, build, pip-tools
2025-11-11T01:48:29.1574848Z Successfully installed build-1.3.0 pip-tools-7.5.1 pyproject_hooks-1.2.0
2025-11-11T01:48:29.6573687Z ##[notice]Using pip-compile version: pip-compile, version 7.5.1
2025-11-11T01:48:29.6628994Z ##[group]Run if [[ -n "" ]]; then
2025-11-11T01:48:29.6629308Z [36;1mif [[ -n "" ]]; then[0m
2025-11-11T01:48:29.6629703Z [36;1m  echo "Python cache disabled via 'GH_DEPENDENCY_SUBMISSION_SKIP_CACHE'"[0m
2025-11-11T01:48:29.6630295Z [36;1melse[0m
2025-11-11T01:48:29.6630708Z [36;1m  echo "Caching Python packages. Set 'GH_DEPENDENCY_SUBMISSION_SKIP_CACHE=true' to skip caching in future."[0m
2025-11-11T01:48:29.6631172Z [36;1mfi[0m
2025-11-11T01:48:29.6665051Z shell: /usr/bin/bash -e {0}
2025-11-11T01:48:29.6665359Z env:
2025-11-11T01:48:29.6665561Z   SKIP_CACHE: 
2025-11-11T01:48:29.6665759Z ##[endgroup]
2025-11-11T01:48:29.6719031Z Caching Python packages. Set 'GH_DEPENDENCY_SUBMISSION_SKIP_CACHE=true' to skip caching in future.
2025-11-11T01:48:29.8432502Z ##[group]Run actions/cache@0057852bfaa89a56745cba8c7296529d2fc39830
2025-11-11T01:48:29.8433343Z with:
2025-11-11T01:48:29.8433617Z   path: ~/.cache/pip
2025-11-11T01:48:29.8434014Z   key: Linux-pip-python-933f3af192ad631118b3e297ab52aaed5541608dfe715694932b3d37f62acea2
2025-11-11T01:48:29.8434482Z   restore-keys: Linux-python-

2025-11-11T01:48:29.8434736Z   enableCrossOsArchive: false
2025-11-11T01:48:29.8434980Z   fail-on-cache-miss: false
2025-11-11T01:48:29.8435216Z   lookup-only: false
2025-11-11T01:48:29.8435402Z   save-always: false
2025-11-11T01:48:29.8435570Z env:
2025-11-11T01:48:29.8435724Z   SKIP_CACHE: 
2025-11-11T01:48:29.8435885Z ##[endgroup]
2025-11-11T01:48:30.1795203Z Cache hit for: Linux-pip-python-933f3af192ad631118b3e297ab52aaed5541608dfe715694932b3d37f62acea2
2025-11-11T01:48:30.6342237Z Received 5373244 of 5373244 (100.0%), 14.9 MBs/sec
2025-11-11T01:48:30.6343109Z Cache Size: ~5 MB (5373244 B)
2025-11-11T01:48:30.6375259Z [command]/usr/bin/tar -xf /home/runner/work/_temp/00c726fb-5bf5-4eab-8234-8bf8d97af1f2/cache.tzst -P -C /home/runner/work/scratchattach/scratchattach --use-compress-program unzstd
2025-11-11T01:48:30.6613917Z Cache restored successfully
2025-11-11T01:48:30.6709224Z Cache restored from key: Linux-pip-python-933f3af192ad631118b3e297ab52aaed5541608dfe715694932b3d37f62acea2
2025-11-11T01:48:30.6797251Z ##[group]Run if pip-compile --dry-run -o requirements.out requirements.txt; then
2025-11-11T01:48:30.6797844Z [36;1mif pip-compile --dry-run -o requirements.out requirements.txt; then[0m
2025-11-11T01:48:30.6798265Z [36;1m  echo "::debug::Python validate no broken dependencies"[0m
2025-11-11T01:48:30.6798623Z [36;1m  echo "{valid-project}={true}" >> "$GITHUB_OUTPUT"[0m
2025-11-11T01:48:30.6798904Z [36;1melse[0m
2025-11-11T01:48:30.6799138Z [36;1m  echo "{valid-project}={false}" >> "$GITHUB_OUTPUT"[0m
2025-11-11T01:48:30.6799577Z [36;1m  echo "### :warning: Python validation failed in repository root" >> $GITHUB_STEP_SUMMARY[0m
2025-11-11T01:48:30.6800435Z [36;1m  echo "We were unable to validate a Python project in the repository root. If your repository requires additional setup steps, you may need to check in your own workflow." >> $GITHUB_STEP_SUMMARY[0m
2025-11-11T01:48:30.6801144Z [36;1m  echo "" >> $GITHUB_STEP_SUMMARY[0m
2025-11-11T01:48:30.6802055Z [36;1m  echo "For more information on submitting Python dependencies from your own workflow, refer to [the submission action](https://github.com/actions/component-detection-dependency-submission-action)" >> $GITHUB_STEP_SUMMARY[0m
2025-11-11T01:48:30.6803644Z [36;1m  echo "::warning::Python validation failed in the repository root."[0m
2025-11-11T01:48:30.6804041Z [36;1m  exit 1[0m
2025-11-11T01:48:30.6804222Z [36;1mfi[0m
2025-11-11T01:48:30.6836777Z shell: /usr/bin/bash -e {0}
2025-11-11T01:48:30.6837004Z env:
2025-11-11T01:48:30.6837172Z   SKIP_CACHE: 
2025-11-11T01:48:30.6837351Z ##[endgroup]
2025-11-11T01:48:31.6478850Z   ERROR: Ignored the following yanked versions: 0.9.98, 1.0.7, 1.1.8, 1.2.1, 1.2.2, 1.2.4, 1.2.8, 1.4.0, 1.4.1, 1.4.2, 1.4.3
2025-11-11T01:48:31.6483629Z   ERROR: Could not find a version that satisfies the requirement scratchattach==2.1.14 (from versions: 0.4.2, 0.4.3, 0.4.4, 0.4.5, 0.4.6, 0.4.7, 0.4.8, 0.4.9, 0.5.1, 0.5.3, 0.5.4, 0.5.5, 0.5.6, 0.5.7, 0.5.8, 0.5.9, 0.6.0, 0.6.1, 0.6.2, 0.6.3, 0.6.4, 0.6.5, 0.6.6, 0.6.7, 0.6.8, 0.6.9, 0.7.0, 0.7.1, 0.7.2, 0.7.4, 0.7.5, 0.7.6, 0.7.7, 0.7.8, 0.7.9, 0.8.0, 0.8.3, 0.8.4, 0.8.5, 0.8.6, 0.8.8, 0.8.9, 0.9.0, 0.9.1, 0.9.2, 0.9.3, 0.9.5, 0.9.6, 0.9.7, 0.9.8, 0.9.9, 0.9.91, 0.9.92, 0.9.93, 0.9.94, 0.9.95, 0.9.96, 0.9.97, 0.9.99, 1.0.1, 1.0.2, 1.0.3, 1.0.5, 1.0.6, 1.0.8, 1.0.9, 1.1.0, 1.1.1, 1.1.2, 1.1.3, 1.1.4, 1.1.5, 1.1.6, 1.2.5, 1.2.6, 1.2.7, 1.2.9, 1.3.0, 1.3.2, 1.3.3, 1.3.4, 1.3.5, 1.3.6, 1.3.7, 1.4.4, 1.4.5, 1.4.6, 1.4.7, 1.4.8, 1.4.9, 1.5.0, 1.5.1, 1.5.2, 1.5.3, 1.5.4, 1.5.5, 1.5.6, 1.5.7, 1.5.9, 1.6.0, 1.6.1, 1.6.2, 1.6.3, 1.6.4, 1.6.5, 1.6.6, 1.6.7, 1.6.8, 1.6.9, 1.7.0, 1.7.1, 1.7.2, 1.7.3, 1.7.4, 2.0.5, 2.0.6, 2.0.7, 2.0.8, 2.0.9, 2.1.2, 2.1.3, 2.1.4, 2.1.5, 2.1.6, 2.1.7, 2.1.8, 2.1.9, 2.1.10a0, 2.1.10a1, 2.1.10a2, 2.1.10a3, 2.1.10, 2.1.11, 2.1.12, 2.1.13)
2025-11-11T01:48:31.6780804Z Traceback (most recent call last):
2025-11-11T01:48:31.6788411Z   File "/usr/lib/python3/dist-packages/pip/_vendor/resolvelib/resolvers.py", line 397, in resolve
2025-11-11T01:48:31.6900587Z     self._add_to_criteria(self.state.criteria, r, parent=None)
2025-11-11T01:48:31.6901702Z   File "/usr/lib/python3/dist-packages/pip/_vendor/resolvelib/resolvers.py", line 174, in _add_to_criteria
2025-11-11T01:48:31.6902487Z     raise RequirementsConflicted(criterion)
2025-11-11T01:48:31.6903560Z pip._vendor.resolvelib.resolvers.RequirementsConflicted: Requirements conflict: SpecifierRequirement('scratchattach==2.1.14')
2025-11-11T01:48:31.6904286Z 
2025-11-11T01:48:31.6904506Z During handling of the above exception, another exception occurred:
2025-11-11T01:48:31.6904844Z 
2025-11-11T01:48:31.6904958Z Traceback (most recent call last):
2025-11-11T01:48:31.6905616Z   File "/usr/lib/python3/dist-packages/pip/_internal/resolution/resolvelib/resolver.py", line 95, in resolve
2025-11-11T01:48:31.7185589Z     result = self._result = resolver.resolve(
2025-11-11T01:48:31.7186019Z                             ^^^^^^^^^^^^^^^^^
2025-11-11T01:48:31.7187121Z   File "/usr/lib/python3/dist-packages/pip/_vendor/resolvelib/resolvers.py", line 546, in resolve
2025-11-11T01:48:31.7188014Z     state = resolution.resolve(requirements, max_rounds=max_rounds)
2025-11-11T01:48:31.7188463Z             ^^^^^^^^^^^^^^^^^^^^^^^^^^^^^^^^^^^^^^^^^^^^^^^^^^^^^^^
2025-11-11T01:48:31.7189222Z   File "/usr/lib/python3/dist-packages/pip/_vendor/resolvelib/resolvers.py", line 399, in resolve
2025-11-11T01:48:31.7190204Z     raise ResolutionImpossible(e.criterion.information)
2025-11-11T01:48:31.7191359Z pip._vendor.resolvelib.resolvers.ResolutionImpossible: [RequirementInformation(requirement=SpecifierRequirement('scratchattach==2.1.14'), parent=None)]
2025-11-11T01:48:31.7192138Z 
2025-11-11T01:48:31.7192357Z The above exception was the direct cause of the following exception:
2025-11-11T01:48:31.7192694Z 
2025-11-11T01:48:31.7192813Z Traceback (most recent call last):
2025-11-11T01:48:31.7193454Z   File "/home/runner/.local/bin/pip-compile", line 8, in <module>
2025-11-11T01:48:31.7193864Z     sys.exit(cli())
2025-11-11T01:48:31.7194101Z              ^^^^^
2025-11-11T01:48:31.7194520Z   File "/usr/lib/python3/dist-packages/click/core.py", line 1157, in __call__
2025-11-11T01:48:31.7424517Z     return self.main(*args, **kwargs)
2025-11-11T01:48:31.7424957Z            ^^^^^^^^^^^^^^^^^^^^^^^^^^
2025-11-11T01:48:31.7425590Z   File "/usr/lib/python3/dist-packages/click/core.py", line 1078, in main
2025-11-11T01:48:31.7426734Z     rv = self.invoke(ctx)
2025-11-11T01:48:31.7427100Z          ^^^^^^^^^^^^^^^^
2025-11-11T01:48:31.7427649Z   File "/usr/lib/python3/dist-packages/click/core.py", line 1434, in invoke
2025-11-11T01:48:31.7429751Z     return ctx.invoke(self.callback, **ctx.params)
2025-11-11T01:48:31.7430204Z            ^^^^^^^^^^^^^^^^^^^^^^^^^^^^^^^^^^^^^^^
2025-11-11T01:48:31.7430774Z   File "/usr/lib/python3/dist-packages/click/core.py", line 783, in invoke
2025-11-11T01:48:31.7431519Z     return __callback(*args, **kwargs)
2025-11-11T01:48:31.7431930Z            ^^^^^^^^^^^^^^^^^^^^^^^^^^^
2025-11-11T01:48:31.7432528Z   File "/usr/lib/python3/dist-packages/click/decorators.py", line 33, in new_func
2025-11-11T01:48:31.7558864Z     return f(get_current_context(), *args, **kwargs)
2025-11-11T01:48:31.7559712Z            ^^^^^^^^^^^^^^^^^^^^^^^^^^^^^^^^^^^^^^^^^
2025-11-11T01:48:31.7560821Z   File "/home/runner/.local/lib/python3.12/site-packages/piptools/scripts/compile.py", line 479, in cli
2025-11-11T01:48:31.7561598Z     results = resolver.resolve(max_rounds=max_rounds)
2025-11-11T01:48:31.7562022Z               ^^^^^^^^^^^^^^^^^^^^^^^^^^^^^^^^^^^^^^^
2025-11-11T01:48:31.7563243Z   File "/home/runner/.local/lib/python3.12/site-packages/piptools/resolver.py", line 635, in resolve
2025-11-11T01:48:31.7563951Z     is_resolved = self._do_resolve(
2025-11-11T01:48:31.7564316Z                   ^^^^^^^^^^^^^^^^^
2025-11-11T01:48:31.7565406Z   File "/home/runner/.local/lib/python3.12/site-packages/piptools/resolver.py", line 670, in _do_resolve
2025-11-11T01:48:31.7566214Z     resolver.resolve(
2025-11-11T01:48:31.7566886Z   File "/usr/lib/python3/dist-packages/pip/_internal/resolution/resolvelib/resolver.py", line 104, in resolve
2025-11-11T01:48:31.7567592Z     raise error from e
2025-11-11T01:48:31.7568217Z pip._internal.exceptions.DistributionNotFound: No matching distribution found for scratchattach==2.1.14
2025-11-11T01:48:31.8184818Z ##[warning]Python validation failed in the repository root.
2025-11-11T01:48:31.8189654Z ##[error]Process completed with exit code 1.
2025-11-11T01:48:31.8280131Z Post job cleanup.
2025-11-11T01:48:31.9061254Z [command]/usr/bin/git version
2025-11-11T01:48:31.9129914Z git version 2.51.2
2025-11-11T01:48:31.9166526Z Temporarily overriding HOME='/home/runner/work/_temp/6ca5f8ff-9562-4f20-9db1-98f88e2b36b3' before making global git config changes
2025-11-11T01:48:31.9167660Z Adding repository directory to the temporary git global config as a safe directory
2025-11-11T01:48:31.9172080Z [command]/usr/bin/git config --global --add safe.directory /home/runner/work/scratchattach/scratchattach
2025-11-11T01:48:31.9210145Z [command]/usr/bin/git config --local --name-only --get-regexp core\.sshCommand
2025-11-11T01:48:31.9244169Z [command]/usr/bin/git submodule foreach --recursive sh -c "git config --local --name-only --get-regexp 'core\.sshCommand' && git config --local --unset-all 'core.sshCommand' || :"
2025-11-11T01:48:31.9480029Z [command]/usr/bin/git config --local --name-only --get-regexp http\.https\:\/\/github\.com\/\.extraheader
2025-11-11T01:48:31.9505078Z http.https://github.com/.extraheader
2025-11-11T01:48:31.9516483Z [command]/usr/bin/git config --local --unset-all http.https://github.com/.extraheader
2025-11-11T01:48:31.9547696Z [command]/usr/bin/git submodule foreach --recursive sh -c "git config --local --name-only --get-regexp 'http\.https\:\/\/github\.com\/\.extraheader' && git config --local --unset-all 'http.https://github.com/.extraheader' || :"
2025-11-11T01:48:31.9900474Z Cleaning up orphan processes
