2025-11-07T01:46:31.1353201Z Current runner version: '2.329.0'
2025-11-07T01:46:31.1375739Z ##[group]Runner Image Provisioner
2025-11-07T01:46:31.1376556Z Hosted Compute Agent
2025-11-07T01:46:31.1377175Z Version: 20251016.436
2025-11-07T01:46:31.1377816Z Commit: 8ab8ac8bfd662a3739dab9fe09456aba92132568
2025-11-07T01:46:31.1378469Z Build Date: 2025-10-15T20:44:12Z
2025-11-07T01:46:31.1379102Z ##[endgroup]
2025-11-07T01:46:31.1379647Z ##[group]Operating System
2025-11-07T01:46:31.1380206Z Ubuntu
2025-11-07T01:46:31.1380831Z 24.04.3
2025-11-07T01:46:31.1381436Z LTS
2025-11-07T01:46:31.1381918Z ##[endgroup]
2025-11-07T01:46:31.1382383Z ##[group]Runner Image
2025-11-07T01:46:31.1383042Z Image: ubuntu-24.04
2025-11-07T01:46:31.1383543Z Version: 20251102.99.1
2025-11-07T01:46:31.1384521Z Included Software: https://github.com/actions/runner-images/blob/ubuntu24/20251102.99/images/ubuntu/Ubuntu2404-Readme.md
2025-11-07T01:46:31.1386073Z Image Release: https://github.com/actions/runner-images/releases/tag/ubuntu24%2F20251102.99
2025-11-07T01:46:31.1387107Z ##[endgroup]
2025-11-07T01:46:31.1388171Z ##[group]GITHUB_TOKEN Permissions
2025-11-07T01:46:31.1389898Z Contents: write
2025-11-07T01:46:31.1390560Z Metadata: read
2025-11-07T01:46:31.1391241Z ##[endgroup]
2025-11-07T01:46:31.1393187Z Secret source: Actions
2025-11-07T01:46:31.1393930Z Prepare workflow directory
2025-11-07T01:46:31.1881815Z Prepare all required actions
2025-11-07T01:46:31.1925070Z Getting action download info
2025-11-07T01:46:31.6927188Z Download action repository 'actions/checkout@ff7abcd0c3c05ccf6adc123a8cd1fd4fb30fb493' (SHA:ff7abcd0c3c05ccf6adc123a8cd1fd4fb30fb493)
2025-11-07T01:46:31.9387111Z Download action repository 'actions/setup-python@v6' (SHA:e797f83bcb11b83ae66e0230d6156d7c80228e7c)
2025-11-07T01:46:32.0679192Z Download action repository 'actions/cache@0057852bfaa89a56745cba8c7296529d2fc39830' (SHA:0057852bfaa89a56745cba8c7296529d2fc39830)
2025-11-07T01:46:32.1661458Z Download action repository 'actions/component-detection-dependency-submission-action@374343effede691df3a5ffaf36b4e7acab919590' (SHA:374343effede691df3a5ffaf36b4e7acab919590)
2025-11-07T01:46:32.7617796Z Complete job name: submit-pypi
2025-11-07T01:46:32.8248672Z ##[group]Run actions/checkout@ff7abcd0c3c05ccf6adc123a8cd1fd4fb30fb493
2025-11-07T01:46:32.8249733Z with:
2025-11-07T01:46:32.8250138Z   ref: refs/heads/main
2025-11-07T01:46:32.8250764Z   repository: Boss-1s/scratchattach
2025-11-07T01:46:32.8251456Z   token: ***
2025-11-07T01:46:32.8251896Z   ssh-strict: true
2025-11-07T01:46:32.8252338Z   ssh-user: git
2025-11-07T01:46:32.8252788Z   persist-credentials: true
2025-11-07T01:46:32.8253271Z   clean: true
2025-11-07T01:46:32.8253698Z   sparse-checkout-cone-mode: true
2025-11-07T01:46:32.8254230Z   fetch-depth: 1
2025-11-07T01:46:32.8254646Z   fetch-tags: false
2025-11-07T01:46:32.8255069Z   show-progress: true
2025-11-07T01:46:32.8255501Z   lfs: false
2025-11-07T01:46:32.8255897Z   submodules: false
2025-11-07T01:46:32.8256334Z   set-safe-directory: true
2025-11-07T01:46:32.8257025Z env:
2025-11-07T01:46:32.8257462Z   SKIP_CACHE: 
2025-11-07T01:46:32.8257868Z ##[endgroup]
2025-11-07T01:46:32.9168390Z Syncing repository: Boss-1s/scratchattach
2025-11-07T01:46:32.9170224Z ##[group]Getting Git version info
2025-11-07T01:46:32.9171216Z Working directory is '/home/runner/work/scratchattach/scratchattach'
2025-11-07T01:46:32.9172299Z [command]/usr/bin/git version
2025-11-07T01:46:32.9217602Z git version 2.51.2
2025-11-07T01:46:32.9238872Z ##[endgroup]
2025-11-07T01:46:32.9252906Z Temporarily overriding HOME='/home/runner/work/_temp/4de4948d-19e1-4cd2-a7a2-d3ef83cffdb4' before making global git config changes
2025-11-07T01:46:32.9254971Z Adding repository directory to the temporary git global config as a safe directory
2025-11-07T01:46:32.9258713Z [command]/usr/bin/git config --global --add safe.directory /home/runner/work/scratchattach/scratchattach
2025-11-07T01:46:32.9295722Z Deleting the contents of '/home/runner/work/scratchattach/scratchattach'
2025-11-07T01:46:32.9299455Z ##[group]Initializing the repository
2025-11-07T01:46:32.9304860Z [command]/usr/bin/git init /home/runner/work/scratchattach/scratchattach
2025-11-07T01:46:32.9402373Z hint: Using 'master' as the name for the initial branch. This default branch name
2025-11-07T01:46:32.9403893Z hint: is subject to change. To configure the initial branch name to use in all
2025-11-07T01:46:32.9405374Z hint: of your new repositories, which will suppress this warning, call:
2025-11-07T01:46:32.9406248Z hint:
2025-11-07T01:46:32.9406968Z hint: 	git config --global init.defaultBranch <name>
2025-11-07T01:46:32.9408147Z hint:
2025-11-07T01:46:32.9409307Z hint: Names commonly chosen instead of 'master' are 'main', 'trunk' and
2025-11-07T01:46:32.9411379Z hint: 'development'. The just-created branch can be renamed via this command:
2025-11-07T01:46:32.9412869Z hint:
2025-11-07T01:46:32.9413596Z hint: 	git branch -m <name>
2025-11-07T01:46:32.9414455Z hint:
2025-11-07T01:46:32.9415602Z hint: Disable this message with "git config set advice.defaultBranchName false"
2025-11-07T01:46:32.9417825Z Initialized empty Git repository in /home/runner/work/scratchattach/scratchattach/.git/
2025-11-07T01:46:32.9421278Z [command]/usr/bin/git remote add origin https://github.com/Boss-1s/scratchattach
2025-11-07T01:46:32.9452843Z ##[endgroup]
2025-11-07T01:46:32.9454179Z ##[group]Disabling automatic garbage collection
2025-11-07T01:46:32.9457158Z [command]/usr/bin/git config --local gc.auto 0
2025-11-07T01:46:32.9485749Z ##[endgroup]
2025-11-07T01:46:32.9487128Z ##[group]Setting up auth
2025-11-07T01:46:32.9493328Z [command]/usr/bin/git config --local --name-only --get-regexp core\.sshCommand
2025-11-07T01:46:32.9524401Z [command]/usr/bin/git submodule foreach --recursive sh -c "git config --local --name-only --get-regexp 'core\.sshCommand' && git config --local --unset-all 'core.sshCommand' || :"
2025-11-07T01:46:32.9839894Z [command]/usr/bin/git config --local --name-only --get-regexp http\.https\:\/\/github\.com\/\.extraheader
2025-11-07T01:46:32.9869659Z [command]/usr/bin/git submodule foreach --recursive sh -c "git config --local --name-only --get-regexp 'http\.https\:\/\/github\.com\/\.extraheader' && git config --local --unset-all 'http.https://github.com/.extraheader' || :"
2025-11-07T01:46:33.0090028Z [command]/usr/bin/git config --local http.https://github.com/.extraheader AUTHORIZATION: basic ***
2025-11-07T01:46:33.0126297Z ##[endgroup]
2025-11-07T01:46:33.0127072Z ##[group]Fetching the repository
2025-11-07T01:46:33.0135378Z [command]/usr/bin/git -c protocol.version=2 fetch --no-tags --prune --no-recurse-submodules --depth=1 origin +refs/heads/main:refs/remotes/origin/main
2025-11-07T01:46:34.2469341Z From https://github.com/Boss-1s/scratchattach
2025-11-07T01:46:34.2471078Z  * [new branch]      main       -> origin/main
2025-11-07T01:46:34.2501320Z ##[endgroup]
2025-11-07T01:46:34.2503140Z ##[group]Determining the checkout info
2025-11-07T01:46:34.2505172Z ##[endgroup]
2025-11-07T01:46:34.2509512Z [command]/usr/bin/git sparse-checkout disable
2025-11-07T01:46:34.2551160Z [command]/usr/bin/git config --local --unset-all extensions.worktreeConfig
2025-11-07T01:46:34.2578298Z ##[group]Checking out the ref
2025-11-07T01:46:34.2583101Z [command]/usr/bin/git checkout --progress --force -B main refs/remotes/origin/main
2025-11-07T01:46:34.6073981Z Switched to a new branch 'main'
2025-11-07T01:46:34.6075687Z branch 'main' set up to track 'origin/main'.
2025-11-07T01:46:34.6118096Z ##[endgroup]
2025-11-07T01:46:34.6162135Z [command]/usr/bin/git log -1 --format=%H
2025-11-07T01:46:34.6187052Z 6f61ec028659277054e32f1fe068917ba7406e85
2025-11-07T01:46:34.6491928Z ##[group]Run actions/setup-python@v6
2025-11-07T01:46:34.6493159Z with:
2025-11-07T01:46:34.6494011Z   check-latest: false
2025-11-07T01:46:34.6495261Z   token: ***
2025-11-07T01:46:34.6496176Z   update-environment: true
2025-11-07T01:46:34.6497193Z   allow-prereleases: false
2025-11-07T01:46:34.6498194Z   freethreaded: false
2025-11-07T01:46:34.6499078Z env:
2025-11-07T01:46:34.6499841Z   SKIP_CACHE: 
2025-11-07T01:46:34.6500928Z ##[endgroup]
2025-11-07T01:46:34.7778613Z [warning]Neither 'python-version' nor 'python-version-file' inputs were supplied. Attempting to find '.python-version' file.
2025-11-07T01:46:34.7784395Z (node:2048) [DEP0040] DeprecationWarning: The `punycode` module is deprecated. Please use a userland alternative instead.
2025-11-07T01:46:34.7788843Z (Use `node --trace-deprecation ...` to show where the warning was created)
2025-11-07T01:46:34.7791842Z [warning].python-version doesn't exist.
2025-11-07T01:46:34.7815329Z ##[warning]The `python-version` input is not set.  The version of Python currently in `PATH` will be used.
2025-11-07T01:46:34.7948726Z ##[group]Run version=$(python --version)
2025-11-07T01:46:34.7950015Z [36;1mversion=$(python --version)[0m
2025-11-07T01:46:34.7951597Z [36;1mecho "::notice::Using python version: $version"[0m
2025-11-07T01:46:34.7953308Z [36;1mpip install "pip<25.3" # Temporary pin to avoid issues with pip 25.3+[0m
2025-11-07T01:46:34.7954882Z [36;1mpip_version=$(pip --version)[0m
2025-11-07T01:46:34.7956172Z [36;1mecho "::notice::Using pip version: $pip_version"[0m
2025-11-07T01:46:34.7957493Z [36;1mpip install pip-tools[0m
2025-11-07T01:46:34.7958654Z [36;1mpip_compile_version=$(pip-compile --version)[0m
2025-11-07T01:46:34.7960271Z [36;1mecho "::notice::Using pip-compile version: $pip_compile_version"[0m
2025-11-07T01:46:34.8000777Z shell: /usr/bin/bash --noprofile --norc -e -o pipefail {0}
2025-11-07T01:46:34.8002141Z env:
2025-11-07T01:46:34.8002872Z   SKIP_CACHE: 
2025-11-07T01:46:34.8003646Z ##[endgroup]
2025-11-07T01:46:34.8103216Z ##[notice]Using python version: Python 3.12.3
2025-11-07T01:46:44.3236814Z Defaulting to user installation because normal site-packages is not writeable
2025-11-07T01:46:47.2261375Z Requirement already satisfied: pip<25.3 in /usr/lib/python3/dist-packages (24.0)
2025-11-07T01:46:48.0964421Z ##[notice]Using pip version: pip 24.0 from /usr/lib/python3/dist-packages/pip (python 3.12)
2025-11-07T01:46:48.3589234Z Defaulting to user installation because normal site-packages is not writeable
2025-11-07T01:46:49.0731765Z Collecting pip-tools
2025-11-07T01:46:49.1031394Z   Downloading pip_tools-7.5.1-py3-none-any.whl.metadata (26 kB)
2025-11-07T01:46:49.1398115Z Collecting build>=1.0.0 (from pip-tools)
2025-11-07T01:46:49.1419594Z   Downloading build-1.3.0-py3-none-any.whl.metadata (5.6 kB)
2025-11-07T01:46:49.1464176Z Requirement already satisfied: click>=8 in /usr/lib/python3/dist-packages (from pip-tools) (8.1.6)
2025-11-07T01:46:49.1473499Z Requirement already satisfied: pip>=22.2 in /usr/lib/python3/dist-packages (from pip-tools) (24.0)
2025-11-07T01:46:49.1590765Z Collecting pyproject_hooks (from pip-tools)
2025-11-07T01:46:49.1612011Z   Downloading pyproject_hooks-1.2.0-py3-none-any.whl.metadata (1.3 kB)
2025-11-07T01:46:49.1650925Z Requirement already satisfied: setuptools in /usr/lib/python3/dist-packages (from pip-tools) (68.1.2)
2025-11-07T01:46:49.1657772Z Requirement already satisfied: wheel in /usr/lib/python3/dist-packages (from pip-tools) (0.42.0)
2025-11-07T01:46:49.1744291Z Requirement already satisfied: packaging>=19.1 in /usr/lib/python3/dist-packages (from build>=1.0.0->pip-tools) (24.0)
2025-11-07T01:46:49.1832673Z Downloading pip_tools-7.5.1-py3-none-any.whl (65 kB)
2025-11-07T01:46:49.1920013Z    ━━━━━━━━━━━━━━━━━━━━━━━━━━━━━━━━━━━━━━━━ 65.3/65.3 kB 8.7 MB/s eta 0:00:00
2025-11-07T01:46:49.1942783Z Downloading build-1.3.0-py3-none-any.whl (23 kB)
2025-11-07T01:46:49.1983760Z Downloading pyproject_hooks-1.2.0-py3-none-any.whl (10 kB)
2025-11-07T01:46:49.4607162Z Installing collected packages: pyproject_hooks, build, pip-tools
2025-11-07T01:46:49.5337835Z Successfully installed build-1.3.0 pip-tools-7.5.1 pyproject_hooks-1.2.0
2025-11-07T01:46:50.1980143Z ##[notice]Using pip-compile version: pip-compile, version 7.5.1
2025-11-07T01:46:50.2030212Z ##[group]Run if [[ -n "" ]]; then
2025-11-07T01:46:50.2030509Z [36;1mif [[ -n "" ]]; then[0m
2025-11-07T01:46:50.2031006Z [36;1m  echo "Python cache disabled via 'GH_DEPENDENCY_SUBMISSION_SKIP_CACHE'"[0m
2025-11-07T01:46:50.2031529Z [36;1melse[0m
2025-11-07T01:46:50.2031928Z [36;1m  echo "Caching Python packages. Set 'GH_DEPENDENCY_SUBMISSION_SKIP_CACHE=true' to skip caching in future."[0m
2025-11-07T01:46:50.2032361Z [36;1mfi[0m
2025-11-07T01:46:50.2063627Z shell: /usr/bin/bash -e {0}
2025-11-07T01:46:50.2063849Z env:
2025-11-07T01:46:50.2064002Z   SKIP_CACHE: 
2025-11-07T01:46:50.2064172Z ##[endgroup]
2025-11-07T01:46:50.2113074Z Caching Python packages. Set 'GH_DEPENDENCY_SUBMISSION_SKIP_CACHE=true' to skip caching in future.
2025-11-07T01:46:50.3756619Z ##[group]Run actions/cache@0057852bfaa89a56745cba8c7296529d2fc39830
2025-11-07T01:46:50.3756963Z with:
2025-11-07T01:46:50.3757128Z   path: ~/.cache/pip
2025-11-07T01:46:50.3757514Z   key: Linux-pip-python-933f3af192ad631118b3e297ab52aaed5541608dfe715694932b3d37f62acea2
2025-11-07T01:46:50.3757947Z   restore-keys: Linux-python-

2025-11-07T01:46:50.3758179Z   enableCrossOsArchive: false
2025-11-07T01:46:50.3758390Z   fail-on-cache-miss: false
2025-11-07T01:46:50.3758612Z   lookup-only: false
2025-11-07T01:46:50.3758794Z   save-always: false
2025-11-07T01:46:50.3758954Z env:
2025-11-07T01:46:50.3759102Z   SKIP_CACHE: 
2025-11-07T01:46:50.3759261Z ##[endgroup]
2025-11-07T01:46:50.8314951Z Cache hit for: Linux-pip-python-933f3af192ad631118b3e297ab52aaed5541608dfe715694932b3d37f62acea2
2025-11-07T01:46:52.1388252Z Received 1178940 of 5373244 (21.9%), 1.1 MBs/sec
2025-11-07T01:46:52.4007490Z Received 5373244 of 5373244 (100.0%), 4.1 MBs/sec
2025-11-07T01:46:52.4008647Z Cache Size: ~5 MB (5373244 B)
2025-11-07T01:46:52.4040205Z [command]/usr/bin/tar -xf /home/runner/work/_temp/44739f54-7917-4820-a605-0e53c93cfed3/cache.tzst -P -C /home/runner/work/scratchattach/scratchattach --use-compress-program unzstd
2025-11-07T01:46:52.4286052Z Cache restored successfully
2025-11-07T01:46:52.4385055Z Cache restored from key: Linux-pip-python-933f3af192ad631118b3e297ab52aaed5541608dfe715694932b3d37f62acea2
2025-11-07T01:46:52.4480014Z ##[group]Run if pip-compile --dry-run -o requirements.out requirements.txt; then
2025-11-07T01:46:52.4480837Z [36;1mif pip-compile --dry-run -o requirements.out requirements.txt; then[0m
2025-11-07T01:46:52.4481350Z [36;1m  echo "::debug::Python validate no broken dependencies"[0m
2025-11-07T01:46:52.4481702Z [36;1m  echo "{valid-project}={true}" >> "$GITHUB_OUTPUT"[0m
2025-11-07T01:46:52.4481981Z [36;1melse[0m
2025-11-07T01:46:52.4482208Z [36;1m  echo "{valid-project}={false}" >> "$GITHUB_OUTPUT"[0m
2025-11-07T01:46:52.4482641Z [36;1m  echo "### :warning: Python validation failed in repository root" >> $GITHUB_STEP_SUMMARY[0m
2025-11-07T01:46:52.4483481Z [36;1m  echo "We were unable to validate a Python project in the repository root. If your repository requires additional setup steps, you may need to check in your own workflow." >> $GITHUB_STEP_SUMMARY[0m
2025-11-07T01:46:52.4484193Z [36;1m  echo "" >> $GITHUB_STEP_SUMMARY[0m
2025-11-07T01:46:52.4485106Z [36;1m  echo "For more information on submitting Python dependencies from your own workflow, refer to [the submission action](https://github.com/actions/component-detection-dependency-submission-action)" >> $GITHUB_STEP_SUMMARY[0m
2025-11-07T01:46:52.4486041Z [36;1m  echo "::warning::Python validation failed in the repository root."[0m
2025-11-07T01:46:52.4486363Z [36;1m  exit 1[0m
2025-11-07T01:46:52.4486532Z [36;1mfi[0m
2025-11-07T01:46:52.4517966Z shell: /usr/bin/bash -e {0}
2025-11-07T01:46:52.4518189Z env:
2025-11-07T01:46:52.4518346Z   SKIP_CACHE: 
2025-11-07T01:46:52.4518520Z ##[endgroup]
2025-11-07T01:46:53.4292919Z   ERROR: Ignored the following yanked versions: 0.9.98, 1.0.7, 1.1.8, 1.2.1, 1.2.2, 1.2.4, 1.2.8, 1.4.0, 1.4.1, 1.4.2, 1.4.3
2025-11-07T01:46:53.4296435Z   ERROR: Could not find a version that satisfies the requirement scratchattach==2.1.14 (from versions: 0.4.2, 0.4.3, 0.4.4, 0.4.5, 0.4.6, 0.4.7, 0.4.8, 0.4.9, 0.5.1, 0.5.3, 0.5.4, 0.5.5, 0.5.6, 0.5.7, 0.5.8, 0.5.9, 0.6.0, 0.6.1, 0.6.2, 0.6.3, 0.6.4, 0.6.5, 0.6.6, 0.6.7, 0.6.8, 0.6.9, 0.7.0, 0.7.1, 0.7.2, 0.7.4, 0.7.5, 0.7.6, 0.7.7, 0.7.8, 0.7.9, 0.8.0, 0.8.3, 0.8.4, 0.8.5, 0.8.6, 0.8.8, 0.8.9, 0.9.0, 0.9.1, 0.9.2, 0.9.3, 0.9.5, 0.9.6, 0.9.7, 0.9.8, 0.9.9, 0.9.91, 0.9.92, 0.9.93, 0.9.94, 0.9.95, 0.9.96, 0.9.97, 0.9.99, 1.0.1, 1.0.2, 1.0.3, 1.0.5, 1.0.6, 1.0.8, 1.0.9, 1.1.0, 1.1.1, 1.1.2, 1.1.3, 1.1.4, 1.1.5, 1.1.6, 1.2.5, 1.2.6, 1.2.7, 1.2.9, 1.3.0, 1.3.2, 1.3.3, 1.3.4, 1.3.5, 1.3.6, 1.3.7, 1.4.4, 1.4.5, 1.4.6, 1.4.7, 1.4.8, 1.4.9, 1.5.0, 1.5.1, 1.5.2, 1.5.3, 1.5.4, 1.5.5, 1.5.6, 1.5.7, 1.5.9, 1.6.0, 1.6.1, 1.6.2, 1.6.3, 1.6.4, 1.6.5, 1.6.6, 1.6.7, 1.6.8, 1.6.9, 1.7.0, 1.7.1, 1.7.2, 1.7.3, 1.7.4, 2.0.5, 2.0.6, 2.0.7, 2.0.8, 2.0.9, 2.1.2, 2.1.3, 2.1.4, 2.1.5, 2.1.6, 2.1.7, 2.1.8, 2.1.9, 2.1.10a0, 2.1.10a1, 2.1.10a2, 2.1.10a3, 2.1.10, 2.1.11, 2.1.12, 2.1.13)
2025-11-07T01:46:53.4574262Z Traceback (most recent call last):
2025-11-07T01:46:53.4581157Z   File "/usr/lib/python3/dist-packages/pip/_vendor/resolvelib/resolvers.py", line 397, in resolve
2025-11-07T01:46:53.4793077Z     self._add_to_criteria(self.state.criteria, r, parent=None)
2025-11-07T01:46:53.4794585Z   File "/usr/lib/python3/dist-packages/pip/_vendor/resolvelib/resolvers.py", line 174, in _add_to_criteria
2025-11-07T01:46:53.4795596Z     raise RequirementsConflicted(criterion)
2025-11-07T01:46:53.4796515Z pip._vendor.resolvelib.resolvers.RequirementsConflicted: Requirements conflict: SpecifierRequirement('scratchattach==2.1.14')
2025-11-07T01:46:53.4797268Z 
2025-11-07T01:46:53.4797525Z During handling of the above exception, another exception occurred:
2025-11-07T01:46:53.4797910Z 
2025-11-07T01:46:53.4798042Z Traceback (most recent call last):
2025-11-07T01:46:53.4798817Z   File "/usr/lib/python3/dist-packages/pip/_internal/resolution/resolvelib/resolver.py", line 95, in resolve
2025-11-07T01:46:53.4985623Z     result = self._result = resolver.resolve(
2025-11-07T01:46:53.4986250Z                             ^^^^^^^^^^^^^^^^^
2025-11-07T01:46:53.4992729Z   File "/usr/lib/python3/dist-packages/pip/_vendor/resolvelib/resolvers.py", line 546, in resolve
2025-11-07T01:46:53.4993785Z     state = resolution.resolve(requirements, max_rounds=max_rounds)
2025-11-07T01:46:53.4994489Z             ^^^^^^^^^^^^^^^^^^^^^^^^^^^^^^^^^^^^^^^^^^^^^^^^^^^^^^^
2025-11-07T01:46:53.4995367Z   File "/usr/lib/python3/dist-packages/pip/_vendor/resolvelib/resolvers.py", line 399, in resolve
2025-11-07T01:46:53.4996009Z     raise ResolutionImpossible(e.criterion.information)
2025-11-07T01:46:53.4996862Z pip._vendor.resolvelib.resolvers.ResolutionImpossible: [RequirementInformation(requirement=SpecifierRequirement('scratchattach==2.1.14'), parent=None)]
2025-11-07T01:46:53.4997564Z 
2025-11-07T01:46:53.4997780Z The above exception was the direct cause of the following exception:
2025-11-07T01:46:53.4998088Z 
2025-11-07T01:46:53.4998192Z Traceback (most recent call last):
2025-11-07T01:46:53.4998600Z   File "/home/runner/.local/bin/pip-compile", line 8, in <module>
2025-11-07T01:46:53.4998985Z     sys.exit(cli())
2025-11-07T01:46:53.4999206Z              ^^^^^
2025-11-07T01:46:53.4999591Z   File "/usr/lib/python3/dist-packages/click/core.py", line 1157, in __call__
2025-11-07T01:46:53.5421013Z     return self.main(*args, **kwargs)
2025-11-07T01:46:53.5421621Z            ^^^^^^^^^^^^^^^^^^^^^^^^^^
2025-11-07T01:46:53.5422554Z   File "/usr/lib/python3/dist-packages/click/core.py", line 1078, in main
2025-11-07T01:46:53.5423917Z     rv = self.invoke(ctx)
2025-11-07T01:46:53.5424408Z          ^^^^^^^^^^^^^^^^
2025-11-07T01:46:53.5425261Z   File "/usr/lib/python3/dist-packages/click/core.py", line 1434, in invoke
2025-11-07T01:46:53.5432508Z     return ctx.invoke(self.callback, **ctx.params)
2025-11-07T01:46:53.5433010Z            ^^^^^^^^^^^^^^^^^^^^^^^^^^^^^^^^^^^^^^^
2025-11-07T01:46:53.5433709Z   File "/usr/lib/python3/dist-packages/click/core.py", line 783, in invoke
2025-11-07T01:46:53.5434395Z     return __callback(*args, **kwargs)
2025-11-07T01:46:53.5434795Z            ^^^^^^^^^^^^^^^^^^^^^^^^^^^
2025-11-07T01:46:53.5435242Z   File "/usr/lib/python3/dist-packages/click/decorators.py", line 33, in new_func
2025-11-07T01:46:53.5636565Z     return f(get_current_context(), *args, **kwargs)
2025-11-07T01:46:53.5637229Z            ^^^^^^^^^^^^^^^^^^^^^^^^^^^^^^^^^^^^^^^^^
2025-11-07T01:46:53.5638403Z   File "/home/runner/.local/lib/python3.12/site-packages/piptools/scripts/compile.py", line 479, in cli
2025-11-07T01:46:53.5639606Z     results = resolver.resolve(max_rounds=max_rounds)
2025-11-07T01:46:53.5640292Z               ^^^^^^^^^^^^^^^^^^^^^^^^^^^^^^^^^^^^^^^
2025-11-07T01:46:53.5641772Z   File "/home/runner/.local/lib/python3.12/site-packages/piptools/resolver.py", line 635, in resolve
2025-11-07T01:46:53.5642944Z     is_resolved = self._do_resolve(
2025-11-07T01:46:53.5643368Z                   ^^^^^^^^^^^^^^^^^
2025-11-07T01:46:53.5644258Z   File "/home/runner/.local/lib/python3.12/site-packages/piptools/resolver.py", line 670, in _do_resolve
2025-11-07T01:46:53.5645005Z     resolver.resolve(
2025-11-07T01:46:53.5645806Z   File "/usr/lib/python3/dist-packages/pip/_internal/resolution/resolvelib/resolver.py", line 104, in resolve
2025-11-07T01:46:53.5646584Z     raise error from e
2025-11-07T01:46:53.5647286Z pip._internal.exceptions.DistributionNotFound: No matching distribution found for scratchattach==2.1.14
2025-11-07T01:46:53.6206981Z ##[warning]Python validation failed in the repository root.
2025-11-07T01:46:53.6211985Z ##[error]Process completed with exit code 1.
2025-11-07T01:46:53.6297957Z Post job cleanup.
2025-11-07T01:46:53.7058258Z [command]/usr/bin/git version
2025-11-07T01:46:53.7124401Z git version 2.51.2
2025-11-07T01:46:53.7162262Z Temporarily overriding HOME='/home/runner/work/_temp/60c226e5-29d1-4f26-8f26-0d2cddfd25f6' before making global git config changes
2025-11-07T01:46:53.7163522Z Adding repository directory to the temporary git global config as a safe directory
2025-11-07T01:46:53.7168176Z [command]/usr/bin/git config --global --add safe.directory /home/runner/work/scratchattach/scratchattach
2025-11-07T01:46:53.7203962Z [command]/usr/bin/git config --local --name-only --get-regexp core\.sshCommand
2025-11-07T01:46:53.7235749Z [command]/usr/bin/git submodule foreach --recursive sh -c "git config --local --name-only --get-regexp 'core\.sshCommand' && git config --local --unset-all 'core.sshCommand' || :"
2025-11-07T01:46:53.7461383Z [command]/usr/bin/git config --local --name-only --get-regexp http\.https\:\/\/github\.com\/\.extraheader
2025-11-07T01:46:53.7482429Z http.https://github.com/.extraheader
2025-11-07T01:46:53.7491950Z [command]/usr/bin/git config --local --unset-all http.https://github.com/.extraheader
2025-11-07T01:46:53.7522857Z [command]/usr/bin/git submodule foreach --recursive sh -c "git config --local --name-only --get-regexp 'http\.https\:\/\/github\.com\/\.extraheader' && git config --local --unset-all 'http.https://github.com/.extraheader' || :"
2025-11-07T01:46:53.7846880Z Cleaning up orphan processes
