2026-02-13T13:04:21.7271993Z Current runner version: '2.331.0'
2026-02-13T13:04:21.7300453Z ##[group]Runner Image Provisioner
2026-02-13T13:04:21.7301847Z Hosted Compute Agent
2026-02-13T13:04:21.7302824Z Version: 20260123.484
2026-02-13T13:04:21.7303758Z Commit: 6bd6555ca37d84114959e1c76d2c01448ff61c5d
2026-02-13T13:04:21.7305102Z Build Date: 2026-01-23T19:41:17Z
2026-02-13T13:04:21.7306327Z Worker ID: {08cdf315-9b34-422a-ac6f-6a6379a6268f}
2026-02-13T13:04:21.7307708Z Azure Region: eastus2
2026-02-13T13:04:21.7308726Z ##[endgroup]
2026-02-13T13:04:21.7311288Z ##[group]Operating System
2026-02-13T13:04:21.7312213Z Ubuntu
2026-02-13T13:04:21.7313153Z 24.04.3
2026-02-13T13:04:21.7313903Z LTS
2026-02-13T13:04:21.7314753Z ##[endgroup]
2026-02-13T13:04:21.7315722Z ##[group]Runner Image
2026-02-13T13:04:21.7316623Z Image: ubuntu-24.04
2026-02-13T13:04:21.7317825Z Version: 20260209.23.1
2026-02-13T13:04:21.7319922Z Included Software: https://github.com/actions/runner-images/blob/ubuntu24/20260209.23/images/ubuntu/Ubuntu2404-Readme.md
2026-02-13T13:04:21.7322560Z Image Release: https://github.com/actions/runner-images/releases/tag/ubuntu24%2F20260209.23
2026-02-13T13:04:21.7324146Z ##[endgroup]
2026-02-13T13:04:21.7329000Z ##[group]GITHUB_TOKEN Permissions
2026-02-13T13:04:21.7332604Z Actions: write
2026-02-13T13:04:21.7333448Z ArtifactMetadata: write
2026-02-13T13:04:21.7334431Z Attestations: write
2026-02-13T13:04:21.7335507Z Checks: write
2026-02-13T13:04:21.7336416Z Contents: write
2026-02-13T13:04:21.7337576Z Deployments: write
2026-02-13T13:04:21.7338568Z Discussions: write
2026-02-13T13:04:21.7339559Z Issues: write
2026-02-13T13:04:21.7340363Z Metadata: read
2026-02-13T13:04:21.7341329Z Models: read
2026-02-13T13:04:21.7342256Z Packages: write
2026-02-13T13:04:21.7343165Z Pages: write
2026-02-13T13:04:21.7344222Z PullRequests: write
2026-02-13T13:04:21.7345202Z RepositoryProjects: write
2026-02-13T13:04:21.7346123Z SecurityEvents: write
2026-02-13T13:04:21.7347400Z Statuses: write
2026-02-13T13:04:21.7348309Z ##[endgroup]
2026-02-13T13:04:21.7351784Z Secret source: Actions
2026-02-13T13:04:21.7353326Z Prepare workflow directory
2026-02-13T13:04:21.7811264Z Prepare all required actions
2026-02-13T13:04:21.7867645Z Getting action download info
2026-02-13T13:04:22.0970658Z Download action repository 'actions/checkout@v6.0.2' (SHA:de0fac2e4500dabe0009e67214ff5f5447ce83dd)
2026-02-13T13:04:22.2719399Z Download action repository 'actions/setup-python@v6.2.0' (SHA:a309ff8b426b58ec0e2a45f0f869d46889d02405)
2026-02-13T13:04:22.4615094Z Complete job name: Run 1
2026-02-13T13:04:22.5328521Z ##[group]Run actions/checkout@v6.0.2
2026-02-13T13:04:22.5329405Z with:
2026-02-13T13:04:22.5329780Z   ref: main
2026-02-13T13:04:22.5330186Z   repository: Boss-1s/scratchattach
2026-02-13T13:04:22.5330886Z   token: ***
2026-02-13T13:04:22.5331276Z   ssh-strict: true
2026-02-13T13:04:22.5331676Z   ssh-user: git
2026-02-13T13:04:22.5332074Z   persist-credentials: true
2026-02-13T13:04:22.5332585Z   clean: true
2026-02-13T13:04:22.5333019Z   sparse-checkout-cone-mode: true
2026-02-13T13:04:22.5333527Z   fetch-depth: 1
2026-02-13T13:04:22.5333920Z   fetch-tags: false
2026-02-13T13:04:22.5334325Z   show-progress: true
2026-02-13T13:04:22.5334728Z   lfs: false
2026-02-13T13:04:22.5335106Z   submodules: false
2026-02-13T13:04:22.5335506Z   set-safe-directory: true
2026-02-13T13:04:22.5336145Z ##[endgroup]
2026-02-13T13:04:22.6296044Z Syncing repository: Boss-1s/scratchattach
2026-02-13T13:04:22.6298538Z ##[group]Getting Git version info
2026-02-13T13:04:22.6299620Z Working directory is '/home/runner/work/scratchattach/scratchattach'
2026-02-13T13:04:22.6300945Z [command]/usr/bin/git version
2026-02-13T13:04:22.6301561Z git version 2.52.0
2026-02-13T13:04:22.6323981Z ##[endgroup]
2026-02-13T13:04:22.6339108Z Temporarily overriding HOME='/home/runner/work/_temp/0024ee56-2fe4-4aa2-b372-6a0e815c1c6a' before making global git config changes
2026-02-13T13:04:22.6340948Z Adding repository directory to the temporary git global config as a safe directory
2026-02-13T13:04:22.6343789Z [command]/usr/bin/git config --global --add safe.directory /home/runner/work/scratchattach/scratchattach
2026-02-13T13:04:22.6386160Z Deleting the contents of '/home/runner/work/scratchattach/scratchattach'
2026-02-13T13:04:22.6389946Z ##[group]Initializing the repository
2026-02-13T13:04:22.6394575Z [command]/usr/bin/git init /home/runner/work/scratchattach/scratchattach
2026-02-13T13:04:22.6504157Z hint: Using 'master' as the name for the initial branch. This default branch name
2026-02-13T13:04:22.6505946Z hint: will change to "main" in Git 3.0. To configure the initial branch name
2026-02-13T13:04:22.6507385Z hint: to use in all of your new repositories, which will suppress this warning,
2026-02-13T13:04:22.6508446Z hint: call:
2026-02-13T13:04:22.6509081Z hint:
2026-02-13T13:04:22.6509798Z hint: 	git config --global init.defaultBranch <name>
2026-02-13T13:04:22.6510452Z hint:
2026-02-13T13:04:22.6511065Z hint: Names commonly chosen instead of 'master' are 'main', 'trunk' and
2026-02-13T13:04:22.6512086Z hint: 'development'. The just-created branch can be renamed via this command:
2026-02-13T13:04:22.6513418Z hint:
2026-02-13T13:04:22.6514214Z hint: 	git branch -m <name>
2026-02-13T13:04:22.6515020Z hint:
2026-02-13T13:04:22.6515906Z hint: Disable this message with "git config set advice.defaultBranchName false"
2026-02-13T13:04:22.6517231Z Initialized empty Git repository in /home/runner/work/scratchattach/scratchattach/.git/
2026-02-13T13:04:22.6519774Z [command]/usr/bin/git remote add origin https://github.com/Boss-1s/scratchattach
2026-02-13T13:04:22.6557104Z ##[endgroup]
2026-02-13T13:04:22.6557841Z ##[group]Disabling automatic garbage collection
2026-02-13T13:04:22.6561838Z [command]/usr/bin/git config --local gc.auto 0
2026-02-13T13:04:22.6591702Z ##[endgroup]
2026-02-13T13:04:22.6592375Z ##[group]Setting up auth
2026-02-13T13:04:22.6593127Z Removing SSH command configuration
2026-02-13T13:04:22.6599608Z [command]/usr/bin/git config --local --name-only --get-regexp core\.sshCommand
2026-02-13T13:04:22.6633277Z [command]/usr/bin/git submodule foreach --recursive sh -c "git config --local --name-only --get-regexp 'core\.sshCommand' && git config --local --unset-all 'core.sshCommand' || :"
2026-02-13T13:04:22.6997283Z Removing HTTP extra header
2026-02-13T13:04:22.7003620Z [command]/usr/bin/git config --local --name-only --get-regexp http\.https\:\/\/github\.com\/\.extraheader
2026-02-13T13:04:22.7045179Z [command]/usr/bin/git submodule foreach --recursive sh -c "git config --local --name-only --get-regexp 'http\.https\:\/\/github\.com\/\.extraheader' && git config --local --unset-all 'http.https://github.com/.extraheader' || :"
2026-02-13T13:04:22.7289817Z Removing includeIf entries pointing to credentials config files
2026-02-13T13:04:22.7300413Z [command]/usr/bin/git config --local --name-only --get-regexp ^includeIf\.gitdir:
2026-02-13T13:04:22.7340660Z [command]/usr/bin/git submodule foreach --recursive git config --local --show-origin --name-only --get-regexp remote.origin.url
2026-02-13T13:04:22.7608089Z [command]/usr/bin/git config --file /home/runner/work/_temp/git-credentials-0278b6b1-7755-42dc-8737-72e854eed118.config http.https://github.com/.extraheader AUTHORIZATION: basic ***
2026-02-13T13:04:22.7654745Z [command]/usr/bin/git config --local includeIf.gitdir:/home/runner/work/scratchattach/scratchattach/.git.path /home/runner/work/_temp/git-credentials-0278b6b1-7755-42dc-8737-72e854eed118.config
2026-02-13T13:04:22.7689739Z [command]/usr/bin/git config --local includeIf.gitdir:/home/runner/work/scratchattach/scratchattach/.git/worktrees/*.path /home/runner/work/_temp/git-credentials-0278b6b1-7755-42dc-8737-72e854eed118.config
2026-02-13T13:04:22.7725937Z [command]/usr/bin/git config --local includeIf.gitdir:/github/workspace/.git.path /github/runner_temp/git-credentials-0278b6b1-7755-42dc-8737-72e854eed118.config
2026-02-13T13:04:22.7761374Z [command]/usr/bin/git config --local includeIf.gitdir:/github/workspace/.git/worktrees/*.path /github/runner_temp/git-credentials-0278b6b1-7755-42dc-8737-72e854eed118.config
2026-02-13T13:04:22.7798388Z ##[endgroup]
2026-02-13T13:04:22.7799666Z ##[group]Fetching the repository
2026-02-13T13:04:22.7806086Z [command]/usr/bin/git -c protocol.version=2 fetch --no-tags --prune --no-recurse-submodules --depth=1 origin +refs/heads/main*:refs/remotes/origin/main* +refs/tags/main*:refs/tags/main*
2026-02-13T13:05:00.3496509Z From https://github.com/Boss-1s/scratchattach
2026-02-13T13:05:00.3499104Z  * [new branch]      main       -> origin/main
2026-02-13T13:05:00.3529638Z ##[endgroup]
2026-02-13T13:05:00.3530455Z ##[group]Determining the checkout info
2026-02-13T13:05:00.3536168Z [command]/usr/bin/git branch --list --remote origin/main
2026-02-13T13:05:00.3596130Z   origin/main
2026-02-13T13:05:00.3600756Z ##[endgroup]
2026-02-13T13:05:00.3605368Z [command]/usr/bin/git sparse-checkout disable
2026-02-13T13:05:00.3648406Z [command]/usr/bin/git config --local --unset-all extensions.worktreeConfig
2026-02-13T13:05:00.3677786Z ##[group]Checking out the ref
2026-02-13T13:05:00.3683067Z [command]/usr/bin/git checkout --progress --force -B main refs/remotes/origin/main
2026-02-13T13:05:01.7464439Z Updating files:  74% (2610/3523)
2026-02-13T13:05:02.0387323Z Updating files:  75% (2643/3523)
2026-02-13T13:05:02.0434454Z Updating files:  76% (2678/3523)
2026-02-13T13:05:02.2442779Z Updating files:  77% (2713/3523)
2026-02-13T13:05:02.2491773Z Updating files:  78% (2748/3523)
2026-02-13T13:05:02.3961806Z Updating files:  79% (2784/3523)
2026-02-13T13:05:02.4864352Z Updating files:  79% (2808/3523)
2026-02-13T13:05:03.0725767Z Updating files:  80% (2819/3523)
2026-02-13T13:05:03.3126170Z Updating files:  81% (2854/3523)
2026-02-13T13:05:03.4065464Z Updating files:  82% (2889/3523)
2026-02-13T13:05:03.6228591Z Updating files:  82% (2897/3523)
2026-02-13T13:05:03.7936505Z Updating files:  83% (2925/3523)
2026-02-13T13:05:04.2803568Z Updating files:  84% (2960/3523)
2026-02-13T13:05:04.3944586Z Updating files:  85% (2995/3523)
2026-02-13T13:05:05.0303287Z Updating files:  85% (3000/3523)
2026-02-13T13:05:05.4080945Z Updating files:  86% (3030/3523)
2026-02-13T13:05:05.6697636Z Updating files:  86% (3049/3523)
2026-02-13T13:05:06.2627332Z Updating files:  87% (3066/3523)
2026-02-13T13:05:06.3935172Z Updating files:  88% (3101/3523)
2026-02-13T13:05:06.8421457Z Updating files:  88% (3107/3523)
2026-02-13T13:05:07.3867496Z Updating files:  89% (3136/3523)
2026-02-13T13:05:07.5740801Z Updating files:  89% (3164/3523)
2026-02-13T13:05:07.6619834Z Updating files:  90% (3171/3523)
2026-02-13T13:05:07.6827670Z Updating files:  91% (3206/3523)
2026-02-13T13:05:07.6994968Z Updating files:  92% (3242/3523)
2026-02-13T13:05:07.7111206Z Updating files:  93% (3277/3523)
2026-02-13T13:05:07.7247824Z Updating files:  94% (3312/3523)
2026-02-13T13:05:08.3767175Z Updating files:  95% (3347/3523)
2026-02-13T13:05:08.4170053Z Updating files:  95% (3382/3523)
2026-02-13T13:05:08.8339757Z Updating files:  96% (3383/3523)
2026-02-13T13:05:09.0112760Z Updating files:  97% (3418/3523)
2026-02-13T13:05:09.1652990Z Updating files:  98% (3453/3523)
2026-02-13T13:05:09.2419689Z Updating files:  99% (3488/3523)
2026-02-13T13:05:09.2420356Z Updating files: 100% (3523/3523)
2026-02-13T13:05:09.2420794Z Updating files: 100% (3523/3523), done.
2026-02-13T13:05:09.2460409Z Switched to a new branch 'main'
2026-02-13T13:05:09.2464630Z branch 'main' set up to track 'origin/main'.
2026-02-13T13:05:09.2660344Z ##[endgroup]
2026-02-13T13:05:09.2714759Z [command]/usr/bin/git log -1 --format=%H
2026-02-13T13:05:09.2743947Z 4a0dce96a6ffc3d8dced491d01cebc7cd58174eb
2026-02-13T13:05:09.2975874Z ##[group]Run actions/setup-python@v6.2.0
2026-02-13T13:05:09.2976175Z with:
2026-02-13T13:05:09.2976368Z   python-version: 3.13
2026-02-13T13:05:09.2976586Z   check-latest: false
2026-02-13T13:05:09.2977238Z   token: ***
2026-02-13T13:05:09.2977442Z   update-environment: true
2026-02-13T13:05:09.2977678Z   allow-prereleases: false
2026-02-13T13:05:09.2977894Z   freethreaded: false
2026-02-13T13:05:09.2978127Z ##[endgroup]
2026-02-13T13:05:09.4232539Z ##[group]Installed versions
2026-02-13T13:05:09.4341413Z Successfully set up CPython (3.13.12)
2026-02-13T13:05:09.4342238Z ##[endgroup]
2026-02-13T13:05:09.4457686Z ##[group]Run pip install -r requirements.txt
2026-02-13T13:05:09.4458127Z [36;1mpip install -r requirements.txt[0m
2026-02-13T13:05:09.4609788Z shell: /usr/bin/bash -e {0}
2026-02-13T13:05:09.4610043Z env:
2026-02-13T13:05:09.4610305Z   pythonLocation: /opt/hostedtoolcache/Python/3.13.12/x64
2026-02-13T13:05:09.4610775Z   PKG_CONFIG_PATH: /opt/hostedtoolcache/Python/3.13.12/x64/lib/pkgconfig
2026-02-13T13:05:09.4611205Z   Python_ROOT_DIR: /opt/hostedtoolcache/Python/3.13.12/x64
2026-02-13T13:05:09.4611589Z   Python2_ROOT_DIR: /opt/hostedtoolcache/Python/3.13.12/x64
2026-02-13T13:05:09.4611973Z   Python3_ROOT_DIR: /opt/hostedtoolcache/Python/3.13.12/x64
2026-02-13T13:05:09.4612352Z   LD_LIBRARY_PATH: /opt/hostedtoolcache/Python/3.13.12/x64/lib
2026-02-13T13:05:09.4612669Z ##[endgroup]
2026-02-13T13:05:12.6231238Z Collecting scratchattach>=2.1.15b0 (from -r requirements.txt (line 1))
2026-02-13T13:05:12.7009218Z   Downloading scratchattach-3.0.0b2-py3-none-any.whl.metadata (5.6 kB)
2026-02-13T13:05:12.7261843Z Collecting websocket-client (from scratchattach>=2.1.15b0->-r requirements.txt (line 1))
2026-02-13T13:05:12.7330001Z   Downloading websocket_client-1.9.0-py3-none-any.whl.metadata (8.3 kB)
2026-02-13T13:05:12.7655096Z Collecting requests (from scratchattach>=2.1.15b0->-r requirements.txt (line 1))
2026-02-13T13:05:12.7726302Z   Downloading requests-2.32.5-py3-none-any.whl.metadata (4.9 kB)
2026-02-13T13:05:12.7868969Z Collecting bs4 (from scratchattach>=2.1.15b0->-r requirements.txt (line 1))
2026-02-13T13:05:12.7937394Z   Downloading bs4-0.0.2-py2.py3-none-any.whl.metadata (411 bytes)
2026-02-13T13:05:12.8075309Z Collecting SimpleWebSocketServer (from scratchattach>=2.1.15b0->-r requirements.txt (line 1))
2026-02-13T13:05:12.8163173Z   Downloading SimpleWebSocketServer-0.1.2.tar.gz (10 kB)
2026-02-13T13:05:12.8253521Z   Installing build dependencies: started
2026-02-13T13:05:14.1533701Z   Installing build dependencies: finished with status 'done'
2026-02-13T13:05:14.1540616Z   Getting requirements to build wheel: started
2026-02-13T13:05:14.7657653Z   Getting requirements to build wheel: finished with status 'done'
2026-02-13T13:05:14.7667076Z   Preparing metadata (pyproject.toml): started
2026-02-13T13:05:14.9577982Z   Preparing metadata (pyproject.toml): finished with status 'done'
2026-02-13T13:05:14.9779810Z Collecting typing-extensions (from scratchattach>=2.1.15b0->-r requirements.txt (line 1))
2026-02-13T13:05:14.9853464Z   Downloading typing_extensions-4.15.0-py3-none-any.whl.metadata (3.3 kB)
2026-02-13T13:05:15.0038271Z Collecting browser_cookie3 (from scratchattach>=2.1.15b0->-r requirements.txt (line 1))
2026-02-13T13:05:15.0112339Z   Downloading browser_cookie3-0.20.1-py3-none-any.whl.metadata (713 bytes)
2026-02-13T13:05:15.5041263Z Collecting aiohttp (from scratchattach>=2.1.15b0->-r requirements.txt (line 1))
2026-02-13T13:05:15.5115803Z   Downloading aiohttp-3.13.3-cp313-cp313-manylinux2014_x86_64.manylinux_2_17_x86_64.manylinux_2_28_x86_64.whl.metadata (8.1 kB)
2026-02-13T13:05:15.5524001Z Collecting rich (from scratchattach>=2.1.15b0->-r requirements.txt (line 1))
2026-02-13T13:05:15.5593494Z   Downloading rich-14.3.2-py3-none-any.whl.metadata (18 kB)
2026-02-13T13:05:15.5791678Z Collecting aiohappyeyeballs>=2.5.0 (from aiohttp->scratchattach>=2.1.15b0->-r requirements.txt (line 1))
2026-02-13T13:05:15.5861981Z   Downloading aiohappyeyeballs-2.6.1-py3-none-any.whl.metadata (5.9 kB)
2026-02-13T13:05:15.6002409Z Collecting aiosignal>=1.4.0 (from aiohttp->scratchattach>=2.1.15b0->-r requirements.txt (line 1))
2026-02-13T13:05:15.6070160Z   Downloading aiosignal-1.4.0-py3-none-any.whl.metadata (3.7 kB)
2026-02-13T13:05:15.6243181Z Collecting attrs>=17.3.0 (from aiohttp->scratchattach>=2.1.15b0->-r requirements.txt (line 1))
2026-02-13T13:05:15.6312569Z   Downloading attrs-25.4.0-py3-none-any.whl.metadata (10 kB)
2026-02-13T13:05:15.7010980Z Collecting frozenlist>=1.1.1 (from aiohttp->scratchattach>=2.1.15b0->-r requirements.txt (line 1))
2026-02-13T13:05:15.7083298Z   Downloading frozenlist-1.8.0-cp313-cp313-manylinux1_x86_64.manylinux_2_28_x86_64.manylinux_2_5_x86_64.whl.metadata (20 kB)
2026-02-13T13:05:15.9301445Z Collecting multidict<7.0,>=4.5 (from aiohttp->scratchattach>=2.1.15b0->-r requirements.txt (line 1))
2026-02-13T13:05:15.9376630Z   Downloading multidict-6.7.1-cp313-cp313-manylinux2014_x86_64.manylinux_2_17_x86_64.manylinux_2_28_x86_64.whl.metadata (5.3 kB)
2026-02-13T13:05:15.9911531Z Collecting propcache>=0.2.0 (from aiohttp->scratchattach>=2.1.15b0->-r requirements.txt (line 1))
2026-02-13T13:05:15.9985909Z   Downloading propcache-0.4.1-cp313-cp313-manylinux2014_x86_64.manylinux_2_17_x86_64.manylinux_2_28_x86_64.whl.metadata (13 kB)
2026-02-13T13:05:16.2293041Z Collecting yarl<2.0,>=1.17.0 (from aiohttp->scratchattach>=2.1.15b0->-r requirements.txt (line 1))
2026-02-13T13:05:16.2367996Z   Downloading yarl-1.22.0-cp313-cp313-manylinux2014_x86_64.manylinux_2_17_x86_64.manylinux_2_28_x86_64.whl.metadata (75 kB)
2026-02-13T13:05:16.2640722Z Collecting idna>=2.0 (from yarl<2.0,>=1.17.0->aiohttp->scratchattach>=2.1.15b0->-r requirements.txt (line 1))
2026-02-13T13:05:16.2708297Z   Downloading idna-3.11-py3-none-any.whl.metadata (8.4 kB)
2026-02-13T13:05:16.3354278Z Collecting lz4 (from browser_cookie3->scratchattach>=2.1.15b0->-r requirements.txt (line 1))
2026-02-13T13:05:16.3437421Z   Downloading lz4-4.4.5-cp313-cp313-manylinux2014_x86_64.manylinux_2_17_x86_64.manylinux_2_28_x86_64.whl.metadata (3.8 kB)
2026-02-13T13:05:16.4180056Z Collecting pycryptodomex (from browser_cookie3->scratchattach>=2.1.15b0->-r requirements.txt (line 1))
2026-02-13T13:05:16.4248773Z   Downloading pycryptodomex-3.23.0-cp37-abi3-manylinux_2_17_x86_64.manylinux2014_x86_64.whl.metadata (3.4 kB)
2026-02-13T13:05:16.4786678Z Collecting jeepney (from browser_cookie3->scratchattach>=2.1.15b0->-r requirements.txt (line 1))
2026-02-13T13:05:16.4858184Z   Downloading jeepney-0.9.0-py3-none-any.whl.metadata (1.2 kB)
2026-02-13T13:05:16.5060699Z Collecting beautifulsoup4 (from bs4->scratchattach>=2.1.15b0->-r requirements.txt (line 1))
2026-02-13T13:05:16.5130682Z   Downloading beautifulsoup4-4.14.3-py3-none-any.whl.metadata (3.8 kB)
2026-02-13T13:05:16.5330075Z Collecting soupsieve>=1.6.1 (from beautifulsoup4->bs4->scratchattach>=2.1.15b0->-r requirements.txt (line 1))
2026-02-13T13:05:16.5403223Z   Downloading soupsieve-2.8.3-py3-none-any.whl.metadata (4.6 kB)
2026-02-13T13:05:16.6202847Z Collecting charset_normalizer<4,>=2 (from requests->scratchattach>=2.1.15b0->-r requirements.txt (line 1))
2026-02-13T13:05:16.6277822Z   Downloading charset_normalizer-3.4.4-cp313-cp313-manylinux2014_x86_64.manylinux_2_17_x86_64.manylinux_2_28_x86_64.whl.metadata (37 kB)
2026-02-13T13:05:16.6557376Z Collecting urllib3<3,>=1.21.1 (from requests->scratchattach>=2.1.15b0->-r requirements.txt (line 1))
2026-02-13T13:05:16.6627696Z   Downloading urllib3-2.6.3-py3-none-any.whl.metadata (6.9 kB)
2026-02-13T13:05:16.6841319Z Collecting certifi>=2017.4.17 (from requests->scratchattach>=2.1.15b0->-r requirements.txt (line 1))
2026-02-13T13:05:16.6911275Z   Downloading certifi-2026.1.4-py3-none-any.whl.metadata (2.5 kB)
2026-02-13T13:05:16.7095886Z Collecting markdown-it-py>=2.2.0 (from rich->scratchattach>=2.1.15b0->-r requirements.txt (line 1))
2026-02-13T13:05:16.7165525Z   Downloading markdown_it_py-4.0.0-py3-none-any.whl.metadata (7.3 kB)
2026-02-13T13:05:16.7395751Z Collecting pygments<3.0.0,>=2.13.0 (from rich->scratchattach>=2.1.15b0->-r requirements.txt (line 1))
2026-02-13T13:05:16.7464269Z   Downloading pygments-2.19.2-py3-none-any.whl.metadata (2.5 kB)
2026-02-13T13:05:16.7605614Z Collecting mdurl~=0.1 (from markdown-it-py>=2.2.0->rich->scratchattach>=2.1.15b0->-r requirements.txt (line 1))
2026-02-13T13:05:16.7673849Z   Downloading mdurl-0.1.2-py3-none-any.whl.metadata (1.6 kB)
2026-02-13T13:05:16.7808259Z Downloading scratchattach-3.0.0b2-py3-none-any.whl (171 kB)
2026-02-13T13:05:16.7977118Z Downloading aiohttp-3.13.3-cp313-cp313-manylinux2014_x86_64.manylinux_2_17_x86_64.manylinux_2_28_x86_64.whl (1.7 MB)
2026-02-13T13:05:16.8162758Z    ━━━━━━━━━━━━━━━━━━━━━━━━━━━━━━━━━━━━━━━━ 1.7/1.7 MB 98.1 MB/s  0:00:00
2026-02-13T13:05:16.8234009Z Downloading multidict-6.7.1-cp313-cp313-manylinux2014_x86_64.manylinux_2_17_x86_64.manylinux_2_28_x86_64.whl (254 kB)
2026-02-13T13:05:16.8333784Z Downloading yarl-1.22.0-cp313-cp313-manylinux2014_x86_64.manylinux_2_17_x86_64.manylinux_2_28_x86_64.whl (377 kB)
2026-02-13T13:05:16.8436514Z Downloading aiohappyeyeballs-2.6.1-py3-none-any.whl (15 kB)
2026-02-13T13:05:16.8526968Z Downloading aiosignal-1.4.0-py3-none-any.whl (7.5 kB)
2026-02-13T13:05:16.8615607Z Downloading attrs-25.4.0-py3-none-any.whl (67 kB)
2026-02-13T13:05:16.8707766Z Downloading frozenlist-1.8.0-cp313-cp313-manylinux1_x86_64.manylinux_2_28_x86_64.manylinux_2_5_x86_64.whl (234 kB)
2026-02-13T13:05:16.8804601Z Downloading idna-3.11-py3-none-any.whl (71 kB)
2026-02-13T13:05:16.8896056Z Downloading propcache-0.4.1-cp313-cp313-manylinux2014_x86_64.manylinux_2_17_x86_64.manylinux_2_28_x86_64.whl (204 kB)
2026-02-13T13:05:16.8999889Z Downloading browser_cookie3-0.20.1-py3-none-any.whl (17 kB)
2026-02-13T13:05:16.9087305Z Downloading bs4-0.0.2-py2.py3-none-any.whl (1.2 kB)
2026-02-13T13:05:16.9174880Z Downloading beautifulsoup4-4.14.3-py3-none-any.whl (107 kB)
2026-02-13T13:05:16.9267603Z Downloading soupsieve-2.8.3-py3-none-any.whl (37 kB)
2026-02-13T13:05:16.9358525Z Downloading typing_extensions-4.15.0-py3-none-any.whl (44 kB)
2026-02-13T13:05:16.9448369Z Downloading jeepney-0.9.0-py3-none-any.whl (49 kB)
2026-02-13T13:05:16.9545650Z Downloading lz4-4.4.5-cp313-cp313-manylinux2014_x86_64.manylinux_2_17_x86_64.manylinux_2_28_x86_64.whl (1.4 MB)
2026-02-13T13:05:16.9632438Z    ━━━━━━━━━━━━━━━━━━━━━━━━━━━━━━━━━━━━━━━━ 1.4/1.4 MB 171.5 MB/s  0:00:00
2026-02-13T13:05:16.9711589Z Downloading pycryptodomex-3.23.0-cp37-abi3-manylinux_2_17_x86_64.manylinux2014_x86_64.whl (2.3 MB)
2026-02-13T13:05:16.9823579Z    ━━━━━━━━━━━━━━━━━━━━━━━━━━━━━━━━━━━━━━━━ 2.3/2.3 MB 209.4 MB/s  0:00:00
2026-02-13T13:05:16.9892662Z Downloading requests-2.32.5-py3-none-any.whl (64 kB)
2026-02-13T13:05:16.9984945Z Downloading charset_normalizer-3.4.4-cp313-cp313-manylinux2014_x86_64.manylinux_2_17_x86_64.manylinux_2_28_x86_64.whl (153 kB)
2026-02-13T13:05:17.0076341Z Downloading urllib3-2.6.3-py3-none-any.whl (131 kB)
2026-02-13T13:05:17.0172496Z Downloading certifi-2026.1.4-py3-none-any.whl (152 kB)
2026-02-13T13:05:17.0268643Z Downloading rich-14.3.2-py3-none-any.whl (309 kB)
2026-02-13T13:05:17.0370372Z Downloading pygments-2.19.2-py3-none-any.whl (1.2 MB)
2026-02-13T13:05:17.0449460Z    ━━━━━━━━━━━━━━━━━━━━━━━━━━━━━━━━━━━━━━━━ 1.2/1.2 MB 167.9 MB/s  0:00:00
2026-02-13T13:05:17.0519979Z Downloading markdown_it_py-4.0.0-py3-none-any.whl (87 kB)
2026-02-13T13:05:17.0615021Z Downloading mdurl-0.1.2-py3-none-any.whl (10.0 kB)
2026-02-13T13:05:17.0704712Z Downloading websocket_client-1.9.0-py3-none-any.whl (82 kB)
2026-02-13T13:05:17.1039114Z Building wheels for collected packages: SimpleWebSocketServer
2026-02-13T13:05:17.1047477Z   Building wheel for SimpleWebSocketServer (pyproject.toml): started
2026-02-13T13:05:17.3207721Z   Building wheel for SimpleWebSocketServer (pyproject.toml): finished with status 'done'
2026-02-13T13:05:17.3213641Z   Created wheel for SimpleWebSocketServer: filename=simplewebsocketserver-0.1.2-py3-none-any.whl size=9715 sha256=579790d1ab942748032574230a73701bff4607afb7d9f160b407b35793cf30c5
2026-02-13T13:05:17.3215404Z   Stored in directory: /home/runner/.cache/pip/wheels/c4/5b/e8/4f2c15a82edc4923058056f6681373168be02a0c00389a6dcf
2026-02-13T13:05:17.3233194Z Successfully built SimpleWebSocketServer
2026-02-13T13:05:17.3694214Z Installing collected packages: SimpleWebSocketServer, websocket-client, urllib3, typing-extensions, soupsieve, pygments, pycryptodomex, propcache, multidict, mdurl, lz4, jeepney, idna, frozenlist, charset_normalizer, certifi, attrs, aiohappyeyeballs, yarl, requests, markdown-it-py, browser_cookie3, beautifulsoup4, aiosignal, rich, bs4, aiohttp, scratchattach
2026-02-13T13:05:20.0592173Z 
2026-02-13T13:05:20.0627947Z Successfully installed SimpleWebSocketServer-0.1.2 aiohappyeyeballs-2.6.1 aiohttp-3.13.3 aiosignal-1.4.0 attrs-25.4.0 beautifulsoup4-4.14.3 browser_cookie3-0.20.1 bs4-0.0.2 certifi-2026.1.4 charset_normalizer-3.4.4 frozenlist-1.8.0 idna-3.11 jeepney-0.9.0 lz4-4.4.5 markdown-it-py-4.0.0 mdurl-0.1.2 multidict-6.7.1 propcache-0.4.1 pycryptodomex-3.23.0 pygments-2.19.2 requests-2.32.5 rich-14.3.2 scratchattach-3.0.0b2 soupsieve-2.8.3 typing-extensions-4.15.0 urllib3-2.6.3 websocket-client-1.9.0 yarl-1.22.0
2026-02-13T13:05:20.4467480Z ##[group]Run actions/checkout@v6.0.2
2026-02-13T13:05:20.4467769Z with:
2026-02-13T13:05:20.4467936Z   ref: main
2026-02-13T13:05:20.4468130Z   repository: Boss-1s/scratchattach
2026-02-13T13:05:20.4468492Z   token: ***
2026-02-13T13:05:20.4468672Z   ssh-strict: true
2026-02-13T13:05:20.4468859Z   ssh-user: git
2026-02-13T13:05:20.4469046Z   persist-credentials: true
2026-02-13T13:05:20.4469293Z   clean: true
2026-02-13T13:05:20.4469487Z   sparse-checkout-cone-mode: true
2026-02-13T13:05:20.4469721Z   fetch-depth: 1
2026-02-13T13:05:20.4469903Z   fetch-tags: false
2026-02-13T13:05:20.4470095Z   show-progress: true
2026-02-13T13:05:20.4470276Z   lfs: false
2026-02-13T13:05:20.4470447Z   submodules: false
2026-02-13T13:05:20.4470633Z   set-safe-directory: true
2026-02-13T13:05:20.4470840Z env:
2026-02-13T13:05:20.4471082Z   pythonLocation: /opt/hostedtoolcache/Python/3.13.12/x64
2026-02-13T13:05:20.4471487Z   PKG_CONFIG_PATH: /opt/hostedtoolcache/Python/3.13.12/x64/lib/pkgconfig
2026-02-13T13:05:20.4471926Z   Python_ROOT_DIR: /opt/hostedtoolcache/Python/3.13.12/x64
2026-02-13T13:05:20.4472277Z   Python2_ROOT_DIR: /opt/hostedtoolcache/Python/3.13.12/x64
2026-02-13T13:05:20.4472635Z   Python3_ROOT_DIR: /opt/hostedtoolcache/Python/3.13.12/x64
2026-02-13T13:05:20.4472993Z   LD_LIBRARY_PATH: /opt/hostedtoolcache/Python/3.13.12/x64/lib
2026-02-13T13:05:20.4473292Z ##[endgroup]
2026-02-13T13:05:20.5248166Z Syncing repository: Boss-1s/scratchattach
2026-02-13T13:05:20.5249700Z ##[group]Getting Git version info
2026-02-13T13:05:20.5250686Z Working directory is '/home/runner/work/scratchattach/scratchattach'
2026-02-13T13:05:20.5287391Z [command]/usr/bin/git version
2026-02-13T13:05:20.5324024Z git version 2.52.0
2026-02-13T13:05:20.5377806Z ##[endgroup]
2026-02-13T13:05:20.5391840Z Temporarily overriding HOME='/home/runner/work/_temp/67309b97-8276-49c9-b1fe-e948f72bf7b0' before making global git config changes
2026-02-13T13:05:20.5392970Z Adding repository directory to the temporary git global config as a safe directory
2026-02-13T13:05:20.5396884Z [command]/usr/bin/git config --global --add safe.directory /home/runner/work/scratchattach/scratchattach
2026-02-13T13:05:20.5435491Z [command]/usr/bin/git config --local --get remote.origin.url
2026-02-13T13:05:20.5457608Z https://github.com/Boss-1s/scratchattach
2026-02-13T13:05:20.5471877Z ##[group]Removing previously created refs, to avoid conflicts
2026-02-13T13:05:20.5476502Z [command]/usr/bin/git rev-parse --symbolic-full-name --verify --quiet HEAD
2026-02-13T13:05:20.5498611Z refs/heads/main
2026-02-13T13:05:20.5508125Z [command]/usr/bin/git checkout --detach
2026-02-13T13:05:20.9653328Z HEAD is now at 4a0dce9 [BOT] Download Logs
2026-02-13T13:05:20.9705957Z [command]/usr/bin/git branch --delete --force main
2026-02-13T13:05:20.9734039Z Deleted branch main (was 4a0dce9).
2026-02-13T13:05:20.9772459Z ##[endgroup]
2026-02-13T13:05:20.9776656Z [command]/usr/bin/git submodule status
2026-02-13T13:05:21.0019887Z ##[group]Cleaning the repository
2026-02-13T13:05:21.0025080Z [command]/usr/bin/git clean -ffdx
2026-02-13T13:05:21.0085446Z [command]/usr/bin/git reset --hard HEAD
2026-02-13T13:05:21.0220671Z HEAD is now at 4a0dce9 [BOT] Download Logs
2026-02-13T13:05:21.0227025Z ##[endgroup]
2026-02-13T13:05:21.0228995Z ##[group]Disabling automatic garbage collection
2026-02-13T13:05:21.0233010Z [command]/usr/bin/git config --local gc.auto 0
2026-02-13T13:05:21.0260663Z ##[endgroup]
2026-02-13T13:05:21.0261158Z ##[group]Setting up auth
2026-02-13T13:05:21.0262241Z Removing SSH command configuration
2026-02-13T13:05:21.0268300Z [command]/usr/bin/git config --local --name-only --get-regexp core\.sshCommand
2026-02-13T13:05:21.0300433Z [command]/usr/bin/git submodule foreach --recursive sh -c "git config --local --name-only --get-regexp 'core\.sshCommand' && git config --local --unset-all 'core.sshCommand' || :"
2026-02-13T13:05:21.0543423Z Removing HTTP extra header
2026-02-13T13:05:21.0549135Z [command]/usr/bin/git config --local --name-only --get-regexp http\.https\:\/\/github\.com\/\.extraheader
2026-02-13T13:05:21.0581063Z [command]/usr/bin/git submodule foreach --recursive sh -c "git config --local --name-only --get-regexp 'http\.https\:\/\/github\.com\/\.extraheader' && git config --local --unset-all 'http.https://github.com/.extraheader' || :"
2026-02-13T13:05:21.0826046Z Removing includeIf entries pointing to credentials config files
2026-02-13T13:05:21.0833225Z [command]/usr/bin/git config --local --name-only --get-regexp ^includeIf\.gitdir:
2026-02-13T13:05:21.0861298Z includeif.gitdir:/home/runner/work/scratchattach/scratchattach/.git.path
2026-02-13T13:05:21.0862358Z includeif.gitdir:/home/runner/work/scratchattach/scratchattach/.git/worktrees/*.path
2026-02-13T13:05:21.0863265Z includeif.gitdir:/github/workspace/.git.path
2026-02-13T13:05:21.0863899Z includeif.gitdir:/github/workspace/.git/worktrees/*.path
2026-02-13T13:05:21.0870914Z [command]/usr/bin/git config --local --get-all includeif.gitdir:/home/runner/work/scratchattach/scratchattach/.git.path
2026-02-13T13:05:21.0894114Z /home/runner/work/_temp/git-credentials-0278b6b1-7755-42dc-8737-72e854eed118.config
2026-02-13T13:05:21.0905227Z [command]/usr/bin/git config --local --unset includeif.gitdir:/home/runner/work/scratchattach/scratchattach/.git.path /home/runner/work/_temp/git-credentials-0278b6b1-7755-42dc-8737-72e854eed118.config
2026-02-13T13:05:21.0938888Z [command]/usr/bin/git config --local --get-all includeif.gitdir:/home/runner/work/scratchattach/scratchattach/.git/worktrees/*.path
2026-02-13T13:05:21.0962297Z /home/runner/work/_temp/git-credentials-0278b6b1-7755-42dc-8737-72e854eed118.config
2026-02-13T13:05:21.0971939Z [command]/usr/bin/git config --local --unset includeif.gitdir:/home/runner/work/scratchattach/scratchattach/.git/worktrees/*.path /home/runner/work/_temp/git-credentials-0278b6b1-7755-42dc-8737-72e854eed118.config
2026-02-13T13:05:21.1004307Z [command]/usr/bin/git config --local --get-all includeif.gitdir:/github/workspace/.git.path
2026-02-13T13:05:21.1026033Z /github/runner_temp/git-credentials-0278b6b1-7755-42dc-8737-72e854eed118.config
2026-02-13T13:05:21.1033713Z [command]/usr/bin/git config --local --unset includeif.gitdir:/github/workspace/.git.path /github/runner_temp/git-credentials-0278b6b1-7755-42dc-8737-72e854eed118.config
2026-02-13T13:05:21.1066382Z [command]/usr/bin/git config --local --get-all includeif.gitdir:/github/workspace/.git/worktrees/*.path
2026-02-13T13:05:21.1088925Z /github/runner_temp/git-credentials-0278b6b1-7755-42dc-8737-72e854eed118.config
2026-02-13T13:05:21.1097834Z [command]/usr/bin/git config --local --unset includeif.gitdir:/github/workspace/.git/worktrees/*.path /github/runner_temp/git-credentials-0278b6b1-7755-42dc-8737-72e854eed118.config
2026-02-13T13:05:21.1132851Z [command]/usr/bin/git submodule foreach --recursive git config --local --show-origin --name-only --get-regexp remote.origin.url
2026-02-13T13:05:21.1372715Z Removing credentials config '/home/runner/work/_temp/git-credentials-0278b6b1-7755-42dc-8737-72e854eed118.config'
2026-02-13T13:05:21.1386314Z [command]/usr/bin/git config --file /home/runner/work/_temp/git-credentials-5b4beceb-3457-425c-98ed-0ee48434feb5.config http.https://github.com/.extraheader AUTHORIZATION: basic ***
2026-02-13T13:05:21.1423763Z [command]/usr/bin/git config --local includeIf.gitdir:/home/runner/work/scratchattach/scratchattach/.git.path /home/runner/work/_temp/git-credentials-5b4beceb-3457-425c-98ed-0ee48434feb5.config
2026-02-13T13:05:21.1453443Z [command]/usr/bin/git config --local includeIf.gitdir:/home/runner/work/scratchattach/scratchattach/.git/worktrees/*.path /home/runner/work/_temp/git-credentials-5b4beceb-3457-425c-98ed-0ee48434feb5.config
2026-02-13T13:05:21.1484427Z [command]/usr/bin/git config --local includeIf.gitdir:/github/workspace/.git.path /github/runner_temp/git-credentials-5b4beceb-3457-425c-98ed-0ee48434feb5.config
2026-02-13T13:05:21.1514679Z [command]/usr/bin/git config --local includeIf.gitdir:/github/workspace/.git/worktrees/*.path /github/runner_temp/git-credentials-5b4beceb-3457-425c-98ed-0ee48434feb5.config
2026-02-13T13:05:21.1540484Z ##[endgroup]
2026-02-13T13:05:21.1541012Z ##[group]Fetching the repository
2026-02-13T13:05:21.1550146Z [command]/usr/bin/git -c protocol.version=2 fetch --no-tags --prune --no-recurse-submodules --depth=1 origin +refs/heads/main*:refs/remotes/origin/main* +refs/tags/main*:refs/tags/main*
2026-02-13T13:05:21.3705406Z ##[endgroup]
2026-02-13T13:05:21.3705938Z ##[group]Determining the checkout info
2026-02-13T13:05:21.3712163Z [command]/usr/bin/git branch --list --remote origin/main
2026-02-13T13:05:21.3739147Z   origin/main
2026-02-13T13:05:21.3743538Z ##[endgroup]
2026-02-13T13:05:21.3748644Z [command]/usr/bin/git sparse-checkout disable
2026-02-13T13:05:21.3822138Z [command]/usr/bin/git config --local --unset-all extensions.worktreeConfig
2026-02-13T13:05:21.3851174Z ##[group]Checking out the ref
2026-02-13T13:05:21.3856211Z [command]/usr/bin/git checkout --progress --force -B main refs/remotes/origin/main
2026-02-13T13:05:21.3959658Z Switched to a new branch 'main'
2026-02-13T13:05:21.3962242Z branch 'main' set up to track 'origin/main'.
2026-02-13T13:05:21.3967787Z ##[endgroup]
2026-02-13T13:05:21.4005862Z [command]/usr/bin/git log -1 --format=%H
2026-02-13T13:05:21.4031369Z 4a0dce96a6ffc3d8dced491d01cebc7cd58174eb
2026-02-13T13:05:21.4147106Z ##[group]Run timeout 358m python3 message_viewer.py || { [[ $? -eq 124 ]] && exit 0; }
2026-02-13T13:05:21.4147747Z [36;1mtimeout 358m python3 message_viewer.py || { [[ $? -eq 124 ]] && exit 0; }[0m
2026-02-13T13:05:21.4201648Z shell: /usr/bin/bash -e {0}
2026-02-13T13:05:21.4201895Z env:
2026-02-13T13:05:21.4202167Z   pythonLocation: /opt/hostedtoolcache/Python/3.13.12/x64
2026-02-13T13:05:21.4202620Z   PKG_CONFIG_PATH: /opt/hostedtoolcache/Python/3.13.12/x64/lib/pkgconfig
2026-02-13T13:05:21.4203070Z   Python_ROOT_DIR: /opt/hostedtoolcache/Python/3.13.12/x64
2026-02-13T13:05:21.4203469Z   Python2_ROOT_DIR: /opt/hostedtoolcache/Python/3.13.12/x64
2026-02-13T13:05:21.4203867Z   Python3_ROOT_DIR: /opt/hostedtoolcache/Python/3.13.12/x64
2026-02-13T13:05:21.4204278Z   LD_LIBRARY_PATH: /opt/hostedtoolcache/Python/3.13.12/x64/lib
2026-02-13T13:05:21.4204744Z   PASS: ***
2026-02-13T13:05:21.4204936Z ##[endgroup]
2026-02-13T13:05:33.7963404Z Traceback (most recent call last):
2026-02-13T13:05:33.7981932Z   File "/opt/hostedtoolcache/Python/3.13.12/x64/lib/python3.13/site-packages/urllib3/connectionpool.py", line 534, in _make_request
2026-02-13T13:05:33.7982856Z     response = conn.getresponse()
2026-02-13T13:05:33.7983700Z   File "/opt/hostedtoolcache/Python/3.13.12/x64/lib/python3.13/site-packages/urllib3/connection.py", line 571, in getresponse
2026-02-13T13:05:33.7984543Z     httplib_response = super().getresponse()
2026-02-13T13:05:33.7985258Z   File "/opt/hostedtoolcache/Python/3.13.12/x64/lib/python3.13/http/client.py", line 1450, in getresponse
2026-02-13T13:05:33.7985919Z     response.begin()
2026-02-13T13:05:33.7986178Z     ~~~~~~~~~~~~~~^^
2026-02-13T13:05:33.7986996Z   File "/opt/hostedtoolcache/Python/3.13.12/x64/lib/python3.13/http/client.py", line 336, in begin
2026-02-13T13:05:33.7987679Z     version, status, reason = self._read_status()
2026-02-13T13:05:33.7988060Z                               ~~~~~~~~~~~~~~~~~^^
2026-02-13T13:05:33.7988692Z   File "/opt/hostedtoolcache/Python/3.13.12/x64/lib/python3.13/http/client.py", line 297, in _read_status
2026-02-13T13:05:33.7989373Z     line = str(self.fp.readline(_MAXLINE + 1), "iso-8859-1")
2026-02-13T13:05:33.7989994Z                ~~~~~~~~~~~~~~~~^^^^^^^^^^^^^^
2026-02-13T13:05:33.7990551Z   File "/opt/hostedtoolcache/Python/3.13.12/x64/lib/python3.13/socket.py", line 719, in readinto
2026-02-13T13:05:33.7991116Z     return self._sock.recv_into(b)
2026-02-13T13:05:33.7991405Z            ~~~~~~~~~~~~~~~~~~~~^^^
2026-02-13T13:05:33.7991944Z   File "/opt/hostedtoolcache/Python/3.13.12/x64/lib/python3.13/ssl.py", line 1304, in recv_into
2026-02-13T13:05:33.7992502Z     return self.read(nbytes, buffer)
2026-02-13T13:05:33.7992796Z            ~~~~~~~~~^^^^^^^^^^^^^^^^
2026-02-13T13:05:33.7993310Z   File "/opt/hostedtoolcache/Python/3.13.12/x64/lib/python3.13/ssl.py", line 1138, in read
2026-02-13T13:05:33.7993849Z     return self._sslobj.read(len, buffer)
2026-02-13T13:05:33.7994161Z            ~~~~~~~~~~~~~~~~~^^^^^^^^^^^^^
2026-02-13T13:05:33.7994513Z TimeoutError: The read operation timed out
2026-02-13T13:05:33.7994749Z 
2026-02-13T13:05:33.7994972Z The above exception was the direct cause of the following exception:
2026-02-13T13:05:33.7995320Z 
2026-02-13T13:05:33.7995436Z Traceback (most recent call last):
2026-02-13T13:05:33.8110865Z   File "/opt/hostedtoolcache/Python/3.13.12/x64/lib/python3.13/site-packages/requests/adapters.py", line 644, in send
2026-02-13T13:05:33.8111976Z     resp = conn.urlopen(
2026-02-13T13:05:33.8112422Z         method=request.method,
2026-02-13T13:05:33.8112866Z     ...<9 lines>...
2026-02-13T13:05:33.8113231Z         chunked=chunked,
2026-02-13T13:05:33.8113618Z     )
2026-02-13T13:05:33.8114621Z   File "/opt/hostedtoolcache/Python/3.13.12/x64/lib/python3.13/site-packages/urllib3/connectionpool.py", line 841, in urlopen
2026-02-13T13:05:33.8115579Z     retries = retries.increment(
2026-02-13T13:05:33.8116242Z         method, url, error=new_e, _pool=self, _stacktrace=sys.exc_info()[2]
2026-02-13T13:05:33.8117431Z     )
2026-02-13T13:05:33.8118451Z   File "/opt/hostedtoolcache/Python/3.13.12/x64/lib/python3.13/site-packages/urllib3/util/retry.py", line 490, in increment
2026-02-13T13:05:33.8119703Z     raise reraise(type(error), error, _stacktrace)
2026-02-13T13:05:33.8120302Z           ~~~~~~~^^^^^^^^^^^^^^^^^^^^^^^^^^^^^^^^^
2026-02-13T13:05:33.8121422Z   File "/opt/hostedtoolcache/Python/3.13.12/x64/lib/python3.13/site-packages/urllib3/util/util.py", line 39, in reraise
2026-02-13T13:05:33.8122492Z     raise value
2026-02-13T13:05:33.8123506Z   File "/opt/hostedtoolcache/Python/3.13.12/x64/lib/python3.13/site-packages/urllib3/connectionpool.py", line 787, in urlopen
2026-02-13T13:05:33.8124424Z     response = self._make_request(
2026-02-13T13:05:33.8124708Z         conn,
2026-02-13T13:05:33.8124927Z     ...<10 lines>...
2026-02-13T13:05:33.8125164Z         **response_kw,
2026-02-13T13:05:33.8125401Z     )
2026-02-13T13:05:33.8126061Z   File "/opt/hostedtoolcache/Python/3.13.12/x64/lib/python3.13/site-packages/urllib3/connectionpool.py", line 536, in _make_request
2026-02-13T13:05:33.8127171Z     self._raise_timeout(err=e, url=url, timeout_value=read_timeout)
2026-02-13T13:05:33.8127658Z     ~~~~~~~~~~~~~~~~~~~^^^^^^^^^^^^^^^^^^^^^^^^^^^^^^^^^^^^^^^^^^^^
2026-02-13T13:05:33.8128438Z   File "/opt/hostedtoolcache/Python/3.13.12/x64/lib/python3.13/site-packages/urllib3/connectionpool.py", line 367, in _raise_timeout
2026-02-13T13:05:33.8129027Z     raise ReadTimeoutError(
2026-02-13T13:05:33.8129332Z         self, url, f"Read timed out. (read timeout={timeout_value})"
2026-02-13T13:05:33.8129649Z     ) from err
2026-02-13T13:05:33.8130144Z urllib3.exceptions.ReadTimeoutError: HTTPSConnectionPool(host='scratch.mit.edu', port=443): Read timed out. (read timeout=10)
2026-02-13T13:05:33.8130618Z 
2026-02-13T13:05:33.8130789Z During handling of the above exception, another exception occurred:
2026-02-13T13:05:33.8131056Z 
2026-02-13T13:05:33.8131147Z Traceback (most recent call last):
2026-02-13T13:05:33.8131728Z   File "/opt/hostedtoolcache/Python/3.13.12/x64/lib/python3.13/site-packages/scratchattach/utils/requests.py", line 259, in post
2026-02-13T13:05:33.8132478Z     r = super().post(*args, **kwargs)
2026-02-13T13:05:33.8132989Z   File "/opt/hostedtoolcache/Python/3.13.12/x64/lib/python3.13/site-packages/requests/sessions.py", line 637, in post
2026-02-13T13:05:33.8133566Z     return self.request("POST", url, data=data, json=json, **kwargs)
2026-02-13T13:05:33.8133923Z            ~~~~~~~~~~~~^^^^^^^^^^^^^^^^^^^^^^^^^^^^^^^^^^^^^^^^^^^^^
2026-02-13T13:05:33.8134468Z   File "/opt/hostedtoolcache/Python/3.13.12/x64/lib/python3.13/site-packages/requests/sessions.py", line 589, in request
2026-02-13T13:05:33.8134988Z     resp = self.send(prep, **send_kwargs)
2026-02-13T13:05:33.8135492Z   File "/opt/hostedtoolcache/Python/3.13.12/x64/lib/python3.13/site-packages/requests/sessions.py", line 703, in send
2026-02-13T13:05:33.8136026Z     r = adapter.send(request, **kwargs)
2026-02-13T13:05:33.8136590Z   File "/opt/hostedtoolcache/Python/3.13.12/x64/lib/python3.13/site-packages/requests/adapters.py", line 690, in send
2026-02-13T13:05:33.8137238Z     raise ReadTimeout(e, request=request)
2026-02-13T13:05:33.8137785Z requests.exceptions.ReadTimeout: HTTPSConnectionPool(host='scratch.mit.edu', port=443): Read timed out. (read timeout=10)
2026-02-13T13:05:33.8138238Z 
2026-02-13T13:05:33.8138412Z During handling of the above exception, another exception occurred:
2026-02-13T13:05:33.8138669Z 
2026-02-13T13:05:33.8138756Z Traceback (most recent call last):
2026-02-13T13:05:33.8139208Z   File "/home/runner/work/scratchattach/scratchattach/message_viewer.py", line 18, in <module>
2026-02-13T13:05:33.8139680Z     session = scratch3.login("Boss_1sALT", passwrd)
2026-02-13T13:05:33.8140269Z   File "/opt/hostedtoolcache/Python/3.13.12/x64/lib/python3.13/site-packages/scratchattach/site/session.py", line 1252, in login
2026-02-13T13:05:33.8140816Z     request = requests.post(
2026-02-13T13:05:33.8141389Z         "https://scratch.mit.edu/login/", json={"username": username, "password": password}, headers=_headers,
2026-02-13T13:05:33.8141846Z         timeout=timeout
2026-02-13T13:05:33.8142045Z     )
2026-02-13T13:05:33.8142520Z   File "/opt/hostedtoolcache/Python/3.13.12/x64/lib/python3.13/site-packages/scratchattach/utils/requests.py", line 261, in post
2026-02-13T13:05:33.8143086Z     raise exceptions.FetchError(e)
2026-02-13T13:05:33.8143668Z scratchattach.utils.exceptions.FetchError: HTTPSConnectionPool(host='scratch.mit.edu', port=443): Read timed out. (read timeout=10)
2026-02-13T13:05:33.8595854Z ##[error]Process completed with exit code 1.
2026-02-13T13:05:33.8677289Z Post job cleanup.
2026-02-13T13:05:33.9471141Z [command]/usr/bin/git version
2026-02-13T13:05:33.9508692Z git version 2.52.0
2026-02-13T13:05:33.9549846Z Temporarily overriding HOME='/home/runner/work/_temp/8ba77044-5419-4532-b294-d421ee314de9' before making global git config changes
2026-02-13T13:05:33.9551262Z Adding repository directory to the temporary git global config as a safe directory
2026-02-13T13:05:33.9575724Z [command]/usr/bin/git config --global --add safe.directory /home/runner/work/scratchattach/scratchattach
2026-02-13T13:05:33.9590823Z Removing SSH command configuration
2026-02-13T13:05:33.9597517Z [command]/usr/bin/git config --local --name-only --get-regexp core\.sshCommand
2026-02-13T13:05:33.9632880Z [command]/usr/bin/git submodule foreach --recursive sh -c "git config --local --name-only --get-regexp 'core\.sshCommand' && git config --local --unset-all 'core.sshCommand' || :"
2026-02-13T13:05:33.9876053Z Removing HTTP extra header
2026-02-13T13:05:33.9880695Z [command]/usr/bin/git config --local --name-only --get-regexp http\.https\:\/\/github\.com\/\.extraheader
2026-02-13T13:05:33.9915145Z [command]/usr/bin/git submodule foreach --recursive sh -c "git config --local --name-only --get-regexp 'http\.https\:\/\/github\.com\/\.extraheader' && git config --local --unset-all 'http.https://github.com/.extraheader' || :"
2026-02-13T13:05:34.0150741Z Removing includeIf entries pointing to credentials config files
2026-02-13T13:05:34.0156558Z [command]/usr/bin/git config --local --name-only --get-regexp ^includeIf\.gitdir:
2026-02-13T13:05:34.0180226Z includeif.gitdir:/home/runner/work/scratchattach/scratchattach/.git.path
2026-02-13T13:05:34.0181085Z includeif.gitdir:/home/runner/work/scratchattach/scratchattach/.git/worktrees/*.path
2026-02-13T13:05:34.0181570Z includeif.gitdir:/github/workspace/.git.path
2026-02-13T13:05:34.0181915Z includeif.gitdir:/github/workspace/.git/worktrees/*.path
2026-02-13T13:05:34.0190856Z [command]/usr/bin/git config --local --get-all includeif.gitdir:/home/runner/work/scratchattach/scratchattach/.git.path
2026-02-13T13:05:34.0214175Z /home/runner/work/_temp/git-credentials-5b4beceb-3457-425c-98ed-0ee48434feb5.config
2026-02-13T13:05:34.0224824Z [command]/usr/bin/git config --local --unset includeif.gitdir:/home/runner/work/scratchattach/scratchattach/.git.path /home/runner/work/_temp/git-credentials-5b4beceb-3457-425c-98ed-0ee48434feb5.config
2026-02-13T13:05:34.0260548Z [command]/usr/bin/git config --local --get-all includeif.gitdir:/home/runner/work/scratchattach/scratchattach/.git/worktrees/*.path
2026-02-13T13:05:34.0284123Z /home/runner/work/_temp/git-credentials-5b4beceb-3457-425c-98ed-0ee48434feb5.config
2026-02-13T13:05:34.0294074Z [command]/usr/bin/git config --local --unset includeif.gitdir:/home/runner/work/scratchattach/scratchattach/.git/worktrees/*.path /home/runner/work/_temp/git-credentials-5b4beceb-3457-425c-98ed-0ee48434feb5.config
2026-02-13T13:05:34.0325953Z [command]/usr/bin/git config --local --get-all includeif.gitdir:/github/workspace/.git.path
2026-02-13T13:05:34.0347727Z /github/runner_temp/git-credentials-5b4beceb-3457-425c-98ed-0ee48434feb5.config
2026-02-13T13:05:34.0357203Z [command]/usr/bin/git config --local --unset includeif.gitdir:/github/workspace/.git.path /github/runner_temp/git-credentials-5b4beceb-3457-425c-98ed-0ee48434feb5.config
2026-02-13T13:05:34.0390736Z [command]/usr/bin/git config --local --get-all includeif.gitdir:/github/workspace/.git/worktrees/*.path
2026-02-13T13:05:34.0413862Z /github/runner_temp/git-credentials-5b4beceb-3457-425c-98ed-0ee48434feb5.config
2026-02-13T13:05:34.0423648Z [command]/usr/bin/git config --local --unset includeif.gitdir:/github/workspace/.git/worktrees/*.path /github/runner_temp/git-credentials-5b4beceb-3457-425c-98ed-0ee48434feb5.config
2026-02-13T13:05:34.0455716Z [command]/usr/bin/git submodule foreach --recursive git config --local --show-origin --name-only --get-regexp remote.origin.url
2026-02-13T13:05:34.0691391Z Removing credentials config '/home/runner/work/_temp/git-credentials-5b4beceb-3457-425c-98ed-0ee48434feb5.config'
2026-02-13T13:05:34.0836330Z Post job cleanup.
2026-02-13T13:05:34.1630068Z [command]/usr/bin/git version
2026-02-13T13:05:34.1667370Z git version 2.52.0
2026-02-13T13:05:34.1709834Z Temporarily overriding HOME='/home/runner/work/_temp/18d6ce4e-4e51-49b9-a953-40eb7a4324e4' before making global git config changes
2026-02-13T13:05:34.1711310Z Adding repository directory to the temporary git global config as a safe directory
2026-02-13T13:05:34.1716246Z [command]/usr/bin/git config --global --add safe.directory /home/runner/work/scratchattach/scratchattach
2026-02-13T13:05:34.1748540Z Removing SSH command configuration
2026-02-13T13:05:34.1755092Z [command]/usr/bin/git config --local --name-only --get-regexp core\.sshCommand
2026-02-13T13:05:34.1792327Z [command]/usr/bin/git submodule foreach --recursive sh -c "git config --local --name-only --get-regexp 'core\.sshCommand' && git config --local --unset-all 'core.sshCommand' || :"
2026-02-13T13:05:34.2042843Z Removing HTTP extra header
2026-02-13T13:05:34.2048596Z [command]/usr/bin/git config --local --name-only --get-regexp http\.https\:\/\/github\.com\/\.extraheader
2026-02-13T13:05:34.2087149Z [command]/usr/bin/git submodule foreach --recursive sh -c "git config --local --name-only --get-regexp 'http\.https\:\/\/github\.com\/\.extraheader' && git config --local --unset-all 'http.https://github.com/.extraheader' || :"
2026-02-13T13:05:34.2326541Z Removing includeIf entries pointing to credentials config files
2026-02-13T13:05:34.2334225Z [command]/usr/bin/git config --local --name-only --get-regexp ^includeIf\.gitdir:
2026-02-13T13:05:34.2367933Z [command]/usr/bin/git submodule foreach --recursive git config --local --show-origin --name-only --get-regexp remote.origin.url
2026-02-13T13:05:34.2733732Z Cleaning up orphan processes
