2025-11-10T01:51:49.0125421Z Current runner version: '2.329.0'
2025-11-10T01:51:49.0155172Z ##[group]Runner Image Provisioner
2025-11-10T01:51:49.0156499Z Hosted Compute Agent
2025-11-10T01:51:49.0157372Z Version: 20251016.436
2025-11-10T01:51:49.0158250Z Commit: 8ab8ac8bfd662a3739dab9fe09456aba92132568
2025-11-10T01:51:49.0159212Z Build Date: 2025-10-15T20:44:12Z
2025-11-10T01:51:49.0160097Z ##[endgroup]
2025-11-10T01:51:49.0160860Z ##[group]Operating System
2025-11-10T01:51:49.0161655Z Ubuntu
2025-11-10T01:51:49.0162334Z 24.04.3
2025-11-10T01:51:49.0162992Z LTS
2025-11-10T01:51:49.0163578Z ##[endgroup]
2025-11-10T01:51:49.0164285Z ##[group]Runner Image
2025-11-10T01:51:49.0165108Z Image: ubuntu-24.04
2025-11-10T01:51:49.0165926Z Version: 20251102.99.1
2025-11-10T01:51:49.0167484Z Included Software: https://github.com/actions/runner-images/blob/ubuntu24/20251102.99/images/ubuntu/Ubuntu2404-Readme.md
2025-11-10T01:51:49.0169809Z Image Release: https://github.com/actions/runner-images/releases/tag/ubuntu24%2F20251102.99
2025-11-10T01:51:49.0171335Z ##[endgroup]
2025-11-10T01:51:49.0172829Z ##[group]GITHUB_TOKEN Permissions
2025-11-10T01:51:49.0175797Z Contents: write
2025-11-10T01:51:49.0176633Z Metadata: read
2025-11-10T01:51:49.0177360Z ##[endgroup]
2025-11-10T01:51:49.0180728Z Secret source: Actions
2025-11-10T01:51:49.0181883Z Prepare workflow directory
2025-11-10T01:51:49.0798535Z Prepare all required actions
2025-11-10T01:51:49.0853939Z Getting action download info
2025-11-10T01:51:49.3932587Z Download action repository 'actions/checkout@ff7abcd0c3c05ccf6adc123a8cd1fd4fb30fb493' (SHA:ff7abcd0c3c05ccf6adc123a8cd1fd4fb30fb493)
2025-11-10T01:51:49.7297665Z Download action repository 'actions/setup-python@v6' (SHA:e797f83bcb11b83ae66e0230d6156d7c80228e7c)
2025-11-10T01:51:49.7980446Z Download action repository 'actions/cache@0057852bfaa89a56745cba8c7296529d2fc39830' (SHA:0057852bfaa89a56745cba8c7296529d2fc39830)
2025-11-10T01:51:49.8792017Z Download action repository 'actions/component-detection-dependency-submission-action@374343effede691df3a5ffaf36b4e7acab919590' (SHA:374343effede691df3a5ffaf36b4e7acab919590)
2025-11-10T01:51:50.3843316Z Complete job name: submit-pypi
2025-11-10T01:51:50.4400767Z ##[group]Run actions/checkout@ff7abcd0c3c05ccf6adc123a8cd1fd4fb30fb493
2025-11-10T01:51:50.4401959Z with:
2025-11-10T01:51:50.4402487Z   ref: refs/heads/main
2025-11-10T01:51:50.4403091Z   repository: Boss-1s/scratchattach
2025-11-10T01:51:50.4403937Z   token: ***
2025-11-10T01:51:50.4404465Z   ssh-strict: true
2025-11-10T01:51:50.4404925Z   ssh-user: git
2025-11-10T01:51:50.4405808Z   persist-credentials: true
2025-11-10T01:51:50.4406489Z   clean: true
2025-11-10T01:51:50.4407023Z   sparse-checkout-cone-mode: true
2025-11-10T01:51:50.4407671Z   fetch-depth: 1
2025-11-10T01:51:50.4408225Z   fetch-tags: false
2025-11-10T01:51:50.4408781Z   show-progress: true
2025-11-10T01:51:50.4409293Z   lfs: false
2025-11-10T01:51:50.4409780Z   submodules: false
2025-11-10T01:51:50.4410316Z   set-safe-directory: true
2025-11-10T01:51:50.4411227Z env:
2025-11-10T01:51:50.4411743Z   SKIP_CACHE: 
2025-11-10T01:51:50.4412228Z ##[endgroup]
2025-11-10T01:51:50.5419092Z Syncing repository: Boss-1s/scratchattach
2025-11-10T01:51:50.5421057Z ##[group]Getting Git version info
2025-11-10T01:51:50.5421856Z Working directory is '/home/runner/work/scratchattach/scratchattach'
2025-11-10T01:51:50.5423009Z [command]/usr/bin/git version
2025-11-10T01:51:50.5493765Z git version 2.51.2
2025-11-10T01:51:50.5512787Z ##[endgroup]
2025-11-10T01:51:50.5527405Z Temporarily overriding HOME='/home/runner/work/_temp/a2168f97-631a-44d8-b031-3de450c241b6' before making global git config changes
2025-11-10T01:51:50.5530099Z Adding repository directory to the temporary git global config as a safe directory
2025-11-10T01:51:50.5532866Z [command]/usr/bin/git config --global --add safe.directory /home/runner/work/scratchattach/scratchattach
2025-11-10T01:51:50.5564108Z Deleting the contents of '/home/runner/work/scratchattach/scratchattach'
2025-11-10T01:51:50.5567319Z ##[group]Initializing the repository
2025-11-10T01:51:50.5572212Z [command]/usr/bin/git init /home/runner/work/scratchattach/scratchattach
2025-11-10T01:51:50.5674645Z hint: Using 'master' as the name for the initial branch. This default branch name
2025-11-10T01:51:50.5677120Z hint: is subject to change. To configure the initial branch name to use in all
2025-11-10T01:51:50.5679223Z hint: of your new repositories, which will suppress this warning, call:
2025-11-10T01:51:50.5680098Z hint:
2025-11-10T01:51:50.5680773Z hint: 	git config --global init.defaultBranch <name>
2025-11-10T01:51:50.5681480Z hint:
2025-11-10T01:51:50.5682241Z hint: Names commonly chosen instead of 'master' are 'main', 'trunk' and
2025-11-10T01:51:50.5683751Z hint: 'development'. The just-created branch can be renamed via this command:
2025-11-10T01:51:50.5684725Z hint:
2025-11-10T01:51:50.5685409Z hint: 	git branch -m <name>
2025-11-10T01:51:50.5686020Z hint:
2025-11-10T01:51:50.5686776Z hint: Disable this message with "git config set advice.defaultBranchName false"
2025-11-10T01:51:50.5688410Z Initialized empty Git repository in /home/runner/work/scratchattach/scratchattach/.git/
2025-11-10T01:51:50.5690564Z [command]/usr/bin/git remote add origin https://github.com/Boss-1s/scratchattach
2025-11-10T01:51:50.5716262Z ##[endgroup]
2025-11-10T01:51:50.5717071Z ##[group]Disabling automatic garbage collection
2025-11-10T01:51:50.5719569Z [command]/usr/bin/git config --local gc.auto 0
2025-11-10T01:51:50.5743071Z ##[endgroup]
2025-11-10T01:51:50.5744268Z ##[group]Setting up auth
2025-11-10T01:51:50.5749569Z [command]/usr/bin/git config --local --name-only --get-regexp core\.sshCommand
2025-11-10T01:51:50.5775030Z [command]/usr/bin/git submodule foreach --recursive sh -c "git config --local --name-only --get-regexp 'core\.sshCommand' && git config --local --unset-all 'core.sshCommand' || :"
2025-11-10T01:51:50.6067229Z [command]/usr/bin/git config --local --name-only --get-regexp http\.https\:\/\/github\.com\/\.extraheader
2025-11-10T01:51:50.6092208Z [command]/usr/bin/git submodule foreach --recursive sh -c "git config --local --name-only --get-regexp 'http\.https\:\/\/github\.com\/\.extraheader' && git config --local --unset-all 'http.https://github.com/.extraheader' || :"
2025-11-10T01:51:50.6256191Z [command]/usr/bin/git config --local http.https://github.com/.extraheader AUTHORIZATION: basic ***
2025-11-10T01:51:50.6282191Z ##[endgroup]
2025-11-10T01:51:50.6283103Z ##[group]Fetching the repository
2025-11-10T01:51:50.6290736Z [command]/usr/bin/git -c protocol.version=2 fetch --no-tags --prune --no-recurse-submodules --depth=1 origin +refs/heads/main:refs/remotes/origin/main
2025-11-10T01:51:51.6641343Z From https://github.com/Boss-1s/scratchattach
2025-11-10T01:51:51.6642598Z  * [new branch]      main       -> origin/main
2025-11-10T01:51:51.6668526Z ##[endgroup]
2025-11-10T01:51:51.6670062Z ##[group]Determining the checkout info
2025-11-10T01:51:51.6671511Z ##[endgroup]
2025-11-10T01:51:51.6675700Z [command]/usr/bin/git sparse-checkout disable
2025-11-10T01:51:51.6708570Z [command]/usr/bin/git config --local --unset-all extensions.worktreeConfig
2025-11-10T01:51:51.6729758Z ##[group]Checking out the ref
2025-11-10T01:51:51.6732725Z [command]/usr/bin/git checkout --progress --force -B main refs/remotes/origin/main
2025-11-10T01:51:51.9976425Z Switched to a new branch 'main'
2025-11-10T01:51:51.9978508Z branch 'main' set up to track 'origin/main'.
2025-11-10T01:51:51.9999319Z ##[endgroup]
2025-11-10T01:51:52.0029479Z [command]/usr/bin/git log -1 --format=%H
2025-11-10T01:51:52.0047959Z 7e0277f922b73403b49f9e059357850a618be2af
2025-11-10T01:51:52.0313793Z ##[group]Run actions/setup-python@v6
2025-11-10T01:51:52.0314838Z with:
2025-11-10T01:51:52.0315704Z   check-latest: false
2025-11-10T01:51:52.0316831Z   token: ***
2025-11-10T01:51:52.0317634Z   update-environment: true
2025-11-10T01:51:52.0318602Z   allow-prereleases: false
2025-11-10T01:51:52.0319548Z   freethreaded: false
2025-11-10T01:51:52.0320385Z env:
2025-11-10T01:51:52.0321092Z   SKIP_CACHE: 
2025-11-10T01:51:52.0321866Z ##[endgroup]
2025-11-10T01:51:52.1544538Z [warning]Neither 'python-version' nor 'python-version-file' inputs were supplied. Attempting to find '.python-version' file.
2025-11-10T01:51:52.1548994Z [warning].python-version doesn't exist.
2025-11-10T01:51:52.1553148Z (node:2071) [DEP0040] DeprecationWarning: The `punycode` module is deprecated. Please use a userland alternative instead.
2025-11-10T01:51:52.1557127Z (Use `node --trace-deprecation ...` to show where the warning was created)
2025-11-10T01:51:52.1587314Z ##[warning]The `python-version` input is not set.  The version of Python currently in `PATH` will be used.
2025-11-10T01:51:52.1702910Z ##[group]Run version=$(python --version)
2025-11-10T01:51:52.1704156Z [36;1mversion=$(python --version)[0m
2025-11-10T01:51:52.1705539Z [36;1mecho "::notice::Using python version: $version"[0m
2025-11-10T01:51:52.1707076Z [36;1mpip install "pip<25.3" # Temporary pin to avoid issues with pip 25.3+[0m
2025-11-10T01:51:52.1708494Z [36;1mpip_version=$(pip --version)[0m
2025-11-10T01:51:52.1709697Z [36;1mecho "::notice::Using pip version: $pip_version"[0m
2025-11-10T01:51:52.1710881Z [36;1mpip install pip-tools[0m
2025-11-10T01:51:52.1711968Z [36;1mpip_compile_version=$(pip-compile --version)[0m
2025-11-10T01:51:52.1713454Z [36;1mecho "::notice::Using pip-compile version: $pip_compile_version"[0m
2025-11-10T01:51:52.1741163Z shell: /usr/bin/bash --noprofile --norc -e -o pipefail {0}
2025-11-10T01:51:52.1742372Z env:
2025-11-10T01:51:52.1743022Z   SKIP_CACHE: 
2025-11-10T01:51:52.1743783Z ##[endgroup]
2025-11-10T01:51:52.1829926Z ##[notice]Using python version: Python 3.12.3
2025-11-10T01:51:53.2251363Z Defaulting to user installation because normal site-packages is not writeable
2025-11-10T01:51:53.9840402Z Requirement already satisfied: pip<25.3 in /usr/lib/python3/dist-packages (24.0)
2025-11-10T01:51:54.4836953Z ##[notice]Using pip version: pip 24.0 from /usr/lib/python3/dist-packages/pip (python 3.12)
2025-11-10T01:51:54.7176316Z Defaulting to user installation because normal site-packages is not writeable
2025-11-10T01:51:54.9340027Z Collecting pip-tools
2025-11-10T01:51:54.9692499Z   Downloading pip_tools-7.5.1-py3-none-any.whl.metadata (26 kB)
2025-11-10T01:51:55.0030855Z Collecting build>=1.0.0 (from pip-tools)
2025-11-10T01:51:55.0064237Z   Downloading build-1.3.0-py3-none-any.whl.metadata (5.6 kB)
2025-11-10T01:51:55.0105503Z Requirement already satisfied: click>=8 in /usr/lib/python3/dist-packages (from pip-tools) (8.1.6)
2025-11-10T01:51:55.0113849Z Requirement already satisfied: pip>=22.2 in /usr/lib/python3/dist-packages (from pip-tools) (24.0)
2025-11-10T01:51:55.0252467Z Collecting pyproject_hooks (from pip-tools)
2025-11-10T01:51:55.0282838Z   Downloading pyproject_hooks-1.2.0-py3-none-any.whl.metadata (1.3 kB)
2025-11-10T01:51:55.0331258Z Requirement already satisfied: setuptools in /usr/lib/python3/dist-packages (from pip-tools) (68.1.2)
2025-11-10T01:51:55.0337023Z Requirement already satisfied: wheel in /usr/lib/python3/dist-packages (from pip-tools) (0.42.0)
2025-11-10T01:51:55.0410851Z Requirement already satisfied: packaging>=19.1 in /usr/lib/python3/dist-packages (from build>=1.0.0->pip-tools) (24.0)
2025-11-10T01:51:55.0519622Z Downloading pip_tools-7.5.1-py3-none-any.whl (65 kB)
2025-11-10T01:51:55.0605648Z    ━━━━━━━━━━━━━━━━━━━━━━━━━━━━━━━━━━━━━━━━ 65.3/65.3 kB 8.4 MB/s eta 0:00:00
2025-11-10T01:51:55.0636796Z Downloading build-1.3.0-py3-none-any.whl (23 kB)
2025-11-10T01:51:55.0722129Z Downloading pyproject_hooks-1.2.0-py3-none-any.whl (10 kB)
2025-11-10T01:51:55.2953492Z Installing collected packages: pyproject_hooks, build, pip-tools
2025-11-10T01:51:55.3562966Z Successfully installed build-1.3.0 pip-tools-7.5.1 pyproject_hooks-1.2.0
2025-11-10T01:51:55.7626721Z ##[notice]Using pip-compile version: pip-compile, version 7.5.1
2025-11-10T01:51:55.7677822Z ##[group]Run if [[ -n "" ]]; then
2025-11-10T01:51:55.7678134Z [36;1mif [[ -n "" ]]; then[0m
2025-11-10T01:51:55.7678486Z [36;1m  echo "Python cache disabled via 'GH_DEPENDENCY_SUBMISSION_SKIP_CACHE'"[0m
2025-11-10T01:51:55.7678941Z [36;1melse[0m
2025-11-10T01:51:55.7679346Z [36;1m  echo "Caching Python packages. Set 'GH_DEPENDENCY_SUBMISSION_SKIP_CACHE=true' to skip caching in future."[0m
2025-11-10T01:51:55.7679767Z [36;1mfi[0m
2025-11-10T01:51:55.7698318Z shell: /usr/bin/bash -e {0}
2025-11-10T01:51:55.7698579Z env:
2025-11-10T01:51:55.7698784Z   SKIP_CACHE: 
2025-11-10T01:51:55.7698978Z ##[endgroup]
2025-11-10T01:51:55.7737262Z Caching Python packages. Set 'GH_DEPENDENCY_SUBMISSION_SKIP_CACHE=true' to skip caching in future.
2025-11-10T01:51:55.9139594Z ##[group]Run actions/cache@0057852bfaa89a56745cba8c7296529d2fc39830
2025-11-10T01:51:55.9140021Z with:
2025-11-10T01:51:55.9140255Z   path: ~/.cache/pip
2025-11-10T01:51:55.9140721Z   key: Linux-pip-python-933f3af192ad631118b3e297ab52aaed5541608dfe715694932b3d37f62acea2
2025-11-10T01:51:55.9141201Z   restore-keys: Linux-python-

2025-11-10T01:51:55.9141451Z   enableCrossOsArchive: false
2025-11-10T01:51:55.9141678Z   fail-on-cache-miss: false
2025-11-10T01:51:55.9141926Z   lookup-only: false
2025-11-10T01:51:55.9142123Z   save-always: false
2025-11-10T01:51:55.9142310Z env:
2025-11-10T01:51:55.9142471Z   SKIP_CACHE: 
2025-11-10T01:51:55.9142651Z ##[endgroup]
2025-11-10T01:51:56.1990703Z Cache hit for: Linux-pip-python-933f3af192ad631118b3e297ab52aaed5541608dfe715694932b3d37f62acea2
2025-11-10T01:51:56.6506836Z Received 5373244 of 5373244 (100.0%), 15.0 MBs/sec
2025-11-10T01:51:56.6507633Z Cache Size: ~5 MB (5373244 B)
2025-11-10T01:51:56.6532290Z [command]/usr/bin/tar -xf /home/runner/work/_temp/3fa56ee0-83f1-46bf-8a96-ce82e19a6882/cache.tzst -P -C /home/runner/work/scratchattach/scratchattach --use-compress-program unzstd
2025-11-10T01:51:56.6677507Z Cache restored successfully
2025-11-10T01:51:56.6762820Z Cache restored from key: Linux-pip-python-933f3af192ad631118b3e297ab52aaed5541608dfe715694932b3d37f62acea2
2025-11-10T01:51:56.6822312Z ##[group]Run if pip-compile --dry-run -o requirements.out requirements.txt; then
2025-11-10T01:51:56.6822838Z [36;1mif pip-compile --dry-run -o requirements.out requirements.txt; then[0m
2025-11-10T01:51:56.6823235Z [36;1m  echo "::debug::Python validate no broken dependencies"[0m
2025-11-10T01:51:56.6823583Z [36;1m  echo "{valid-project}={true}" >> "$GITHUB_OUTPUT"[0m
2025-11-10T01:51:56.6823854Z [36;1melse[0m
2025-11-10T01:51:56.6824091Z [36;1m  echo "{valid-project}={false}" >> "$GITHUB_OUTPUT"[0m
2025-11-10T01:51:56.6824509Z [36;1m  echo "### :warning: Python validation failed in repository root" >> $GITHUB_STEP_SUMMARY[0m
2025-11-10T01:51:56.6825731Z [36;1m  echo "We were unable to validate a Python project in the repository root. If your repository requires additional setup steps, you may need to check in your own workflow." >> $GITHUB_STEP_SUMMARY[0m
2025-11-10T01:51:56.6826399Z [36;1m  echo "" >> $GITHUB_STEP_SUMMARY[0m
2025-11-10T01:51:56.6827250Z [36;1m  echo "For more information on submitting Python dependencies from your own workflow, refer to [the submission action](https://github.com/actions/component-detection-dependency-submission-action)" >> $GITHUB_STEP_SUMMARY[0m
2025-11-10T01:51:56.6828138Z [36;1m  echo "::warning::Python validation failed in the repository root."[0m
2025-11-10T01:51:56.6828454Z [36;1m  exit 1[0m
2025-11-10T01:51:56.6828636Z [36;1mfi[0m
2025-11-10T01:51:56.6846772Z shell: /usr/bin/bash -e {0}
2025-11-10T01:51:56.6847001Z env:
2025-11-10T01:51:56.6847190Z   SKIP_CACHE: 
2025-11-10T01:51:56.6847379Z ##[endgroup]
2025-11-10T01:51:57.1381316Z   ERROR: Ignored the following yanked versions: 0.9.98, 1.0.7, 1.1.8, 1.2.1, 1.2.2, 1.2.4, 1.2.8, 1.4.0, 1.4.1, 1.4.2, 1.4.3
2025-11-10T01:51:57.1384164Z   ERROR: Could not find a version that satisfies the requirement scratchattach==2.1.14 (from versions: 0.4.2, 0.4.3, 0.4.4, 0.4.5, 0.4.6, 0.4.7, 0.4.8, 0.4.9, 0.5.1, 0.5.3, 0.5.4, 0.5.5, 0.5.6, 0.5.7, 0.5.8, 0.5.9, 0.6.0, 0.6.1, 0.6.2, 0.6.3, 0.6.4, 0.6.5, 0.6.6, 0.6.7, 0.6.8, 0.6.9, 0.7.0, 0.7.1, 0.7.2, 0.7.4, 0.7.5, 0.7.6, 0.7.7, 0.7.8, 0.7.9, 0.8.0, 0.8.3, 0.8.4, 0.8.5, 0.8.6, 0.8.8, 0.8.9, 0.9.0, 0.9.1, 0.9.2, 0.9.3, 0.9.5, 0.9.6, 0.9.7, 0.9.8, 0.9.9, 0.9.91, 0.9.92, 0.9.93, 0.9.94, 0.9.95, 0.9.96, 0.9.97, 0.9.99, 1.0.1, 1.0.2, 1.0.3, 1.0.5, 1.0.6, 1.0.8, 1.0.9, 1.1.0, 1.1.1, 1.1.2, 1.1.3, 1.1.4, 1.1.5, 1.1.6, 1.2.5, 1.2.6, 1.2.7, 1.2.9, 1.3.0, 1.3.2, 1.3.3, 1.3.4, 1.3.5, 1.3.6, 1.3.7, 1.4.4, 1.4.5, 1.4.6, 1.4.7, 1.4.8, 1.4.9, 1.5.0, 1.5.1, 1.5.2, 1.5.3, 1.5.4, 1.5.5, 1.5.6, 1.5.7, 1.5.9, 1.6.0, 1.6.1, 1.6.2, 1.6.3, 1.6.4, 1.6.5, 1.6.6, 1.6.7, 1.6.8, 1.6.9, 1.7.0, 1.7.1, 1.7.2, 1.7.3, 1.7.4, 2.0.5, 2.0.6, 2.0.7, 2.0.8, 2.0.9, 2.1.2, 2.1.3, 2.1.4, 2.1.5, 2.1.6, 2.1.7, 2.1.8, 2.1.9, 2.1.10a0, 2.1.10a1, 2.1.10a2, 2.1.10a3, 2.1.10, 2.1.11, 2.1.12, 2.1.13)
2025-11-10T01:51:57.1655525Z Traceback (most recent call last):
2025-11-10T01:51:57.1661698Z   File "/usr/lib/python3/dist-packages/pip/_vendor/resolvelib/resolvers.py", line 397, in resolve
2025-11-10T01:51:57.1746125Z     self._add_to_criteria(self.state.criteria, r, parent=None)
2025-11-10T01:51:57.1747333Z   File "/usr/lib/python3/dist-packages/pip/_vendor/resolvelib/resolvers.py", line 174, in _add_to_criteria
2025-11-10T01:51:57.1748295Z     raise RequirementsConflicted(criterion)
2025-11-10T01:51:57.1748991Z pip._vendor.resolvelib.resolvers.RequirementsConflicted: Requirements conflict: SpecifierRequirement('scratchattach==2.1.14')
2025-11-10T01:51:57.1749543Z 
2025-11-10T01:51:57.1749759Z During handling of the above exception, another exception occurred:
2025-11-10T01:51:57.1750045Z 
2025-11-10T01:51:57.1750176Z Traceback (most recent call last):
2025-11-10T01:51:57.1750760Z   File "/usr/lib/python3/dist-packages/pip/_internal/resolution/resolvelib/resolver.py", line 95, in resolve
2025-11-10T01:51:57.1845045Z     result = self._result = resolver.resolve(
2025-11-10T01:51:57.1845836Z                             ^^^^^^^^^^^^^^^^^
2025-11-10T01:51:57.1847140Z   File "/usr/lib/python3/dist-packages/pip/_vendor/resolvelib/resolvers.py", line 546, in resolve
2025-11-10T01:51:57.1848311Z     state = resolution.resolve(requirements, max_rounds=max_rounds)
2025-11-10T01:51:57.1848959Z             ^^^^^^^^^^^^^^^^^^^^^^^^^^^^^^^^^^^^^^^^^^^^^^^^^^^^^^^
2025-11-10T01:51:57.1849921Z   File "/usr/lib/python3/dist-packages/pip/_vendor/resolvelib/resolvers.py", line 399, in resolve
2025-11-10T01:51:57.1850652Z     raise ResolutionImpossible(e.criterion.information)
2025-11-10T01:51:57.1851456Z pip._vendor.resolvelib.resolvers.ResolutionImpossible: [RequirementInformation(requirement=SpecifierRequirement('scratchattach==2.1.14'), parent=None)]
2025-11-10T01:51:57.1852099Z 
2025-11-10T01:51:57.1852314Z The above exception was the direct cause of the following exception:
2025-11-10T01:51:57.1852603Z 
2025-11-10T01:51:57.1852744Z Traceback (most recent call last):
2025-11-10T01:51:57.1853180Z   File "/home/runner/.local/bin/pip-compile", line 8, in <module>
2025-11-10T01:51:57.1853562Z     sys.exit(cli())
2025-11-10T01:51:57.1853808Z              ^^^^^
2025-11-10T01:51:57.1854186Z   File "/usr/lib/python3/dist-packages/click/core.py", line 1157, in __call__
2025-11-10T01:51:57.2052909Z     return self.main(*args, **kwargs)
2025-11-10T01:51:57.2053531Z            ^^^^^^^^^^^^^^^^^^^^^^^^^^
2025-11-10T01:51:57.2054341Z   File "/usr/lib/python3/dist-packages/click/core.py", line 1078, in main
2025-11-10T01:51:57.2055143Z     rv = self.invoke(ctx)
2025-11-10T01:51:57.2055815Z          ^^^^^^^^^^^^^^^^
2025-11-10T01:51:57.2056579Z   File "/usr/lib/python3/dist-packages/click/core.py", line 1434, in invoke
2025-11-10T01:51:57.2057955Z     return ctx.invoke(self.callback, **ctx.params)
2025-11-10T01:51:57.2058440Z            ^^^^^^^^^^^^^^^^^^^^^^^^^^^^^^^^^^^^^^^
2025-11-10T01:51:57.2059164Z   File "/usr/lib/python3/dist-packages/click/core.py", line 783, in invoke
2025-11-10T01:51:57.2060016Z     return __callback(*args, **kwargs)
2025-11-10T01:51:57.2060415Z            ^^^^^^^^^^^^^^^^^^^^^^^^^^^
2025-11-10T01:51:57.2060904Z   File "/usr/lib/python3/dist-packages/click/decorators.py", line 33, in new_func
2025-11-10T01:51:57.2100724Z     return f(get_current_context(), *args, **kwargs)
2025-11-10T01:51:57.2101662Z            ^^^^^^^^^^^^^^^^^^^^^^^^^^^^^^^^^^^^^^^^^
2025-11-10T01:51:57.2102718Z   File "/home/runner/.local/lib/python3.12/site-packages/piptools/scripts/compile.py", line 479, in cli
2025-11-10T01:51:57.2103837Z     results = resolver.resolve(max_rounds=max_rounds)
2025-11-10T01:51:57.2105656Z               ^^^^^^^^^^^^^^^^^^^^^^^^^^^^^^^^^^^^^^^
2025-11-10T01:51:57.2107011Z   File "/home/runner/.local/lib/python3.12/site-packages/piptools/resolver.py", line 635, in resolve
2025-11-10T01:51:57.2108060Z     is_resolved = self._do_resolve(
2025-11-10T01:51:57.2108822Z                   ^^^^^^^^^^^^^^^^^
2025-11-10T01:51:57.2109628Z   File "/home/runner/.local/lib/python3.12/site-packages/piptools/resolver.py", line 670, in _do_resolve
2025-11-10T01:51:57.2110730Z     resolver.resolve(
2025-11-10T01:51:57.2111501Z   File "/usr/lib/python3/dist-packages/pip/_internal/resolution/resolvelib/resolver.py", line 104, in resolve
2025-11-10T01:51:57.2112219Z     raise error from e
2025-11-10T01:51:57.2112832Z pip._internal.exceptions.DistributionNotFound: No matching distribution found for scratchattach==2.1.14
2025-11-10T01:51:57.2698605Z ##[warning]Python validation failed in the repository root.
2025-11-10T01:51:57.2702570Z ##[error]Process completed with exit code 1.
2025-11-10T01:51:57.2794632Z Post job cleanup.
2025-11-10T01:51:57.3510555Z [command]/usr/bin/git version
2025-11-10T01:51:57.3542758Z git version 2.51.2
2025-11-10T01:51:57.3574441Z Temporarily overriding HOME='/home/runner/work/_temp/13faed8a-d6d1-4cd8-905b-8ef069d3d67f' before making global git config changes
2025-11-10T01:51:57.3576547Z Adding repository directory to the temporary git global config as a safe directory
2025-11-10T01:51:57.3580366Z [command]/usr/bin/git config --global --add safe.directory /home/runner/work/scratchattach/scratchattach
2025-11-10T01:51:57.3609540Z [command]/usr/bin/git config --local --name-only --get-regexp core\.sshCommand
2025-11-10T01:51:57.3635786Z [command]/usr/bin/git submodule foreach --recursive sh -c "git config --local --name-only --get-regexp 'core\.sshCommand' && git config --local --unset-all 'core.sshCommand' || :"
2025-11-10T01:51:57.3807382Z [command]/usr/bin/git config --local --name-only --get-regexp http\.https\:\/\/github\.com\/\.extraheader
2025-11-10T01:51:57.3824126Z http.https://github.com/.extraheader
2025-11-10T01:51:57.3831778Z [command]/usr/bin/git config --local --unset-all http.https://github.com/.extraheader
2025-11-10T01:51:57.3861944Z [command]/usr/bin/git submodule foreach --recursive sh -c "git config --local --name-only --get-regexp 'http\.https\:\/\/github\.com\/\.extraheader' && git config --local --unset-all 'http.https://github.com/.extraheader' || :"
2025-11-10T01:51:57.4112255Z Cleaning up orphan processes
