2025-11-17T17:16:31.2120948Z Current runner version: '2.329.0'
2025-11-17T17:16:31.2150038Z ##[group]Runner Image Provisioner
2025-11-17T17:16:31.2150858Z Hosted Compute Agent
2025-11-17T17:16:31.2151484Z Version: 20251016.436
2025-11-17T17:16:31.2152119Z Commit: 8ab8ac8bfd662a3739dab9fe09456aba92132568
2025-11-17T17:16:31.2152768Z Build Date: 2025-10-15T20:44:12Z
2025-11-17T17:16:31.2153405Z ##[endgroup]
2025-11-17T17:16:31.2153886Z ##[group]Operating System
2025-11-17T17:16:31.2154446Z Ubuntu
2025-11-17T17:16:31.2154914Z 24.04.3
2025-11-17T17:16:31.2155431Z LTS
2025-11-17T17:16:31.2155847Z ##[endgroup]
2025-11-17T17:16:31.2156356Z ##[group]Runner Image
2025-11-17T17:16:31.2156890Z Image: ubuntu-24.04
2025-11-17T17:16:31.2157355Z Version: 20251112.124.1
2025-11-17T17:16:31.2158393Z Included Software: https://github.com/actions/runner-images/blob/ubuntu24/20251112.124/images/ubuntu/Ubuntu2404-Readme.md
2025-11-17T17:16:31.2160337Z Image Release: https://github.com/actions/runner-images/releases/tag/ubuntu24%2F20251112.124
2025-11-17T17:16:31.2161515Z ##[endgroup]
2025-11-17T17:16:31.2162469Z ##[group]GITHUB_TOKEN Permissions
2025-11-17T17:16:31.2164308Z Contents: write
2025-11-17T17:16:31.2164914Z Metadata: read
2025-11-17T17:16:31.2165372Z ##[endgroup]
2025-11-17T17:16:31.2167413Z Secret source: Actions
2025-11-17T17:16:31.2168096Z Prepare workflow directory
2025-11-17T17:16:31.2681685Z Prepare all required actions
2025-11-17T17:16:31.2719054Z Getting action download info
2025-11-17T17:16:31.6229362Z Download action repository 'actions/checkout@ff7abcd0c3c05ccf6adc123a8cd1fd4fb30fb493' (SHA:ff7abcd0c3c05ccf6adc123a8cd1fd4fb30fb493)
2025-11-17T17:16:32.1579222Z Download action repository 'actions/setup-python@v6' (SHA:e797f83bcb11b83ae66e0230d6156d7c80228e7c)
2025-11-17T17:16:32.3331944Z Download action repository 'actions/cache@0057852bfaa89a56745cba8c7296529d2fc39830' (SHA:0057852bfaa89a56745cba8c7296529d2fc39830)
2025-11-17T17:16:32.4325244Z Download action repository 'actions/component-detection-dependency-submission-action@374343effede691df3a5ffaf36b4e7acab919590' (SHA:374343effede691df3a5ffaf36b4e7acab919590)
2025-11-17T17:16:32.8100536Z Complete job name: submit-pypi
2025-11-17T17:16:32.8888114Z ##[group]Run actions/checkout@ff7abcd0c3c05ccf6adc123a8cd1fd4fb30fb493
2025-11-17T17:16:32.8890213Z with:
2025-11-17T17:16:32.8891607Z   ref: refs/heads/dependabot/github_actions/dot-github/workflows/actions/checkout-5.0.1
2025-11-17T17:16:32.8893299Z   repository: Boss-1s/scratchattach
2025-11-17T17:16:32.8894646Z   token: ***
2025-11-17T17:16:32.8895422Z   ssh-strict: true
2025-11-17T17:16:32.8896212Z   ssh-user: git
2025-11-17T17:16:32.8897070Z   persist-credentials: true
2025-11-17T17:16:32.8897977Z   clean: true
2025-11-17T17:16:32.8898817Z   sparse-checkout-cone-mode: true
2025-11-17T17:16:32.8900069Z   fetch-depth: 1
2025-11-17T17:16:32.8900901Z   fetch-tags: false
2025-11-17T17:16:32.8901724Z   show-progress: true
2025-11-17T17:16:32.8902548Z   lfs: false
2025-11-17T17:16:32.8903311Z   submodules: false
2025-11-17T17:16:32.8904140Z   set-safe-directory: true
2025-11-17T17:16:32.8905364Z env:
2025-11-17T17:16:32.8906098Z   SKIP_CACHE: 
2025-11-17T17:16:32.8906918Z ##[endgroup]
2025-11-17T17:16:32.9863517Z Syncing repository: Boss-1s/scratchattach
2025-11-17T17:16:32.9866260Z ##[group]Getting Git version info
2025-11-17T17:16:32.9867855Z Working directory is '/home/runner/work/scratchattach/scratchattach'
2025-11-17T17:16:32.9870256Z [command]/usr/bin/git version
2025-11-17T17:16:32.9927639Z git version 2.51.2
2025-11-17T17:16:32.9950793Z ##[endgroup]
2025-11-17T17:16:32.9966882Z Temporarily overriding HOME='/home/runner/work/_temp/71c15a6f-ced1-4dbf-93a5-8f2172cee94c' before making global git config changes
2025-11-17T17:16:32.9970505Z Adding repository directory to the temporary git global config as a safe directory
2025-11-17T17:16:32.9973177Z [command]/usr/bin/git config --global --add safe.directory /home/runner/work/scratchattach/scratchattach
2025-11-17T17:16:33.0010532Z Deleting the contents of '/home/runner/work/scratchattach/scratchattach'
2025-11-17T17:16:33.0014110Z ##[group]Initializing the repository
2025-11-17T17:16:33.0018703Z [command]/usr/bin/git init /home/runner/work/scratchattach/scratchattach
2025-11-17T17:16:33.0136677Z hint: Using 'master' as the name for the initial branch. This default branch name
2025-11-17T17:16:33.0140418Z hint: is subject to change. To configure the initial branch name to use in all
2025-11-17T17:16:33.0142756Z hint: of your new repositories, which will suppress this warning, call:
2025-11-17T17:16:33.0144135Z hint:
2025-11-17T17:16:33.0145138Z hint: 	git config --global init.defaultBranch <name>
2025-11-17T17:16:33.0147111Z hint:
2025-11-17T17:16:33.0148461Z hint: Names commonly chosen instead of 'master' are 'main', 'trunk' and
2025-11-17T17:16:33.0150493Z hint: 'development'. The just-created branch can be renamed via this command:
2025-11-17T17:16:33.0152222Z hint:
2025-11-17T17:16:33.0153204Z hint: 	git branch -m <name>
2025-11-17T17:16:33.0154100Z hint:
2025-11-17T17:16:33.0155299Z hint: Disable this message with "git config set advice.defaultBranchName false"
2025-11-17T17:16:33.0157481Z Initialized empty Git repository in /home/runner/work/scratchattach/scratchattach/.git/
2025-11-17T17:16:33.0161098Z [command]/usr/bin/git remote add origin https://github.com/Boss-1s/scratchattach
2025-11-17T17:16:33.0193144Z ##[endgroup]
2025-11-17T17:16:33.0194591Z ##[group]Disabling automatic garbage collection
2025-11-17T17:16:33.0196254Z [command]/usr/bin/git config --local gc.auto 0
2025-11-17T17:16:33.0224135Z ##[endgroup]
2025-11-17T17:16:33.0225446Z ##[group]Setting up auth
2025-11-17T17:16:33.0230897Z [command]/usr/bin/git config --local --name-only --get-regexp core\.sshCommand
2025-11-17T17:16:33.0262117Z [command]/usr/bin/git submodule foreach --recursive sh -c "git config --local --name-only --get-regexp 'core\.sshCommand' && git config --local --unset-all 'core.sshCommand' || :"
2025-11-17T17:16:33.0655701Z [command]/usr/bin/git config --local --name-only --get-regexp http\.https\:\/\/github\.com\/\.extraheader
2025-11-17T17:16:33.0688515Z [command]/usr/bin/git submodule foreach --recursive sh -c "git config --local --name-only --get-regexp 'http\.https\:\/\/github\.com\/\.extraheader' && git config --local --unset-all 'http.https://github.com/.extraheader' || :"
2025-11-17T17:16:33.0912447Z [command]/usr/bin/git config --local http.https://github.com/.extraheader AUTHORIZATION: basic ***
2025-11-17T17:16:33.0947155Z ##[endgroup]
2025-11-17T17:16:33.0956675Z ##[group]Fetching the repository
2025-11-17T17:16:33.0961165Z [command]/usr/bin/git -c protocol.version=2 fetch --no-tags --prune --no-recurse-submodules --depth=1 origin +refs/heads/dependabot/github_actions/dot-github/workflows/actions/checkout-5.0.1:refs/remotes/origin/dependabot/github_actions/dot-github/workflows/actions/checkout-5.0.1
2025-11-17T17:16:34.4720395Z From https://github.com/Boss-1s/scratchattach
2025-11-17T17:16:34.4723586Z  * [new branch]      dependabot/github_actions/dot-github/workflows/actions/checkout-5.0.1 -> origin/dependabot/github_actions/dot-github/workflows/actions/checkout-5.0.1
2025-11-17T17:16:34.4752753Z ##[endgroup]
2025-11-17T17:16:34.4753254Z ##[group]Determining the checkout info
2025-11-17T17:16:34.4756043Z ##[endgroup]
2025-11-17T17:16:34.4762232Z [command]/usr/bin/git sparse-checkout disable
2025-11-17T17:16:34.4803047Z [command]/usr/bin/git config --local --unset-all extensions.worktreeConfig
2025-11-17T17:16:34.4828970Z ##[group]Checking out the ref
2025-11-17T17:16:34.4834572Z [command]/usr/bin/git checkout --progress --force -B dependabot/github_actions/dot-github/workflows/actions/checkout-5.0.1 refs/remotes/origin/dependabot/github_actions/dot-github/workflows/actions/checkout-5.0.1
2025-11-17T17:16:34.9137656Z Switched to a new branch 'dependabot/github_actions/dot-github/workflows/actions/checkout-5.0.1'
2025-11-17T17:16:34.9139556Z branch 'dependabot/github_actions/dot-github/workflows/actions/checkout-5.0.1' set up to track 'origin/dependabot/github_actions/dot-github/workflows/actions/checkout-5.0.1'.
2025-11-17T17:16:34.9186253Z ##[endgroup]
2025-11-17T17:16:34.9231202Z [command]/usr/bin/git log -1 --format=%H
2025-11-17T17:16:34.9256902Z 27d820241f2d409760759713eb3415fa22404307
2025-11-17T17:16:34.9473979Z ##[group]Run actions/setup-python@v6
2025-11-17T17:16:34.9474289Z with:
2025-11-17T17:16:34.9474469Z   check-latest: false
2025-11-17T17:16:34.9474796Z   token: ***
2025-11-17T17:16:34.9474991Z   update-environment: true
2025-11-17T17:16:34.9475217Z   allow-prereleases: false
2025-11-17T17:16:34.9475419Z   freethreaded: false
2025-11-17T17:16:34.9475603Z env:
2025-11-17T17:16:34.9475762Z   SKIP_CACHE: 
2025-11-17T17:16:34.9475928Z ##[endgroup]
2025-11-17T17:16:35.0775559Z [warning]Neither 'python-version' nor 'python-version-file' inputs were supplied. Attempting to find '.python-version' file.
2025-11-17T17:16:35.0776411Z [warning].python-version doesn't exist.
2025-11-17T17:16:35.0801401Z ##[warning]The `python-version` input is not set.  The version of Python currently in `PATH` will be used.
2025-11-17T17:16:35.0808894Z (node:2062) [DEP0040] DeprecationWarning: The `punycode` module is deprecated. Please use a userland alternative instead.
2025-11-17T17:16:35.0809599Z (Use `node --trace-deprecation ...` to show where the warning was created)
2025-11-17T17:16:35.0912493Z ##[group]Run version=$(python --version)
2025-11-17T17:16:35.0912916Z [36;1mversion=$(python --version)[0m
2025-11-17T17:16:35.0913223Z [36;1mecho "::notice::Using python version: $version"[0m
2025-11-17T17:16:35.0913612Z [36;1mpip install "pip<25.3" # Temporary pin to avoid issues with pip 25.3+[0m
2025-11-17T17:16:35.0913962Z [36;1mpip_version=$(pip --version)[0m
2025-11-17T17:16:35.0914266Z [36;1mecho "::notice::Using pip version: $pip_version"[0m
2025-11-17T17:16:35.0914562Z [36;1mpip install pip-tools[0m
2025-11-17T17:16:35.0914834Z [36;1mpip_compile_version=$(pip-compile --version)[0m
2025-11-17T17:16:35.0915199Z [36;1mecho "::notice::Using pip-compile version: $pip_compile_version"[0m
2025-11-17T17:16:35.0951829Z shell: /usr/bin/bash --noprofile --norc -e -o pipefail {0}
2025-11-17T17:16:35.0952188Z env:
2025-11-17T17:16:35.0952355Z   SKIP_CACHE: 
2025-11-17T17:16:35.0952533Z ##[endgroup]
2025-11-17T17:16:35.1040392Z ##[notice]Using python version: Python 3.12.3
2025-11-17T17:16:36.3972971Z Defaulting to user installation because normal site-packages is not writeable
2025-11-17T17:16:37.1268051Z Requirement already satisfied: pip<25.3 in /usr/lib/python3/dist-packages (24.0)
2025-11-17T17:16:37.6854208Z ##[notice]Using pip version: pip 24.0 from /usr/lib/python3/dist-packages/pip (python 3.12)
2025-11-17T17:16:37.9563646Z Defaulting to user installation because normal site-packages is not writeable
2025-11-17T17:16:38.1979142Z Collecting pip-tools
2025-11-17T17:16:38.2323654Z   Downloading pip_tools-7.5.2-py3-none-any.whl.metadata (26 kB)
2025-11-17T17:16:38.2708055Z Collecting build>=1.0.0 (from pip-tools)
2025-11-17T17:16:38.2744905Z   Downloading build-1.3.0-py3-none-any.whl.metadata (5.6 kB)
2025-11-17T17:16:38.2788099Z Requirement already satisfied: click>=8 in /usr/lib/python3/dist-packages (from pip-tools) (8.1.6)
2025-11-17T17:16:38.2797363Z Requirement already satisfied: pip>=22.2 in /usr/lib/python3/dist-packages (from pip-tools) (24.0)
2025-11-17T17:16:38.2915000Z Collecting pyproject_hooks (from pip-tools)
2025-11-17T17:16:38.2953730Z   Downloading pyproject_hooks-1.2.0-py3-none-any.whl.metadata (1.3 kB)
2025-11-17T17:16:38.2990128Z Requirement already satisfied: setuptools in /usr/lib/python3/dist-packages (from pip-tools) (68.1.2)
2025-11-17T17:16:38.2997220Z Requirement already satisfied: wheel in /usr/lib/python3/dist-packages (from pip-tools) (0.42.0)
2025-11-17T17:16:38.3082828Z Requirement already satisfied: packaging>=19.1 in /usr/lib/python3/dist-packages (from build>=1.0.0->pip-tools) (24.0)
2025-11-17T17:16:38.3188602Z Downloading pip_tools-7.5.2-py3-none-any.whl (66 kB)
2025-11-17T17:16:38.3273568Z    ━━━━━━━━━━━━━━━━━━━━━━━━━━━━━━━━━━━━━━━━ 66.9/66.9 kB 9.3 MB/s eta 0:00:00
2025-11-17T17:16:38.3308865Z Downloading build-1.3.0-py3-none-any.whl (23 kB)
2025-11-17T17:16:38.3371028Z Downloading pyproject_hooks-1.2.0-py3-none-any.whl (10 kB)
2025-11-17T17:16:38.5869607Z Installing collected packages: pyproject_hooks, build, pip-tools
2025-11-17T17:16:38.6543035Z Successfully installed build-1.3.0 pip-tools-7.5.2 pyproject_hooks-1.2.0
2025-11-17T17:16:39.2071440Z ##[notice]Using pip-compile version: pip-compile, version 7.5.2
2025-11-17T17:16:39.2119499Z ##[group]Run if [[ -n "" ]]; then
2025-11-17T17:16:39.2120025Z [36;1mif [[ -n "" ]]; then[0m
2025-11-17T17:16:39.2120373Z [36;1m  echo "Python cache disabled via 'GH_DEPENDENCY_SUBMISSION_SKIP_CACHE'"[0m
2025-11-17T17:16:39.2120710Z [36;1melse[0m
2025-11-17T17:16:39.2121129Z [36;1m  echo "Caching Python packages. Set 'GH_DEPENDENCY_SUBMISSION_SKIP_CACHE=true' to skip caching in future."[0m
2025-11-17T17:16:39.2121575Z [36;1mfi[0m
2025-11-17T17:16:39.2153310Z shell: /usr/bin/bash -e {0}
2025-11-17T17:16:39.2153535Z env:
2025-11-17T17:16:39.2153688Z   SKIP_CACHE: 
2025-11-17T17:16:39.2153880Z ##[endgroup]
2025-11-17T17:16:39.2203149Z Caching Python packages. Set 'GH_DEPENDENCY_SUBMISSION_SKIP_CACHE=true' to skip caching in future.
2025-11-17T17:16:39.4025657Z ##[group]Run actions/cache@0057852bfaa89a56745cba8c7296529d2fc39830
2025-11-17T17:16:39.4026010Z with:
2025-11-17T17:16:39.4026179Z   path: ~/.cache/pip
2025-11-17T17:16:39.4026577Z   key: Linux-pip-python-933f3af192ad631118b3e297ab52aaed5541608dfe715694932b3d37f62acea2
2025-11-17T17:16:39.4027017Z   restore-keys: Linux-python-

2025-11-17T17:16:39.4027251Z   enableCrossOsArchive: false
2025-11-17T17:16:39.4027470Z   fail-on-cache-miss: false
2025-11-17T17:16:39.4027668Z   lookup-only: false
2025-11-17T17:16:39.4027850Z   save-always: false
2025-11-17T17:16:39.4028015Z env:
2025-11-17T17:16:39.4028168Z   SKIP_CACHE: 
2025-11-17T17:16:39.4028328Z ##[endgroup]
2025-11-17T17:16:39.6771392Z Cache hit for: Linux-pip-python-933f3af192ad631118b3e297ab52aaed5541608dfe715694932b3d37f62acea2
2025-11-17T17:16:39.9274448Z Received 5373244 of 5373244 (100.0%), 26.7 MBs/sec
2025-11-17T17:16:39.9275370Z Cache Size: ~5 MB (5373244 B)
2025-11-17T17:16:39.9306758Z [command]/usr/bin/tar -xf /home/runner/work/_temp/01d2ab35-ab18-408e-8e31-7f3f95482e14/cache.tzst -P -C /home/runner/work/scratchattach/scratchattach --use-compress-program unzstd
2025-11-17T17:16:39.9590783Z Cache restored successfully
2025-11-17T17:16:39.9705765Z Cache restored from key: Linux-pip-python-933f3af192ad631118b3e297ab52aaed5541608dfe715694932b3d37f62acea2
2025-11-17T17:16:39.9797494Z ##[group]Run if pip-compile --dry-run -o requirements.out requirements.txt; then
2025-11-17T17:16:39.9798407Z [36;1mif pip-compile --dry-run -o requirements.out requirements.txt; then[0m
2025-11-17T17:16:39.9799149Z [36;1m  echo "::debug::Python validate no broken dependencies"[0m
2025-11-17T17:16:39.9800035Z [36;1m  echo "{valid-project}={true}" >> "$GITHUB_OUTPUT"[0m
2025-11-17T17:16:39.9800538Z [36;1melse[0m
2025-11-17T17:16:39.9800951Z [36;1m  echo "{valid-project}={false}" >> "$GITHUB_OUTPUT"[0m
2025-11-17T17:16:39.9801471Z [36;1m  echo "### :warning: Python validation failed in repository root" >> $GITHUB_STEP_SUMMARY[0m
2025-11-17T17:16:39.9802322Z [36;1m  echo "We were unable to validate a Python project in the repository root. If your repository requires additional setup steps, you may need to check in your own workflow." >> $GITHUB_STEP_SUMMARY[0m
2025-11-17T17:16:39.9803015Z [36;1m  echo "" >> $GITHUB_STEP_SUMMARY[0m
2025-11-17T17:16:39.9803897Z [36;1m  echo "For more information on submitting Python dependencies from your own workflow, refer to [the submission action](https://github.com/actions/component-detection-dependency-submission-action)" >> $GITHUB_STEP_SUMMARY[0m
2025-11-17T17:16:39.9804832Z [36;1m  echo "::warning::Python validation failed in the repository root."[0m
2025-11-17T17:16:39.9805153Z [36;1m  exit 1[0m
2025-11-17T17:16:39.9805329Z [36;1mfi[0m
2025-11-17T17:16:39.9837817Z shell: /usr/bin/bash -e {0}
2025-11-17T17:16:39.9838203Z env:
2025-11-17T17:16:39.9838367Z   SKIP_CACHE: 
2025-11-17T17:16:39.9838545Z ##[endgroup]
2025-11-17T17:16:40.4555659Z   ERROR: Ignored the following yanked versions: 0.9.98, 1.0.7, 1.1.8, 1.2.1, 1.2.2, 1.2.4, 1.2.8, 1.4.0, 1.4.1, 1.4.2, 1.4.3
2025-11-17T17:16:40.4559132Z   ERROR: Could not find a version that satisfies the requirement scratchattach==2.1.14 (from versions: 0.4.2, 0.4.3, 0.4.4, 0.4.5, 0.4.6, 0.4.7, 0.4.8, 0.4.9, 0.5.1, 0.5.3, 0.5.4, 0.5.5, 0.5.6, 0.5.7, 0.5.8, 0.5.9, 0.6.0, 0.6.1, 0.6.2, 0.6.3, 0.6.4, 0.6.5, 0.6.6, 0.6.7, 0.6.8, 0.6.9, 0.7.0, 0.7.1, 0.7.2, 0.7.4, 0.7.5, 0.7.6, 0.7.7, 0.7.8, 0.7.9, 0.8.0, 0.8.3, 0.8.4, 0.8.5, 0.8.6, 0.8.8, 0.8.9, 0.9.0, 0.9.1, 0.9.2, 0.9.3, 0.9.5, 0.9.6, 0.9.7, 0.9.8, 0.9.9, 0.9.91, 0.9.92, 0.9.93, 0.9.94, 0.9.95, 0.9.96, 0.9.97, 0.9.99, 1.0.1, 1.0.2, 1.0.3, 1.0.5, 1.0.6, 1.0.8, 1.0.9, 1.1.0, 1.1.1, 1.1.2, 1.1.3, 1.1.4, 1.1.5, 1.1.6, 1.2.5, 1.2.6, 1.2.7, 1.2.9, 1.3.0, 1.3.2, 1.3.3, 1.3.4, 1.3.5, 1.3.6, 1.3.7, 1.4.4, 1.4.5, 1.4.6, 1.4.7, 1.4.8, 1.4.9, 1.5.0, 1.5.1, 1.5.2, 1.5.3, 1.5.4, 1.5.5, 1.5.6, 1.5.7, 1.5.9, 1.6.0, 1.6.1, 1.6.2, 1.6.3, 1.6.4, 1.6.5, 1.6.6, 1.6.7, 1.6.8, 1.6.9, 1.7.0, 1.7.1, 1.7.2, 1.7.3, 1.7.4, 2.0.5, 2.0.6, 2.0.7, 2.0.8, 2.0.9, 2.1.2, 2.1.3, 2.1.4, 2.1.5, 2.1.6, 2.1.7, 2.1.8, 2.1.9, 2.1.10a0, 2.1.10a1, 2.1.10a2, 2.1.10a3, 2.1.10, 2.1.11, 2.1.12, 2.1.13)
2025-11-17T17:16:40.4873234Z Traceback (most recent call last):
2025-11-17T17:16:40.4881635Z   File "/usr/lib/python3/dist-packages/pip/_vendor/resolvelib/resolvers.py", line 397, in resolve
2025-11-17T17:16:40.5522804Z     self._add_to_criteria(self.state.criteria, r, parent=None)
2025-11-17T17:16:40.5524084Z   File "/usr/lib/python3/dist-packages/pip/_vendor/resolvelib/resolvers.py", line 174, in _add_to_criteria
2025-11-17T17:16:40.5524943Z     raise RequirementsConflicted(criterion)
2025-11-17T17:16:40.5525698Z pip._vendor.resolvelib.resolvers.RequirementsConflicted: Requirements conflict: SpecifierRequirement('scratchattach==2.1.14')
2025-11-17T17:16:40.5526299Z 
2025-11-17T17:16:40.5526545Z During handling of the above exception, another exception occurred:
2025-11-17T17:16:40.5526854Z 
2025-11-17T17:16:40.5526971Z Traceback (most recent call last):
2025-11-17T17:16:40.5527604Z   File "/usr/lib/python3/dist-packages/pip/_internal/resolution/resolvelib/resolver.py", line 95, in resolve
2025-11-17T17:16:40.5684359Z     result = self._result = resolver.resolve(
2025-11-17T17:16:40.5685003Z                             ^^^^^^^^^^^^^^^^^
2025-11-17T17:16:40.5686555Z   File "/usr/lib/python3/dist-packages/pip/_vendor/resolvelib/resolvers.py", line 546, in resolve
2025-11-17T17:16:40.5687577Z     state = resolution.resolve(requirements, max_rounds=max_rounds)
2025-11-17T17:16:40.5688340Z             ^^^^^^^^^^^^^^^^^^^^^^^^^^^^^^^^^^^^^^^^^^^^^^^^^^^^^^^
2025-11-17T17:16:40.5689447Z   File "/usr/lib/python3/dist-packages/pip/_vendor/resolvelib/resolvers.py", line 399, in resolve
2025-11-17T17:16:40.5690607Z     raise ResolutionImpossible(e.criterion.information)
2025-11-17T17:16:40.5691701Z pip._vendor.resolvelib.resolvers.ResolutionImpossible: [RequirementInformation(requirement=SpecifierRequirement('scratchattach==2.1.14'), parent=None)]
2025-11-17T17:16:40.5692584Z 
2025-11-17T17:16:40.5692839Z The above exception was the direct cause of the following exception:
2025-11-17T17:16:40.5693218Z 
2025-11-17T17:16:40.5693372Z Traceback (most recent call last):
2025-11-17T17:16:40.5693890Z   File "/home/runner/.local/bin/pip-compile", line 8, in <module>
2025-11-17T17:16:40.5694352Z     sys.exit(cli())
2025-11-17T17:16:40.5694642Z              ^^^^^
2025-11-17T17:16:40.5695130Z   File "/usr/lib/python3/dist-packages/click/core.py", line 1157, in __call__
2025-11-17T17:16:40.5912220Z     return self.main(*args, **kwargs)
2025-11-17T17:16:40.5912760Z            ^^^^^^^^^^^^^^^^^^^^^^^^^^
2025-11-17T17:16:40.5913555Z   File "/usr/lib/python3/dist-packages/click/core.py", line 1078, in main
2025-11-17T17:16:40.5914482Z     rv = self.invoke(ctx)
2025-11-17T17:16:40.5914953Z          ^^^^^^^^^^^^^^^^
2025-11-17T17:16:40.5915661Z   File "/usr/lib/python3/dist-packages/click/core.py", line 1434, in invoke
2025-11-17T17:16:40.5917370Z     return ctx.invoke(self.callback, **ctx.params)
2025-11-17T17:16:40.5917858Z            ^^^^^^^^^^^^^^^^^^^^^^^^^^^^^^^^^^^^^^^
2025-11-17T17:16:40.5918490Z   File "/usr/lib/python3/dist-packages/click/core.py", line 783, in invoke
2025-11-17T17:16:40.5919156Z     return __callback(*args, **kwargs)
2025-11-17T17:16:40.5919569Z            ^^^^^^^^^^^^^^^^^^^^^^^^^^^
2025-11-17T17:16:40.5920385Z   File "/usr/lib/python3/dist-packages/click/decorators.py", line 33, in new_func
2025-11-17T17:16:40.6437038Z     return f(get_current_context(), *args, **kwargs)
2025-11-17T17:16:40.6437750Z            ^^^^^^^^^^^^^^^^^^^^^^^^^^^^^^^^^^^^^^^^^
2025-11-17T17:16:40.6438992Z   File "/home/runner/.local/lib/python3.12/site-packages/piptools/scripts/compile.py", line 481, in cli
2025-11-17T17:16:40.6440452Z     results = resolver.resolve(max_rounds=max_rounds)
2025-11-17T17:16:40.6441162Z               ^^^^^^^^^^^^^^^^^^^^^^^^^^^^^^^^^^^^^^^
2025-11-17T17:16:40.6442287Z   File "/home/runner/.local/lib/python3.12/site-packages/piptools/resolver.py", line 641, in resolve
2025-11-17T17:16:40.6443379Z     is_resolved = self._do_resolve(
2025-11-17T17:16:40.6443925Z                   ^^^^^^^^^^^^^^^^^
2025-11-17T17:16:40.6445071Z   File "/home/runner/.local/lib/python3.12/site-packages/piptools/resolver.py", line 676, in _do_resolve
2025-11-17T17:16:40.6446187Z     resolver.resolve(
2025-11-17T17:16:40.6447073Z   File "/usr/lib/python3/dist-packages/pip/_internal/resolution/resolvelib/resolver.py", line 104, in resolve
2025-11-17T17:16:40.6447963Z     raise error from e
2025-11-17T17:16:40.6448554Z pip._internal.exceptions.DistributionNotFound: No matching distribution found for scratchattach==2.1.14
2025-11-17T17:16:40.6990445Z ##[warning]Python validation failed in the repository root.
2025-11-17T17:16:40.6994329Z ##[error]Process completed with exit code 1.
2025-11-17T17:16:40.7082681Z Post job cleanup.
2025-11-17T17:16:40.7853945Z [command]/usr/bin/git version
2025-11-17T17:16:40.7890278Z git version 2.51.2
2025-11-17T17:16:40.7957685Z Temporarily overriding HOME='/home/runner/work/_temp/d63546ed-77a2-4ca3-9bd2-15398796d780' before making global git config changes
2025-11-17T17:16:40.7959219Z Adding repository directory to the temporary git global config as a safe directory
2025-11-17T17:16:40.7962939Z [command]/usr/bin/git config --global --add safe.directory /home/runner/work/scratchattach/scratchattach
2025-11-17T17:16:40.7997344Z [command]/usr/bin/git config --local --name-only --get-regexp core\.sshCommand
2025-11-17T17:16:40.8030686Z [command]/usr/bin/git submodule foreach --recursive sh -c "git config --local --name-only --get-regexp 'core\.sshCommand' && git config --local --unset-all 'core.sshCommand' || :"
2025-11-17T17:16:40.8256346Z [command]/usr/bin/git config --local --name-only --get-regexp http\.https\:\/\/github\.com\/\.extraheader
2025-11-17T17:16:40.8278098Z http.https://github.com/.extraheader
2025-11-17T17:16:40.8287753Z [command]/usr/bin/git config --local --unset-all http.https://github.com/.extraheader
2025-11-17T17:16:40.8318722Z [command]/usr/bin/git submodule foreach --recursive sh -c "git config --local --name-only --get-regexp 'http\.https\:\/\/github\.com\/\.extraheader' && git config --local --unset-all 'http.https://github.com/.extraheader' || :"
2025-11-17T17:16:40.8656638Z Cleaning up orphan processes
