2025-11-16T01:53:28.0240084Z Current runner version: '2.329.0'
2025-11-16T01:53:28.0271752Z ##[group]Runner Image Provisioner
2025-11-16T01:53:28.0273167Z Hosted Compute Agent
2025-11-16T01:53:28.0273975Z Version: 20251016.436
2025-11-16T01:53:28.0275081Z Commit: 8ab8ac8bfd662a3739dab9fe09456aba92132568
2025-11-16T01:53:28.0276229Z Build Date: 2025-10-15T20:44:12Z
2025-11-16T01:53:28.0277091Z ##[endgroup]
2025-11-16T01:53:28.0278079Z ##[group]Operating System
2025-11-16T01:53:28.0278989Z Ubuntu
2025-11-16T01:53:28.0279667Z 24.04.3
2025-11-16T01:53:28.0280517Z LTS
2025-11-16T01:53:28.0281162Z ##[endgroup]
2025-11-16T01:53:28.0281940Z ##[group]Runner Image
2025-11-16T01:53:28.0283205Z Image: ubuntu-24.04
2025-11-16T01:53:28.0283982Z Version: 20251112.124.1
2025-11-16T01:53:28.0285631Z Included Software: https://github.com/actions/runner-images/blob/ubuntu24/20251112.124/images/ubuntu/Ubuntu2404-Readme.md
2025-11-16T01:53:28.0288536Z Image Release: https://github.com/actions/runner-images/releases/tag/ubuntu24%2F20251112.124
2025-11-16T01:53:28.0290331Z ##[endgroup]
2025-11-16T01:53:28.0291865Z ##[group]GITHUB_TOKEN Permissions
2025-11-16T01:53:28.0294404Z Contents: write
2025-11-16T01:53:28.0295492Z Metadata: read
2025-11-16T01:53:28.0296230Z ##[endgroup]
2025-11-16T01:53:28.0299222Z Secret source: Actions
2025-11-16T01:53:28.0300324Z Prepare workflow directory
2025-11-16T01:53:28.1016523Z Prepare all required actions
2025-11-16T01:53:28.1072036Z Getting action download info
2025-11-16T01:53:28.3887204Z Download action repository 'actions/checkout@ff7abcd0c3c05ccf6adc123a8cd1fd4fb30fb493' (SHA:ff7abcd0c3c05ccf6adc123a8cd1fd4fb30fb493)
2025-11-16T01:53:28.7287484Z Download action repository 'actions/setup-python@v6' (SHA:e797f83bcb11b83ae66e0230d6156d7c80228e7c)
2025-11-16T01:53:28.8964944Z Download action repository 'actions/cache@0057852bfaa89a56745cba8c7296529d2fc39830' (SHA:0057852bfaa89a56745cba8c7296529d2fc39830)
2025-11-16T01:53:28.9923851Z Download action repository 'actions/component-detection-dependency-submission-action@374343effede691df3a5ffaf36b4e7acab919590' (SHA:374343effede691df3a5ffaf36b4e7acab919590)
2025-11-16T01:53:29.3048604Z Complete job name: submit-pypi
2025-11-16T01:53:29.3672318Z ##[group]Run actions/checkout@ff7abcd0c3c05ccf6adc123a8cd1fd4fb30fb493
2025-11-16T01:53:29.3673554Z with:
2025-11-16T01:53:29.3673940Z   ref: refs/heads/main
2025-11-16T01:53:29.3674386Z   repository: Boss-1s/scratchattach
2025-11-16T01:53:29.3675043Z   token: ***
2025-11-16T01:53:29.3675479Z   ssh-strict: true
2025-11-16T01:53:29.3675862Z   ssh-user: git
2025-11-16T01:53:29.3676266Z   persist-credentials: true
2025-11-16T01:53:29.3676721Z   clean: true
2025-11-16T01:53:29.3677119Z   sparse-checkout-cone-mode: true
2025-11-16T01:53:29.3677606Z   fetch-depth: 1
2025-11-16T01:53:29.3678000Z   fetch-tags: false
2025-11-16T01:53:29.3678397Z   show-progress: true
2025-11-16T01:53:29.3678804Z   lfs: false
2025-11-16T01:53:29.3679186Z   submodules: false
2025-11-16T01:53:29.3679583Z   set-safe-directory: true
2025-11-16T01:53:29.3680232Z env:
2025-11-16T01:53:29.3680617Z   SKIP_CACHE: 
2025-11-16T01:53:29.3680988Z ##[endgroup]
2025-11-16T01:53:29.4581446Z Syncing repository: Boss-1s/scratchattach
2025-11-16T01:53:29.4583649Z ##[group]Getting Git version info
2025-11-16T01:53:29.4584476Z Working directory is '/home/runner/work/scratchattach/scratchattach'
2025-11-16T01:53:29.4585485Z [command]/usr/bin/git version
2025-11-16T01:53:29.4649102Z git version 2.51.2
2025-11-16T01:53:29.4669110Z ##[endgroup]
2025-11-16T01:53:29.4683462Z Temporarily overriding HOME='/home/runner/work/_temp/27295e38-e506-4afe-956d-e78e39358134' before making global git config changes
2025-11-16T01:53:29.4685479Z Adding repository directory to the temporary git global config as a safe directory
2025-11-16T01:53:29.4688114Z [command]/usr/bin/git config --global --add safe.directory /home/runner/work/scratchattach/scratchattach
2025-11-16T01:53:29.4725740Z Deleting the contents of '/home/runner/work/scratchattach/scratchattach'
2025-11-16T01:53:29.4729130Z ##[group]Initializing the repository
2025-11-16T01:53:29.4734025Z [command]/usr/bin/git init /home/runner/work/scratchattach/scratchattach
2025-11-16T01:53:29.4840136Z hint: Using 'master' as the name for the initial branch. This default branch name
2025-11-16T01:53:29.4841649Z hint: is subject to change. To configure the initial branch name to use in all
2025-11-16T01:53:29.4842866Z hint: of your new repositories, which will suppress this warning, call:
2025-11-16T01:53:29.4843891Z hint:
2025-11-16T01:53:29.4844748Z hint: 	git config --global init.defaultBranch <name>
2025-11-16T01:53:29.4845452Z hint:
2025-11-16T01:53:29.4846535Z hint: Names commonly chosen instead of 'master' are 'main', 'trunk' and
2025-11-16T01:53:29.4847706Z hint: 'development'. The just-created branch can be renamed via this command:
2025-11-16T01:53:29.4848547Z hint:
2025-11-16T01:53:29.4849132Z hint: 	git branch -m <name>
2025-11-16T01:53:29.4849654Z hint:
2025-11-16T01:53:29.4850313Z hint: Disable this message with "git config set advice.defaultBranchName false"
2025-11-16T01:53:29.4851457Z Initialized empty Git repository in /home/runner/work/scratchattach/scratchattach/.git/
2025-11-16T01:53:29.4854293Z [command]/usr/bin/git remote add origin https://github.com/Boss-1s/scratchattach
2025-11-16T01:53:29.4888299Z ##[endgroup]
2025-11-16T01:53:29.4889479Z ##[group]Disabling automatic garbage collection
2025-11-16T01:53:29.4892695Z [command]/usr/bin/git config --local gc.auto 0
2025-11-16T01:53:29.4921080Z ##[endgroup]
2025-11-16T01:53:29.4922300Z ##[group]Setting up auth
2025-11-16T01:53:29.4927997Z [command]/usr/bin/git config --local --name-only --get-regexp core\.sshCommand
2025-11-16T01:53:29.4958430Z [command]/usr/bin/git submodule foreach --recursive sh -c "git config --local --name-only --get-regexp 'core\.sshCommand' && git config --local --unset-all 'core.sshCommand' || :"
2025-11-16T01:53:29.5291653Z [command]/usr/bin/git config --local --name-only --get-regexp http\.https\:\/\/github\.com\/\.extraheader
2025-11-16T01:53:29.5320949Z [command]/usr/bin/git submodule foreach --recursive sh -c "git config --local --name-only --get-regexp 'http\.https\:\/\/github\.com\/\.extraheader' && git config --local --unset-all 'http.https://github.com/.extraheader' || :"
2025-11-16T01:53:29.5546559Z [command]/usr/bin/git config --local http.https://github.com/.extraheader AUTHORIZATION: basic ***
2025-11-16T01:53:29.5580603Z ##[endgroup]
2025-11-16T01:53:29.5581384Z ##[group]Fetching the repository
2025-11-16T01:53:29.5589468Z [command]/usr/bin/git -c protocol.version=2 fetch --no-tags --prune --no-recurse-submodules --depth=1 origin +refs/heads/main:refs/remotes/origin/main
2025-11-16T01:53:30.8236793Z From https://github.com/Boss-1s/scratchattach
2025-11-16T01:53:30.8239488Z  * [new branch]      main       -> origin/main
2025-11-16T01:53:30.8268939Z ##[endgroup]
2025-11-16T01:53:30.8271664Z ##[group]Determining the checkout info
2025-11-16T01:53:30.8272273Z ##[endgroup]
2025-11-16T01:53:30.8277369Z [command]/usr/bin/git sparse-checkout disable
2025-11-16T01:53:30.8317581Z [command]/usr/bin/git config --local --unset-all extensions.worktreeConfig
2025-11-16T01:53:30.8343155Z ##[group]Checking out the ref
2025-11-16T01:53:30.8346574Z [command]/usr/bin/git checkout --progress --force -B main refs/remotes/origin/main
2025-11-16T01:53:31.2569754Z Switched to a new branch 'main'
2025-11-16T01:53:31.2570926Z branch 'main' set up to track 'origin/main'.
2025-11-16T01:53:31.2621415Z ##[endgroup]
2025-11-16T01:53:31.2660229Z [command]/usr/bin/git log -1 --format=%H
2025-11-16T01:53:31.2684349Z 72b676c122d28912e40af0ef55815ff47e429ff5
2025-11-16T01:53:31.2901627Z ##[group]Run actions/setup-python@v6
2025-11-16T01:53:31.2901946Z with:
2025-11-16T01:53:31.2902123Z   check-latest: false
2025-11-16T01:53:31.2902647Z   token: ***
2025-11-16T01:53:31.2902853Z   update-environment: true
2025-11-16T01:53:31.2903080Z   allow-prereleases: false
2025-11-16T01:53:31.2903287Z   freethreaded: false
2025-11-16T01:53:31.2903465Z env:
2025-11-16T01:53:31.2903623Z   SKIP_CACHE: 
2025-11-16T01:53:31.2904048Z ##[endgroup]
2025-11-16T01:53:31.4153700Z [warning]Neither 'python-version' nor 'python-version-file' inputs were supplied. Attempting to find '.python-version' file.
2025-11-16T01:53:31.4154856Z [warning].python-version doesn't exist.
2025-11-16T01:53:31.4179073Z ##[warning]The `python-version` input is not set.  The version of Python currently in `PATH` will be used.
2025-11-16T01:53:31.4186287Z (node:2078) [DEP0040] DeprecationWarning: The `punycode` module is deprecated. Please use a userland alternative instead.
2025-11-16T01:53:31.4187066Z (Use `node --trace-deprecation ...` to show where the warning was created)
2025-11-16T01:53:31.4291379Z ##[group]Run version=$(python --version)
2025-11-16T01:53:31.4291802Z [36;1mversion=$(python --version)[0m
2025-11-16T01:53:31.4292117Z [36;1mecho "::notice::Using python version: $version"[0m
2025-11-16T01:53:31.4292865Z [36;1mpip install "pip<25.3" # Temporary pin to avoid issues with pip 25.3+[0m
2025-11-16T01:53:31.4293255Z [36;1mpip_version=$(pip --version)[0m
2025-11-16T01:53:31.4293584Z [36;1mecho "::notice::Using pip version: $pip_version"[0m
2025-11-16T01:53:31.4293887Z [36;1mpip install pip-tools[0m
2025-11-16T01:53:31.4294169Z [36;1mpip_compile_version=$(pip-compile --version)[0m
2025-11-16T01:53:31.4294546Z [36;1mecho "::notice::Using pip-compile version: $pip_compile_version"[0m
2025-11-16T01:53:31.4332806Z shell: /usr/bin/bash --noprofile --norc -e -o pipefail {0}
2025-11-16T01:53:31.4333170Z env:
2025-11-16T01:53:31.4333342Z   SKIP_CACHE: 
2025-11-16T01:53:31.4333528Z ##[endgroup]
2025-11-16T01:53:31.4423001Z ##[notice]Using python version: Python 3.12.3
2025-11-16T01:53:32.6839220Z Defaulting to user installation because normal site-packages is not writeable
2025-11-16T01:53:33.3154047Z Requirement already satisfied: pip<25.3 in /usr/lib/python3/dist-packages (24.0)
2025-11-16T01:53:33.8655103Z ##[notice]Using pip version: pip 24.0 from /usr/lib/python3/dist-packages/pip (python 3.12)
2025-11-16T01:53:34.1340142Z Defaulting to user installation because normal site-packages is not writeable
2025-11-16T01:53:34.3717974Z Collecting pip-tools
2025-11-16T01:53:34.4133558Z   Downloading pip_tools-7.5.2-py3-none-any.whl.metadata (26 kB)
2025-11-16T01:53:34.4493442Z Collecting build>=1.0.0 (from pip-tools)
2025-11-16T01:53:34.4525455Z   Downloading build-1.3.0-py3-none-any.whl.metadata (5.6 kB)
2025-11-16T01:53:34.4565431Z Requirement already satisfied: click>=8 in /usr/lib/python3/dist-packages (from pip-tools) (8.1.6)
2025-11-16T01:53:34.4577949Z Requirement already satisfied: pip>=22.2 in /usr/lib/python3/dist-packages (from pip-tools) (24.0)
2025-11-16T01:53:34.4696957Z Collecting pyproject_hooks (from pip-tools)
2025-11-16T01:53:34.4727400Z   Downloading pyproject_hooks-1.2.0-py3-none-any.whl.metadata (1.3 kB)
2025-11-16T01:53:34.4760075Z Requirement already satisfied: setuptools in /usr/lib/python3/dist-packages (from pip-tools) (68.1.2)
2025-11-16T01:53:34.4766372Z Requirement already satisfied: wheel in /usr/lib/python3/dist-packages (from pip-tools) (0.42.0)
2025-11-16T01:53:34.4849963Z Requirement already satisfied: packaging>=19.1 in /usr/lib/python3/dist-packages (from build>=1.0.0->pip-tools) (24.0)
2025-11-16T01:53:34.4981550Z Downloading pip_tools-7.5.2-py3-none-any.whl (66 kB)
2025-11-16T01:53:34.5074586Z    ━━━━━━━━━━━━━━━━━━━━━━━━━━━━━━━━━━━━━━━━ 66.9/66.9 kB 8.4 MB/s eta 0:00:00
2025-11-16T01:53:34.5116362Z Downloading build-1.3.0-py3-none-any.whl (23 kB)
2025-11-16T01:53:34.5192351Z Downloading pyproject_hooks-1.2.0-py3-none-any.whl (10 kB)
2025-11-16T01:53:34.7789476Z Installing collected packages: pyproject_hooks, build, pip-tools
2025-11-16T01:53:34.8379239Z Successfully installed build-1.3.0 pip-tools-7.5.2 pyproject_hooks-1.2.0
2025-11-16T01:53:35.3012118Z ##[notice]Using pip-compile version: pip-compile, version 7.5.2
2025-11-16T01:53:35.3063141Z ##[group]Run if [[ -n "" ]]; then
2025-11-16T01:53:35.3063464Z [36;1mif [[ -n "" ]]; then[0m
2025-11-16T01:53:35.3063833Z [36;1m  echo "Python cache disabled via 'GH_DEPENDENCY_SUBMISSION_SKIP_CACHE'"[0m
2025-11-16T01:53:35.3064373Z [36;1melse[0m
2025-11-16T01:53:35.3064791Z [36;1m  echo "Caching Python packages. Set 'GH_DEPENDENCY_SUBMISSION_SKIP_CACHE=true' to skip caching in future."[0m
2025-11-16T01:53:35.3065242Z [36;1mfi[0m
2025-11-16T01:53:35.3097077Z shell: /usr/bin/bash -e {0}
2025-11-16T01:53:35.3097304Z env:
2025-11-16T01:53:35.3097459Z   SKIP_CACHE: 
2025-11-16T01:53:35.3097641Z ##[endgroup]
2025-11-16T01:53:35.3148317Z Caching Python packages. Set 'GH_DEPENDENCY_SUBMISSION_SKIP_CACHE=true' to skip caching in future.
2025-11-16T01:53:35.4987331Z ##[group]Run actions/cache@0057852bfaa89a56745cba8c7296529d2fc39830
2025-11-16T01:53:35.4987728Z with:
2025-11-16T01:53:35.4987929Z   path: ~/.cache/pip
2025-11-16T01:53:35.4988369Z   key: Linux-pip-python-933f3af192ad631118b3e297ab52aaed5541608dfe715694932b3d37f62acea2
2025-11-16T01:53:35.4988899Z   restore-keys: Linux-python-

2025-11-16T01:53:35.4989172Z   enableCrossOsArchive: false
2025-11-16T01:53:35.4989437Z   fail-on-cache-miss: false
2025-11-16T01:53:35.4989707Z   lookup-only: false
2025-11-16T01:53:35.4989924Z   save-always: false
2025-11-16T01:53:35.4990130Z env:
2025-11-16T01:53:35.4990304Z   SKIP_CACHE: 
2025-11-16T01:53:35.4990502Z ##[endgroup]
2025-11-16T01:53:35.7571365Z Cache hit for: Linux-pip-python-933f3af192ad631118b3e297ab52aaed5541608dfe715694932b3d37f62acea2
2025-11-16T01:53:36.0255275Z Received 5373244 of 5373244 (100.0%), 25.2 MBs/sec
2025-11-16T01:53:36.0256217Z Cache Size: ~5 MB (5373244 B)
2025-11-16T01:53:36.0286833Z [command]/usr/bin/tar -xf /home/runner/work/_temp/6e905ad7-28e4-4de4-9870-061696b22e9a/cache.tzst -P -C /home/runner/work/scratchattach/scratchattach --use-compress-program unzstd
2025-11-16T01:53:36.0519219Z Cache restored successfully
2025-11-16T01:53:36.0613637Z Cache restored from key: Linux-pip-python-933f3af192ad631118b3e297ab52aaed5541608dfe715694932b3d37f62acea2
2025-11-16T01:53:36.0701605Z ##[group]Run if pip-compile --dry-run -o requirements.out requirements.txt; then
2025-11-16T01:53:36.0702181Z [36;1mif pip-compile --dry-run -o requirements.out requirements.txt; then[0m
2025-11-16T01:53:36.0703007Z [36;1m  echo "::debug::Python validate no broken dependencies"[0m
2025-11-16T01:53:36.0703370Z [36;1m  echo "{valid-project}={true}" >> "$GITHUB_OUTPUT"[0m
2025-11-16T01:53:36.0703667Z [36;1melse[0m
2025-11-16T01:53:36.0703919Z [36;1m  echo "{valid-project}={false}" >> "$GITHUB_OUTPUT"[0m
2025-11-16T01:53:36.0704364Z [36;1m  echo "### :warning: Python validation failed in repository root" >> $GITHUB_STEP_SUMMARY[0m
2025-11-16T01:53:36.0705213Z [36;1m  echo "We were unable to validate a Python project in the repository root. If your repository requires additional setup steps, you may need to check in your own workflow." >> $GITHUB_STEP_SUMMARY[0m
2025-11-16T01:53:36.0705949Z [36;1m  echo "" >> $GITHUB_STEP_SUMMARY[0m
2025-11-16T01:53:36.0706857Z [36;1m  echo "For more information on submitting Python dependencies from your own workflow, refer to [the submission action](https://github.com/actions/component-detection-dependency-submission-action)" >> $GITHUB_STEP_SUMMARY[0m
2025-11-16T01:53:36.0707818Z [36;1m  echo "::warning::Python validation failed in the repository root."[0m
2025-11-16T01:53:36.0708153Z [36;1m  exit 1[0m
2025-11-16T01:53:36.0708328Z [36;1mfi[0m
2025-11-16T01:53:36.0739785Z shell: /usr/bin/bash -e {0}
2025-11-16T01:53:36.0740011Z env:
2025-11-16T01:53:36.0740180Z   SKIP_CACHE: 
2025-11-16T01:53:36.0740370Z ##[endgroup]
2025-11-16T01:53:36.5540523Z   ERROR: Ignored the following yanked versions: 0.9.98, 1.0.7, 1.1.8, 1.2.1, 1.2.2, 1.2.4, 1.2.8, 1.4.0, 1.4.1, 1.4.2, 1.4.3
2025-11-16T01:53:36.5545484Z   ERROR: Could not find a version that satisfies the requirement scratchattach==2.1.14 (from versions: 0.4.2, 0.4.3, 0.4.4, 0.4.5, 0.4.6, 0.4.7, 0.4.8, 0.4.9, 0.5.1, 0.5.3, 0.5.4, 0.5.5, 0.5.6, 0.5.7, 0.5.8, 0.5.9, 0.6.0, 0.6.1, 0.6.2, 0.6.3, 0.6.4, 0.6.5, 0.6.6, 0.6.7, 0.6.8, 0.6.9, 0.7.0, 0.7.1, 0.7.2, 0.7.4, 0.7.5, 0.7.6, 0.7.7, 0.7.8, 0.7.9, 0.8.0, 0.8.3, 0.8.4, 0.8.5, 0.8.6, 0.8.8, 0.8.9, 0.9.0, 0.9.1, 0.9.2, 0.9.3, 0.9.5, 0.9.6, 0.9.7, 0.9.8, 0.9.9, 0.9.91, 0.9.92, 0.9.93, 0.9.94, 0.9.95, 0.9.96, 0.9.97, 0.9.99, 1.0.1, 1.0.2, 1.0.3, 1.0.5, 1.0.6, 1.0.8, 1.0.9, 1.1.0, 1.1.1, 1.1.2, 1.1.3, 1.1.4, 1.1.5, 1.1.6, 1.2.5, 1.2.6, 1.2.7, 1.2.9, 1.3.0, 1.3.2, 1.3.3, 1.3.4, 1.3.5, 1.3.6, 1.3.7, 1.4.4, 1.4.5, 1.4.6, 1.4.7, 1.4.8, 1.4.9, 1.5.0, 1.5.1, 1.5.2, 1.5.3, 1.5.4, 1.5.5, 1.5.6, 1.5.7, 1.5.9, 1.6.0, 1.6.1, 1.6.2, 1.6.3, 1.6.4, 1.6.5, 1.6.6, 1.6.7, 1.6.8, 1.6.9, 1.7.0, 1.7.1, 1.7.2, 1.7.3, 1.7.4, 2.0.5, 2.0.6, 2.0.7, 2.0.8, 2.0.9, 2.1.2, 2.1.3, 2.1.4, 2.1.5, 2.1.6, 2.1.7, 2.1.8, 2.1.9, 2.1.10a0, 2.1.10a1, 2.1.10a2, 2.1.10a3, 2.1.10, 2.1.11, 2.1.12, 2.1.13)
2025-11-16T01:53:36.5847415Z Traceback (most recent call last):
2025-11-16T01:53:36.5854539Z   File "/usr/lib/python3/dist-packages/pip/_vendor/resolvelib/resolvers.py", line 397, in resolve
2025-11-16T01:53:36.6304250Z     self._add_to_criteria(self.state.criteria, r, parent=None)
2025-11-16T01:53:36.6306168Z   File "/usr/lib/python3/dist-packages/pip/_vendor/resolvelib/resolvers.py", line 174, in _add_to_criteria
2025-11-16T01:53:36.6307437Z     raise RequirementsConflicted(criterion)
2025-11-16T01:53:36.6308526Z pip._vendor.resolvelib.resolvers.RequirementsConflicted: Requirements conflict: SpecifierRequirement('scratchattach==2.1.14')
2025-11-16T01:53:36.6309428Z 
2025-11-16T01:53:36.6309738Z During handling of the above exception, another exception occurred:
2025-11-16T01:53:36.6310204Z 
2025-11-16T01:53:36.6310368Z Traceback (most recent call last):
2025-11-16T01:53:36.6311301Z   File "/usr/lib/python3/dist-packages/pip/_internal/resolution/resolvelib/resolver.py", line 95, in resolve
2025-11-16T01:53:36.6980654Z     result = self._result = resolver.resolve(
2025-11-16T01:53:36.6981565Z                             ^^^^^^^^^^^^^^^^^
2025-11-16T01:53:36.6983728Z   File "/usr/lib/python3/dist-packages/pip/_vendor/resolvelib/resolvers.py", line 546, in resolve
2025-11-16T01:53:36.6985064Z     state = resolution.resolve(requirements, max_rounds=max_rounds)
2025-11-16T01:53:36.6985707Z             ^^^^^^^^^^^^^^^^^^^^^^^^^^^^^^^^^^^^^^^^^^^^^^^^^^^^^^^
2025-11-16T01:53:36.6986730Z   File "/usr/lib/python3/dist-packages/pip/_vendor/resolvelib/resolvers.py", line 399, in resolve
2025-11-16T01:53:36.6987677Z     raise ResolutionImpossible(e.criterion.information)
2025-11-16T01:53:36.6988626Z pip._vendor.resolvelib.resolvers.ResolutionImpossible: [RequirementInformation(requirement=SpecifierRequirement('scratchattach==2.1.14'), parent=None)]
2025-11-16T01:53:36.6989393Z 
2025-11-16T01:53:36.6989614Z The above exception was the direct cause of the following exception:
2025-11-16T01:53:36.6989962Z 
2025-11-16T01:53:36.6990085Z Traceback (most recent call last):
2025-11-16T01:53:36.6990551Z   File "/home/runner/.local/bin/pip-compile", line 8, in <module>
2025-11-16T01:53:36.6990957Z     sys.exit(cli())
2025-11-16T01:53:36.6991198Z              ^^^^^
2025-11-16T01:53:36.6991625Z   File "/usr/lib/python3/dist-packages/click/core.py", line 1157, in __call__
2025-11-16T01:53:36.7206503Z     return self.main(*args, **kwargs)
2025-11-16T01:53:36.7207144Z            ^^^^^^^^^^^^^^^^^^^^^^^^^^
2025-11-16T01:53:36.7208107Z   File "/usr/lib/python3/dist-packages/click/core.py", line 1078, in main
2025-11-16T01:53:36.7209712Z     rv = self.invoke(ctx)
2025-11-16T01:53:36.7210223Z          ^^^^^^^^^^^^^^^^
2025-11-16T01:53:36.7211146Z   File "/usr/lib/python3/dist-packages/click/core.py", line 1434, in invoke
2025-11-16T01:53:36.7214386Z     return ctx.invoke(self.callback, **ctx.params)
2025-11-16T01:53:36.7215150Z            ^^^^^^^^^^^^^^^^^^^^^^^^^^^^^^^^^^^^^^^
2025-11-16T01:53:36.7216191Z   File "/usr/lib/python3/dist-packages/click/core.py", line 783, in invoke
2025-11-16T01:53:36.7217131Z     return __callback(*args, **kwargs)
2025-11-16T01:53:36.7217683Z            ^^^^^^^^^^^^^^^^^^^^^^^^^^^
2025-11-16T01:53:36.7218305Z   File "/usr/lib/python3/dist-packages/click/decorators.py", line 33, in new_func
2025-11-16T01:53:36.7350843Z     return f(get_current_context(), *args, **kwargs)
2025-11-16T01:53:36.7351509Z            ^^^^^^^^^^^^^^^^^^^^^^^^^^^^^^^^^^^^^^^^^
2025-11-16T01:53:36.7352839Z   File "/home/runner/.local/lib/python3.12/site-packages/piptools/scripts/compile.py", line 481, in cli
2025-11-16T01:53:36.7354224Z     results = resolver.resolve(max_rounds=max_rounds)
2025-11-16T01:53:36.7354988Z               ^^^^^^^^^^^^^^^^^^^^^^^^^^^^^^^^^^^^^^^
2025-11-16T01:53:36.7356220Z   File "/home/runner/.local/lib/python3.12/site-packages/piptools/resolver.py", line 641, in resolve
2025-11-16T01:53:36.7357472Z     is_resolved = self._do_resolve(
2025-11-16T01:53:36.7358065Z                   ^^^^^^^^^^^^^^^^^
2025-11-16T01:53:36.7359207Z   File "/home/runner/.local/lib/python3.12/site-packages/piptools/resolver.py", line 676, in _do_resolve
2025-11-16T01:53:36.7360134Z     resolver.resolve(
2025-11-16T01:53:36.7361120Z   File "/usr/lib/python3/dist-packages/pip/_internal/resolution/resolvelib/resolver.py", line 104, in resolve
2025-11-16T01:53:36.7362021Z     raise error from e
2025-11-16T01:53:36.7362998Z pip._internal.exceptions.DistributionNotFound: No matching distribution found for scratchattach==2.1.14
2025-11-16T01:53:36.7967973Z ##[warning]Python validation failed in the repository root.
2025-11-16T01:53:36.7971545Z ##[error]Process completed with exit code 1.
2025-11-16T01:53:36.8057095Z Post job cleanup.
2025-11-16T01:53:36.8807959Z [command]/usr/bin/git version
2025-11-16T01:53:36.8843632Z git version 2.51.2
2025-11-16T01:53:36.8879708Z Temporarily overriding HOME='/home/runner/work/_temp/6d7838d2-7ed0-46a4-9320-edc68c276fab' before making global git config changes
2025-11-16T01:53:36.8881085Z Adding repository directory to the temporary git global config as a safe directory
2025-11-16T01:53:36.8885629Z [command]/usr/bin/git config --global --add safe.directory /home/runner/work/scratchattach/scratchattach
2025-11-16T01:53:36.8920049Z [command]/usr/bin/git config --local --name-only --get-regexp core\.sshCommand
2025-11-16T01:53:36.8951611Z [command]/usr/bin/git submodule foreach --recursive sh -c "git config --local --name-only --get-regexp 'core\.sshCommand' && git config --local --unset-all 'core.sshCommand' || :"
2025-11-16T01:53:36.9209745Z [command]/usr/bin/git config --local --name-only --get-regexp http\.https\:\/\/github\.com\/\.extraheader
2025-11-16T01:53:36.9231899Z http.https://github.com/.extraheader
2025-11-16T01:53:36.9241595Z [command]/usr/bin/git config --local --unset-all http.https://github.com/.extraheader
2025-11-16T01:53:36.9270748Z [command]/usr/bin/git submodule foreach --recursive sh -c "git config --local --name-only --get-regexp 'http\.https\:\/\/github\.com\/\.extraheader' && git config --local --unset-all 'http.https://github.com/.extraheader' || :"
2025-11-16T01:53:36.9597130Z Cleaning up orphan processes
