2026-02-20T13:02:44.1025624Z Current runner version: '2.331.0'
2026-02-20T13:02:44.1048418Z ##[group]Runner Image Provisioner
2026-02-20T13:02:44.1049659Z Hosted Compute Agent
2026-02-20T13:02:44.1050233Z Version: 20260123.484
2026-02-20T13:02:44.1050823Z Commit: 6bd6555ca37d84114959e1c76d2c01448ff61c5d
2026-02-20T13:02:44.1051596Z Build Date: 2026-01-23T19:41:17Z
2026-02-20T13:02:44.1052210Z Worker ID: {b85960dd-9933-4ddd-9cd8-530dc375bb9b}
2026-02-20T13:02:44.1052890Z Azure Region: eastus
2026-02-20T13:02:44.1053465Z ##[endgroup]
2026-02-20T13:02:44.1055175Z ##[group]Operating System
2026-02-20T13:02:44.1055766Z Ubuntu
2026-02-20T13:02:44.1056254Z 24.04.3
2026-02-20T13:02:44.1056731Z LTS
2026-02-20T13:02:44.1057192Z ##[endgroup]
2026-02-20T13:02:44.1057695Z ##[group]Runner Image
2026-02-20T13:02:44.1058300Z Image: ubuntu-24.04
2026-02-20T13:02:44.1058807Z Version: 20260201.15.1
2026-02-20T13:02:44.1060167Z Included Software: https://github.com/actions/runner-images/blob/ubuntu24/20260201.15/images/ubuntu/Ubuntu2404-Readme.md
2026-02-20T13:02:44.1061676Z Image Release: https://github.com/actions/runner-images/releases/tag/ubuntu24%2F20260201.15
2026-02-20T13:02:44.1062579Z ##[endgroup]
2026-02-20T13:02:44.1065157Z ##[group]GITHUB_TOKEN Permissions
2026-02-20T13:02:44.1067390Z Actions: write
2026-02-20T13:02:44.1067957Z ArtifactMetadata: write
2026-02-20T13:02:44.1068503Z Attestations: write
2026-02-20T13:02:44.1069347Z Checks: write
2026-02-20T13:02:44.1069873Z Contents: write
2026-02-20T13:02:44.1070355Z Deployments: write
2026-02-20T13:02:44.1070947Z Discussions: write
2026-02-20T13:02:44.1071443Z Issues: write
2026-02-20T13:02:44.1071890Z Metadata: read
2026-02-20T13:02:44.1072424Z Models: read
2026-02-20T13:02:44.1072908Z Packages: write
2026-02-20T13:02:44.1073367Z Pages: write
2026-02-20T13:02:44.1074027Z PullRequests: write
2026-02-20T13:02:44.1074559Z RepositoryProjects: write
2026-02-20T13:02:44.1075063Z SecurityEvents: write
2026-02-20T13:02:44.1075654Z Statuses: write
2026-02-20T13:02:44.1076155Z ##[endgroup]
2026-02-20T13:02:44.1078159Z Secret source: Actions
2026-02-20T13:02:44.1079505Z Prepare workflow directory
2026-02-20T13:02:44.1392739Z Prepare all required actions
2026-02-20T13:02:44.1429927Z Getting action download info
2026-02-20T13:02:44.4236790Z Download action repository 'actions/checkout@v6.0.2' (SHA:de0fac2e4500dabe0009e67214ff5f5447ce83dd)
2026-02-20T13:02:44.5277952Z Download action repository 'actions/setup-python@v6.2.0' (SHA:a309ff8b426b58ec0e2a45f0f869d46889d02405)
2026-02-20T13:02:44.8729525Z Complete job name: Run 1
2026-02-20T13:02:44.9419867Z ##[group]Run actions/checkout@v6.0.2
2026-02-20T13:02:44.9420765Z with:
2026-02-20T13:02:44.9421127Z   ref: main
2026-02-20T13:02:44.9421517Z   repository: Boss-1s/scratchattach
2026-02-20T13:02:44.9422147Z   token: ***
2026-02-20T13:02:44.9422517Z   ssh-strict: true
2026-02-20T13:02:44.9422901Z   ssh-user: git
2026-02-20T13:02:44.9423293Z   persist-credentials: true
2026-02-20T13:02:44.9423738Z   clean: true
2026-02-20T13:02:44.9424141Z   sparse-checkout-cone-mode: true
2026-02-20T13:02:44.9424633Z   fetch-depth: 1
2026-02-20T13:02:44.9425027Z   fetch-tags: false
2026-02-20T13:02:44.9425421Z   show-progress: true
2026-02-20T13:02:44.9425811Z   lfs: false
2026-02-20T13:02:44.9426178Z   submodules: false
2026-02-20T13:02:44.9426583Z   set-safe-directory: true
2026-02-20T13:02:44.9427217Z ##[endgroup]
2026-02-20T13:02:45.0354219Z Syncing repository: Boss-1s/scratchattach
2026-02-20T13:02:45.0355879Z ##[group]Getting Git version info
2026-02-20T13:02:45.0356673Z Working directory is '/home/runner/work/scratchattach/scratchattach'
2026-02-20T13:02:45.0357669Z [command]/usr/bin/git version
2026-02-20T13:02:45.0415291Z git version 2.52.0
2026-02-20T13:02:45.0438204Z ##[endgroup]
2026-02-20T13:02:45.0451809Z Temporarily overriding HOME='/home/runner/work/_temp/4000524d-f21b-43ea-b7e8-8639350a3a47' before making global git config changes
2026-02-20T13:02:45.0456517Z Adding repository directory to the temporary git global config as a safe directory
2026-02-20T13:02:45.0457947Z [command]/usr/bin/git config --global --add safe.directory /home/runner/work/scratchattach/scratchattach
2026-02-20T13:02:45.0494614Z Deleting the contents of '/home/runner/work/scratchattach/scratchattach'
2026-02-20T13:02:45.0497904Z ##[group]Initializing the repository
2026-02-20T13:02:45.0502545Z [command]/usr/bin/git init /home/runner/work/scratchattach/scratchattach
2026-02-20T13:02:45.0594277Z hint: Using 'master' as the name for the initial branch. This default branch name
2026-02-20T13:02:45.0595784Z hint: will change to "main" in Git 3.0. To configure the initial branch name
2026-02-20T13:02:45.0596882Z hint: to use in all of your new repositories, which will suppress this warning,
2026-02-20T13:02:45.0597721Z hint: call:
2026-02-20T13:02:45.0598426Z hint:
2026-02-20T13:02:45.0599639Z hint: 	git config --global init.defaultBranch <name>
2026-02-20T13:02:45.0600984Z hint:
2026-02-20T13:02:45.0602342Z hint: Names commonly chosen instead of 'master' are 'main', 'trunk' and
2026-02-20T13:02:45.0604555Z hint: 'development'. The just-created branch can be renamed via this command:
2026-02-20T13:02:45.0605532Z hint:
2026-02-20T13:02:45.0606029Z hint: 	git branch -m <name>
2026-02-20T13:02:45.0606602Z hint:
2026-02-20T13:02:45.0607378Z hint: Disable this message with "git config set advice.defaultBranchName false"
2026-02-20T13:02:45.0608936Z Initialized empty Git repository in /home/runner/work/scratchattach/scratchattach/.git/
2026-02-20T13:02:45.0614538Z [command]/usr/bin/git remote add origin https://github.com/Boss-1s/scratchattach
2026-02-20T13:02:45.0647131Z ##[endgroup]
2026-02-20T13:02:45.0648263Z ##[group]Disabling automatic garbage collection
2026-02-20T13:02:45.0651283Z [command]/usr/bin/git config --local gc.auto 0
2026-02-20T13:02:45.0678767Z ##[endgroup]
2026-02-20T13:02:45.0680207Z ##[group]Setting up auth
2026-02-20T13:02:45.0681119Z Removing SSH command configuration
2026-02-20T13:02:45.0686584Z [command]/usr/bin/git config --local --name-only --get-regexp core\.sshCommand
2026-02-20T13:02:45.0717812Z [command]/usr/bin/git submodule foreach --recursive sh -c "git config --local --name-only --get-regexp 'core\.sshCommand' && git config --local --unset-all 'core.sshCommand' || :"
2026-02-20T13:02:45.1046726Z Removing HTTP extra header
2026-02-20T13:02:45.1053186Z [command]/usr/bin/git config --local --name-only --get-regexp http\.https\:\/\/github\.com\/\.extraheader
2026-02-20T13:02:45.1085620Z [command]/usr/bin/git submodule foreach --recursive sh -c "git config --local --name-only --get-regexp 'http\.https\:\/\/github\.com\/\.extraheader' && git config --local --unset-all 'http.https://github.com/.extraheader' || :"
2026-02-20T13:02:45.1316816Z Removing includeIf entries pointing to credentials config files
2026-02-20T13:02:45.1324026Z [command]/usr/bin/git config --local --name-only --get-regexp ^includeIf\.gitdir:
2026-02-20T13:02:45.1358026Z [command]/usr/bin/git submodule foreach --recursive git config --local --show-origin --name-only --get-regexp remote.origin.url
2026-02-20T13:02:45.1596182Z [command]/usr/bin/git config --file /home/runner/work/_temp/git-credentials-358f533c-38e0-47d1-9503-4222ec02b9e4.config http.https://github.com/.extraheader AUTHORIZATION: basic ***
2026-02-20T13:02:45.1633245Z [command]/usr/bin/git config --local includeIf.gitdir:/home/runner/work/scratchattach/scratchattach/.git.path /home/runner/work/_temp/git-credentials-358f533c-38e0-47d1-9503-4222ec02b9e4.config
2026-02-20T13:02:45.1664066Z [command]/usr/bin/git config --local includeIf.gitdir:/home/runner/work/scratchattach/scratchattach/.git/worktrees/*.path /home/runner/work/_temp/git-credentials-358f533c-38e0-47d1-9503-4222ec02b9e4.config
2026-02-20T13:02:45.1693720Z [command]/usr/bin/git config --local includeIf.gitdir:/github/workspace/.git.path /github/runner_temp/git-credentials-358f533c-38e0-47d1-9503-4222ec02b9e4.config
2026-02-20T13:02:45.1724806Z [command]/usr/bin/git config --local includeIf.gitdir:/github/workspace/.git/worktrees/*.path /github/runner_temp/git-credentials-358f533c-38e0-47d1-9503-4222ec02b9e4.config
2026-02-20T13:02:45.1750749Z ##[endgroup]
2026-02-20T13:02:45.1751788Z ##[group]Fetching the repository
2026-02-20T13:02:45.1759240Z [command]/usr/bin/git -c protocol.version=2 fetch --no-tags --prune --no-recurse-submodules --depth=1 origin +refs/heads/main*:refs/remotes/origin/main* +refs/tags/main*:refs/tags/main*
2026-02-20T13:03:18.2385015Z From https://github.com/Boss-1s/scratchattach
2026-02-20T13:03:18.2385883Z  * [new branch]      main       -> origin/main
2026-02-20T13:03:18.2417268Z ##[endgroup]
2026-02-20T13:03:18.2418234Z ##[group]Determining the checkout info
2026-02-20T13:03:18.2424788Z [command]/usr/bin/git branch --list --remote origin/main
2026-02-20T13:03:18.2456136Z   origin/main
2026-02-20T13:03:18.2460717Z ##[endgroup]
2026-02-20T13:03:18.2465911Z [command]/usr/bin/git sparse-checkout disable
2026-02-20T13:03:18.2507227Z [command]/usr/bin/git config --local --unset-all extensions.worktreeConfig
2026-02-20T13:03:18.2533627Z ##[group]Checking out the ref
2026-02-20T13:03:18.2537635Z [command]/usr/bin/git checkout --progress --force -B main refs/remotes/origin/main
2026-02-20T13:03:19.6205208Z Updating files:  72% (2611/3619)
2026-02-20T13:03:19.9117883Z Updating files:  73% (2642/3619)
2026-02-20T13:03:19.9166713Z Updating files:  74% (2679/3619)
2026-02-20T13:03:20.1190796Z Updating files:  75% (2715/3619)
2026-02-20T13:03:20.1238715Z Updating files:  76% (2751/3619)
2026-02-20T13:03:20.2604895Z Updating files:  77% (2787/3619)
2026-02-20T13:03:20.5129687Z Updating files:  77% (2808/3619)
2026-02-20T13:03:20.9487807Z Updating files:  78% (2823/3619)
2026-02-20T13:03:21.2435029Z Updating files:  79% (2860/3619)
2026-02-20T13:03:21.2968150Z Updating files:  80% (2896/3619)
2026-02-20T13:03:21.5125063Z Updating files:  80% (2897/3619)
2026-02-20T13:03:21.7212369Z Updating files:  81% (2932/3619)
2026-02-20T13:03:22.2658822Z Updating files:  82% (2968/3619)
2026-02-20T13:03:22.4209972Z Updating files:  82% (2999/3619)
2026-02-20T13:03:23.2748940Z Updating files:  83% (3004/3619)
2026-02-20T13:03:23.7615487Z Updating files:  84% (3040/3619)
2026-02-20T13:03:24.3093395Z Updating files:  85% (3077/3619)
2026-02-20T13:03:24.4928007Z Updating files:  85% (3107/3619)
2026-02-20T13:03:25.0349376Z Updating files:  86% (3113/3619)
2026-02-20T13:03:25.3101941Z Updating files:  87% (3149/3619)
2026-02-20T13:03:25.5915410Z Updating files:  87% (3164/3619)
2026-02-20T13:03:25.6096278Z Updating files:  88% (3185/3619)
2026-02-20T13:03:25.6339890Z Updating files:  89% (3221/3619)
2026-02-20T13:03:25.6505434Z Updating files:  90% (3258/3619)
2026-02-20T13:03:25.6599290Z Updating files:  91% (3294/3619)
2026-02-20T13:03:25.9626659Z Updating files:  92% (3330/3619)
2026-02-20T13:03:26.2701499Z Updating files:  93% (3366/3619)
2026-02-20T13:03:26.5818925Z Updating files:  93% (3373/3619)
2026-02-20T13:03:26.8888221Z Updating files:  94% (3402/3619)
2026-02-20T13:03:27.0872365Z Updating files:  95% (3439/3619)
2026-02-20T13:03:27.2255341Z Updating files:  96% (3475/3619)
2026-02-20T13:03:27.2602088Z Updating files:  97% (3511/3619)
2026-02-20T13:03:27.3476006Z Updating files:  97% (3520/3619)
2026-02-20T13:03:27.5422446Z Updating files:  98% (3547/3619)
2026-02-20T13:03:27.6234070Z Updating files:  99% (3583/3619)
2026-02-20T13:03:27.6234937Z Updating files: 100% (3619/3619)
2026-02-20T13:03:27.6235333Z Updating files: 100% (3619/3619), done.
2026-02-20T13:03:27.6916187Z Switched to a new branch 'main'
2026-02-20T13:03:27.6920951Z branch 'main' set up to track 'origin/main'.
2026-02-20T13:03:27.7135469Z ##[endgroup]
2026-02-20T13:03:27.7182828Z [command]/usr/bin/git log -1 --format=%H
2026-02-20T13:03:27.7206678Z eb638f9f129c0770ac6ed91610f86e1ae394500a
2026-02-20T13:03:27.7428443Z ##[group]Run actions/setup-python@v6.2.0
2026-02-20T13:03:27.7428755Z with:
2026-02-20T13:03:27.7428955Z   python-version: 3.13
2026-02-20T13:03:27.7429315Z   check-latest: false
2026-02-20T13:03:27.7429650Z   token: ***
2026-02-20T13:03:27.7429851Z   update-environment: true
2026-02-20T13:03:27.7430094Z   allow-prereleases: false
2026-02-20T13:03:27.7430528Z   freethreaded: false
2026-02-20T13:03:27.7430735Z ##[endgroup]
2026-02-20T13:03:27.8647015Z ##[group]Installed versions
2026-02-20T13:03:27.8757970Z Successfully set up CPython (3.13.11)
2026-02-20T13:03:27.8760135Z ##[endgroup]
2026-02-20T13:03:27.8865946Z ##[group]Run pip install -r requirements.txt
2026-02-20T13:03:27.8866350Z [36;1mpip install -r requirements.txt[0m
2026-02-20T13:03:27.9047587Z shell: /usr/bin/bash -e {0}
2026-02-20T13:03:27.9047913Z env:
2026-02-20T13:03:27.9048258Z   pythonLocation: /opt/hostedtoolcache/Python/3.13.11/x64
2026-02-20T13:03:27.9048883Z   PKG_CONFIG_PATH: /opt/hostedtoolcache/Python/3.13.11/x64/lib/pkgconfig
2026-02-20T13:03:27.9049652Z   Python_ROOT_DIR: /opt/hostedtoolcache/Python/3.13.11/x64
2026-02-20T13:03:27.9050179Z   Python2_ROOT_DIR: /opt/hostedtoolcache/Python/3.13.11/x64
2026-02-20T13:03:27.9050691Z   Python3_ROOT_DIR: /opt/hostedtoolcache/Python/3.13.11/x64
2026-02-20T13:03:27.9051204Z   LD_LIBRARY_PATH: /opt/hostedtoolcache/Python/3.13.11/x64/lib
2026-02-20T13:03:27.9051658Z ##[endgroup]
2026-02-20T13:03:30.5307455Z Collecting scratchattach>=2.1.15b0 (from -r requirements.txt (line 1))
2026-02-20T13:03:30.5855179Z   Downloading scratchattach-3.0.0b2-py3-none-any.whl.metadata (5.6 kB)
2026-02-20T13:03:30.6052434Z Collecting websocket-client (from scratchattach>=2.1.15b0->-r requirements.txt (line 1))
2026-02-20T13:03:30.6085798Z   Downloading websocket_client-1.9.0-py3-none-any.whl.metadata (8.3 kB)
2026-02-20T13:03:30.6331119Z Collecting requests (from scratchattach>=2.1.15b0->-r requirements.txt (line 1))
2026-02-20T13:03:30.6369362Z   Downloading requests-2.32.5-py3-none-any.whl.metadata (4.9 kB)
2026-02-20T13:03:30.6466667Z Collecting bs4 (from scratchattach>=2.1.15b0->-r requirements.txt (line 1))
2026-02-20T13:03:30.6496525Z   Downloading bs4-0.0.2-py2.py3-none-any.whl.metadata (411 bytes)
2026-02-20T13:03:30.6592854Z Collecting SimpleWebSocketServer (from scratchattach>=2.1.15b0->-r requirements.txt (line 1))
2026-02-20T13:03:30.6628085Z   Downloading SimpleWebSocketServer-0.1.2.tar.gz (10 kB)
2026-02-20T13:03:30.6702809Z   Installing build dependencies: started
2026-02-20T13:03:31.4404617Z   Installing build dependencies: finished with status 'done'
2026-02-20T13:03:31.4411042Z   Getting requirements to build wheel: started
2026-02-20T13:03:31.8752495Z   Getting requirements to build wheel: finished with status 'done'
2026-02-20T13:03:31.8762496Z   Preparing metadata (pyproject.toml): started
2026-02-20T13:03:32.0656711Z   Preparing metadata (pyproject.toml): finished with status 'done'
2026-02-20T13:03:32.0808268Z Collecting typing-extensions (from scratchattach>=2.1.15b0->-r requirements.txt (line 1))
2026-02-20T13:03:32.0842954Z   Downloading typing_extensions-4.15.0-py3-none-any.whl.metadata (3.3 kB)
2026-02-20T13:03:32.0971864Z Collecting browser_cookie3 (from scratchattach>=2.1.15b0->-r requirements.txt (line 1))
2026-02-20T13:03:32.1005815Z   Downloading browser_cookie3-0.20.1-py3-none-any.whl.metadata (713 bytes)
2026-02-20T13:03:32.5467517Z Collecting aiohttp (from scratchattach>=2.1.15b0->-r requirements.txt (line 1))
2026-02-20T13:03:32.5502348Z   Downloading aiohttp-3.13.3-cp313-cp313-manylinux2014_x86_64.manylinux_2_17_x86_64.manylinux_2_28_x86_64.whl.metadata (8.1 kB)
2026-02-20T13:03:32.5875555Z Collecting rich (from scratchattach>=2.1.15b0->-r requirements.txt (line 1))
2026-02-20T13:03:32.5919621Z   Downloading rich-14.3.3-py3-none-any.whl.metadata (18 kB)
2026-02-20T13:03:32.6072099Z Collecting aiohappyeyeballs>=2.5.0 (from aiohttp->scratchattach>=2.1.15b0->-r requirements.txt (line 1))
2026-02-20T13:03:32.6103772Z   Downloading aiohappyeyeballs-2.6.1-py3-none-any.whl.metadata (5.9 kB)
2026-02-20T13:03:32.6205991Z Collecting aiosignal>=1.4.0 (from aiohttp->scratchattach>=2.1.15b0->-r requirements.txt (line 1))
2026-02-20T13:03:32.6240897Z   Downloading aiosignal-1.4.0-py3-none-any.whl.metadata (3.7 kB)
2026-02-20T13:03:32.6376453Z Collecting attrs>=17.3.0 (from aiohttp->scratchattach>=2.1.15b0->-r requirements.txt (line 1))
2026-02-20T13:03:32.6409204Z   Downloading attrs-25.4.0-py3-none-any.whl.metadata (10 kB)
2026-02-20T13:03:32.7041420Z Collecting frozenlist>=1.1.1 (from aiohttp->scratchattach>=2.1.15b0->-r requirements.txt (line 1))
2026-02-20T13:03:32.7076815Z   Downloading frozenlist-1.8.0-cp313-cp313-manylinux1_x86_64.manylinux_2_28_x86_64.manylinux_2_5_x86_64.whl.metadata (20 kB)
2026-02-20T13:03:32.9215802Z Collecting multidict<7.0,>=4.5 (from aiohttp->scratchattach>=2.1.15b0->-r requirements.txt (line 1))
2026-02-20T13:03:32.9251799Z   Downloading multidict-6.7.1-cp313-cp313-manylinux2014_x86_64.manylinux_2_17_x86_64.manylinux_2_28_x86_64.whl.metadata (5.3 kB)
2026-02-20T13:03:34.5610014Z Collecting propcache>=0.2.0 (from aiohttp->scratchattach>=2.1.15b0->-r requirements.txt (line 1))
2026-02-20T13:03:34.5643758Z   Downloading propcache-0.4.1-cp313-cp313-manylinux2014_x86_64.manylinux_2_17_x86_64.manylinux_2_28_x86_64.whl.metadata (13 kB)
2026-02-20T13:03:36.1210622Z Collecting yarl<2.0,>=1.17.0 (from aiohttp->scratchattach>=2.1.15b0->-r requirements.txt (line 1))
2026-02-20T13:03:36.1246964Z   Downloading yarl-1.22.0-cp313-cp313-manylinux2014_x86_64.manylinux_2_17_x86_64.manylinux_2_28_x86_64.whl.metadata (75 kB)
2026-02-20T13:03:36.1453330Z Collecting idna>=2.0 (from yarl<2.0,>=1.17.0->aiohttp->scratchattach>=2.1.15b0->-r requirements.txt (line 1))
2026-02-20T13:03:36.1482493Z   Downloading idna-3.11-py3-none-any.whl.metadata (8.4 kB)
2026-02-20T13:03:36.2113041Z Collecting lz4 (from browser_cookie3->scratchattach>=2.1.15b0->-r requirements.txt (line 1))
2026-02-20T13:03:36.2157901Z   Downloading lz4-4.4.5-cp313-cp313-manylinux2014_x86_64.manylinux_2_17_x86_64.manylinux_2_28_x86_64.whl.metadata (3.8 kB)
2026-02-20T13:03:36.2863564Z Collecting pycryptodomex (from browser_cookie3->scratchattach>=2.1.15b0->-r requirements.txt (line 1))
2026-02-20T13:03:36.2898090Z   Downloading pycryptodomex-3.23.0-cp37-abi3-manylinux_2_17_x86_64.manylinux2014_x86_64.whl.metadata (3.4 kB)
2026-02-20T13:03:36.3428010Z Collecting jeepney (from browser_cookie3->scratchattach>=2.1.15b0->-r requirements.txt (line 1))
2026-02-20T13:03:36.3460563Z   Downloading jeepney-0.9.0-py3-none-any.whl.metadata (1.2 kB)
2026-02-20T13:03:36.3629715Z Collecting beautifulsoup4 (from bs4->scratchattach>=2.1.15b0->-r requirements.txt (line 1))
2026-02-20T13:03:36.3659349Z   Downloading beautifulsoup4-4.14.3-py3-none-any.whl.metadata (3.8 kB)
2026-02-20T13:03:36.3815915Z Collecting soupsieve>=1.6.1 (from beautifulsoup4->bs4->scratchattach>=2.1.15b0->-r requirements.txt (line 1))
2026-02-20T13:03:36.3845914Z   Downloading soupsieve-2.8.3-py3-none-any.whl.metadata (4.6 kB)
2026-02-20T13:03:36.4603478Z Collecting charset_normalizer<4,>=2 (from requests->scratchattach>=2.1.15b0->-r requirements.txt (line 1))
2026-02-20T13:03:36.4636279Z   Downloading charset_normalizer-3.4.4-cp313-cp313-manylinux2014_x86_64.manylinux_2_17_x86_64.manylinux_2_28_x86_64.whl.metadata (37 kB)
2026-02-20T13:03:36.4885558Z Collecting urllib3<3,>=1.21.1 (from requests->scratchattach>=2.1.15b0->-r requirements.txt (line 1))
2026-02-20T13:03:36.4916289Z   Downloading urllib3-2.6.3-py3-none-any.whl.metadata (6.9 kB)
2026-02-20T13:03:36.5090121Z Collecting certifi>=2017.4.17 (from requests->scratchattach>=2.1.15b0->-r requirements.txt (line 1))
2026-02-20T13:03:36.5121327Z   Downloading certifi-2026.1.4-py3-none-any.whl.metadata (2.5 kB)
2026-02-20T13:03:36.5263273Z Collecting markdown-it-py>=2.2.0 (from rich->scratchattach>=2.1.15b0->-r requirements.txt (line 1))
2026-02-20T13:03:36.5293792Z   Downloading markdown_it_py-4.0.0-py3-none-any.whl.metadata (7.3 kB)
2026-02-20T13:03:36.5482742Z Collecting pygments<3.0.0,>=2.13.0 (from rich->scratchattach>=2.1.15b0->-r requirements.txt (line 1))
2026-02-20T13:03:36.5513010Z   Downloading pygments-2.19.2-py3-none-any.whl.metadata (2.5 kB)
2026-02-20T13:03:36.5610635Z Collecting mdurl~=0.1 (from markdown-it-py>=2.2.0->rich->scratchattach>=2.1.15b0->-r requirements.txt (line 1))
2026-02-20T13:03:36.5641683Z   Downloading mdurl-0.1.2-py3-none-any.whl.metadata (1.6 kB)
2026-02-20T13:03:36.5730211Z Downloading scratchattach-3.0.0b2-py3-none-any.whl (171 kB)
2026-02-20T13:03:36.5829971Z Downloading aiohttp-3.13.3-cp313-cp313-manylinux2014_x86_64.manylinux_2_17_x86_64.manylinux_2_28_x86_64.whl (1.7 MB)
2026-02-20T13:03:36.5945057Z    ━━━━━━━━━━━━━━━━━━━━━━━━━━━━━━━━━━━━━━━━ 1.7/1.7 MB 178.9 MB/s  0:00:00
2026-02-20T13:03:36.5978502Z Downloading multidict-6.7.1-cp313-cp313-manylinux2014_x86_64.manylinux_2_17_x86_64.manylinux_2_28_x86_64.whl (254 kB)
2026-02-20T13:03:36.6038182Z Downloading yarl-1.22.0-cp313-cp313-manylinux2014_x86_64.manylinux_2_17_x86_64.manylinux_2_28_x86_64.whl (377 kB)
2026-02-20T13:03:36.6101714Z Downloading aiohappyeyeballs-2.6.1-py3-none-any.whl (15 kB)
2026-02-20T13:03:36.6149734Z Downloading aiosignal-1.4.0-py3-none-any.whl (7.5 kB)
2026-02-20T13:03:36.6200124Z Downloading attrs-25.4.0-py3-none-any.whl (67 kB)
2026-02-20T13:03:36.6253144Z Downloading frozenlist-1.8.0-cp313-cp313-manylinux1_x86_64.manylinux_2_28_x86_64.manylinux_2_5_x86_64.whl (234 kB)
2026-02-20T13:03:36.6309543Z Downloading idna-3.11-py3-none-any.whl (71 kB)
2026-02-20T13:03:36.6361798Z Downloading propcache-0.4.1-cp313-cp313-manylinux2014_x86_64.manylinux_2_17_x86_64.manylinux_2_28_x86_64.whl (204 kB)
2026-02-20T13:03:36.6444078Z Downloading browser_cookie3-0.20.1-py3-none-any.whl (17 kB)
2026-02-20T13:03:36.6491369Z Downloading bs4-0.0.2-py2.py3-none-any.whl (1.2 kB)
2026-02-20T13:03:36.6540463Z Downloading beautifulsoup4-4.14.3-py3-none-any.whl (107 kB)
2026-02-20T13:03:36.6592005Z Downloading soupsieve-2.8.3-py3-none-any.whl (37 kB)
2026-02-20T13:03:36.6643195Z Downloading typing_extensions-4.15.0-py3-none-any.whl (44 kB)
2026-02-20T13:03:36.6695130Z Downloading jeepney-0.9.0-py3-none-any.whl (49 kB)
2026-02-20T13:03:36.6751447Z Downloading lz4-4.4.5-cp313-cp313-manylinux2014_x86_64.manylinux_2_17_x86_64.manylinux_2_28_x86_64.whl (1.4 MB)
2026-02-20T13:03:36.6855275Z    ━━━━━━━━━━━━━━━━━━━━━━━━━━━━━━━━━━━━━━━━ 1.4/1.4 MB 155.1 MB/s  0:00:00
2026-02-20T13:03:36.6889445Z Downloading pycryptodomex-3.23.0-cp37-abi3-manylinux_2_17_x86_64.manylinux2014_x86_64.whl (2.3 MB)
2026-02-20T13:03:36.7015922Z    ━━━━━━━━━━━━━━━━━━━━━━━━━━━━━━━━━━━━━━━━ 2.3/2.3 MB 205.6 MB/s  0:00:00
2026-02-20T13:03:36.7046229Z Downloading requests-2.32.5-py3-none-any.whl (64 kB)
2026-02-20T13:03:36.7099320Z Downloading charset_normalizer-3.4.4-cp313-cp313-manylinux2014_x86_64.manylinux_2_17_x86_64.manylinux_2_28_x86_64.whl (153 kB)
2026-02-20T13:03:36.7154305Z Downloading urllib3-2.6.3-py3-none-any.whl (131 kB)
2026-02-20T13:03:36.7209869Z Downloading certifi-2026.1.4-py3-none-any.whl (152 kB)
2026-02-20T13:03:36.7265428Z Downloading rich-14.3.3-py3-none-any.whl (310 kB)
2026-02-20T13:03:36.7324933Z Downloading pygments-2.19.2-py3-none-any.whl (1.2 MB)
2026-02-20T13:03:36.7406462Z    ━━━━━━━━━━━━━━━━━━━━━━━━━━━━━━━━━━━━━━━━ 1.2/1.2 MB 175.2 MB/s  0:00:00
2026-02-20T13:03:36.7436882Z Downloading markdown_it_py-4.0.0-py3-none-any.whl (87 kB)
2026-02-20T13:03:36.7487294Z Downloading mdurl-0.1.2-py3-none-any.whl (10.0 kB)
2026-02-20T13:03:36.7537520Z Downloading websocket_client-1.9.0-py3-none-any.whl (82 kB)
2026-02-20T13:03:36.7862273Z Building wheels for collected packages: SimpleWebSocketServer
2026-02-20T13:03:36.7871128Z   Building wheel for SimpleWebSocketServer (pyproject.toml): started
2026-02-20T13:03:37.0003551Z   Building wheel for SimpleWebSocketServer (pyproject.toml): finished with status 'done'
2026-02-20T13:03:37.0010799Z   Created wheel for SimpleWebSocketServer: filename=simplewebsocketserver-0.1.2-py3-none-any.whl size=9715 sha256=ad7b29856969aa556e96a7dcc1df0992cf982544a4045709d729475a7de5ce57
2026-02-20T13:03:37.0013617Z   Stored in directory: /home/runner/.cache/pip/wheels/c4/5b/e8/4f2c15a82edc4923058056f6681373168be02a0c00389a6dcf
2026-02-20T13:03:37.0030752Z Successfully built SimpleWebSocketServer
2026-02-20T13:03:37.0480108Z Installing collected packages: SimpleWebSocketServer, websocket-client, urllib3, typing-extensions, soupsieve, pygments, pycryptodomex, propcache, multidict, mdurl, lz4, jeepney, idna, frozenlist, charset_normalizer, certifi, attrs, aiohappyeyeballs, yarl, requests, markdown-it-py, browser_cookie3, beautifulsoup4, aiosignal, rich, bs4, aiohttp, scratchattach
2026-02-20T13:03:39.4266627Z 
2026-02-20T13:03:39.4304115Z Successfully installed SimpleWebSocketServer-0.1.2 aiohappyeyeballs-2.6.1 aiohttp-3.13.3 aiosignal-1.4.0 attrs-25.4.0 beautifulsoup4-4.14.3 browser_cookie3-0.20.1 bs4-0.0.2 certifi-2026.1.4 charset_normalizer-3.4.4 frozenlist-1.8.0 idna-3.11 jeepney-0.9.0 lz4-4.4.5 markdown-it-py-4.0.0 mdurl-0.1.2 multidict-6.7.1 propcache-0.4.1 pycryptodomex-3.23.0 pygments-2.19.2 requests-2.32.5 rich-14.3.3 scratchattach-3.0.0b2 soupsieve-2.8.3 typing-extensions-4.15.0 urllib3-2.6.3 websocket-client-1.9.0 yarl-1.22.0
2026-02-20T13:03:39.5334986Z 
2026-02-20T13:03:39.5335565Z [notice] A new release of pip is available: 26.0 -> 26.0.1
2026-02-20T13:03:39.5336229Z [notice] To update, run: pip install --upgrade pip
2026-02-20T13:03:39.7632615Z ##[group]Run actions/checkout@v6.0.2
2026-02-20T13:03:39.7632906Z with:
2026-02-20T13:03:39.7633070Z   ref: main
2026-02-20T13:03:39.7633257Z   repository: Boss-1s/scratchattach
2026-02-20T13:03:39.7633617Z   token: ***
2026-02-20T13:03:39.7633792Z   ssh-strict: true
2026-02-20T13:03:39.7633975Z   ssh-user: git
2026-02-20T13:03:39.7634160Z   persist-credentials: true
2026-02-20T13:03:39.7634373Z   clean: true
2026-02-20T13:03:39.7634563Z   sparse-checkout-cone-mode: true
2026-02-20T13:03:39.7634809Z   fetch-depth: 1
2026-02-20T13:03:39.7634987Z   fetch-tags: false
2026-02-20T13:03:39.7635181Z   show-progress: true
2026-02-20T13:03:39.7635370Z   lfs: false
2026-02-20T13:03:39.7635542Z   submodules: false
2026-02-20T13:03:39.7635731Z   set-safe-directory: true
2026-02-20T13:03:39.7635934Z env:
2026-02-20T13:03:39.7636166Z   pythonLocation: /opt/hostedtoolcache/Python/3.13.11/x64
2026-02-20T13:03:39.7636562Z   PKG_CONFIG_PATH: /opt/hostedtoolcache/Python/3.13.11/x64/lib/pkgconfig
2026-02-20T13:03:39.7636992Z   Python_ROOT_DIR: /opt/hostedtoolcache/Python/3.13.11/x64
2026-02-20T13:03:39.7637351Z   Python2_ROOT_DIR: /opt/hostedtoolcache/Python/3.13.11/x64
2026-02-20T13:03:39.7637703Z   Python3_ROOT_DIR: /opt/hostedtoolcache/Python/3.13.11/x64
2026-02-20T13:03:39.7638059Z   LD_LIBRARY_PATH: /opt/hostedtoolcache/Python/3.13.11/x64/lib
2026-02-20T13:03:39.7638358Z ##[endgroup]
2026-02-20T13:03:39.8395205Z Syncing repository: Boss-1s/scratchattach
2026-02-20T13:03:39.8396753Z ##[group]Getting Git version info
2026-02-20T13:03:39.8397493Z Working directory is '/home/runner/work/scratchattach/scratchattach'
2026-02-20T13:03:39.8437362Z [command]/usr/bin/git version
2026-02-20T13:03:39.8472646Z git version 2.52.0
2026-02-20T13:03:39.8494186Z ##[endgroup]
2026-02-20T13:03:39.8508165Z Temporarily overriding HOME='/home/runner/work/_temp/737eca34-f563-4e72-a6a6-ca03a33f7c7d' before making global git config changes
2026-02-20T13:03:39.8510087Z Adding repository directory to the temporary git global config as a safe directory
2026-02-20T13:03:39.8513356Z [command]/usr/bin/git config --global --add safe.directory /home/runner/work/scratchattach/scratchattach
2026-02-20T13:03:39.8549526Z [command]/usr/bin/git config --local --get remote.origin.url
2026-02-20T13:03:39.8570257Z https://github.com/Boss-1s/scratchattach
2026-02-20T13:03:39.8583189Z ##[group]Removing previously created refs, to avoid conflicts
2026-02-20T13:03:39.8587715Z [command]/usr/bin/git rev-parse --symbolic-full-name --verify --quiet HEAD
2026-02-20T13:03:39.8608853Z refs/heads/main
2026-02-20T13:03:39.8617786Z [command]/usr/bin/git checkout --detach
2026-02-20T13:03:40.8721399Z HEAD is now at eb638f9 [BOT] Download Logs
2026-02-20T13:03:40.8775333Z [command]/usr/bin/git branch --delete --force main
2026-02-20T13:03:40.8802341Z Deleted branch main (was eb638f9).
2026-02-20T13:03:40.8838597Z ##[endgroup]
2026-02-20T13:03:40.8842158Z [command]/usr/bin/git submodule status
2026-02-20T13:03:40.9070940Z ##[group]Cleaning the repository
2026-02-20T13:03:40.9075807Z [command]/usr/bin/git clean -ffdx
2026-02-20T13:03:40.9134182Z [command]/usr/bin/git reset --hard HEAD
2026-02-20T13:03:40.9264383Z HEAD is now at eb638f9 [BOT] Download Logs
2026-02-20T13:03:40.9270767Z ##[endgroup]
2026-02-20T13:03:40.9272830Z ##[group]Disabling automatic garbage collection
2026-02-20T13:03:40.9278365Z [command]/usr/bin/git config --local gc.auto 0
2026-02-20T13:03:40.9304910Z ##[endgroup]
2026-02-20T13:03:40.9305682Z ##[group]Setting up auth
2026-02-20T13:03:40.9307000Z Removing SSH command configuration
2026-02-20T13:03:40.9313292Z [command]/usr/bin/git config --local --name-only --get-regexp core\.sshCommand
2026-02-20T13:03:40.9345711Z [command]/usr/bin/git submodule foreach --recursive sh -c "git config --local --name-only --get-regexp 'core\.sshCommand' && git config --local --unset-all 'core.sshCommand' || :"
2026-02-20T13:03:40.9571695Z Removing HTTP extra header
2026-02-20T13:03:40.9576927Z [command]/usr/bin/git config --local --name-only --get-regexp http\.https\:\/\/github\.com\/\.extraheader
2026-02-20T13:03:40.9607272Z [command]/usr/bin/git submodule foreach --recursive sh -c "git config --local --name-only --get-regexp 'http\.https\:\/\/github\.com\/\.extraheader' && git config --local --unset-all 'http.https://github.com/.extraheader' || :"
2026-02-20T13:03:40.9827350Z Removing includeIf entries pointing to credentials config files
2026-02-20T13:03:40.9833372Z [command]/usr/bin/git config --local --name-only --get-regexp ^includeIf\.gitdir:
2026-02-20T13:03:40.9856628Z includeif.gitdir:/home/runner/work/scratchattach/scratchattach/.git.path
2026-02-20T13:03:40.9857591Z includeif.gitdir:/home/runner/work/scratchattach/scratchattach/.git/worktrees/*.path
2026-02-20T13:03:40.9858430Z includeif.gitdir:/github/workspace/.git.path
2026-02-20T13:03:40.9859431Z includeif.gitdir:/github/workspace/.git/worktrees/*.path
2026-02-20T13:03:40.9865391Z [command]/usr/bin/git config --local --get-all includeif.gitdir:/home/runner/work/scratchattach/scratchattach/.git.path
2026-02-20T13:03:40.9886571Z /home/runner/work/_temp/git-credentials-358f533c-38e0-47d1-9503-4222ec02b9e4.config
2026-02-20T13:03:40.9896347Z [command]/usr/bin/git config --local --unset includeif.gitdir:/home/runner/work/scratchattach/scratchattach/.git.path /home/runner/work/_temp/git-credentials-358f533c-38e0-47d1-9503-4222ec02b9e4.config
2026-02-20T13:03:40.9926049Z [command]/usr/bin/git config --local --get-all includeif.gitdir:/home/runner/work/scratchattach/scratchattach/.git/worktrees/*.path
2026-02-20T13:03:40.9946302Z /home/runner/work/_temp/git-credentials-358f533c-38e0-47d1-9503-4222ec02b9e4.config
2026-02-20T13:03:40.9955854Z [command]/usr/bin/git config --local --unset includeif.gitdir:/home/runner/work/scratchattach/scratchattach/.git/worktrees/*.path /home/runner/work/_temp/git-credentials-358f533c-38e0-47d1-9503-4222ec02b9e4.config
2026-02-20T13:03:40.9985470Z [command]/usr/bin/git config --local --get-all includeif.gitdir:/github/workspace/.git.path
2026-02-20T13:03:41.0005704Z /github/runner_temp/git-credentials-358f533c-38e0-47d1-9503-4222ec02b9e4.config
2026-02-20T13:03:41.0013767Z [command]/usr/bin/git config --local --unset includeif.gitdir:/github/workspace/.git.path /github/runner_temp/git-credentials-358f533c-38e0-47d1-9503-4222ec02b9e4.config
2026-02-20T13:03:41.0044952Z [command]/usr/bin/git config --local --get-all includeif.gitdir:/github/workspace/.git/worktrees/*.path
2026-02-20T13:03:41.0064717Z /github/runner_temp/git-credentials-358f533c-38e0-47d1-9503-4222ec02b9e4.config
2026-02-20T13:03:41.0075272Z [command]/usr/bin/git config --local --unset includeif.gitdir:/github/workspace/.git/worktrees/*.path /github/runner_temp/git-credentials-358f533c-38e0-47d1-9503-4222ec02b9e4.config
2026-02-20T13:03:41.0106709Z [command]/usr/bin/git submodule foreach --recursive git config --local --show-origin --name-only --get-regexp remote.origin.url
2026-02-20T13:03:41.0323675Z Removing credentials config '/home/runner/work/_temp/git-credentials-358f533c-38e0-47d1-9503-4222ec02b9e4.config'
2026-02-20T13:03:41.0336528Z [command]/usr/bin/git config --file /home/runner/work/_temp/git-credentials-fe7520ca-d3cb-4d97-a9bd-15d7ff3646b0.config http.https://github.com/.extraheader AUTHORIZATION: basic ***
2026-02-20T13:03:41.0372463Z [command]/usr/bin/git config --local includeIf.gitdir:/home/runner/work/scratchattach/scratchattach/.git.path /home/runner/work/_temp/git-credentials-fe7520ca-d3cb-4d97-a9bd-15d7ff3646b0.config
2026-02-20T13:03:41.0401384Z [command]/usr/bin/git config --local includeIf.gitdir:/home/runner/work/scratchattach/scratchattach/.git/worktrees/*.path /home/runner/work/_temp/git-credentials-fe7520ca-d3cb-4d97-a9bd-15d7ff3646b0.config
2026-02-20T13:03:41.0431383Z [command]/usr/bin/git config --local includeIf.gitdir:/github/workspace/.git.path /github/runner_temp/git-credentials-fe7520ca-d3cb-4d97-a9bd-15d7ff3646b0.config
2026-02-20T13:03:41.0460937Z [command]/usr/bin/git config --local includeIf.gitdir:/github/workspace/.git/worktrees/*.path /github/runner_temp/git-credentials-fe7520ca-d3cb-4d97-a9bd-15d7ff3646b0.config
2026-02-20T13:03:41.0485781Z ##[endgroup]
2026-02-20T13:03:41.0486397Z ##[group]Fetching the repository
2026-02-20T13:03:41.0496712Z [command]/usr/bin/git -c protocol.version=2 fetch --no-tags --prune --no-recurse-submodules --depth=1 origin +refs/heads/main*:refs/remotes/origin/main* +refs/tags/main*:refs/tags/main*
2026-02-20T13:03:41.2453306Z ##[endgroup]
2026-02-20T13:03:41.2453889Z ##[group]Determining the checkout info
2026-02-20T13:03:41.2459689Z [command]/usr/bin/git branch --list --remote origin/main
2026-02-20T13:03:41.2484111Z   origin/main
2026-02-20T13:03:41.2488533Z ##[endgroup]
2026-02-20T13:03:41.2493476Z [command]/usr/bin/git sparse-checkout disable
2026-02-20T13:03:41.2559780Z [command]/usr/bin/git config --local --unset-all extensions.worktreeConfig
2026-02-20T13:03:41.2586092Z ##[group]Checking out the ref
2026-02-20T13:03:41.2590763Z [command]/usr/bin/git checkout --progress --force -B main refs/remotes/origin/main
2026-02-20T13:03:41.2715231Z Switched to a new branch 'main'
2026-02-20T13:03:41.2717764Z branch 'main' set up to track 'origin/main'.
2026-02-20T13:03:41.2723012Z ##[endgroup]
2026-02-20T13:03:41.2759444Z [command]/usr/bin/git log -1 --format=%H
2026-02-20T13:03:41.2782956Z eb638f9f129c0770ac6ed91610f86e1ae394500a
2026-02-20T13:03:41.2891012Z ##[group]Run timeout 358m python3 message_viewer.py || { [[ $? -eq 124 ]] && exit 0; }
2026-02-20T13:03:41.2891584Z [36;1mtimeout 358m python3 message_viewer.py || { [[ $? -eq 124 ]] && exit 0; }[0m
2026-02-20T13:03:41.2925156Z shell: /usr/bin/bash -e {0}
2026-02-20T13:03:41.2925382Z env:
2026-02-20T13:03:41.2925631Z   pythonLocation: /opt/hostedtoolcache/Python/3.13.11/x64
2026-02-20T13:03:41.2926048Z   PKG_CONFIG_PATH: /opt/hostedtoolcache/Python/3.13.11/x64/lib/pkgconfig
2026-02-20T13:03:41.2926475Z   Python_ROOT_DIR: /opt/hostedtoolcache/Python/3.13.11/x64
2026-02-20T13:03:41.2926829Z   Python2_ROOT_DIR: /opt/hostedtoolcache/Python/3.13.11/x64
2026-02-20T13:03:41.2927180Z   Python3_ROOT_DIR: /opt/hostedtoolcache/Python/3.13.11/x64
2026-02-20T13:03:41.2927542Z   LD_LIBRARY_PATH: /opt/hostedtoolcache/Python/3.13.11/x64/lib
2026-02-20T13:03:41.2927962Z   PASS: ***
2026-02-20T13:03:41.2928133Z ##[endgroup]
2026-02-20T13:03:52.4088666Z Traceback (most recent call last):
2026-02-20T13:03:52.4107863Z   File "/opt/hostedtoolcache/Python/3.13.11/x64/lib/python3.13/site-packages/urllib3/connectionpool.py", line 534, in _make_request
2026-02-20T13:03:52.4108709Z     response = conn.getresponse()
2026-02-20T13:03:52.4109729Z   File "/opt/hostedtoolcache/Python/3.13.11/x64/lib/python3.13/site-packages/urllib3/connection.py", line 571, in getresponse
2026-02-20T13:03:52.4110565Z     httplib_response = super().getresponse()
2026-02-20T13:03:52.4111223Z   File "/opt/hostedtoolcache/Python/3.13.11/x64/lib/python3.13/http/client.py", line 1450, in getresponse
2026-02-20T13:03:52.4111824Z     response.begin()
2026-02-20T13:03:52.4112058Z     ~~~~~~~~~~~~~~^^
2026-02-20T13:03:52.4112559Z   File "/opt/hostedtoolcache/Python/3.13.11/x64/lib/python3.13/http/client.py", line 336, in begin
2026-02-20T13:03:52.4113432Z     version, status, reason = self._read_status()
2026-02-20T13:03:52.4113784Z                               ~~~~~~~~~~~~~~~~~^^
2026-02-20T13:03:52.4114408Z   File "/opt/hostedtoolcache/Python/3.13.11/x64/lib/python3.13/http/client.py", line 297, in _read_status
2026-02-20T13:03:52.4115094Z     line = str(self.fp.readline(_MAXLINE + 1), "iso-8859-1")
2026-02-20T13:03:52.4115476Z                ~~~~~~~~~~~~~~~~^^^^^^^^^^^^^^
2026-02-20T13:03:52.4115970Z   File "/opt/hostedtoolcache/Python/3.13.11/x64/lib/python3.13/socket.py", line 719, in readinto
2026-02-20T13:03:52.4116479Z     return self._sock.recv_into(b)
2026-02-20T13:03:52.4116728Z            ~~~~~~~~~~~~~~~~~~~~^^^
2026-02-20T13:03:52.4117184Z   File "/opt/hostedtoolcache/Python/3.13.11/x64/lib/python3.13/ssl.py", line 1304, in recv_into
2026-02-20T13:03:52.4117657Z     return self.read(nbytes, buffer)
2026-02-20T13:03:52.4117911Z            ~~~~~~~~~^^^^^^^^^^^^^^^^
2026-02-20T13:03:52.4118348Z   File "/opt/hostedtoolcache/Python/3.13.11/x64/lib/python3.13/ssl.py", line 1138, in read
2026-02-20T13:03:52.4118816Z     return self._sslobj.read(len, buffer)
2026-02-20T13:03:52.4119245Z            ~~~~~~~~~~~~~~~~~^^^^^^^^^^^^^
2026-02-20T13:03:52.4119521Z TimeoutError: The read operation timed out
2026-02-20T13:03:52.4119728Z 
2026-02-20T13:03:52.4119914Z The above exception was the direct cause of the following exception:
2026-02-20T13:03:52.4120206Z 
2026-02-20T13:03:52.4120305Z Traceback (most recent call last):
2026-02-20T13:03:52.4162798Z   File "/opt/hostedtoolcache/Python/3.13.11/x64/lib/python3.13/site-packages/requests/adapters.py", line 644, in send
2026-02-20T13:03:52.4163780Z     resp = conn.urlopen(
2026-02-20T13:03:52.4164079Z         method=request.method,
2026-02-20T13:03:52.4164351Z     ...<9 lines>...
2026-02-20T13:03:52.4164615Z         chunked=chunked,
2026-02-20T13:03:52.4164839Z     )
2026-02-20T13:03:52.4165388Z   File "/opt/hostedtoolcache/Python/3.13.11/x64/lib/python3.13/site-packages/urllib3/connectionpool.py", line 841, in urlopen
2026-02-20T13:03:52.4166026Z     retries = retries.increment(
2026-02-20T13:03:52.4166388Z         method, url, error=new_e, _pool=self, _stacktrace=sys.exc_info()[2]
2026-02-20T13:03:52.4167264Z     )
2026-02-20T13:03:52.4167922Z   File "/opt/hostedtoolcache/Python/3.13.11/x64/lib/python3.13/site-packages/urllib3/util/retry.py", line 490, in increment
2026-02-20T13:03:52.4168596Z     raise reraise(type(error), error, _stacktrace)
2026-02-20T13:03:52.4168914Z           ~~~~~~~^^^^^^^^^^^^^^^^^^^^^^^^^^^^^^^^^
2026-02-20T13:03:52.4169661Z   File "/opt/hostedtoolcache/Python/3.13.11/x64/lib/python3.13/site-packages/urllib3/util/util.py", line 39, in reraise
2026-02-20T13:03:52.4170235Z     raise value
2026-02-20T13:03:52.4170772Z   File "/opt/hostedtoolcache/Python/3.13.11/x64/lib/python3.13/site-packages/urllib3/connectionpool.py", line 787, in urlopen
2026-02-20T13:03:52.4171519Z     response = self._make_request(
2026-02-20T13:03:52.4171921Z         conn,
2026-02-20T13:03:52.4172227Z     ...<10 lines>...
2026-02-20T13:03:52.4172544Z         **response_kw,
2026-02-20T13:03:52.4172850Z     )
2026-02-20T13:03:52.4173410Z   File "/opt/hostedtoolcache/Python/3.13.11/x64/lib/python3.13/site-packages/urllib3/connectionpool.py", line 536, in _make_request
2026-02-20T13:03:52.4174115Z     self._raise_timeout(err=e, url=url, timeout_value=read_timeout)
2026-02-20T13:03:52.4174506Z     ~~~~~~~~~~~~~~~~~~~^^^^^^^^^^^^^^^^^^^^^^^^^^^^^^^^^^^^^^^^^^^^
2026-02-20T13:03:52.4175183Z   File "/opt/hostedtoolcache/Python/3.13.11/x64/lib/python3.13/site-packages/urllib3/connectionpool.py", line 367, in _raise_timeout
2026-02-20T13:03:52.4175825Z     raise ReadTimeoutError(
2026-02-20T13:03:52.4176125Z         self, url, f"Read timed out. (read timeout={timeout_value})"
2026-02-20T13:03:52.4176436Z     ) from err
2026-02-20T13:03:52.4176915Z urllib3.exceptions.ReadTimeoutError: HTTPSConnectionPool(host='scratch.mit.edu', port=443): Read timed out. (read timeout=10)
2026-02-20T13:03:52.4177395Z 
2026-02-20T13:03:52.4177728Z During handling of the above exception, another exception occurred:
2026-02-20T13:03:52.4177985Z 
2026-02-20T13:03:52.4178079Z Traceback (most recent call last):
2026-02-20T13:03:52.4178640Z   File "/opt/hostedtoolcache/Python/3.13.11/x64/lib/python3.13/site-packages/scratchattach/utils/requests.py", line 259, in post
2026-02-20T13:03:52.4179415Z     r = super().post(*args, **kwargs)
2026-02-20T13:03:52.4179930Z   File "/opt/hostedtoolcache/Python/3.13.11/x64/lib/python3.13/site-packages/requests/sessions.py", line 637, in post
2026-02-20T13:03:52.4180507Z     return self.request("POST", url, data=data, json=json, **kwargs)
2026-02-20T13:03:52.4180849Z            ~~~~~~~~~~~~^^^^^^^^^^^^^^^^^^^^^^^^^^^^^^^^^^^^^^^^^^^^^
2026-02-20T13:03:52.4181391Z   File "/opt/hostedtoolcache/Python/3.13.11/x64/lib/python3.13/site-packages/requests/sessions.py", line 589, in request
2026-02-20T13:03:52.4181903Z     resp = self.send(prep, **send_kwargs)
2026-02-20T13:03:52.4182401Z   File "/opt/hostedtoolcache/Python/3.13.11/x64/lib/python3.13/site-packages/requests/sessions.py", line 703, in send
2026-02-20T13:03:52.4182919Z     r = adapter.send(request, **kwargs)
2026-02-20T13:03:52.4183497Z   File "/opt/hostedtoolcache/Python/3.13.11/x64/lib/python3.13/site-packages/requests/adapters.py", line 690, in send
2026-02-20T13:03:52.4184011Z     raise ReadTimeout(e, request=request)
2026-02-20T13:03:52.4184540Z requests.exceptions.ReadTimeout: HTTPSConnectionPool(host='scratch.mit.edu', port=443): Read timed out. (read timeout=10)
2026-02-20T13:03:52.4184996Z 
2026-02-20T13:03:52.4185162Z During handling of the above exception, another exception occurred:
2026-02-20T13:03:52.4185420Z 
2026-02-20T13:03:52.4185506Z Traceback (most recent call last):
2026-02-20T13:03:52.4185961Z   File "/home/runner/work/scratchattach/scratchattach/message_viewer.py", line 18, in <module>
2026-02-20T13:03:52.4186424Z     session = scratch3.login("Boss_1sALT", passwrd)
2026-02-20T13:03:52.4187008Z   File "/opt/hostedtoolcache/Python/3.13.11/x64/lib/python3.13/site-packages/scratchattach/site/session.py", line 1252, in login
2026-02-20T13:03:52.4187556Z     request = requests.post(
2026-02-20T13:03:52.4188192Z         "https://scratch.mit.edu/login/", json={"username": username, "password": password}, headers=_headers,
2026-02-20T13:03:52.4188662Z         timeout=timeout
2026-02-20T13:03:52.4188851Z     )
2026-02-20T13:03:52.4189457Z   File "/opt/hostedtoolcache/Python/3.13.11/x64/lib/python3.13/site-packages/scratchattach/utils/requests.py", line 261, in post
2026-02-20T13:03:52.4190018Z     raise exceptions.FetchError(e)
2026-02-20T13:03:52.4190591Z scratchattach.utils.exceptions.FetchError: HTTPSConnectionPool(host='scratch.mit.edu', port=443): Read timed out. (read timeout=10)
2026-02-20T13:03:52.4618119Z ##[error]Process completed with exit code 1.
2026-02-20T13:03:52.4702487Z Post job cleanup.
2026-02-20T13:03:52.5486765Z [command]/usr/bin/git version
2026-02-20T13:03:52.5526772Z git version 2.52.0
2026-02-20T13:03:52.5565884Z Temporarily overriding HOME='/home/runner/work/_temp/0b675686-6b42-4330-92cd-3b8fb9c8f89c' before making global git config changes
2026-02-20T13:03:52.5567110Z Adding repository directory to the temporary git global config as a safe directory
2026-02-20T13:03:52.5571757Z [command]/usr/bin/git config --global --add safe.directory /home/runner/work/scratchattach/scratchattach
2026-02-20T13:03:52.5602392Z Removing SSH command configuration
2026-02-20T13:03:52.5608631Z [command]/usr/bin/git config --local --name-only --get-regexp core\.sshCommand
2026-02-20T13:03:52.5644434Z [command]/usr/bin/git submodule foreach --recursive sh -c "git config --local --name-only --get-regexp 'core\.sshCommand' && git config --local --unset-all 'core.sshCommand' || :"
2026-02-20T13:03:52.5873442Z Removing HTTP extra header
2026-02-20T13:03:52.5878400Z [command]/usr/bin/git config --local --name-only --get-regexp http\.https\:\/\/github\.com\/\.extraheader
2026-02-20T13:03:52.5910436Z [command]/usr/bin/git submodule foreach --recursive sh -c "git config --local --name-only --get-regexp 'http\.https\:\/\/github\.com\/\.extraheader' && git config --local --unset-all 'http.https://github.com/.extraheader' || :"
2026-02-20T13:03:52.6132851Z Removing includeIf entries pointing to credentials config files
2026-02-20T13:03:52.6138764Z [command]/usr/bin/git config --local --name-only --get-regexp ^includeIf\.gitdir:
2026-02-20T13:03:52.6160963Z includeif.gitdir:/home/runner/work/scratchattach/scratchattach/.git.path
2026-02-20T13:03:52.6161855Z includeif.gitdir:/home/runner/work/scratchattach/scratchattach/.git/worktrees/*.path
2026-02-20T13:03:52.6162344Z includeif.gitdir:/github/workspace/.git.path
2026-02-20T13:03:52.6162704Z includeif.gitdir:/github/workspace/.git/worktrees/*.path
2026-02-20T13:03:52.6171580Z [command]/usr/bin/git config --local --get-all includeif.gitdir:/home/runner/work/scratchattach/scratchattach/.git.path
2026-02-20T13:03:52.6192488Z /home/runner/work/_temp/git-credentials-fe7520ca-d3cb-4d97-a9bd-15d7ff3646b0.config
2026-02-20T13:03:52.6202554Z [command]/usr/bin/git config --local --unset includeif.gitdir:/home/runner/work/scratchattach/scratchattach/.git.path /home/runner/work/_temp/git-credentials-fe7520ca-d3cb-4d97-a9bd-15d7ff3646b0.config
2026-02-20T13:03:52.6235835Z [command]/usr/bin/git config --local --get-all includeif.gitdir:/home/runner/work/scratchattach/scratchattach/.git/worktrees/*.path
2026-02-20T13:03:52.6257045Z /home/runner/work/_temp/git-credentials-fe7520ca-d3cb-4d97-a9bd-15d7ff3646b0.config
2026-02-20T13:03:52.6266487Z [command]/usr/bin/git config --local --unset includeif.gitdir:/home/runner/work/scratchattach/scratchattach/.git/worktrees/*.path /home/runner/work/_temp/git-credentials-fe7520ca-d3cb-4d97-a9bd-15d7ff3646b0.config
2026-02-20T13:03:52.6296543Z [command]/usr/bin/git config --local --get-all includeif.gitdir:/github/workspace/.git.path
2026-02-20T13:03:52.6316984Z /github/runner_temp/git-credentials-fe7520ca-d3cb-4d97-a9bd-15d7ff3646b0.config
2026-02-20T13:03:52.6325001Z [command]/usr/bin/git config --local --unset includeif.gitdir:/github/workspace/.git.path /github/runner_temp/git-credentials-fe7520ca-d3cb-4d97-a9bd-15d7ff3646b0.config
2026-02-20T13:03:52.6353875Z [command]/usr/bin/git config --local --get-all includeif.gitdir:/github/workspace/.git/worktrees/*.path
2026-02-20T13:03:52.6374259Z /github/runner_temp/git-credentials-fe7520ca-d3cb-4d97-a9bd-15d7ff3646b0.config
2026-02-20T13:03:52.6384338Z [command]/usr/bin/git config --local --unset includeif.gitdir:/github/workspace/.git/worktrees/*.path /github/runner_temp/git-credentials-fe7520ca-d3cb-4d97-a9bd-15d7ff3646b0.config
2026-02-20T13:03:52.6415663Z [command]/usr/bin/git submodule foreach --recursive git config --local --show-origin --name-only --get-regexp remote.origin.url
2026-02-20T13:03:52.6638692Z Removing credentials config '/home/runner/work/_temp/git-credentials-fe7520ca-d3cb-4d97-a9bd-15d7ff3646b0.config'
2026-02-20T13:03:52.6808963Z Post job cleanup.
2026-02-20T13:03:52.7614133Z [command]/usr/bin/git version
2026-02-20T13:03:52.7652298Z git version 2.52.0
2026-02-20T13:03:52.7691598Z Temporarily overriding HOME='/home/runner/work/_temp/53295df1-7c55-4664-8efc-3181d75480bf' before making global git config changes
2026-02-20T13:03:52.7692921Z Adding repository directory to the temporary git global config as a safe directory
2026-02-20T13:03:52.7697527Z [command]/usr/bin/git config --global --add safe.directory /home/runner/work/scratchattach/scratchattach
2026-02-20T13:03:52.7730840Z Removing SSH command configuration
2026-02-20T13:03:52.7736724Z [command]/usr/bin/git config --local --name-only --get-regexp core\.sshCommand
2026-02-20T13:03:52.7793838Z [command]/usr/bin/git submodule foreach --recursive sh -c "git config --local --name-only --get-regexp 'core\.sshCommand' && git config --local --unset-all 'core.sshCommand' || :"
2026-02-20T13:03:52.8019846Z Removing HTTP extra header
2026-02-20T13:03:52.8025786Z [command]/usr/bin/git config --local --name-only --get-regexp http\.https\:\/\/github\.com\/\.extraheader
2026-02-20T13:03:52.8058790Z [command]/usr/bin/git submodule foreach --recursive sh -c "git config --local --name-only --get-regexp 'http\.https\:\/\/github\.com\/\.extraheader' && git config --local --unset-all 'http.https://github.com/.extraheader' || :"
2026-02-20T13:03:52.8278441Z Removing includeIf entries pointing to credentials config files
2026-02-20T13:03:52.8285322Z [command]/usr/bin/git config --local --name-only --get-regexp ^includeIf\.gitdir:
2026-02-20T13:03:52.8315963Z [command]/usr/bin/git submodule foreach --recursive git config --local --show-origin --name-only --get-regexp remote.origin.url
2026-02-20T13:03:52.8666285Z Cleaning up orphan processes
